[ 17%] Built target gtest
[ 20%] Built target spot_micro_kinematics
[35m[1mConsolidate compiler generated dependencies of target smfsm[0m
[ 27%] Built target gtest_main
[ 34%] Built target gmock
[ 41%] Built target test_utils
[ 48%] Built target test_spot_micro_kinematics
[ 55%] Built target test_spot_micro_leg
[ 62%] Built target gmock_main
[ 65%] [32mBuilding CXX object CMakeFiles/smfsm.dir/src/smfsm/state.cpp.o[0m
[ 68%] [32mBuilding CXX object CMakeFiles/smfsm.dir/src/smfsm/idle.cpp.o[0m
[ 72%] [32mBuilding CXX object CMakeFiles/smfsm.dir/src/smfsm/stand.cpp.o[0m
[ 75%] [32mBuilding CXX object CMakeFiles/smfsm.dir/src/smfsm/transition_stand.cpp.o[0m
In file included from [01m[K/home/robodog/RoboDog/ros2_ws/src/motion_cmd/src/smfsm/walk.h:3[m[K,
                 from [01m[K/home/robodog/RoboDog/ros2_ws/src/motion_cmd/src/smfsm/stand.cpp:4[m[K:
[01m[K/home/robodog/RoboDog/ros2_ws/src/motion_cmd/include/motion_cmd/motion_cmd.h:8:10:[m[K [01;31m[Kfatal error: [m[Ktf2_ros/transform_broadcaster.hpp: No such file or directory
    8 | #include [01;31m[K"tf2_ros/transform_broadcaster.hpp"[m[K
      |          [01;31m[K^~~~~~~~~~~~~~~~~~~~~~~~~~~~~~~~~~~[m[K
compilation terminated.
gmake[2]: *** [CMakeFiles/smfsm.dir/build.make:104: CMakeFiles/smfsm.dir/src/smfsm/stand.cpp.o] Error 1
gmake[2]: *** Waiting for unfinished jobs....
In file included from [01m[K/home/robodog/RoboDog/ros2_ws/src/motion_cmd/src/smfsm/idle.cpp:2[m[K:
[01m[K/home/robodog/RoboDog/ros2_ws/src/motion_cmd/include/motion_cmd/motion_cmd.h:8:10:[m[K [01;31m[Kfatal error: [m[Ktf2_ros/transform_broadcaster.hpp: No such file or directory
    8 | #include [01;31m[K"tf2_ros/transform_broadcaster.hpp"[m[K
      |          [01;31m[K^~~~~~~~~~~~~~~~~~~~~~~~~~~~~~~~~~~[m[K
compilation terminated.
In file included from [01m[K/home/robodog/RoboDog/ros2_ws/src/motion_cmd/src/smfsm/transition_stand.cpp:4[m[K:
[01m[K/home/robodog/RoboDog/ros2_ws/src/motion_cmd/include/motion_cmd/motion_cmd.h:8:10:[m[K [01;31m[Kfatal error: [m[Ktf2_ros/transform_broadcaster.hpp: No such file or directory
    8 | #include [01;31m[K"tf2_ros/transform_broadcaster.hpp"[m[K
      |          [01;31m[K^~~~~~~~~~~~~~~~~~~~~~~~~~~~~~~~~~~[m[K
compilation terminated.
gmake[2]: *** [CMakeFiles/smfsm.dir/build.make:90: CMakeFiles/smfsm.dir/src/smfsm/idle.cpp.o] Error 1
In file included from [01m[K/home/robodog/RoboDog/ros2_ws/src/motion_cmd/src/smfsm/state.cpp:4[m[K:
[01m[K/home/robodog/RoboDog/ros2_ws/src/motion_cmd/include/motion_cmd/motion_cmd.h:8:10:[m[K [01;31m[Kfatal error: [m[Ktf2_ros/transform_broadcaster.hpp: No such file or directory
    8 | #include [01;31m[K"tf2_ros/transform_broadcaster.hpp"[m[K
      |          [01;31m[K^~~~~~~~~~~~~~~~~~~~~~~~~~~~~~~~~~~[m[K
compilation terminated.
gmake[2]: *** [CMakeFiles/smfsm.dir/build.make:118: CMakeFiles/smfsm.dir/src/smfsm/transition_stand.cpp.o] Error 1
gmake[2]: *** [CMakeFiles/smfsm.dir/build.make:76: CMakeFiles/smfsm.dir/src/smfsm/state.cpp.o] Error 1
gmake[1]: *** [CMakeFiles/Makefile2:230: CMakeFiles/smfsm.dir/all] Error 2
gmake: *** [Makefile:146: all] Error 2
