[0.044s] Invoking command in '/home/robodog/RoboDog/ros2_ws/build/motion_cmd': AMENT_PREFIX_PATH=/home/robodog/RoboDog/ros2_ws/install/i2cpwm_controller:${AMENT_PREFIX_PATH} CMAKE_PREFIX_PATH=/home/robodog/RoboDog/ros2_ws/install/i2cpwm_controller LD_LIBRARY_PATH=/home/robodog/RoboDog/ros2_ws/install/i2cpwm_controller/lib:${LD_LIBRARY_PATH} PYTHONPATH=/home/robodog/RoboDog/ros2_ws/install/i2cpwm_controller/local/lib/python3.10/dist-packages:${PYTHONPATH} /usr/bin/cmake --build /home/robodog/RoboDog/ros2_ws/build/motion_cmd -- -j4 -l4
[0.276s] [  6%] Built target gtest
[0.280s] [ 20%] Built target spot_micro_kinematics
[0.355s] [35m[1mConsolidate compiler generated dependencies of target smfsm[0m
[0.381s] [ 27%] Built target gmock
[0.390s] [ 34%] Built target gtest_main
[0.504s] [ 41%] Built target test_utils
[0.527s] [ 48%] Built target gmock_main
[0.545s] [ 55%] Built target test_spot_micro_leg
[0.580s] [ 58%] [32mBuilding CXX object CMakeFiles/smfsm.dir/src/smfsm/state.cpp.o[0m
[0.587s] [ 62%] [32mBuilding CXX object CMakeFiles/smfsm.dir/src/smfsm/idle.cpp.o[0m
[0.601s] [ 65%] [32mBuilding CXX object CMakeFiles/smfsm.dir/src/smfsm/stand.cpp.o[0m
[0.638s] [ 72%] Built target test_spot_micro_kinematics
[0.680s] [ 75%] [32mBuilding CXX object CMakeFiles/smfsm.dir/src/smfsm/transition_stand.cpp.o[0m
[22.837s] In file included from [01m[K/home/robodog/RoboDog/ros2_ws/src/motion_cmd/src/smfsm/state.h:2[m[K,
[22.841s]                  from [01m[K/home/robodog/RoboDog/ros2_ws/src/motion_cmd/src/smfsm/transition_stand.h:5[m[K,
[22.844s]                  from [01m[K/home/robodog/RoboDog/ros2_ws/src/motion_cmd/src/smfsm/transition_stand.cpp:1[m[K:
[22.847s] [01m[K/home/robodog/RoboDog/ros2_ws/src/motion_cmd/include/motion_cmd/motion_cmd.h:115:38:[m[K [01;31m[Kerror: [m[Kâ€˜[01m[KSpotMicroState[m[Kâ€™ was not declared in this scope
[22.850s]   115 |     void changeState(std::unique_ptr<[01;31m[KSpotMicroState[m[K> sms);
[22.862s]       |                                      [01;31m[K^~~~~~~~~~~~~~[m[K
[22.865s] [01m[K/home/robodog/RoboDog/ros2_ws/src/motion_cmd/include/motion_cmd/motion_cmd.h:115:52:[m[K [01;31m[Kerror: [m[Ktemplate argument 1 is invalid
[22.868s]   115 |     void changeState(std::unique_ptr<SpotMicroState[01;31m[K>[m[K sms);
[22.870s]       |                                                    [01;31m[K^[m[K
[22.874s] [01m[K/home/robodog/RoboDog/ros2_ws/src/motion_cmd/include/motion_cmd/motion_cmd.h:115:52:[m[K [01;31m[Kerror: [m[Ktemplate argument 2 is invalid
[22.917s] [01m[K/home/robodog/RoboDog/ros2_ws/src/motion_cmd/include/motion_cmd/motion_cmd.h:122:21:[m[K [01;31m[Kerror: [m[Kâ€˜[01m[KSpotMicroState[m[Kâ€™ was not declared in this scope
[22.920s]   122 |     std::unique_ptr<[01;31m[KSpotMicroState[m[K> state_;
[22.924s]       |                     [01;31m[K^~~~~~~~~~~~~~[m[K
[22.930s] [01m[K/home/robodog/RoboDog/ros2_ws/src/motion_cmd/include/motion_cmd/motion_cmd.h:122:35:[m[K [01;31m[Kerror: [m[Ktemplate argument 1 is invalid
[22.946s]   122 |     std::unique_ptr<SpotMicroState[01;31m[K>[m[K state_;
[22.950s]       |                                   [01;31m[K^[m[K
[22.953s] [01m[K/home/robodog/RoboDog/ros2_ws/src/motion_cmd/include/motion_cmd/motion_cmd.h:122:35:[m[K [01;31m[Kerror: [m[Ktemplate argument 2 is invalid
[22.957s] In file included from [01m[K/home/robodog/RoboDog/ros2_ws/src/motion_cmd/src/smfsm/state.h:2[m[K,
[22.960s]                  from [01m[K/home/robodog/RoboDog/ros2_ws/src/motion_cmd/src/smfsm/idle.h:5[m[K,
[22.963s]                  from [01m[K/home/robodog/RoboDog/ros2_ws/src/motion_cmd/src/smfsm/idle.cpp:1[m[K:
[22.967s] [01m[K/home/robodog/RoboDog/ros2_ws/src/motion_cmd/include/motion_cmd/motion_cmd.h:115:38:[m[K [01;31m[Kerror: [m[Kâ€˜[01m[KSpotMicroState[m[Kâ€™ was not declared in this scope
[22.970s]   115 |     void changeState(std::unique_ptr<[01;31m[KSpotMicroState[m[K> sms);
[22.986s]       |                                      [01;31m[K^~~~~~~~~~~~~~[m[K
[22.989s] [01m[K/home/robodog/RoboDog/ros2_ws/src/motion_cmd/include/motion_cmd/motion_cmd.h:115:52:[m[K [01;31m[Kerror: [m[Ktemplate argument 1 is invalid
[22.991s]   115 |     void changeState(std::unique_ptr<SpotMicroState[01;31m[K>[m[K sms);
[22.994s]       |                                                    [01;31m[K^[m[K
[22.997s] [01m[K/home/robodog/RoboDog/ros2_ws/src/motion_cmd/include/motion_cmd/motion_cmd.h:115:52:[m[K [01;31m[Kerror: [m[Ktemplate argument 2 is invalid
[23.039s] [01m[K/home/robodog/RoboDog/ros2_ws/src/motion_cmd/include/motion_cmd/motion_cmd.h:122:21:[m[K [01;31m[Kerror: [m[Kâ€˜[01m[KSpotMicroState[m[Kâ€™ was not declared in this scope
[23.042s]   122 |     std::unique_ptr<[01;31m[KSpotMicroState[m[K> state_;
[23.046s]       |                     [01;31m[K^~~~~~~~~~~~~~[m[K
[23.051s] [01m[K/home/robodog/RoboDog/ros2_ws/src/motion_cmd/include/motion_cmd/motion_cmd.h:122:35:[m[K [01;31m[Kerror: [m[Ktemplate argument 1 is invalid
[23.066s]   122 |     std::unique_ptr<SpotMicroState[01;31m[K>[m[K state_;
[23.069s]       |                                   [01;31m[K^[m[K
[23.072s] [01m[K/home/robodog/RoboDog/ros2_ws/src/motion_cmd/include/motion_cmd/motion_cmd.h:122:35:[m[K [01;31m[Kerror: [m[Ktemplate argument 2 is invalid
[23.162s] In file included from [01m[K/home/robodog/RoboDog/ros2_ws/src/motion_cmd/src/smfsm/state.h:2[m[K,
[23.165s]                  from [01m[K/home/robodog/RoboDog/ros2_ws/src/motion_cmd/src/smfsm/stand.h:3[m[K,
[23.168s]                  from [01m[K/home/robodog/RoboDog/ros2_ws/src/motion_cmd/src/smfsm/stand.cpp:1[m[K:
[23.171s] [01m[K/home/robodog/RoboDog/ros2_ws/src/motion_cmd/include/motion_cmd/motion_cmd.h:115:38:[m[K [01;31m[Kerror: [m[Kâ€˜[01m[KSpotMicroState[m[Kâ€™ was not declared in this scope
[23.175s]   115 |     void changeState(std::unique_ptr<[01;31m[KSpotMicroState[m[K> sms);
[23.178s]       |                                      [01;31m[K^~~~~~~~~~~~~~[m[K
[23.191s] [01m[K/home/robodog/RoboDog/ros2_ws/src/motion_cmd/include/motion_cmd/motion_cmd.h:115:52:[m[K [01;31m[Kerror: [m[Ktemplate argument 1 is invalid
[23.194s]   115 |     void changeState(std::unique_ptr<SpotMicroState[01;31m[K>[m[K sms);
[23.197s]       |                                                    [01;31m[K^[m[K
[23.200s] [01m[K/home/robodog/RoboDog/ros2_ws/src/motion_cmd/include/motion_cmd/motion_cmd.h:115:52:[m[K [01;31m[Kerror: [m[Ktemplate argument 2 is invalid
[23.273s] [01m[K/home/robodog/RoboDog/ros2_ws/src/motion_cmd/include/motion_cmd/motion_cmd.h:122:21:[m[K [01;31m[Kerror: [m[Kâ€˜[01m[KSpotMicroState[m[Kâ€™ was not declared in this scope
[23.277s]   122 |     std::unique_ptr<[01;31m[KSpotMicroState[m[K> state_;
[23.280s]       |                     [01;31m[K^~~~~~~~~~~~~~[m[K
[23.283s] [01m[K/home/robodog/RoboDog/ros2_ws/src/motion_cmd/include/motion_cmd/motion_cmd.h:122:35:[m[K [01;31m[Kerror: [m[Ktemplate argument 1 is invalid
[23.287s]   122 |     std::unique_ptr<SpotMicroState[01;31m[K>[m[K state_;
[23.290s]       |                                   [01;31m[K^[m[K
[23.307s] [01m[K/home/robodog/RoboDog/ros2_ws/src/motion_cmd/include/motion_cmd/motion_cmd.h:122:35:[m[K [01;31m[Kerror: [m[Ktemplate argument 2 is invalid
[23.568s] In file included from [01m[K/home/robodog/RoboDog/ros2_ws/src/motion_cmd/src/smfsm/state.h:2[m[K,
[23.569s]                  from [01m[K/home/robodog/RoboDog/ros2_ws/src/motion_cmd/src/smfsm/state.cpp:1[m[K:
[23.570s] [01m[K/home/robodog/RoboDog/ros2_ws/src/motion_cmd/include/motion_cmd/motion_cmd.h:115:38:[m[K [01;31m[Kerror: [m[Kâ€˜[01m[KSpotMicroState[m[Kâ€™ was not declared in this scope
[23.570s]   115 |     void changeState(std::unique_ptr<[01;31m[KSpotMicroState[m[K> sms);
[23.571s]       |                                      [01;31m[K^~~~~~~~~~~~~~[m[K
[23.572s] [01m[K/home/robodog/RoboDog/ros2_ws/src/motion_cmd/include/motion_cmd/motion_cmd.h:115:52:[m[K [01;31m[Kerror: [m[Ktemplate argument 1 is invalid
[23.572s]   115 |     void changeState(std::unique_ptr<SpotMicroState[01;31m[K>[m[K sms);
[23.573s]       |                                                    [01;31m[K^[m[K
[23.574s] [01m[K/home/robodog/RoboDog/ros2_ws/src/motion_cmd/include/motion_cmd/motion_cmd.h:115:52:[m[K [01;31m[Kerror: [m[Ktemplate argument 2 is invalid
[23.647s] [01m[K/home/robodog/RoboDog/ros2_ws/src/motion_cmd/include/motion_cmd/motion_cmd.h:122:21:[m[K [01;31m[Kerror: [m[Kâ€˜[01m[KSpotMicroState[m[Kâ€™ was not declared in this scope
[23.648s]   122 |     std::unique_ptr<[01;31m[KSpotMicroState[m[K> state_;
[23.648s]       |                     [01;31m[K^~~~~~~~~~~~~~[m[K
[23.649s] [01m[K/home/robodog/RoboDog/ros2_ws/src/motion_cmd/include/motion_cmd/motion_cmd.h:122:35:[m[K [01;31m[Kerror: [m[Ktemplate argument 1 is invalid
[23.650s]   122 |     std::unique_ptr<SpotMicroState[01;31m[K>[m[K state_;
[23.650s]       |                                   [01;31m[K^[m[K
[23.651s] [01m[K/home/robodog/RoboDog/ros2_ws/src/motion_cmd/include/motion_cmd/motion_cmd.h:122:35:[m[K [01;31m[Kerror: [m[Ktemplate argument 2 is invalid
[25.037s] [01m[K/home/robodog/RoboDog/ros2_ws/src/motion_cmd/src/smfsm/state.cpp:[m[K In member function â€˜[01m[Kvoid SpotMicroState::SMSchangeState(SpotMicroMotionCmd*, std::unique_ptr<SpotMicroState>)[m[Kâ€™:
[25.038s] [01m[K/home/robodog/RoboDog/ros2_ws/src/motion_cmd/src/smfsm/state.cpp:21:30:[m[K [01;31m[Kerror: [m[Kcannot convert â€˜[01m[Kstd::remove_reference<std::unique_ptr<SpotMicroState>&>::type[m[Kâ€™ {aka â€˜[01m[Kstd::unique_ptr<SpotMicroState>[m[Kâ€™} to â€˜[01m[Kint[m[Kâ€™
[25.039s]    21 |   smmc->changeState([01;31m[Kstd::move(sms)[m[K);
[25.040s]       |                     [01;31m[K~~~~~~~~~^~~~~[m[K
[25.041s]       |                              [01;31m[K|[m[K
[25.042s]       |                              [01;31m[Kstd::remove_reference<std::unique_ptr<SpotMicroState>&>::type {aka std::unique_ptr<SpotMicroState>}[m[K
[25.043s] In file included from [01m[K/home/robodog/RoboDog/ros2_ws/src/motion_cmd/src/smfsm/state.h:2[m[K,
[25.043s]                  from [01m[K/home/robodog/RoboDog/ros2_ws/src/motion_cmd/src/smfsm/state.cpp:1[m[K:
[25.044s] [01m[K/home/robodog/RoboDog/ros2_ws/src/motion_cmd/include/motion_cmd/motion_cmd.h:115:54:[m[K [01;36m[Knote: [m[K  initializing argument 1 of â€˜[01m[Kvoid SpotMicroMotionCmd::changeState(int)[m[Kâ€™
[25.045s]   115 |     void changeState([01;36m[Kstd::unique_ptr<SpotMicroState> sms[m[K);
[25.058s]       |                      [01;36m[K~~~~~~~~~~~~~~~~~~~~~~~~~~~~~~~~^~~[m[K
[27.353s] gmake[2]: *** [CMakeFiles/smfsm.dir/build.make:118: CMakeFiles/smfsm.dir/src/smfsm/transition_stand.cpp.o] Error 1
[27.356s] gmake[2]: *** Waiting for unfinished jobs....
[27.562s] gmake[2]: *** [CMakeFiles/smfsm.dir/build.make:90: CMakeFiles/smfsm.dir/src/smfsm/idle.cpp.o] Error 1
[27.748s] gmake[2]: *** [CMakeFiles/smfsm.dir/build.make:104: CMakeFiles/smfsm.dir/src/smfsm/stand.cpp.o] Error 1
[27.894s] gmake[2]: *** [CMakeFiles/smfsm.dir/build.make:76: CMakeFiles/smfsm.dir/src/smfsm/state.cpp.o] Error 1
[27.895s] gmake[1]: *** [CMakeFiles/Makefile2:230: CMakeFiles/smfsm.dir/all] Error 2
[27.896s] gmake: *** [Makefile:146: all] Error 2
[27.903s] Invoked command in '/home/robodog/RoboDog/ros2_ws/build/motion_cmd' returned '2': AMENT_PREFIX_PATH=/home/robodog/RoboDog/ros2_ws/install/i2cpwm_controller:${AMENT_PREFIX_PATH} CMAKE_PREFIX_PATH=/home/robodog/RoboDog/ros2_ws/install/i2cpwm_controller LD_LIBRARY_PATH=/home/robodog/RoboDog/ros2_ws/install/i2cpwm_controller/lib:${LD_LIBRARY_PATH} PYTHONPATH=/home/robodog/RoboDog/ros2_ws/install/i2cpwm_controller/local/lib/python3.10/dist-packages:${PYTHONPATH} /usr/bin/cmake --build /home/robodog/RoboDog/ros2_ws/build/motion_cmd -- -j4 -l4
