In file included from [01m[K/home/robodog/RoboDog/ros2_ws/src/i2cpwm_controller/src/i2cpwm_controller.cpp:1[m[K:
[01m[K/home/robodog/RoboDog/ros2_ws/src/i2cpwm_controller/include/i2cpwm_controller.h:102:26:[m[K [01;31m[Kerror: [m[Kâ€˜[01m[Kgeometry_msgs[m[Kâ€™ was not declared in this scope
  102 |     rclcpp::Subscription<[01;31m[Kgeometry_msgs[m[K::msg::Twist>::SharedPtr servos_drive_sub_;
      |                          [01;31m[K^~~~~~~~~~~~~[m[K
[01m[K/home/robodog/RoboDog/ros2_ws/src/i2cpwm_controller/include/i2cpwm_controller.h:102:51:[m[K [01;31m[Kerror: [m[Ktemplate argument 1 is invalid
  102 |     rclcpp::Subscription<geometry_msgs::msg::Twist[01;31m[K>[m[K::SharedPtr servos_drive_sub_;
      |                                                   [01;31m[K^[m[K
[01m[K/home/robodog/RoboDog/ros2_ws/src/i2cpwm_controller/include/i2cpwm_controller.h:102:51:[m[K [01;31m[Kerror: [m[Ktemplate argument 3 is invalid
[01m[K/home/robodog/RoboDog/ros2_ws/src/i2cpwm_controller/include/i2cpwm_controller.h:102:51:[m[K [01;31m[Kerror: [m[Ktemplate argument 4 is invalid
[01m[K/home/robodog/RoboDog/ros2_ws/src/i2cpwm_controller/include/i2cpwm_controller.h:102:51:[m[K [01;31m[Kerror: [m[Ktemplate argument 5 is invalid
[01m[K/home/robodog/RoboDog/ros2_ws/src/i2cpwm_controller/include/i2cpwm_controller.h:102:54:[m[K [01;31m[Kerror: [m[Kexpected â€˜[01m[K;[m[Kâ€™ at end of member declaration
  102 |     rclcpp::Subscription<geometry_msgs::msg::Twist>::[01;31m[KSharedPtr[m[K servos_drive_sub_;
      |                                                      [01;31m[K^~~~~~~~~[m[K
      |                                                               [32m[K;[m[K
[01m[K/home/robodog/RoboDog/ros2_ws/src/i2cpwm_controller/include/i2cpwm_controller.h:102:64:[m[K [01;31m[Kerror: [m[Kâ€˜[01m[Kservos_drive_sub_[m[Kâ€™ does not name a type
  102 |     rclcpp::Subscription<geometry_msgs::msg::Twist>::SharedPtr [01;31m[Kservos_drive_sub_[m[K;
      |                                                                [01;31m[K^~~~~~~~~~~~~~~~~[m[K
In file included from [01m[K/home/robodog/RoboDog/ros2_ws/src/i2cpwm_controller/src/main.cpp:2[m[K:
[01m[K/home/robodog/RoboDog/ros2_ws/src/i2cpwm_controller/include/i2cpwm_controller.h:102:26:[m[K [01;31m[Kerror: [m[Kâ€˜[01m[Kgeometry_msgs[m[Kâ€™ was not declared in this scope
  102 |     rclcpp::Subscription<[01;31m[Kgeometry_msgs[m[K::msg::Twist>::SharedPtr servos_drive_sub_;
      |                          [01;31m[K^~~~~~~~~~~~~[m[K
[01m[K/home/robodog/RoboDog/ros2_ws/src/i2cpwm_controller/include/i2cpwm_controller.h:102:51:[m[K [01;31m[Kerror: [m[Ktemplate argument 1 is invalid
  102 |     rclcpp::Subscription<geometry_msgs::msg::Twist[01;31m[K>[m[K::SharedPtr servos_drive_sub_;
      |                                                   [01;31m[K^[m[K
[01m[K/home/robodog/RoboDog/ros2_ws/src/i2cpwm_controller/include/i2cpwm_controller.h:102:51:[m[K [01;31m[Kerror: [m[Ktemplate argument 3 is invalid
[01m[K/home/robodog/RoboDog/ros2_ws/src/i2cpwm_controller/include/i2cpwm_controller.h:102:51:[m[K [01;31m[Kerror: [m[Ktemplate argument 4 is invalid
[01m[K/home/robodog/RoboDog/ros2_ws/src/i2cpwm_controller/include/i2cpwm_controller.h:102:51:[m[K [01;31m[Kerror: [m[Ktemplate argument 5 is invalid
[01m[K/home/robodog/RoboDog/ros2_ws/src/i2cpwm_controller/include/i2cpwm_controller.h:102:54:[m[K [01;31m[Kerror: [m[Kexpected â€˜[01m[K;[m[Kâ€™ at end of member declaration
  102 |     rclcpp::Subscription<geometry_msgs::msg::Twist>::[01;31m[KSharedPtr[m[K servos_drive_sub_;
      |                                                      [01;31m[K^~~~~~~~~[m[K
      |                                                               [32m[K;[m[K
[01m[K/home/robodog/RoboDog/ros2_ws/src/i2cpwm_controller/include/i2cpwm_controller.h:102:64:[m[K [01;31m[Kerror: [m[Kâ€˜[01m[Kservos_drive_sub_[m[Kâ€™ does not name a type
  102 |     rclcpp::Subscription<geometry_msgs::msg::Twist>::SharedPtr [01;31m[Kservos_drive_sub_[m[K;
      |                                                                [01;31m[K^~~~~~~~~~~~~~~~~[m[K
[01m[K/home/robodog/RoboDog/ros2_ws/src/i2cpwm_controller/include/i2cpwm_controller.h:108:21:[m[K [01;31m[Kerror: [m[Kâ€˜[01m[Kstd_srvs[m[Kâ€™ was not declared in this scope
  108 |     rclcpp::Service<[01;31m[Kstd_srvs[m[K::srv::Empty>::SharedPtr stop_servos_srv_;
      |                     [01;31m[K^~~~~~~~[m[K
[01m[K/home/robodog/RoboDog/ros2_ws/src/i2cpwm_controller/include/i2cpwm_controller.h:108:41:[m[K [01;31m[Kerror: [m[Ktemplate argument 1 is invalid
  108 |     rclcpp::Service<std_srvs::srv::Empty[01;31m[K>[m[K::SharedPtr stop_servos_srv_;
      |                                         [01;31m[K^[m[K
[01m[K/home/robodog/RoboDog/ros2_ws/src/i2cpwm_controller/include/i2cpwm_controller.h:108:44:[m[K [01;31m[Kerror: [m[Kexpected â€˜[01m[K;[m[Kâ€™ at end of member declaration
  108 |     rclcpp::Service<std_srvs::srv::Empty>::[01;31m[KSharedPtr[m[K stop_servos_srv_;
      |                                            [01;31m[K^~~~~~~~~[m[K
      |                                                     [32m[K;[m[K
[01m[K/home/robodog/RoboDog/ros2_ws/src/i2cpwm_controller/include/i2cpwm_controller.h:108:44:[m[K [01;31m[Kerror: [m[Kredeclaration of â€˜[01m[Kint I2cPwmController::SharedPtr[m[Kâ€™
[01m[K/home/robodog/RoboDog/ros2_ws/src/i2cpwm_controller/include/i2cpwm_controller.h:102:54:[m[K [01;36m[Knote: [m[Kprevious declaration â€˜[01m[Kint I2cPwmController::SharedPtr[m[Kâ€™
  102 |     rclcpp::Subscription<geometry_msgs::msg::Twist>::[01;36m[KSharedPtr[m[K servos_drive_sub_;
      |                                                      [01;36m[K^~~~~~~~~[m[K
[01m[K/home/robodog/RoboDog/ros2_ws/src/i2cpwm_controller/include/i2cpwm_controller.h:108:54:[m[K [01;31m[Kerror: [m[Kâ€˜[01m[Kstop_servos_srv_[m[Kâ€™ does not name a type
  108 |     rclcpp::Service<std_srvs::srv::Empty>::SharedPtr [01;31m[Kstop_servos_srv_[m[K;
      |                                                      [01;31m[K^~~~~~~~~~~~~~~~[m[K
[01m[K/home/robodog/RoboDog/ros2_ws/src/i2cpwm_controller/include/i2cpwm_controller.h:113:29:[m[K [01;31m[Kerror: [m[Kâ€˜[01m[Kgeometry_msgs[m[Kâ€™ does not name a type
  113 |     void servos_drive(const [01;31m[Kgeometry_msgs[m[K::msg::Twist::SharedPtr msg);
      |                             [01;31m[K^~~~~~~~~~~~~[m[K
[01m[K/home/robodog/RoboDog/ros2_ws/src/i2cpwm_controller/include/i2cpwm_controller.h:113:47:[m[K [01;31m[Kerror: [m[Kexpected unqualified-id before â€˜[01m[K::[m[Kâ€™ token
  113 |     void servos_drive(const geometry_msgs::msg[01;31m[K::[m[KTwist::SharedPtr msg);
      |                                               [01;31m[K^~[m[K
[01m[K/home/robodog/RoboDog/ros2_ws/src/i2cpwm_controller/include/i2cpwm_controller.h:113:47:[m[K [01;31m[Kerror: [m[Kexpected â€˜[01m[K)[m[Kâ€™ before â€˜[01m[K::[m[Kâ€™ token
  113 |     void servos_drive[34m[K([m[Kconst geometry_msgs::msg[01;31m[K:[m[K[32m[K:[m[KTwist::SharedPtr msg);
      |                      [34m[K~[m[K                        [01;31m[K^[m[K[32m[K~[m[K
      |                                               [32m[K)[m[K
[01m[K/home/robodog/RoboDog/ros2_ws/src/i2cpwm_controller/include/i2cpwm_controller.h:113:44:[m[K [01;31m[Kerror: [m[Kexpected â€˜[01m[K;[m[Kâ€™ at end of member declaration
  113 |     void servos_drive(const geometry_msgs::[01;31m[Kmsg[m[K::Twist::SharedPtr msg);
      |                                            [01;31m[K^~~[m[K
      |                                               [32m[K;[m[K
[01m[K/home/robodog/RoboDog/ros2_ws/src/i2cpwm_controller/include/i2cpwm_controller.h:113:49:[m[K [01;31m[Kerror: [m[Kâ€˜[01m[KTwist[m[Kâ€™ in namespace â€˜[01m[K::[m[Kâ€™ does not name a type
  113 |     void servos_drive(const geometry_msgs::msg::[01;31m[KTwist[m[K::SharedPtr msg);
      |                                                 [01;31m[K^~~~~[m[K
[01m[K/home/robodog/RoboDog/ros2_ws/src/i2cpwm_controller/include/i2cpwm_controller.h:122:44:[m[K [01;31m[Kerror: [m[Kâ€˜[01m[Kstd_srvs[m[Kâ€™ was not declared in this scope
  122 |     bool stop_servos(const std::shared_ptr<[01;31m[Kstd_srvs[m[K::srv::Empty::Request> req,
      |                                            [01;31m[K^~~~~~~~[m[K
[01m[K/home/robodog/RoboDog/ros2_ws/src/i2cpwm_controller/include/i2cpwm_controller.h:122:73:[m[K [01;31m[Kerror: [m[Ktemplate argument 1 is invalid
  122 |     bool stop_servos(const std::shared_ptr<std_srvs::srv::Empty::Request[01;31m[K>[m[K req,
      |                                                                         [01;31m[K^[m[K
[01m[K/home/robodog/RoboDog/ros2_ws/src/i2cpwm_controller/include/i2cpwm_controller.h:122:44:[m[K [01;31m[Kerror: [m[Kâ€˜[01m[Kstd_srvs[m[Kâ€™ was not declared in this scope
  122 |     bool stop_servos(const std::shared_ptr<[01;31m[Kstd_srvs[m[K::srv::Empty::Request> req,
      |                                            [01;31m[K^~~~~~~~[m[K
[01m[K/home/robodog/RoboDog/ros2_ws/src/i2cpwm_controller/include/i2cpwm_controller.h:122:73:[m[K [01;31m[Kerror: [m[Ktemplate argument 1 is invalid
  122 |     bool stop_servos(const std::shared_ptr<std_srvs::srv::Empty::Request[01;31m[K>[m[K req,
      |                                                                         [01;31m[K^[m[K
[01m[K/home/robodog/RoboDog/ros2_ws/src/i2cpwm_controller/include/i2cpwm_controller.h:122:44:[m[K [01;31m[Kerror: [m[Kâ€˜[01m[Kstd_srvs[m[Kâ€™ was not declared in this scope
  122 |     bool stop_servos(const std::shared_ptr<[01;31m[Kstd_srvs[m[K::srv::Empty::Request> req,
      |                                            [01;31m[K^~~~~~~~[m[K
[01m[K/home/robodog/RoboDog/ros2_ws/src/i2cpwm_controller/include/i2cpwm_controller.h:122:73:[m[K [01;31m[Kerror: [m[Ktemplate argument 1 is invalid
  122 |     bool stop_servos(const std::shared_ptr<std_srvs::srv::Empty::Request[01;31m[K>[m[K req,
      |                                                                         [01;31m[K^[m[K
[01m[K/home/robodog/RoboDog/ros2_ws/src/i2cpwm_controller/include/i2cpwm_controller.h:122:28:[m[K [01;31m[Kerror: [m[Kinvalid template-id
  122 |     bool stop_servos(const [01;31m[Kstd[m[K::shared_ptr<std_srvs::srv::Empty::Request> req,
      |                            [01;31m[K^~~[m[K
[01m[K/home/robodog/RoboDog/ros2_ws/src/i2cpwm_controller/include/i2cpwm_controller.h:122:44:[m[K [01;31m[Kerror: [m[Kâ€˜[01m[Kstd_srvs[m[Kâ€™ has not been declared
  122 |     bool stop_servos(const std::shared_ptr<[01;31m[Kstd_srvs[m[K::srv::Empty::Request> req,
      |                                            [01;31m[K^~~~~~~~[m[K
[01m[K/home/robodog/RoboDog/ros2_ws/src/i2cpwm_controller/include/i2cpwm_controller.h:122:22:[m[K [01;31m[Kerror: [m[Kclass template placeholder â€˜[01m[Kstd::shared_ptr[m[Kâ€™ not permitted in this context
  122 |     bool stop_servos([01;31m[Kconst[m[K std::shared_ptr<std_srvs::srv::Empty::Request> req,
      |                      [01;31m[K^~~~~[m[K
[01m[K/home/robodog/RoboDog/ros2_ws/src/i2cpwm_controller/include/i2cpwm_controller.h:108:21:[m[K [01;31m[Kerror: [m[Kâ€˜[01m[Kstd_srvs[m[Kâ€™ was not declared in this scope
  108 |     rclcpp::Service<[01;31m[Kstd_srvs[m[K::srv::Empty>::SharedPtr stop_servos_srv_;
      |                     [01;31m[K^~~~~~~~[m[K
[01m[K/home/robodog/RoboDog/ros2_ws/src/i2cpwm_controller/include/i2cpwm_controller.h:108:41:[m[K [01;31m[Kerror: [m[Ktemplate argument 1 is invalid
  108 |     rclcpp::Service<std_srvs::srv::Empty[01;31m[K>[m[K::SharedPtr stop_servos_srv_;
      |                                         [01;31m[K^[m[K
[01m[K/home/robodog/RoboDog/ros2_ws/src/i2cpwm_controller/include/i2cpwm_controller.h:108:44:[m[K [01;31m[Kerror: [m[Kexpected â€˜[01m[K;[m[Kâ€™ at end of member declaration
  108 |     rclcpp::Service<std_srvs::srv::Empty>::[01;31m[KSharedPtr[m[K stop_servos_srv_;
      |                                            [01;31m[K^~~~~~~~~[m[K
      |                                                     [32m[K;[m[K
[01m[K/home/robodog/RoboDog/ros2_ws/src/i2cpwm_controller/include/i2cpwm_controller.h:108:44:[m[K [01;31m[Kerror: [m[Kredeclaration of â€˜[01m[Kint I2cPwmController::SharedPtr[m[Kâ€™
[01m[K/home/robodog/RoboDog/ros2_ws/src/i2cpwm_controller/include/i2cpwm_controller.h:102:54:[m[K [01;36m[Knote: [m[Kprevious declaration â€˜[01m[Kint I2cPwmController::SharedPtr[m[Kâ€™
  102 |     rclcpp::Subscription<geometry_msgs::msg::Twist>::[01;36m[KSharedPtr[m[K servos_drive_sub_;
      |                                                      [01;36m[K^~~~~~~~~[m[K
[01m[K/home/robodog/RoboDog/ros2_ws/src/i2cpwm_controller/include/i2cpwm_controller.h:108:54:[m[K [01;31m[Kerror: [m[Kâ€˜[01m[Kstop_servos_srv_[m[Kâ€™ does not name a type
  108 |     rclcpp::Service<std_srvs::srv::Empty>::SharedPtr [01;31m[Kstop_servos_srv_[m[K;
      |                                                      [01;31m[K^~~~~~~~~~~~~~~~[m[K
[01m[K/home/robodog/RoboDog/ros2_ws/src/i2cpwm_controller/include/i2cpwm_controller.h:113:29:[m[K [01;31m[Kerror: [m[Kâ€˜[01m[Kgeometry_msgs[m[Kâ€™ does not name a type
  113 |     void servos_drive(const [01;31m[Kgeometry_msgs[m[K::msg::Twist::SharedPtr msg);
      |                             [01;31m[K^~~~~~~~~~~~~[m[K
[01m[K/home/robodog/RoboDog/ros2_ws/src/i2cpwm_controller/include/i2cpwm_controller.h:113:47:[m[K [01;31m[Kerror: [m[Kexpected unqualified-id before â€˜[01m[K::[m[Kâ€™ token
  113 |     void servos_drive(const geometry_msgs::msg[01;31m[K::[m[KTwist::SharedPtr msg);
      |                                               [01;31m[K^~[m[K
[01m[K/home/robodog/RoboDog/ros2_ws/src/i2cpwm_controller/include/i2cpwm_controller.h:113:47:[m[K [01;31m[Kerror: [m[Kexpected â€˜[01m[K)[m[Kâ€™ before â€˜[01m[K::[m[Kâ€™ token
  113 |     void servos_drive[34m[K([m[Kconst geometry_msgs::msg[01;31m[K:[m[K[32m[K:[m[KTwist::SharedPtr msg);
      |                      [34m[K~[m[K                        [01;31m[K^[m[K[32m[K~[m[K
      |                                               [32m[K)[m[K
[01m[K/home/robodog/RoboDog/ros2_ws/src/i2cpwm_controller/include/i2cpwm_controller.h:113:44:[m[K [01;31m[Kerror: [m[Kexpected â€˜[01m[K;[m[Kâ€™ at end of member declaration
  113 |     void servos_drive(const geometry_msgs::[01;31m[Kmsg[m[K::Twist::SharedPtr msg);
      |                                            [01;31m[K^~~[m[K
      |                                               [32m[K;[m[K
[01m[K/home/robodog/RoboDog/ros2_ws/src/i2cpwm_controller/include/i2cpwm_controller.h:123:47:[m[K [01;31m[Kerror: [m[Kâ€˜[01m[Kstd_srvs[m[Kâ€™ was not declared in this scope
  123 |                               std::shared_ptr<[01;31m[Kstd_srvs[m[K::srv::Empty::Response> res);
      |                                               [01;31m[K^~~~~~~~[m[K
[01m[K/home/robodog/RoboDog/ros2_ws/src/i2cpwm_controller/include/i2cpwm_controller.h:123:77:[m[K [01;31m[Kerror: [m[Ktemplate argument 1 is invalid
  123 |                               std::shared_ptr<std_srvs::srv::Empty::Response[01;31m[K>[m[K res);
      |                                                                             [01;31m[K^[m[K
[01m[K/home/robodog/RoboDog/ros2_ws/src/i2cpwm_controller/include/i2cpwm_controller.h:113:49:[m[K [01;31m[Kerror: [m[Kâ€˜[01m[KTwist[m[Kâ€™ in namespace â€˜[01m[K::[m[Kâ€™ does not name a type
  113 |     void servos_drive(const geometry_msgs::msg::[01;31m[KTwist[m[K::SharedPtr msg);
      |                                                 [01;31m[K^~~~~[m[K
[01m[K/home/robodog/RoboDog/ros2_ws/src/i2cpwm_controller/include/i2cpwm_controller.h:123:47:[m[K [01;31m[Kerror: [m[Kâ€˜[01m[Kstd_srvs[m[Kâ€™ was not declared in this scope
  123 |                               std::shared_ptr<[01;31m[Kstd_srvs[m[K::srv::Empty::Response> res);
      |                                               [01;31m[K^~~~~~~~[m[K
[01m[K/home/robodog/RoboDog/ros2_ws/src/i2cpwm_controller/include/i2cpwm_controller.h:123:77:[m[K [01;31m[Kerror: [m[Ktemplate argument 1 is invalid
  123 |                               std::shared_ptr<std_srvs::srv::Empty::Response[01;31m[K>[m[K res);
      |                                                                             [01;31m[K^[m[K
[01m[K/home/robodog/RoboDog/ros2_ws/src/i2cpwm_controller/include/i2cpwm_controller.h:122:44:[m[K [01;31m[Kerror: [m[Kâ€˜[01m[Kstd_srvs[m[Kâ€™ was not declared in this scope
  122 |     bool stop_servos(const std::shared_ptr<[01;31m[Kstd_srvs[m[K::srv::Empty::Request> req,
      |                                            [01;31m[K^~~~~~~~[m[K
[01m[K/home/robodog/RoboDog/ros2_ws/src/i2cpwm_controller/include/i2cpwm_controller.h:122:73:[m[K [01;31m[Kerror: [m[Ktemplate argument 1 is invalid
  122 |     bool stop_servos(const std::shared_ptr<std_srvs::srv::Empty::Request[01;31m[K>[m[K req,
      |                                                                         [01;31m[K^[m[K
[01m[K/home/robodog/RoboDog/ros2_ws/src/i2cpwm_controller/include/i2cpwm_controller.h:123:47:[m[K [01;31m[Kerror: [m[Kâ€˜[01m[Kstd_srvs[m[Kâ€™ was not declared in this scope
  123 |                               std::shared_ptr<[01;31m[Kstd_srvs[m[K::srv::Empty::Response> res);
      |                                               [01;31m[K^~~~~~~~[m[K
[01m[K/home/robodog/RoboDog/ros2_ws/src/i2cpwm_controller/include/i2cpwm_controller.h:123:77:[m[K [01;31m[Kerror: [m[Ktemplate argument 1 is invalid
  123 |                               std::shared_ptr<std_srvs::srv::Empty::Response[01;31m[K>[m[K res);
      |                                                                             [01;31m[K^[m[K
[01m[K/home/robodog/RoboDog/ros2_ws/src/i2cpwm_controller/include/i2cpwm_controller.h:123:31:[m[K [01;31m[Kerror: [m[Kinvalid template-id
  123 |                               [01;31m[Kstd[m[K::shared_ptr<std_srvs::srv::Empty::Response> res);
      |                               [01;31m[K^~~[m[K
[01m[K/home/robodog/RoboDog/ros2_ws/src/i2cpwm_controller/include/i2cpwm_controller.h:123:47:[m[K [01;31m[Kerror: [m[Kâ€˜[01m[Kstd_srvs[m[Kâ€™ has not been declared
  123 |                               std::shared_ptr<[01;31m[Kstd_srvs[m[K::srv::Empty::Response> res);
      |                                               [01;31m[K^~~~~~~~[m[K
[01m[K/home/robodog/RoboDog/ros2_ws/src/i2cpwm_controller/include/i2cpwm_controller.h:123:31:[m[K [01;31m[Kerror: [m[Kclass template placeholder â€˜[01m[Kstd::shared_ptr[m[Kâ€™ not permitted in this context
  123 |                               [01;31m[Kstd[m[K::shared_ptr<std_srvs::srv::Empty::Response> res);
      |                               [01;31m[K^~~[m[K
[01m[K/home/robodog/RoboDog/ros2_ws/src/i2cpwm_controller/include/i2cpwm_controller.h:128:2:[m[K [01;31m[Kerror: [m[Kexpected â€˜[01m[K;[m[Kâ€™ after class definition
  128 | }
      |  [01;31m[K^[m[K
      |  [32m[K;[m[K
[01m[K/home/robodog/RoboDog/ros2_ws/src/i2cpwm_controller/include/i2cpwm_controller.h:122:44:[m[K [01;31m[Kerror: [m[Kâ€˜[01m[Kstd_srvs[m[Kâ€™ was not declared in this scope
  122 |     bool stop_servos(const std::shared_ptr<[01;31m[Kstd_srvs[m[K::srv::Empty::Request> req,
      |                                            [01;31m[K^~~~~~~~[m[K
[01m[K/home/robodog/RoboDog/ros2_ws/src/i2cpwm_controller/include/i2cpwm_controller.h:122:73:[m[K [01;31m[Kerror: [m[Ktemplate argument 1 is invalid
  122 |     bool stop_servos(const std::shared_ptr<std_srvs::srv::Empty::Request[01;31m[K>[m[K req,
      |                                                                         [01;31m[K^[m[K
[01m[K/home/robodog/RoboDog/ros2_ws/src/i2cpwm_controller/include/i2cpwm_controller.h:122:44:[m[K [01;31m[Kerror: [m[Kâ€˜[01m[Kstd_srvs[m[Kâ€™ was not declared in this scope
  122 |     bool stop_servos(const std::shared_ptr<[01;31m[Kstd_srvs[m[K::srv::Empty::Request> req,
      |                                            [01;31m[K^~~~~~~~[m[K
[01m[K/home/robodog/RoboDog/ros2_ws/src/i2cpwm_controller/include/i2cpwm_controller.h:122:73:[m[K [01;31m[Kerror: [m[Ktemplate argument 1 is invalid
  122 |     bool stop_servos(const std::shared_ptr<std_srvs::srv::Empty::Request[01;31m[K>[m[K req,
      |                                                                         [01;31m[K^[m[K
[01m[K/home/robodog/RoboDog/ros2_ws/src/i2cpwm_controller/include/i2cpwm_controller.h:122:28:[m[K [01;31m[Kerror: [m[Kinvalid template-id
  122 |     bool stop_servos(const [01;31m[Kstd[m[K::shared_ptr<std_srvs::srv::Empty::Request> req,
      |                            [01;31m[K^~~[m[K
[01m[K/home/robodog/RoboDog/ros2_ws/src/i2cpwm_controller/include/i2cpwm_controller.h:122:44:[m[K [01;31m[Kerror: [m[Kâ€˜[01m[Kstd_srvs[m[Kâ€™ has not been declared
  122 |     bool stop_servos(const std::shared_ptr<[01;31m[Kstd_srvs[m[K::srv::Empty::Request> req,
      |                                            [01;31m[K^~~~~~~~[m[K
[01m[K/home/robodog/RoboDog/ros2_ws/src/i2cpwm_controller/include/i2cpwm_controller.h:122:22:[m[K [01;31m[Kerror: [m[Kclass template placeholder â€˜[01m[Kstd::shared_ptr[m[Kâ€™ not permitted in this context
  122 |     bool stop_servos([01;31m[Kconst[m[K std::shared_ptr<std_srvs::srv::Empty::Request> req,
      |                      [01;31m[K^~~~~[m[K
[01m[K/home/robodog/RoboDog/ros2_ws/src/i2cpwm_controller/src/i2cpwm_controller.cpp:[m[K In constructor â€˜[01m[KI2cPwmController::I2cPwmController(const rclcpp::NodeOptions&)[m[Kâ€™:
[01m[K/home/robodog/RoboDog/ros2_ws/src/i2cpwm_controller/src/i2cpwm_controller.cpp:135:54:[m[K [01;31m[Kerror: [m[Kâ€˜[01m[Kcontroller[m[Kâ€™ was not declared in this scope; did you mean â€˜[01m[KI2cPwmController[m[Kâ€™?
  135 |     servos_absolute_sub_ = this->create_subscription<[01;31m[Kcontroller[m[K::msg::ServoArray>(
      |                                                      [01;31m[K^~~~~~~~~~[m[K
      |                                                      [32m[KI2cPwmController[m[K
[01m[K/home/robodog/RoboDog/ros2_ws/src/i2cpwm_controller/src/i2cpwm_controller.cpp:135:34:[m[K [01;31m[Kerror: [m[Kparse error in template argument list
  135 |     servos_absolute_sub_ = this->[01;31m[Kcreate_subscription<controller::msg::ServoArray>[m[K(
      |                                  [01;31m[K^~~~~~~~~~~~~~~~~~~~~~~~~~~~~~~~~~~~~~~~~~~~~~~~[m[K
[01m[K/home/robodog/RoboDog/ros2_ws/src/i2cpwm_controller/include/i2cpwm_controller.h:123:47:[m[K [01;31m[Kerror: [m[Kâ€˜[01m[Kstd_srvs[m[Kâ€™ was not declared in this scope
  123 |                               std::shared_ptr<[01;31m[Kstd_srvs[m[K::srv::Empty::Response> res);
      |                                               [01;31m[K^~~~~~~~[m[K
[01m[K/home/robodog/RoboDog/ros2_ws/src/i2cpwm_controller/include/i2cpwm_controller.h:123:77:[m[K [01;31m[Kerror: [m[Ktemplate argument 1 is invalid
  123 |                               std::shared_ptr<std_srvs::srv::Empty::Response[01;31m[K>[m[K res);
      |                                                                             [01;31m[K^[m[K
[01m[K/home/robodog/RoboDog/ros2_ws/src/i2cpwm_controller/src/i2cpwm_controller.cpp:135:82:[m[K [01;31m[Kerror: [m[Kno matching function for call to â€˜[01m[KI2cPwmController::create_subscription<<expression error> >(const char [16], int, std::_Bind_helper<false, void (I2cPwmController::*)(std::shared_ptr<i2cpwm_controller::msg::ServoArray_<std::allocator<void> > >), I2cPwmController*, const std::_Placeholder<1>&>::type)[m[Kâ€™
  135 |     servos_absolute_sub_ = [01;31m[Kthis->create_subscription<controller::msg::ServoArray>([m[K
      |                            [01;31m[K~~~~~~~~~~~~~~~~~~~~~~~~~~~~~~~~~~~~~~~~~~~~~~~~~~~~~~^[m[K
  136 | [01;31m[K        "servos_absolute", 500, std::bind(&I2cPwmController::servos_absolute, this, std::placeholders::_1))[m[K;
      |         [01;31m[K~~~~~~~~~~~~~~~~~~~~~~~~~~~~~~~~~~~~~~~~~~~~~~~~~~~~~~~~~~~~~~~~~~~~~~~~~~~~~~~~~~~~~~~~~~~~~~~~~~~[m[K
In file included from [01m[K/opt/ros/humble/include/rclcpp/rclcpp/executors/single_threaded_executor.hpp:28[m[K,
                 from [01m[K/opt/ros/humble/include/rclcpp/rclcpp/executors.hpp:22[m[K,
                 from [01m[K/opt/ros/humble/include/rclcpp/rclcpp/rclcpp.hpp:155[m[K,
                 from [01m[K/home/robodog/RoboDog/ros2_ws/src/i2cpwm_controller/include/i2cpwm_controller.h:20[m[K,
                 from [01m[K/home/robodog/RoboDog/ros2_ws/src/i2cpwm_controller/src/i2cpwm_controller.cpp:1[m[K:
[01m[K/opt/ros/humble/include/rclcpp/rclcpp/node.hpp:219:3:[m[K [01;36m[Knote: [m[Kcandidate: â€˜[01m[Ktemplate<class MessageT, class CallbackT, class AllocatorT, class SubscriptionT, class MessageMemoryStrategyT> std::shared_ptr<ROSMessageT> rclcpp::Node::create_subscription(const string&, const rclcpp::QoS&, CallbackT&&, const rclcpp::SubscriptionOptionsWithAllocator<AllocatorT>&, typename MessageMemoryStrategyT::SharedPtr)[m[Kâ€™
  219 |   [01;36m[Kcreate_subscription[m[K(
      |   [01;36m[K^~~~~~~~~~~~~~~~~~~[m[K
[01m[K/opt/ros/humble/include/rclcpp/rclcpp/node.hpp:219:3:[m[K [01;36m[Knote: [m[K  template argument deduction/substitution failed:
[01m[K/home/robodog/RoboDog/ros2_ws/src/i2cpwm_controller/src/i2cpwm_controller.cpp:135:82:[m[K [01;31m[Kerror: [m[Ktemplate argument 1 is invalid
  135 |     servos_absolute_sub_ = [01;31m[Kthis->create_subscription<controller::msg::ServoArray>([m[K
      |                            [01;31m[K~~~~~~~~~~~~~~~~~~~~~~~~~~~~~~~~~~~~~~~~~~~~~~~~~~~~~~^[m[K
  136 | [01;31m[K        "servos_absolute", 500, std::bind(&I2cPwmController::servos_absolute, this, std::placeholders::_1))[m[K;
      |         [01;31m[K~~~~~~~~~~~~~~~~~~~~~~~~~~~~~~~~~~~~~~~~~~~~~~~~~~~~~~~~~~~~~~~~~~~~~~~~~~~~~~~~~~~~~~~~~~~~~~~~~~~[m[K
[01m[K/home/robodog/RoboDog/ros2_ws/src/i2cpwm_controller/include/i2cpwm_controller.h:123:47:[m[K [01;31m[Kerror: [m[Kâ€˜[01m[Kstd_srvs[m[Kâ€™ was not declared in this scope
  123 |                               std::shared_ptr<[01;31m[Kstd_srvs[m[K::srv::Empty::Response> res);
      |                                               [01;31m[K^~~~~~~~[m[K
[01m[K/home/robodog/RoboDog/ros2_ws/src/i2cpwm_controller/include/i2cpwm_controller.h:123:77:[m[K [01;31m[Kerror: [m[Ktemplate argument 1 is invalid
  123 |                               std::shared_ptr<std_srvs::srv::Empty::Response[01;31m[K>[m[K res);
      |                                                                             [01;31m[K^[m[K
[01m[K/home/robodog/RoboDog/ros2_ws/src/i2cpwm_controller/include/i2cpwm_controller.h:123:47:[m[K [01;31m[Kerror: [m[Kâ€˜[01m[Kstd_srvs[m[Kâ€™ was not declared in this scope
  123 |                               std::shared_ptr<[01;31m[Kstd_srvs[m[K::srv::Empty::Response> res);
      |                                               [01;31m[K^~~~~~~~[m[K
[01m[K/home/robodog/RoboDog/ros2_ws/src/i2cpwm_controller/include/i2cpwm_controller.h:123:77:[m[K [01;31m[Kerror: [m[Ktemplate argument 1 is invalid
  123 |                               std::shared_ptr<std_srvs::srv::Empty::Response[01;31m[K>[m[K res);
      |                                                                             [01;31m[K^[m[K
[01m[K/home/robodog/RoboDog/ros2_ws/src/i2cpwm_controller/include/i2cpwm_controller.h:123:31:[m[K [01;31m[Kerror: [m[Kinvalid template-id
  123 |                               [01;31m[Kstd[m[K::shared_ptr<std_srvs::srv::Empty::Response> res);
      |                               [01;31m[K^~~[m[K
[01m[K/home/robodog/RoboDog/ros2_ws/src/i2cpwm_controller/include/i2cpwm_controller.h:123:47:[m[K [01;31m[Kerror: [m[Kâ€˜[01m[Kstd_srvs[m[Kâ€™ has not been declared
  123 |                               std::shared_ptr<[01;31m[Kstd_srvs[m[K::srv::Empty::Response> res);
      |                                               [01;31m[K^~~~~~~~[m[K
[01m[K/home/robodog/RoboDog/ros2_ws/src/i2cpwm_controller/include/i2cpwm_controller.h:123:31:[m[K [01;31m[Kerror: [m[Kclass template placeholder â€˜[01m[Kstd::shared_ptr[m[Kâ€™ not permitted in this context
  123 |                               [01;31m[Kstd[m[K::shared_ptr<std_srvs::srv::Empty::Response> res);
      |                               [01;31m[K^~~[m[K
[01m[K/home/robodog/RoboDog/ros2_ws/src/i2cpwm_controller/include/i2cpwm_controller.h:128:2:[m[K [01;31m[Kerror: [m[Kexpected â€˜[01m[K;[m[Kâ€™ after class definition
  128 | }
      |  [01;31m[K^[m[K
      |  [32m[K;[m[K
[01m[K/home/robodog/RoboDog/ros2_ws/src/i2cpwm_controller/src/i2cpwm_controller.cpp:141:5:[m[K [01;31m[Kerror: [m[Kâ€˜[01m[Kservos_drive_sub_[m[Kâ€™ was not declared in this scope; did you mean â€˜[01m[Kservos_drive[m[Kâ€™?
  141 |     [01;31m[Kservos_drive_sub_[m[K = this->create_subscription<geometry_msgs::msg::Twist>(
      |     [01;31m[K^~~~~~~~~~~~~~~~~[m[K
      |     [32m[Kservos_drive[m[K
[01m[K/home/robodog/RoboDog/ros2_ws/src/i2cpwm_controller/src/i2cpwm_controller.cpp:141:51:[m[K [01;31m[Kerror: [m[Kâ€˜[01m[Kgeometry_msgs[m[Kâ€™ was not declared in this scope
  141 |     servos_drive_sub_ = this->create_subscription<[01;31m[Kgeometry_msgs[m[K::msg::Twist>(
      |                                                   [01;31m[K^~~~~~~~~~~~~[m[K
[01m[K/home/robodog/RoboDog/ros2_ws/src/i2cpwm_controller/src/i2cpwm_controller.cpp:141:31:[m[K [01;31m[Kerror: [m[Kparse error in template argument list
  141 |     servos_drive_sub_ = this->[01;31m[Kcreate_subscription<geometry_msgs::msg::Twist>[m[K(
      |                               [01;31m[K^~~~~~~~~~~~~~~~~~~~~~~~~~~~~~~~~~~~~~~~~~~~~~[m[K
[01m[K/home/robodog/RoboDog/ros2_ws/src/i2cpwm_controller/src/i2cpwm_controller.cpp:141:77:[m[K [01;31m[Kerror: [m[Kno matching function for call to â€˜[01m[KI2cPwmController::create_subscription<<expression error> >(const char [13], int, std::_Bind_helper<false, void (I2cPwmController::*)(...), I2cPwmController*, const std::_Placeholder<1>&>::type)[m[Kâ€™
  141 |     servos_drive_sub_ = [01;31m[Kthis->create_subscription<geometry_msgs::msg::Twist>([m[K
      |                         [01;31m[K~~~~~~~~~~~~~~~~~~~~~~~~~~~~~~~~~~~~~~~~~~~~~~~~~~~~^[m[K
  142 | [01;31m[K        "servos_drive", 500, std::bind(&I2cPwmController::servos_drive, this, std::placeholders::_1))[m[K;
      |         [01;31m[K~~~~~~~~~~~~~~~~~~~~~~~~~~~~~~~~~~~~~~~~~~~~~~~~~~~~~~~~~~~~~~~~~~~~~~~~~~~~~~~~~~~~~~~~~~~~~[m[K
In file included from [01m[K/opt/ros/humble/include/rclcpp/rclcpp/node.hpp:1321[m[K,
                 from [01m[K/opt/ros/humble/include/rclcpp/rclcpp/executors/single_threaded_executor.hpp:28[m[K,
                 from [01m[K/opt/ros/humble/include/rclcpp/rclcpp/executors.hpp:22[m[K,
                 from [01m[K/opt/ros/humble/include/rclcpp/rclcpp/rclcpp.hpp:155[m[K,
                 from [01m[K/home/robodog/RoboDog/ros2_ws/src/i2cpwm_controller/include/i2cpwm_controller.h:20[m[K,
                 from [01m[K/home/robodog/RoboDog/ros2_ws/src/i2cpwm_controller/src/i2cpwm_controller.cpp:1[m[K:
[01m[K/opt/ros/humble/include/rclcpp/rclcpp/node_impl.hpp:92:1:[m[K [01;36m[Knote: [m[Kcandidate: â€˜[01m[Ktemplate<class MessageT, class CallbackT, class AllocatorT, class SubscriptionT, class MessageMemoryStrategyT> std::shared_ptr<ROSMessageT> rclcpp::Node::create_subscription(const string&, const rclcpp::QoS&, CallbackT&&, const rclcpp::SubscriptionOptionsWithAllocator<AllocatorT>&, typename MessageMemoryStrategyT::SharedPtr)[m[Kâ€™
   92 | [01;36m[KNode[m[K::create_subscription(
      | [01;36m[K^~~~[m[K
[01m[K/opt/ros/humble/include/rclcpp/rclcpp/node_impl.hpp:92:1:[m[K [01;36m[Knote: [m[K  template argument deduction/substitution failed:
[01m[K/home/robodog/RoboDog/ros2_ws/src/i2cpwm_controller/src/i2cpwm_controller.cpp:141:77:[m[K [01;31m[Kerror: [m[Ktemplate argument 1 is invalid
  141 |     servos_drive_sub_ = [01;31m[Kthis->create_subscription<geometry_msgs::msg::Twist>([m[K
      |                         [01;31m[K~~~~~~~~~~~~~~~~~~~~~~~~~~~~~~~~~~~~~~~~~~~~~~~~~~~~^[m[K
  142 | [01;31m[K        "servos_drive", 500, std::bind(&I2cPwmController::servos_drive, this, std::placeholders::_1))[m[K;
      |         [01;31m[K~~~~~~~~~~~~~~~~~~~~~~~~~~~~~~~~~~~~~~~~~~~~~~~~~~~~~~~~~~~~~~~~~~~~~~~~~~~~~~~~~~~~~~~~~~~~~[m[K
[01m[K/home/robodog/RoboDog/ros2_ws/src/i2cpwm_controller/src/i2cpwm_controller.cpp:154:5:[m[K [01;31m[Kerror: [m[Kâ€˜[01m[Kstop_servos_srv_[m[Kâ€™ was not declared in this scope; did you mean â€˜[01m[Kstop_servos[m[Kâ€™?
  154 |     [01;31m[Kstop_servos_srv_[m[K = this->create_service<std_srvs::srv::Empty>(
      |     [01;31m[K^~~~~~~~~~~~~~~~[m[K
      |     [32m[Kstop_servos[m[K
[01m[K/home/robodog/RoboDog/ros2_ws/src/i2cpwm_controller/src/i2cpwm_controller.cpp:154:45:[m[K [01;31m[Kerror: [m[Kâ€˜[01m[Kstd_srvs[m[Kâ€™ was not declared in this scope; did you mean â€˜[01m[Kstop_servos[m[Kâ€™?
  154 |     stop_servos_srv_ = this->create_service<[01;31m[Kstd_srvs[m[K::srv::Empty>(
      |                                             [01;31m[K^~~~~~~~[m[K
      |                                             [32m[Kstop_servos[m[K
[01m[K/home/robodog/RoboDog/ros2_ws/src/i2cpwm_controller/src/i2cpwm_controller.cpp:154:30:[m[K [01;31m[Kerror: [m[Kparse error in template argument list
  154 |     stop_servos_srv_ = this->[01;31m[Kcreate_service<std_srvs::srv::Empty>[m[K(
      |                              [01;31m[K^~~~~~~~~~~~~~~~~~~~~~~~~~~~~~~~~~~~[m[K
[01m[K/home/robodog/RoboDog/ros2_ws/src/i2cpwm_controller/src/i2cpwm_controller.cpp:154:66:[m[K [01;31m[Kerror: [m[Kno matching function for call to â€˜[01m[KI2cPwmController::create_service<<expression error> >(const char [12], std::_Bind_helper<false, bool (I2cPwmController::*)(...), I2cPwmController*, const std::_Placeholder<1>&, const std::_Placeholder<2>&>::type)[m[Kâ€™
  154 |     stop_servos_srv_ = [01;31m[Kthis->create_service<std_srvs::srv::Empty>([m[K
      |                        [01;31m[K~~~~~~~~~~~~~~~~~~~~~~~~~~~~~~~~~~~~~~~~~~^[m[K
  155 | [01;31m[K        "stop_servos", std::bind(&I2cPwmController::stop_servos, this, std::placeholders::_1, std::placeholders::_2))[m[K;
      |         [01;31m[K~~~~~~~~~~~~~~~~~~~~~~~~~~~~~~~~~~~~~~~~~~~~~~~~~~~~~~~~~~~~~~~~~~~~~~~~~~~~~~~~~~~~~~~~~~~~~~~~~~~~~~~~~~~~~[m[K
In file included from [01m[K/opt/ros/humble/include/rclcpp/rclcpp/node.hpp:1321[m[K,
                 from [01m[K/opt/ros/humble/include/rclcpp/rclcpp/executors/single_threaded_executor.hpp:28[m[K,
                 from [01m[K/opt/ros/humble/include/rclcpp/rclcpp/executors.hpp:22[m[K,
                 from [01m[K/opt/ros/humble/include/rclcpp/rclcpp/rclcpp.hpp:155[m[K,
                 from [01m[K/home/robodog/RoboDog/ros2_ws/src/i2cpwm_controller/include/i2cpwm_controller.h:20[m[K,
                 from [01m[K/home/robodog/RoboDog/ros2_ws/src/i2cpwm_controller/src/i2cpwm_controller.cpp:1[m[K:
[01m[K/opt/ros/humble/include/rclcpp/rclcpp/node_impl.hpp:141:1:[m[K [01;36m[Knote: [m[Kcandidate: â€˜[01m[Ktemplate<class ServiceT, class CallbackT> typename rclcpp::Service<ServiceT>::SharedPtr rclcpp::Node::create_service(const string&, CallbackT&&, const rmw_qos_profile_t&, rclcpp::CallbackGroup::SharedPtr)[m[Kâ€™
  141 | [01;36m[KNode[m[K::create_service(
      | [01;36m[K^~~~[m[K
[01m[K/opt/ros/humble/include/rclcpp/rclcpp/node_impl.hpp:141:1:[m[K [01;36m[Knote: [m[K  template argument deduction/substitution failed:
[01m[K/home/robodog/RoboDog/ros2_ws/src/i2cpwm_controller/src/i2cpwm_controller.cpp:154:66:[m[K [01;31m[Kerror: [m[Ktemplate argument 1 is invalid
  154 |     stop_servos_srv_ = [01;31m[Kthis->create_service<std_srvs::srv::Empty>([m[K
      |                        [01;31m[K~~~~~~~~~~~~~~~~~~~~~~~~~~~~~~~~~~~~~~~~~~^[m[K
  155 | [01;31m[K        "stop_servos", std::bind(&I2cPwmController::stop_servos, this, std::placeholders::_1, std::placeholders::_2))[m[K;
      |         [01;31m[K~~~~~~~~~~~~~~~~~~~~~~~~~~~~~~~~~~~~~~~~~~~~~~~~~~~~~~~~~~~~~~~~~~~~~~~~~~~~~~~~~~~~~~~~~~~~~~~~~~~~~~~~~~~~~[m[K
[01m[K/home/robodog/RoboDog/ros2_ws/src/i2cpwm_controller/src/i2cpwm_controller.cpp:[m[K At global scope:
[01m[K/home/robodog/RoboDog/ros2_ws/src/i2cpwm_controller/src/i2cpwm_controller.cpp:192:43:[m[K [01;31m[Kerror: [m[Kâ€˜[01m[Kgeometry_msgs[m[Kâ€™ does not name a type
  192 | void I2cPwmController::servos_drive(const [01;31m[Kgeometry_msgs[m[K::msg::Twist::SharedPtr msg) {
      |                                           [01;31m[K^~~~~~~~~~~~~[m[K
[01m[K/home/robodog/RoboDog/ros2_ws/src/i2cpwm_controller/src/i2cpwm_controller.cpp:192:61:[m[K [01;31m[Kerror: [m[Kexpected unqualified-id before â€˜[01m[K::[m[Kâ€™ token
  192 | void I2cPwmController::servos_drive(const geometry_msgs::msg[01;31m[K::[m[KTwist::SharedPtr msg) {
      |                                                             [01;31m[K^~[m[K
[01m[K/home/robodog/RoboDog/ros2_ws/src/i2cpwm_controller/src/i2cpwm_controller.cpp:192:61:[m[K [01;31m[Kerror: [m[Kexpected â€˜[01m[K)[m[Kâ€™ before â€˜[01m[K::[m[Kâ€™ token
  192 | void I2cPwmController::servos_drive[34m[K([m[Kconst geometry_msgs::msg[01;31m[K:[m[K[32m[K:[m[KTwist::SharedPtr msg) {
      |                                    [34m[K~[m[K                        [01;31m[K^[m[K[32m[K~[m[K
      |                                                             [32m[K)[m[K
[01m[K/home/robodog/RoboDog/ros2_ws/src/i2cpwm_controller/src/i2cpwm_controller.cpp:192:61:[m[K [01;31m[Kerror: [m[Kexpected initializer before â€˜[01m[K::[m[Kâ€™ token
  192 | void I2cPwmController::servos_drive(const geometry_msgs::msg[01;31m[K::[m[KTwist::SharedPtr msg) {
      |                                                             [01;31m[K^~[m[K
[01m[K/home/robodog/RoboDog/ros2_ws/src/i2cpwm_controller/src/i2cpwm_controller.cpp:414:58:[m[K [01;31m[Kerror: [m[Kâ€˜[01m[Kstd_srvs[m[Kâ€™ was not declared in this scope; did you mean â€˜[01m[Kstop_servos[m[Kâ€™?
  414 | bool I2cPwmController::stop_servos(const std::shared_ptr<[01;31m[Kstd_srvs[m[K::srv::Empty::Request> req,
      |                                                          [01;31m[K^~~~~~~~[m[K
      |                                                          [32m[Kstop_servos[m[K
[01m[K/home/robodog/RoboDog/ros2_ws/src/i2cpwm_controller/src/i2cpwm_controller.cpp:414:87:[m[K [01;31m[Kerror: [m[Ktemplate argument 1 is invalid
  414 | bool I2cPwmController::stop_servos(const std::shared_ptr<std_srvs::srv::Empty::Request[01;31m[K>[m[K req,
      |                                                                                       [01;31m[K^[m[K
[01m[K/home/robodog/RoboDog/ros2_ws/src/i2cpwm_controller/src/i2cpwm_controller.cpp:414:58:[m[K [01;31m[Kerror: [m[Kâ€˜[01m[Kstd_srvs[m[Kâ€™ was not declared in this scope; did you mean â€˜[01m[Kstop_servos[m[Kâ€™?
  414 | bool I2cPwmController::stop_servos(const std::shared_ptr<[01;31m[Kstd_srvs[m[K::srv::Empty::Request> req,
      |                                                          [01;31m[K^~~~~~~~[m[K
      |                                                          [32m[Kstop_servos[m[K
[01m[K/home/robodog/RoboDog/ros2_ws/src/i2cpwm_controller/src/i2cpwm_controller.cpp:414:87:[m[K [01;31m[Kerror: [m[Ktemplate argument 1 is invalid
  414 | bool I2cPwmController::stop_servos(const std::shared_ptr<std_srvs::srv::Empty::Request[01;31m[K>[m[K req,
      |                                                                                       [01;31m[K^[m[K
[01m[K/home/robodog/RoboDog/ros2_ws/src/i2cpwm_controller/src/i2cpwm_controller.cpp:414:58:[m[K [01;31m[Kerror: [m[Kâ€˜[01m[Kstd_srvs[m[Kâ€™ was not declared in this scope; did you mean â€˜[01m[Kstop_servos[m[Kâ€™?
  414 | bool I2cPwmController::stop_servos(const std::shared_ptr<[01;31m[Kstd_srvs[m[K::srv::Empty::Request> req,
      |                                                          [01;31m[K^~~~~~~~[m[K
      |                                                          [32m[Kstop_servos[m[K
[01m[K/home/robodog/RoboDog/ros2_ws/src/i2cpwm_controller/src/i2cpwm_controller.cpp:414:87:[m[K [01;31m[Kerror: [m[Ktemplate argument 1 is invalid
  414 | bool I2cPwmController::stop_servos(const std::shared_ptr<std_srvs::srv::Empty::Request[01;31m[K>[m[K req,
      |                                                                                       [01;31m[K^[m[K
[01m[K/home/robodog/RoboDog/ros2_ws/src/i2cpwm_controller/src/i2cpwm_controller.cpp:414:42:[m[K [01;31m[Kerror: [m[Kinvalid template-id
  414 | bool I2cPwmController::stop_servos(const [01;31m[Kstd[m[K::shared_ptr<std_srvs::srv::Empty::Request> req,
      |                                          [01;31m[K^~~[m[K
[01m[K/home/robodog/RoboDog/ros2_ws/src/i2cpwm_controller/src/i2cpwm_controller.cpp:414:58:[m[K [01;31m[Kerror: [m[Kâ€˜[01m[Kstd_srvs[m[Kâ€™ was not declared in this scope; did you mean â€˜[01m[Kstop_servos[m[Kâ€™?
  414 | bool I2cPwmController::stop_servos(const std::shared_ptr<[01;31m[Kstd_srvs[m[K::srv::Empty::Request> req,
      |                                                          [01;31m[K^~~~~~~~[m[K
      |                                                          [32m[Kstop_servos[m[K
[01m[K/home/robodog/RoboDog/ros2_ws/src/i2cpwm_controller/src/i2cpwm_controller.cpp:414:6:[m[K [01;31m[Kerror: [m[Kâ€˜[01m[Kbool I2cPwmController::stop_servos[m[Kâ€™ is not a static data member of â€˜[01m[Kclass I2cPwmController[m[Kâ€™
  414 | bool [01;31m[KI2cPwmController[m[K::stop_servos(const std::shared_ptr<std_srvs::srv::Empty::Request> req,
      |      [01;31m[K^~~~~~~~~~~~~~~~[m[K
[01m[K/home/robodog/RoboDog/ros2_ws/src/i2cpwm_controller/src/i2cpwm_controller.cpp:414:36:[m[K [01;31m[Kerror: [m[Kexpected primary-expression before â€˜[01m[Kconst[m[Kâ€™
  414 | bool I2cPwmController::stop_servos([01;31m[Kconst[m[K std::shared_ptr<std_srvs::srv::Empty::Request> req,
      |                                    [01;31m[K^~~~~[m[K
[01m[K/home/robodog/RoboDog/ros2_ws/src/i2cpwm_controller/src/i2cpwm_controller.cpp:415:52:[m[K [01;31m[Kerror: [m[Kâ€˜[01m[Kstd_srvs[m[Kâ€™ was not declared in this scope; did you mean â€˜[01m[Kstop_servos[m[Kâ€™?
  415 |                                    std::shared_ptr<[01;31m[Kstd_srvs[m[K::srv::Empty::Response> res) {
      |                                                    [01;31m[K^~~~~~~~[m[K
      |                                                    [32m[Kstop_servos[m[K
[01m[K/home/robodog/RoboDog/ros2_ws/src/i2cpwm_controller/src/i2cpwm_controller.cpp:415:82:[m[K [01;31m[Kerror: [m[Ktemplate argument 1 is invalid
  415 |                                    std::shared_ptr<std_srvs::srv::Empty::Response[01;31m[K>[m[K res) {
      |                                                                                  [01;31m[K^[m[K
[01m[K/home/robodog/RoboDog/ros2_ws/src/i2cpwm_controller/src/i2cpwm_controller.cpp:415:87:[m[K [01;31m[Kerror: [m[Kexpression list treated as compound expression in initializer [[01;31m[K]8;;https://gcc.gnu.org/onlinedocs/gcc/Warning-Options.html#index-fpermissive-fpermissive]8;;[m[K]
  415 |                                    std::shared_ptr<std_srvs::srv::Empty::Response> res[01;31m[K)[m[K {
      |                                                                                       [01;31m[K^[m[K
[01m[K/home/robodog/RoboDog/ros2_ws/src/i2cpwm_controller/src/i2cpwm_controller.cpp:442:53:[m[K [01;31m[Kerror: [m[Kcannot declare member function â€˜[01m[Kint I2cPwmController::_smoothing(float)[m[Kâ€™ to have static linkage [[01;31m[K]8;;https://gcc.gnu.org/onlinedocs/gcc/Warning-Options.html#index-fpermissive-fpermissive]8;;[m[K]
  442 | static int I2cPwmController::_smoothing (float speed[01;31m[K)[m[K
      |                                                     [01;31m[K^[m[K
[01m[K/home/robodog/RoboDog/ros2_ws/src/i2cpwm_controller/src/i2cpwm_controller.cpp:456:73:[m[K [01;31m[Kerror: [m[Kcannot declare member function â€˜[01m[Kfloat I2cPwmController::_convert_mps_to_proportional(float)[m[Kâ€™ to have static linkage [[01;31m[K]8;;https://gcc.gnu.org/onlinedocs/gcc/Warning-Options.html#index-fpermissive-fpermissive]8;;[m[K]
  456 | static float I2cPwmController::_convert_mps_to_proportional (float speed[01;31m[K)[m[K
      |                                                                         [01;31m[K^[m[K
[01m[K/home/robodog/RoboDog/ros2_ws/src/i2cpwm_controller/src/i2cpwm_controller.cpp:542:72:[m[K [01;31m[Kerror: [m[Kcannot declare member function â€˜[01m[Kvoid I2cPwmController::_set_pwm_interval_all(int, int)[m[Kâ€™ to have static linkage [[01;31m[K]8;;https://gcc.gnu.org/onlinedocs/gcc/Warning-Options.html#index-fpermissive-fpermissive]8;;[m[K]
  542 | static void I2cPwmController::_set_pwm_interval_all (int start, int end[01;31m[K)[m[K
      |                                                                        [01;31m[K^[m[K
[01m[K/home/robodog/RoboDog/ros2_ws/src/i2cpwm_controller/src/i2cpwm_controller.cpp:568:59:[m[K [01;31m[Kerror: [m[Kcannot declare member function â€˜[01m[Kvoid I2cPwmController::_set_active_board(int)[m[Kâ€™ to have static linkage [[01;31m[K]8;;https://gcc.gnu.org/onlinedocs/gcc/Warning-Options.html#index-fpermissive-fpermissive]8;;[m[K]
  568 | static void I2cPwmController::_set_active_board (int board[01;31m[K)[m[K
      |                                                           [01;31m[K^[m[K
[01m[K/home/robodog/RoboDog/ros2_ws/src/i2cpwm_controller/src/i2cpwm_controller.cpp:625:79:[m[K [01;31m[Kerror: [m[Kcannot declare member function â€˜[01m[Kvoid I2cPwmController::_set_pwm_interval(int, int, int)[m[Kâ€™ to have static linkage [[01;31m[K]8;;https://gcc.gnu.org/onlinedocs/gcc/Warning-Options.html#index-fpermissive-fpermissive]8;;[m[K]
  625 | static void I2cPwmController::_set_pwm_interval (int servo, int start, int end[01;31m[K)[m[K
      |                                                                               [01;31m[K^[m[K
[01m[K/home/robodog/RoboDog/ros2_ws/src/i2cpwm_controller/src/i2cpwm_controller.cpp:664:85:[m[K [01;31m[Kerror: [m[Kcannot declare member function â€˜[01m[Kvoid I2cPwmController::_set_pwm_interval_proportional(int, float)[m[Kâ€™ to have static linkage [[01;31m[K]8;;https://gcc.gnu.org/onlinedocs/gcc/Warning-Options.html#index-fpermissive-fpermissive]8;;[m[K]
  664 | static void I2cPwmController::_set_pwm_interval_proportional (int servo, float value[01;31m[K)[m[K
      |                                                                                     [01;31m[K^[m[K
[01m[K/home/robodog/RoboDog/ros2_ws/src/i2cpwm_controller/src/i2cpwm_controller.cpp:699:93:[m[K [01;31m[Kerror: [m[Kcannot declare member function â€˜[01m[Kvoid I2cPwmController::_config_servo(int, int, int, int)[m[Kâ€™ to have static linkage [[01;31m[K]8;;https://gcc.gnu.org/onlinedocs/gcc/Warning-Options.html#index-fpermissive-fpermissive]8;;[m[K]
  699 | static void I2cPwmController::_config_servo (int servo, int center, int range, int direction[01;31m[K)[m[K
      |                                                                                             [01;31m[K^[m[K
[01m[K/home/robodog/RoboDog/ros2_ws/src/i2cpwm_controller/src/i2cpwm_controller.cpp:727:77:[m[K [01;31m[Kerror: [m[Kcannot declare member function â€˜[01m[Kint I2cPwmController::_config_servo_position(int, int)[m[Kâ€™ to have static linkage [[01;31m[K]8;;https://gcc.gnu.org/onlinedocs/gcc/Warning-Options.html#index-fpermissive-fpermissive]8;;[m[K]
  727 | static int I2cPwmController::_config_servo_position (int servo, int position[01;31m[K)[m[K
      |                                                                             [01;31m[K^[m[K
[01m[K/home/robodog/RoboDog/ros2_ws/src/i2cpwm_controller/src/i2cpwm_controller.cpp:743:117:[m[K [01;31m[Kerror: [m[Kcannot declare member function â€˜[01m[Kint I2cPwmController::_config_drive_mode(std::string, float, float, float, float)[m[Kâ€™ to have static linkage [[01;31m[K]8;;https://gcc.gnu.org/onlinedocs/gcc/Warning-Options.html#index-fpermissive-fpermissive]8;;[m[K]
  743 | static int I2cPwmController::_config_drive_mode (std::string mode, float rpm, float radius, float track, float scale[01;31m[K)[m[K
      |                                                                                                                     [01;31m[K^[m[K
gmake[2]: *** [CMakeFiles/i2cpwm_controller_node.dir/build.make:90: CMakeFiles/i2cpwm_controller_node.dir/src/main.cpp.o] Error 1
gmake[2]: *** Waiting for unfinished jobs....
gmake[2]: *** [CMakeFiles/i2cpwm_controller_node.dir/build.make:76: CMakeFiles/i2cpwm_controller_node.dir/src/i2cpwm_controller.cpp.o] Error 1
gmake[1]: *** [CMakeFiles/Makefile2:593: CMakeFiles/i2cpwm_controller_node.dir/all] Error 2
gmake: *** [Makefile:146: all] Error 2
