[0.048s] Invoking command in '/home/robodog/RoboDog/ros2_ws/build/i2cpwm_controller': CMAKE_PREFIX_PATH=/opt/ros/humble /usr/bin/cmake --build /home/robodog/RoboDog/ros2_ws/build/i2cpwm_controller -- -j4 -l4
[0.301s] [  0%] Built target i2cpwm_controller__cpp
[0.322s] [ 12%] Built target i2cpwm_controller__rosidl_generator_c
[0.388s] [ 12%] Built target ament_cmake_python_copy_i2cpwm_controller
[0.474s] [ 24%] Built target i2cpwm_controller__rosidl_typesupport_cpp
[0.493s] [ 36%] Built target i2cpwm_controller__rosidl_typesupport_introspection_cpp
[0.567s] [ 47%] Built target i2cpwm_controller__rosidl_typesupport_fastrtps_cpp
[0.575s] [ 58%] Built target i2cpwm_controller__rosidl_typesupport_fastrtps_c
[0.631s] [ 69%] Built target i2cpwm_controller__rosidl_typesupport_introspection_c
[0.648s] [ 80%] Built target i2cpwm_controller__rosidl_typesupport_c
[0.667s] [35m[1mConsolidate compiler generated dependencies of target i2cpwm_controller_node[0m
[0.741s] [ 80%] Built target i2cpwm_controller
[0.792s] [ 81%] [32mBuilding CXX object CMakeFiles/i2cpwm_controller_node.dir/src/i2cpwm_controller.cpp.o[0m
[0.806s] [ 82%] [32mBuilding CXX object CMakeFiles/i2cpwm_controller_node.dir/src/main.cpp.o[0m
[0.852s] [ 83%] Built target i2cpwm_controller__py
[0.972s] [ 93%] Built target i2cpwm_controller__rosidl_generator_py
[1.113s] [ 95%] Built target i2cpwm_controller__rosidl_typesupport_fastrtps_c__pyext
[1.269s] [ 97%] Built target i2cpwm_controller__rosidl_typesupport_introspection_c__pyext
[1.381s] [ 99%] Built target i2cpwm_controller__rosidl_typesupport_c__pyext
[2.018s] running egg_info
[2.023s] writing i2cpwm_controller.egg-info/PKG-INFO
[2.025s] writing dependency_links to i2cpwm_controller.egg-info/dependency_links.txt
[2.028s] writing top-level names to i2cpwm_controller.egg-info/top_level.txt
[2.042s] reading manifest file 'i2cpwm_controller.egg-info/SOURCES.txt'
[2.047s] writing manifest file 'i2cpwm_controller.egg-info/SOURCES.txt'
[2.201s] [ 99%] Built target ament_cmake_python_build_i2cpwm_controller_egg
[13.363s] In file included from [01m[K/home/robodog/RoboDog/ros2_ws/src/i2cpwm_controller/src/main.cpp:2[m[K:
[13.364s] [01m[K/home/robodog/RoboDog/ros2_ws/src/i2cpwm_controller/include/i2cpwm_controller.h:128:2:[m[K [01;31m[Kerror: [m[Kexpected â€˜[01m[K;[m[Kâ€™ after class definition
[13.365s]   128 | }
[13.366s]       |  [01;31m[K^[m[K
[13.366s]       |  [32m[K;[m[K
[13.526s] In file included from [01m[K/home/robodog/RoboDog/ros2_ws/src/i2cpwm_controller/src/i2cpwm_controller.cpp:1[m[K:
[13.527s] [01m[K/home/robodog/RoboDog/ros2_ws/src/i2cpwm_controller/include/i2cpwm_controller.h:128:2:[m[K [01;31m[Kerror: [m[Kexpected â€˜[01m[K;[m[Kâ€™ after class definition
[13.528s]   128 | }
[13.528s]       |  [01;31m[K^[m[K
[13.529s]       |  [32m[K;[m[K
[13.571s] [01m[K/home/robodog/RoboDog/ros2_ws/src/i2cpwm_controller/src/i2cpwm_controller.cpp:[m[K In constructor â€˜[01m[KI2cPwmController::I2cPwmController(const rclcpp::NodeOptions&)[m[Kâ€™:
[13.572s] [01m[K/home/robodog/RoboDog/ros2_ws/src/i2cpwm_controller/src/i2cpwm_controller.cpp:135:54:[m[K [01;31m[Kerror: [m[Kâ€˜[01m[Kcontroller[m[Kâ€™ was not declared in this scope; did you mean â€˜[01m[KI2cPwmController[m[Kâ€™?
[13.572s]   135 |     servos_absolute_sub_ = this->create_subscription<[01;31m[Kcontroller[m[K::msg::ServoArray>(
[13.573s]       |                                                      [01;31m[K^~~~~~~~~~[m[K
[13.575s]       |                                                      [32m[KI2cPwmController[m[K
[13.576s] [01m[K/home/robodog/RoboDog/ros2_ws/src/i2cpwm_controller/src/i2cpwm_controller.cpp:135:34:[m[K [01;31m[Kerror: [m[Kparse error in template argument list
[13.576s]   135 |     servos_absolute_sub_ = this->[01;31m[Kcreate_subscription<controller::msg::ServoArray>[m[K(
[13.577s]       |                                  [01;31m[K^~~~~~~~~~~~~~~~~~~~~~~~~~~~~~~~~~~~~~~~~~~~~~~~[m[K
[13.593s] [01m[K/home/robodog/RoboDog/ros2_ws/src/i2cpwm_controller/src/i2cpwm_controller.cpp:135:82:[m[K [01;31m[Kerror: [m[Kno matching function for call to â€˜[01m[KI2cPwmController::create_subscription<<expression error> >(const char [16], int, std::_Bind_helper<false, void (I2cPwmController::*)(std::shared_ptr<i2cpwm_controller::msg::ServoArray_<std::allocator<void> > >), I2cPwmController*, const std::_Placeholder<1>&>::type)[m[Kâ€™
[13.594s]   135 |     servos_absolute_sub_ = [01;31m[Kthis->create_subscription<controller::msg::ServoArray>([m[K
[13.595s]       |                            [01;31m[K~~~~~~~~~~~~~~~~~~~~~~~~~~~~~~~~~~~~~~~~~~~~~~~~~~~~~~^[m[K
[13.597s]   136 | [01;31m[K        "servos_absolute", 500, std::bind(&I2cPwmController::servos_absolute, this, std::placeholders::_1))[m[K;
[13.601s]       |         [01;31m[K~~~~~~~~~~~~~~~~~~~~~~~~~~~~~~~~~~~~~~~~~~~~~~~~~~~~~~~~~~~~~~~~~~~~~~~~~~~~~~~~~~~~~~~~~~~~~~~~~~~[m[K
[13.601s] In file included from [01m[K/opt/ros/humble/include/rclcpp/rclcpp/executors/single_threaded_executor.hpp:28[m[K,
[13.602s]                  from [01m[K/opt/ros/humble/include/rclcpp/rclcpp/executors.hpp:22[m[K,
[13.602s]                  from [01m[K/opt/ros/humble/include/rclcpp/rclcpp/rclcpp.hpp:155[m[K,
[13.603s]                  from [01m[K/home/robodog/RoboDog/ros2_ws/src/i2cpwm_controller/include/i2cpwm_controller.h:20[m[K,
[13.604s]                  from [01m[K/home/robodog/RoboDog/ros2_ws/src/i2cpwm_controller/src/i2cpwm_controller.cpp:1[m[K:
[13.605s] [01m[K/opt/ros/humble/include/rclcpp/rclcpp/node.hpp:219:3:[m[K [01;36m[Knote: [m[Kcandidate: â€˜[01m[Ktemplate<class MessageT, class CallbackT, class AllocatorT, class SubscriptionT, class MessageMemoryStrategyT> std::shared_ptr<ROSMessageT> rclcpp::Node::create_subscription(const string&, const rclcpp::QoS&, CallbackT&&, const rclcpp::SubscriptionOptionsWithAllocator<AllocatorT>&, typename MessageMemoryStrategyT::SharedPtr)[m[Kâ€™
[13.612s]   219 |   [01;36m[Kcreate_subscription[m[K(
[13.614s]       |   [01;36m[K^~~~~~~~~~~~~~~~~~~[m[K
[13.617s] [01m[K/opt/ros/humble/include/rclcpp/rclcpp/node.hpp:219:3:[m[K [01;36m[Knote: [m[K  template argument deduction/substitution failed:
[13.620s] [01m[K/home/robodog/RoboDog/ros2_ws/src/i2cpwm_controller/src/i2cpwm_controller.cpp:135:82:[m[K [01;31m[Kerror: [m[Ktemplate argument 1 is invalid
[13.624s]   135 |     servos_absolute_sub_ = [01;31m[Kthis->create_subscription<controller::msg::ServoArray>([m[K
[13.626s]       |                            [01;31m[K~~~~~~~~~~~~~~~~~~~~~~~~~~~~~~~~~~~~~~~~~~~~~~~~~~~~~~^[m[K
[13.629s]   136 | [01;31m[K        "servos_absolute", 500, std::bind(&I2cPwmController::servos_absolute, this, std::placeholders::_1))[m[K;
[13.633s]       |         [01;31m[K~~~~~~~~~~~~~~~~~~~~~~~~~~~~~~~~~~~~~~~~~~~~~~~~~~~~~~~~~~~~~~~~~~~~~~~~~~~~~~~~~~~~~~~~~~~~~~~~~~~[m[K
[15.358s] gmake[2]: *** [CMakeFiles/i2cpwm_controller_node.dir/build.make:90: CMakeFiles/i2cpwm_controller_node.dir/src/main.cpp.o] Error 1
[15.359s] gmake[2]: *** Waiting for unfinished jobs....
[28.349s] gmake[2]: *** [CMakeFiles/i2cpwm_controller_node.dir/build.make:76: CMakeFiles/i2cpwm_controller_node.dir/src/i2cpwm_controller.cpp.o] Error 1
[28.350s] gmake[1]: *** [CMakeFiles/Makefile2:593: CMakeFiles/i2cpwm_controller_node.dir/all] Error 2
[28.353s] gmake: *** [Makefile:146: all] Error 2
[28.358s] Invoked command in '/home/robodog/RoboDog/ros2_ws/build/i2cpwm_controller' returned '2': CMAKE_PREFIX_PATH=/opt/ros/humble /usr/bin/cmake --build /home/robodog/RoboDog/ros2_ws/build/i2cpwm_controller -- -j4 -l4
