[0.063s] Invoking command in '/home/robodog/RoboDog/ros2_ws/build/motion_cmd': /usr/bin/cmake --build /home/robodog/RoboDog/ros2_ws/build/motion_cmd -- -j4 -l4
[0.137s] /usr/bin/cmake -S/home/robodog/RoboDog/ros2_ws/src/motion_cmd -B/home/robodog/RoboDog/ros2_ws/build/motion_cmd --check-build-system CMakeFiles/Makefile.cmake 0
[0.195s] Re-run cmake file: Makefile older than: /home/robodog/RoboDog/ros2_ws/src/motion_cmd/CMakeLists.txt
[0.212s] -- Found ament_cmake: 1.3.10 (/opt/ros/humble/share/ament_cmake/cmake)
[0.782s] -- Found rclcpp: 16.0.10 (/opt/ros/humble/share/rclcpp/cmake)
[0.949s] -- Found rosidl_generator_c: 3.1.5 (/opt/ros/humble/share/rosidl_generator_c/cmake)
[0.959s] -- Found rosidl_adapter: 3.1.5 (/opt/ros/humble/share/rosidl_adapter/cmake)
[0.983s] -- Found rosidl_generator_cpp: 3.1.5 (/opt/ros/humble/share/rosidl_generator_cpp/cmake)
[1.022s] -- Using all available rosidl_typesupport_c: rosidl_typesupport_fastrtps_c;rosidl_typesupport_introspection_c
[1.070s] -- Using all available rosidl_typesupport_cpp: rosidl_typesupport_fastrtps_cpp;rosidl_typesupport_introspection_cpp
[1.197s] -- Found rmw_implementation_cmake: 6.1.2 (/opt/ros/humble/share/rmw_implementation_cmake/cmake)
[1.204s] -- Found rmw_fastrtps_cpp: 6.2.7 (/opt/ros/humble/share/rmw_fastrtps_cpp/cmake)
[2.118s] -- Using RMW implementation 'rmw_fastrtps_cpp' as default
[2.305s] -- Found geometry_msgs: 4.2.4 (/opt/ros/humble/share/geometry_msgs/cmake)
[2.355s] -- Found tf2: 0.25.8 (/opt/ros/humble/share/tf2/cmake)
[2.369s] -- Found tf2_ros: 0.25.8 (/opt/ros/humble/share/tf2_ros/cmake)
[2.667s] -- Found tf2_geometry_msgs: 0.25.8 (/opt/ros/humble/share/tf2_geometry_msgs/cmake)
[2.677s] -- Found eigen3_cmake_module: 0.1.1 (/opt/ros/humble/share/eigen3_cmake_module/cmake)
[2.683s] -- Ensuring Eigen3 include directory is part of orocos-kdl CMake target
[2.688s] -- Found tf2_eigen: 0.25.8 (/opt/ros/humble/share/tf2_eigen/cmake)
[2.697s] -- Found i2cpwm_controller: 0.5.1 (/home/robodog/RoboDog/ros2_ws/install/i2cpwm_controller/share/i2cpwm_controller/cmake)
[2.857s] Re-run cmake no build system arguments
[2.916s] -- Configuring done
[2.929s] -- Generating done
[2.934s] -- Build files have been written to: /home/robodog/RoboDog/ros2_ws/build/motion_cmd/libs/spot_micro_kinematics_cpp/3rd_party/google-test/googletest-download
[3.004s] gmake[1]: Entering directory '/home/robodog/RoboDog/ros2_ws/build/motion_cmd/libs/spot_micro_kinematics_cpp/3rd_party/google-test/googletest-download'
[3.004s] /usr/bin/cmake -S/home/robodog/RoboDog/ros2_ws/build/motion_cmd/libs/spot_micro_kinematics_cpp/3rd_party/google-test/googletest-download -B/home/robodog/RoboDog/ros2_ws/build/motion_cmd/libs/spot_micro_kinematics_cpp/3rd_party/google-test/googletest-download --check-build-system CMakeFiles/Makefile.cmake 0
[3.037s] /usr/bin/cmake -E cmake_progress_start /home/robodog/RoboDog/ros2_ws/build/motion_cmd/libs/spot_micro_kinematics_cpp/3rd_party/google-test/googletest-download/CMakeFiles /home/robodog/RoboDog/ros2_ws/build/motion_cmd/libs/spot_micro_kinematics_cpp/3rd_party/google-test/googletest-download//CMakeFiles/progress.marks
[3.067s] /usr/bin/gmake  -f CMakeFiles/Makefile2 all
[3.074s] gmake[2]: Entering directory '/home/robodog/RoboDog/ros2_ws/build/motion_cmd/libs/spot_micro_kinematics_cpp/3rd_party/google-test/googletest-download'
[3.075s] /usr/bin/gmake  -f CMakeFiles/googletest.dir/build.make CMakeFiles/googletest.dir/depend
[3.080s] gmake[3]: Entering directory '/home/robodog/RoboDog/ros2_ws/build/motion_cmd/libs/spot_micro_kinematics_cpp/3rd_party/google-test/googletest-download'
[3.080s] cd /home/robodog/RoboDog/ros2_ws/build/motion_cmd/libs/spot_micro_kinematics_cpp/3rd_party/google-test/googletest-download && /usr/bin/cmake -E cmake_depends "Unix Makefiles" /home/robodog/RoboDog/ros2_ws/build/motion_cmd/libs/spot_micro_kinematics_cpp/3rd_party/google-test/googletest-download /home/robodog/RoboDog/ros2_ws/build/motion_cmd/libs/spot_micro_kinematics_cpp/3rd_party/google-test/googletest-download /home/robodog/RoboDog/ros2_ws/build/motion_cmd/libs/spot_micro_kinematics_cpp/3rd_party/google-test/googletest-download /home/robodog/RoboDog/ros2_ws/build/motion_cmd/libs/spot_micro_kinematics_cpp/3rd_party/google-test/googletest-download /home/robodog/RoboDog/ros2_ws/build/motion_cmd/libs/spot_micro_kinematics_cpp/3rd_party/google-test/googletest-download/CMakeFiles/googletest.dir/DependInfo.cmake --color=
[3.116s] gmake[3]: Leaving directory '/home/robodog/RoboDog/ros2_ws/build/motion_cmd/libs/spot_micro_kinematics_cpp/3rd_party/google-test/googletest-download'
[3.117s] /usr/bin/gmake  -f CMakeFiles/googletest.dir/build.make CMakeFiles/googletest.dir/build
[3.123s] gmake[3]: Entering directory '/home/robodog/RoboDog/ros2_ws/build/motion_cmd/libs/spot_micro_kinematics_cpp/3rd_party/google-test/googletest-download'
[3.123s] gmake[3]: Nothing to be done for 'CMakeFiles/googletest.dir/build'.
[3.124s] gmake[3]: Leaving directory '/home/robodog/RoboDog/ros2_ws/build/motion_cmd/libs/spot_micro_kinematics_cpp/3rd_party/google-test/googletest-download'
[3.156s] [100%] Built target googletest
[3.159s] gmake[2]: Leaving directory '/home/robodog/RoboDog/ros2_ws/build/motion_cmd/libs/spot_micro_kinematics_cpp/3rd_party/google-test/googletest-download'
[3.159s] /usr/bin/cmake -E cmake_progress_start /home/robodog/RoboDog/ros2_ws/build/motion_cmd/libs/spot_micro_kinematics_cpp/3rd_party/google-test/googletest-download/CMakeFiles 0
[3.190s] gmake[1]: Leaving directory '/home/robodog/RoboDog/ros2_ws/build/motion_cmd/libs/spot_micro_kinematics_cpp/3rd_party/google-test/googletest-download'
[3.204s] [0mCMake Deprecation Warning at /home/robodog/RoboDog/ros2_ws/build/motion_cmd/libs/spot_micro_kinematics_cpp/3rd_party/google-test/googletest-src/CMakeLists.txt:4 (cmake_minimum_required):
[3.204s]   Compatibility with CMake < 2.8.12 will be removed from a future version of
[3.205s]   CMake.
[3.205s] 
[3.206s]   Update the VERSION argument <min> value or use a ...<max> suffix to tell
[3.206s]   CMake that the project does not need compatibility with older versions.
[3.207s] 
[3.207s] [0m
[3.218s] [0mCMake Deprecation Warning at /home/robodog/RoboDog/ros2_ws/build/motion_cmd/libs/spot_micro_kinematics_cpp/3rd_party/google-test/googletest-src/googlemock/CMakeLists.txt:45 (cmake_minimum_required):
[3.219s]   Compatibility with CMake < 2.8.12 will be removed from a future version of
[3.219s]   CMake.
[3.220s] 
[3.220s]   Update the VERSION argument <min> value or use a ...<max> suffix to tell
[3.220s]   CMake that the project does not need compatibility with older versions.
[3.221s] 
[3.221s] [0m
[3.222s] [0mCMake Deprecation Warning at /home/robodog/RoboDog/ros2_ws/build/motion_cmd/libs/spot_micro_kinematics_cpp/3rd_party/google-test/googletest-src/googletest/CMakeLists.txt:56 (cmake_minimum_required):
[3.223s]   Compatibility with CMake < 2.8.12 will be removed from a future version of
[3.223s]   CMake.
[3.224s] 
[3.224s]   Update the VERSION argument <min> value or use a ...<max> suffix to tell
[3.224s]   CMake that the project does not need compatibility with older versions.
[3.225s] 
[3.225s] [0m
[3.649s] -- Configuring done
[3.831s] -- Generating done
[3.851s] -- Build files have been written to: /home/robodog/RoboDog/ros2_ws/build/motion_cmd
[3.896s] /usr/bin/cmake -E cmake_progress_start /home/robodog/RoboDog/ros2_ws/build/motion_cmd/CMakeFiles /home/robodog/RoboDog/ros2_ws/build/motion_cmd//CMakeFiles/progress.marks
[3.931s] /usr/bin/gmake  -f CMakeFiles/Makefile2 all
[3.938s] gmake[1]: Entering directory '/home/robodog/RoboDog/ros2_ws/build/motion_cmd'
[3.938s] /usr/bin/gmake  -f libs/spot_micro_kinematics_cpp/CMakeFiles/spot_micro_kinematics.dir/build.make libs/spot_micro_kinematics_cpp/CMakeFiles/spot_micro_kinematics.dir/depend
[3.940s] /usr/bin/gmake  -f libs/spot_micro_kinematics_cpp/3rd_party/google-test/googletest-build/googletest/CMakeFiles/gtest.dir/build.make libs/spot_micro_kinematics_cpp/3rd_party/google-test/googletest-build/googletest/CMakeFiles/gtest.dir/depend
[3.945s] gmake[2]: Entering directory '/home/robodog/RoboDog/ros2_ws/build/motion_cmd'
[3.945s] cd /home/robodog/RoboDog/ros2_ws/build/motion_cmd && /usr/bin/cmake -E cmake_depends "Unix Makefiles" /home/robodog/RoboDog/ros2_ws/src/motion_cmd /home/robodog/RoboDog/ros2_ws/src/motion_cmd/libs/spot_micro_kinematics_cpp /home/robodog/RoboDog/ros2_ws/build/motion_cmd /home/robodog/RoboDog/ros2_ws/build/motion_cmd/libs/spot_micro_kinematics_cpp /home/robodog/RoboDog/ros2_ws/build/motion_cmd/libs/spot_micro_kinematics_cpp/CMakeFiles/spot_micro_kinematics.dir/DependInfo.cmake --color=
[3.947s] gmake[2]: Entering directory '/home/robodog/RoboDog/ros2_ws/build/motion_cmd'
[3.947s] cd /home/robodog/RoboDog/ros2_ws/build/motion_cmd && /usr/bin/cmake -E cmake_depends "Unix Makefiles" /home/robodog/RoboDog/ros2_ws/src/motion_cmd /home/robodog/RoboDog/ros2_ws/build/motion_cmd/libs/spot_micro_kinematics_cpp/3rd_party/google-test/googletest-src/googletest /home/robodog/RoboDog/ros2_ws/build/motion_cmd /home/robodog/RoboDog/ros2_ws/build/motion_cmd/libs/spot_micro_kinematics_cpp/3rd_party/google-test/googletest-build/googletest /home/robodog/RoboDog/ros2_ws/build/motion_cmd/libs/spot_micro_kinematics_cpp/3rd_party/google-test/googletest-build/googletest/CMakeFiles/gtest.dir/DependInfo.cmake --color=
[3.978s] Dependencies file "libs/spot_micro_kinematics_cpp/CMakeFiles/spot_micro_kinematics.dir/src/spot_micro_kinematics.cpp.o.d" is newer than depends file "/home/robodog/RoboDog/ros2_ws/build/motion_cmd/libs/spot_micro_kinematics_cpp/CMakeFiles/spot_micro_kinematics.dir/compiler_depend.internal".
[3.980s] Dependencies file "libs/spot_micro_kinematics_cpp/CMakeFiles/spot_micro_kinematics.dir/src/spot_micro_leg.cpp.o.d" is newer than depends file "/home/robodog/RoboDog/ros2_ws/build/motion_cmd/libs/spot_micro_kinematics_cpp/CMakeFiles/spot_micro_kinematics.dir/compiler_depend.internal".
[3.982s] Dependencies file "libs/spot_micro_kinematics_cpp/3rd_party/google-test/googletest-build/googletest/CMakeFiles/gtest.dir/src/gtest-all.cc.o.d" is newer than depends file "/home/robodog/RoboDog/ros2_ws/build/motion_cmd/libs/spot_micro_kinematics_cpp/3rd_party/google-test/googletest-build/googletest/CMakeFiles/gtest.dir/compiler_depend.internal".
[3.984s] Dependencies file "libs/spot_micro_kinematics_cpp/CMakeFiles/spot_micro_kinematics.dir/src/utils.cpp.o.d" is newer than depends file "/home/robodog/RoboDog/ros2_ws/build/motion_cmd/libs/spot_micro_kinematics_cpp/CMakeFiles/spot_micro_kinematics.dir/compiler_depend.internal".
[3.985s] [35m[1mConsolidate compiler generated dependencies of target gtest[0m
[3.986s] [35m[1mConsolidate compiler generated dependencies of target spot_micro_kinematics[0m
[3.999s] gmake[2]: Leaving directory '/home/robodog/RoboDog/ros2_ws/build/motion_cmd'
[4.000s] /usr/bin/gmake  -f libs/spot_micro_kinematics_cpp/3rd_party/google-test/googletest-build/googletest/CMakeFiles/gtest.dir/build.make libs/spot_micro_kinematics_cpp/3rd_party/google-test/googletest-build/googletest/CMakeFiles/gtest.dir/build
[4.012s] gmake[2]: Leaving directory '/home/robodog/RoboDog/ros2_ws/build/motion_cmd'
[4.012s] /usr/bin/gmake  -f libs/spot_micro_kinematics_cpp/CMakeFiles/spot_micro_kinematics.dir/build.make libs/spot_micro_kinematics_cpp/CMakeFiles/spot_micro_kinematics.dir/build
[4.015s] gmake[2]: Entering directory '/home/robodog/RoboDog/ros2_ws/build/motion_cmd'
[4.016s] gmake[2]: Nothing to be done for 'libs/spot_micro_kinematics_cpp/3rd_party/google-test/googletest-build/googletest/CMakeFiles/gtest.dir/build'.
[4.018s] gmake[2]: Leaving directory '/home/robodog/RoboDog/ros2_ws/build/motion_cmd'
[4.031s] gmake[2]: Entering directory '/home/robodog/RoboDog/ros2_ws/build/motion_cmd'
[4.031s] gmake[2]: Nothing to be done for 'libs/spot_micro_kinematics_cpp/CMakeFiles/spot_micro_kinematics.dir/build'.
[4.032s] gmake[2]: Leaving directory '/home/robodog/RoboDog/ros2_ws/build/motion_cmd'
[4.051s] [  6%] Built target gtest
[4.052s] /usr/bin/gmake  -f libs/spot_micro_kinematics_cpp/3rd_party/google-test/googletest-build/googletest/CMakeFiles/gtest_main.dir/build.make libs/spot_micro_kinematics_cpp/3rd_party/google-test/googletest-build/googletest/CMakeFiles/gtest_main.dir/depend
[4.056s] /usr/bin/gmake  -f libs/spot_micro_kinematics_cpp/3rd_party/google-test/googletest-build/googlemock/CMakeFiles/gmock.dir/build.make libs/spot_micro_kinematics_cpp/3rd_party/google-test/googletest-build/googlemock/CMakeFiles/gmock.dir/depend
[4.062s] gmake[2]: Entering directory '/home/robodog/RoboDog/ros2_ws/build/motion_cmd'
[4.063s] cd /home/robodog/RoboDog/ros2_ws/build/motion_cmd && /usr/bin/cmake -E cmake_depends "Unix Makefiles" /home/robodog/RoboDog/ros2_ws/src/motion_cmd /home/robodog/RoboDog/ros2_ws/build/motion_cmd/libs/spot_micro_kinematics_cpp/3rd_party/google-test/googletest-src/googletest /home/robodog/RoboDog/ros2_ws/build/motion_cmd /home/robodog/RoboDog/ros2_ws/build/motion_cmd/libs/spot_micro_kinematics_cpp/3rd_party/google-test/googletest-build/googletest /home/robodog/RoboDog/ros2_ws/build/motion_cmd/libs/spot_micro_kinematics_cpp/3rd_party/google-test/googletest-build/googletest/CMakeFiles/gtest_main.dir/DependInfo.cmake --color=
[4.065s] gmake[2]: Entering directory '/home/robodog/RoboDog/ros2_ws/build/motion_cmd'
[4.066s] cd /home/robodog/RoboDog/ros2_ws/build/motion_cmd && /usr/bin/cmake -E cmake_depends "Unix Makefiles" /home/robodog/RoboDog/ros2_ws/src/motion_cmd /home/robodog/RoboDog/ros2_ws/build/motion_cmd/libs/spot_micro_kinematics_cpp/3rd_party/google-test/googletest-src/googlemock /home/robodog/RoboDog/ros2_ws/build/motion_cmd /home/robodog/RoboDog/ros2_ws/build/motion_cmd/libs/spot_micro_kinematics_cpp/3rd_party/google-test/googletest-build/googlemock /home/robodog/RoboDog/ros2_ws/build/motion_cmd/libs/spot_micro_kinematics_cpp/3rd_party/google-test/googletest-build/googlemock/CMakeFiles/gmock.dir/DependInfo.cmake --color=
[4.067s] [ 20%] Built target spot_micro_kinematics
[4.071s] /usr/bin/gmake  -f CMakeFiles/smfsm.dir/build.make CMakeFiles/smfsm.dir/depend
[4.079s] gmake[2]: Entering directory '/home/robodog/RoboDog/ros2_ws/build/motion_cmd'
[4.082s] cd /home/robodog/RoboDog/ros2_ws/build/motion_cmd && /usr/bin/cmake -E cmake_depends "Unix Makefiles" /home/robodog/RoboDog/ros2_ws/src/motion_cmd /home/robodog/RoboDog/ros2_ws/src/motion_cmd /home/robodog/RoboDog/ros2_ws/build/motion_cmd /home/robodog/RoboDog/ros2_ws/build/motion_cmd /home/robodog/RoboDog/ros2_ws/build/motion_cmd/CMakeFiles/smfsm.dir/DependInfo.cmake --color=
[4.102s] Dependencies file "libs/spot_micro_kinematics_cpp/3rd_party/google-test/googletest-build/googletest/CMakeFiles/gtest_main.dir/src/gtest_main.cc.o.d" is newer than depends file "/home/robodog/RoboDog/ros2_ws/build/motion_cmd/libs/spot_micro_kinematics_cpp/3rd_party/google-test/googletest-build/googletest/CMakeFiles/gtest_main.dir/compiler_depend.internal".
[4.105s] Dependencies file "libs/spot_micro_kinematics_cpp/3rd_party/google-test/googletest-build/googlemock/CMakeFiles/gmock.dir/src/gmock-all.cc.o.d" is newer than depends file "/home/robodog/RoboDog/ros2_ws/build/motion_cmd/libs/spot_micro_kinematics_cpp/3rd_party/google-test/googletest-build/googlemock/CMakeFiles/gmock.dir/compiler_depend.internal".
[4.107s] [35m[1mConsolidate compiler generated dependencies of target gtest_main[0m
[4.109s] [35m[1mConsolidate compiler generated dependencies of target gmock[0m
[4.113s] Dependencies file "CMakeFiles/smfsm.dir/src/smfsm/idle.cpp.o.d" is newer than depends file "/home/robodog/RoboDog/ros2_ws/build/motion_cmd/CMakeFiles/smfsm.dir/compiler_depend.internal".
[4.117s] Dependencies file "CMakeFiles/smfsm.dir/src/smfsm/stand.cpp.o.d" is newer than depends file "/home/robodog/RoboDog/ros2_ws/build/motion_cmd/CMakeFiles/smfsm.dir/compiler_depend.internal".
[4.123s] Dependencies file "CMakeFiles/smfsm.dir/src/smfsm/state.cpp.o.d" is newer than depends file "/home/robodog/RoboDog/ros2_ws/build/motion_cmd/CMakeFiles/smfsm.dir/compiler_depend.internal".
[4.125s] gmake[2]: Leaving directory '/home/robodog/RoboDog/ros2_ws/build/motion_cmd'
[4.128s] /usr/bin/gmake  -f libs/spot_micro_kinematics_cpp/3rd_party/google-test/googletest-build/googletest/CMakeFiles/gtest_main.dir/build.make libs/spot_micro_kinematics_cpp/3rd_party/google-test/googletest-build/googletest/CMakeFiles/gtest_main.dir/build
[4.132s] Dependencies file "CMakeFiles/smfsm.dir/src/smfsm/transition_idle.cpp.o.d" is newer than depends file "/home/robodog/RoboDog/ros2_ws/build/motion_cmd/CMakeFiles/smfsm.dir/compiler_depend.internal".
[4.136s] gmake[2]: Leaving directory '/home/robodog/RoboDog/ros2_ws/build/motion_cmd'
[4.140s] /usr/bin/gmake  -f libs/spot_micro_kinematics_cpp/3rd_party/google-test/googletest-build/googlemock/CMakeFiles/gmock.dir/build.make libs/spot_micro_kinematics_cpp/3rd_party/google-test/googletest-build/googlemock/CMakeFiles/gmock.dir/build
[4.163s] Dependencies file "CMakeFiles/smfsm.dir/src/smfsm/transition_stand.cpp.o.d" is newer than depends file "/home/robodog/RoboDog/ros2_ws/build/motion_cmd/CMakeFiles/smfsm.dir/compiler_depend.internal".
[4.164s] Dependencies file "CMakeFiles/smfsm.dir/src/smfsm/walk.cpp.o.d" is newer than depends file "/home/robodog/RoboDog/ros2_ws/build/motion_cmd/CMakeFiles/smfsm.dir/compiler_depend.internal".
[4.165s] [35m[1mConsolidate compiler generated dependencies of target smfsm[0m
[4.165s] gmake[2]: Entering directory '/home/robodog/RoboDog/ros2_ws/build/motion_cmd'
[4.166s] gmake[2]: Nothing to be done for 'libs/spot_micro_kinematics_cpp/3rd_party/google-test/googletest-build/googletest/CMakeFiles/gtest_main.dir/build'.
[4.167s] gmake[2]: Leaving directory '/home/robodog/RoboDog/ros2_ws/build/motion_cmd'
[4.167s] gmake[2]: Entering directory '/home/robodog/RoboDog/ros2_ws/build/motion_cmd'
[4.185s] gmake[2]: Nothing to be done for 'libs/spot_micro_kinematics_cpp/3rd_party/google-test/googletest-build/googlemock/CMakeFiles/gmock.dir/build'.
[4.185s] gmake[2]: Leaving directory '/home/robodog/RoboDog/ros2_ws/build/motion_cmd'
[4.186s] [ 27%] Built target gtest_main
[4.186s] /usr/bin/gmake  -f libs/spot_micro_kinematics_cpp/CMakeFiles/test_utils.dir/build.make libs/spot_micro_kinematics_cpp/CMakeFiles/test_utils.dir/depend
[4.186s] [ 34%] Built target gmock
[4.187s] /usr/bin/gmake  -f libs/spot_micro_kinematics_cpp/CMakeFiles/test_spot_micro_leg.dir/build.make libs/spot_micro_kinematics_cpp/CMakeFiles/test_spot_micro_leg.dir/depend
[4.187s] gmake[2]: Entering directory '/home/robodog/RoboDog/ros2_ws/build/motion_cmd'
[4.188s] cd /home/robodog/RoboDog/ros2_ws/build/motion_cmd && /usr/bin/cmake -E cmake_depends "Unix Makefiles" /home/robodog/RoboDog/ros2_ws/src/motion_cmd /home/robodog/RoboDog/ros2_ws/src/motion_cmd/libs/spot_micro_kinematics_cpp /home/robodog/RoboDog/ros2_ws/build/motion_cmd /home/robodog/RoboDog/ros2_ws/build/motion_cmd/libs/spot_micro_kinematics_cpp /home/robodog/RoboDog/ros2_ws/build/motion_cmd/libs/spot_micro_kinematics_cpp/CMakeFiles/test_utils.dir/DependInfo.cmake --color=
[4.188s] /usr/bin/gmake  -f libs/spot_micro_kinematics_cpp/CMakeFiles/test_spot_micro_kinematics.dir/build.make libs/spot_micro_kinematics_cpp/CMakeFiles/test_spot_micro_kinematics.dir/depend
[4.188s] gmake[2]: Entering directory '/home/robodog/RoboDog/ros2_ws/build/motion_cmd'
[4.189s] cd /home/robodog/RoboDog/ros2_ws/build/motion_cmd && /usr/bin/cmake -E cmake_depends "Unix Makefiles" /home/robodog/RoboDog/ros2_ws/src/motion_cmd /home/robodog/RoboDog/ros2_ws/src/motion_cmd/libs/spot_micro_kinematics_cpp /home/robodog/RoboDog/ros2_ws/build/motion_cmd /home/robodog/RoboDog/ros2_ws/build/motion_cmd/libs/spot_micro_kinematics_cpp /home/robodog/RoboDog/ros2_ws/build/motion_cmd/libs/spot_micro_kinematics_cpp/CMakeFiles/test_spot_micro_leg.dir/DependInfo.cmake --color=
[4.196s] gmake[2]: Entering directory '/home/robodog/RoboDog/ros2_ws/build/motion_cmd'
[4.197s] cd /home/robodog/RoboDog/ros2_ws/build/motion_cmd && /usr/bin/cmake -E cmake_depends "Unix Makefiles" /home/robodog/RoboDog/ros2_ws/src/motion_cmd /home/robodog/RoboDog/ros2_ws/src/motion_cmd/libs/spot_micro_kinematics_cpp /home/robodog/RoboDog/ros2_ws/build/motion_cmd /home/robodog/RoboDog/ros2_ws/build/motion_cmd/libs/spot_micro_kinematics_cpp /home/robodog/RoboDog/ros2_ws/build/motion_cmd/libs/spot_micro_kinematics_cpp/CMakeFiles/test_spot_micro_kinematics.dir/DependInfo.cmake --color=
[4.224s] Dependencies file "libs/spot_micro_kinematics_cpp/CMakeFiles/test_utils.dir/tests/test_utils.cpp.o.d" is newer than depends file "/home/robodog/RoboDog/ros2_ws/build/motion_cmd/libs/spot_micro_kinematics_cpp/CMakeFiles/test_utils.dir/compiler_depend.internal".
[4.226s] [35m[1mConsolidate compiler generated dependencies of target test_utils[0m
[4.237s] Dependencies file "libs/spot_micro_kinematics_cpp/CMakeFiles/test_spot_micro_kinematics.dir/tests/test_spot_micro_kinematics.cpp.o.d" is newer than depends file "/home/robodog/RoboDog/ros2_ws/build/motion_cmd/libs/spot_micro_kinematics_cpp/CMakeFiles/test_spot_micro_kinematics.dir/compiler_depend.internal".
[4.238s] [35m[1mConsolidate compiler generated dependencies of target test_spot_micro_kinematics[0m
[4.253s] gmake[2]: Leaving directory '/home/robodog/RoboDog/ros2_ws/build/motion_cmd'
[4.255s] /usr/bin/gmake  -f libs/spot_micro_kinematics_cpp/CMakeFiles/test_utils.dir/build.make libs/spot_micro_kinematics_cpp/CMakeFiles/test_utils.dir/build
[4.261s] gmake[2]: Leaving directory '/home/robodog/RoboDog/ros2_ws/build/motion_cmd'
[4.262s] /usr/bin/gmake  -f CMakeFiles/smfsm.dir/build.make CMakeFiles/smfsm.dir/build
[4.265s] Dependencies file "libs/spot_micro_kinematics_cpp/CMakeFiles/test_spot_micro_leg.dir/tests/test_spot_micro_leg.cpp.o.d" is newer than depends file "/home/robodog/RoboDog/ros2_ws/build/motion_cmd/libs/spot_micro_kinematics_cpp/CMakeFiles/test_spot_micro_leg.dir/compiler_depend.internal".
[4.269s] [35m[1mConsolidate compiler generated dependencies of target test_spot_micro_leg[0m
[4.278s] gmake[2]: Leaving directory '/home/robodog/RoboDog/ros2_ws/build/motion_cmd'
[4.279s] /usr/bin/gmake  -f libs/spot_micro_kinematics_cpp/CMakeFiles/test_spot_micro_kinematics.dir/build.make libs/spot_micro_kinematics_cpp/CMakeFiles/test_spot_micro_kinematics.dir/build
[4.279s] gmake[2]: Entering directory '/home/robodog/RoboDog/ros2_ws/build/motion_cmd'
[4.280s] gmake[2]: Nothing to be done for 'libs/spot_micro_kinematics_cpp/CMakeFiles/test_utils.dir/build'.
[4.280s] gmake[2]: Leaving directory '/home/robodog/RoboDog/ros2_ws/build/motion_cmd'
[4.305s] gmake[2]: Entering directory '/home/robodog/RoboDog/ros2_ws/build/motion_cmd'
[4.306s] gmake[2]: Nothing to be done for 'libs/spot_micro_kinematics_cpp/CMakeFiles/test_spot_micro_kinematics.dir/build'.
[4.306s] gmake[2]: Leaving directory '/home/robodog/RoboDog/ros2_ws/build/motion_cmd'
[4.306s] gmake[2]: Leaving directory '/home/robodog/RoboDog/ros2_ws/build/motion_cmd'
[4.307s] /usr/bin/gmake  -f libs/spot_micro_kinematics_cpp/CMakeFiles/test_spot_micro_leg.dir/build.make libs/spot_micro_kinematics_cpp/CMakeFiles/test_spot_micro_leg.dir/build
[4.317s] gmake[2]: Entering directory '/home/robodog/RoboDog/ros2_ws/build/motion_cmd'
[4.320s] gmake[2]: Nothing to be done for 'CMakeFiles/smfsm.dir/build'.
[4.325s] gmake[2]: Leaving directory '/home/robodog/RoboDog/ros2_ws/build/motion_cmd'
[4.327s] gmake[2]: Entering directory '/home/robodog/RoboDog/ros2_ws/build/motion_cmd'
[4.328s] gmake[2]: Nothing to be done for 'libs/spot_micro_kinematics_cpp/CMakeFiles/test_spot_micro_leg.dir/build'.
[4.328s] gmake[2]: Leaving directory '/home/robodog/RoboDog/ros2_ws/build/motion_cmd'
[4.335s] [ 41%] Built target test_utils
[4.341s] /usr/bin/gmake  -f libs/spot_micro_kinematics_cpp/3rd_party/google-test/googletest-build/googlemock/CMakeFiles/gmock_main.dir/build.make libs/spot_micro_kinematics_cpp/3rd_party/google-test/googletest-build/googlemock/CMakeFiles/gmock_main.dir/depend
[4.349s] gmake[2]: Entering directory '/home/robodog/RoboDog/ros2_ws/build/motion_cmd'
[4.350s] cd /home/robodog/RoboDog/ros2_ws/build/motion_cmd && /usr/bin/cmake -E cmake_depends "Unix Makefiles" /home/robodog/RoboDog/ros2_ws/src/motion_cmd /home/robodog/RoboDog/ros2_ws/build/motion_cmd/libs/spot_micro_kinematics_cpp/3rd_party/google-test/googletest-src/googlemock /home/robodog/RoboDog/ros2_ws/build/motion_cmd /home/robodog/RoboDog/ros2_ws/build/motion_cmd/libs/spot_micro_kinematics_cpp/3rd_party/google-test/googletest-build/googlemock /home/robodog/RoboDog/ros2_ws/build/motion_cmd/libs/spot_micro_kinematics_cpp/3rd_party/google-test/googletest-build/googlemock/CMakeFiles/gmock_main.dir/DependInfo.cmake --color=
[4.351s] [ 48%] Built target test_spot_micro_kinematics
[4.373s] [ 72%] Built target smfsm
[4.381s] [ 79%] Built target test_spot_micro_leg
[4.384s] /usr/bin/gmake  -f CMakeFiles/motion_cmd_node.dir/build.make CMakeFiles/motion_cmd_node.dir/depend
[4.387s] gmake[2]: Entering directory '/home/robodog/RoboDog/ros2_ws/build/motion_cmd'
[4.387s] cd /home/robodog/RoboDog/ros2_ws/build/motion_cmd && /usr/bin/cmake -E cmake_depends "Unix Makefiles" /home/robodog/RoboDog/ros2_ws/src/motion_cmd /home/robodog/RoboDog/ros2_ws/src/motion_cmd /home/robodog/RoboDog/ros2_ws/build/motion_cmd /home/robodog/RoboDog/ros2_ws/build/motion_cmd /home/robodog/RoboDog/ros2_ws/build/motion_cmd/CMakeFiles/motion_cmd_node.dir/DependInfo.cmake --color=
[4.388s] Dependencies file "libs/spot_micro_kinematics_cpp/3rd_party/google-test/googletest-build/googlemock/CMakeFiles/gmock_main.dir/src/gmock_main.cc.o.d" is newer than depends file "/home/robodog/RoboDog/ros2_ws/build/motion_cmd/libs/spot_micro_kinematics_cpp/3rd_party/google-test/googletest-build/googlemock/CMakeFiles/gmock_main.dir/compiler_depend.internal".
[4.388s] [35m[1mConsolidate compiler generated dependencies of target gmock_main[0m
[4.407s] gmake[2]: Leaving directory '/home/robodog/RoboDog/ros2_ws/build/motion_cmd'
[4.410s] /usr/bin/gmake  -f libs/spot_micro_kinematics_cpp/3rd_party/google-test/googletest-build/googlemock/CMakeFiles/gmock_main.dir/build.make libs/spot_micro_kinematics_cpp/3rd_party/google-test/googletest-build/googlemock/CMakeFiles/gmock_main.dir/build
[4.420s] Dependencies file "CMakeFiles/motion_cmd_node.dir/src/main.cpp.o.d" is newer than depends file "/home/robodog/RoboDog/ros2_ws/build/motion_cmd/CMakeFiles/motion_cmd_node.dir/compiler_depend.internal".
[4.424s] Dependencies file "CMakeFiles/motion_cmd_node.dir/src/motion_cmd.cpp.o.d" is newer than depends file "/home/robodog/RoboDog/ros2_ws/build/motion_cmd/CMakeFiles/motion_cmd_node.dir/compiler_depend.internal".
[4.426s] gmake[2]: Entering directory '/home/robodog/RoboDog/ros2_ws/build/motion_cmd'
[4.429s] gmake[2]: Nothing to be done for 'libs/spot_micro_kinematics_cpp/3rd_party/google-test/googletest-build/googlemock/CMakeFiles/gmock_main.dir/build'.
[4.432s] gmake[2]: Leaving directory '/home/robodog/RoboDog/ros2_ws/build/motion_cmd'
[4.432s] Dependencies file "CMakeFiles/motion_cmd_node.dir/src/utils.cpp.o.d" is newer than depends file "/home/robodog/RoboDog/ros2_ws/build/motion_cmd/CMakeFiles/motion_cmd_node.dir/compiler_depend.internal".
[4.433s] [35m[1mConsolidate compiler generated dependencies of target motion_cmd_node[0m
[4.455s] [ 86%] Built target gmock_main
[4.507s] gmake[2]: Leaving directory '/home/robodog/RoboDog/ros2_ws/build/motion_cmd'
[4.508s] /usr/bin/gmake  -f CMakeFiles/motion_cmd_node.dir/build.make CMakeFiles/motion_cmd_node.dir/build
[4.551s] gmake[2]: Entering directory '/home/robodog/RoboDog/ros2_ws/build/motion_cmd'
[4.592s] [ 89%] [32mBuilding CXX object CMakeFiles/motion_cmd_node.dir/src/main.cpp.o[0m
[4.596s] /usr/bin/c++ -DDEFAULT_RMW_IMPLEMENTATION=rmw_fastrtps_cpp -DRCUTILS_ENABLE_FAULT_INJECTION -I/home/robodog/RoboDog/ros2_ws/src/motion_cmd/include/motion_cmd -I/home/robodog/RoboDog/ros2_ws/src/motion_cmd/src/smfsm -I/home/robodog/RoboDog/ros2_ws/src/motion_cmd/src/rate_limited_first_order_filter -I/home/robodog/RoboDog/ros2_ws/src/motion_cmd/libs/spot_micro_kinematics_cpp/include -isystem /usr/include/eigen3 -isystem /home/robodog/RoboDog/ros2_ws/install/i2cpwm_controller/include/i2cpwm_controller -isystem /home/robodog/RoboDog/ros2_ws/install/i2cpwm_controller/include -isystem /opt/ros/humble/include/rclcpp -isystem /opt/ros/humble/include/std_msgs -isystem /opt/ros/humble/include/geometry_msgs -isystem /opt/ros/humble/include/tf2 -isystem /opt/ros/humble/include/tf2_ros -isystem /opt/ros/humble/include/tf2_geometry_msgs -isystem /opt/ros/humble/include/tf2_eigen -isystem /opt/ros/humble/include/builtin_interfaces -isystem /opt/ros/humble/include/rosidl_runtime_c -isystem /opt/ros/humble/include/rcutils -isystem /opt/ros/humble/include/rosidl_typesupport_interface -isystem /opt/ros/humble/include/fastcdr -isystem /opt/ros/humble/include/rosidl_runtime_cpp -isystem /opt/ros/humble/include/rosidl_typesupport_fastrtps_cpp -isystem /opt/ros/humble/include/rmw -isystem /opt/ros/humble/include/rosidl_typesupport_fastrtps_c -isystem /opt/ros/humble/include/rosidl_typesupport_introspection_c -isystem /opt/ros/humble/include/rosidl_typesupport_introspection_cpp -isystem /opt/ros/humble/include/message_filters -isystem /opt/ros/humble/include/ament_index_cpp -isystem /opt/ros/humble/include/libstatistics_collector -isystem /opt/ros/humble/include/rcl -isystem /opt/ros/humble/include/rcl_interfaces -isystem /opt/ros/humble/include/rcl_logging_interface -isystem /opt/ros/humble/include/rcl_yaml_param_parser -isystem /opt/ros/humble/include/libyaml_vendor -isystem /opt/ros/humble/include/tracetools -isystem /opt/ros/humble/include/rcpputils -isystem /opt/ros/humble/include/statistics_msgs -isystem /opt/ros/humble/include/rosgraph_msgs -isystem /opt/ros/humble/include/rosidl_typesupport_cpp -isystem /opt/ros/humble/include/rosidl_typesupport_c -isystem /opt/ros/humble/include/rclcpp_action -isystem /opt/ros/humble/include/action_msgs -isystem /opt/ros/humble/include/unique_identifier_msgs -isystem /opt/ros/humble/include/rcl_action -isystem /opt/ros/humble/include/tf2_msgs -isystem /opt/ros/humble/include/std_srvs -Wno-error=maybe-uninitialized -std=gnu++17 -MD -MT CMakeFiles/motion_cmd_node.dir/src/main.cpp.o -MF CMakeFiles/motion_cmd_node.dir/src/main.cpp.o.d -o CMakeFiles/motion_cmd_node.dir/src/main.cpp.o -c /home/robodog/RoboDog/ros2_ws/src/motion_cmd/src/main.cpp
[4.597s] [ 93%] [32mBuilding CXX object CMakeFiles/motion_cmd_node.dir/src/utils.cpp.o[0m
[4.599s] /usr/bin/c++ -DDEFAULT_RMW_IMPLEMENTATION=rmw_fastrtps_cpp -DRCUTILS_ENABLE_FAULT_INJECTION -I/home/robodog/RoboDog/ros2_ws/src/motion_cmd/include/motion_cmd -I/home/robodog/RoboDog/ros2_ws/src/motion_cmd/src/smfsm -I/home/robodog/RoboDog/ros2_ws/src/motion_cmd/src/rate_limited_first_order_filter -I/home/robodog/RoboDog/ros2_ws/src/motion_cmd/libs/spot_micro_kinematics_cpp/include -isystem /usr/include/eigen3 -isystem /home/robodog/RoboDog/ros2_ws/install/i2cpwm_controller/include/i2cpwm_controller -isystem /home/robodog/RoboDog/ros2_ws/install/i2cpwm_controller/include -isystem /opt/ros/humble/include/rclcpp -isystem /opt/ros/humble/include/std_msgs -isystem /opt/ros/humble/include/geometry_msgs -isystem /opt/ros/humble/include/tf2 -isystem /opt/ros/humble/include/tf2_ros -isystem /opt/ros/humble/include/tf2_geometry_msgs -isystem /opt/ros/humble/include/tf2_eigen -isystem /opt/ros/humble/include/builtin_interfaces -isystem /opt/ros/humble/include/rosidl_runtime_c -isystem /opt/ros/humble/include/rcutils -isystem /opt/ros/humble/include/rosidl_typesupport_interface -isystem /opt/ros/humble/include/fastcdr -isystem /opt/ros/humble/include/rosidl_runtime_cpp -isystem /opt/ros/humble/include/rosidl_typesupport_fastrtps_cpp -isystem /opt/ros/humble/include/rmw -isystem /opt/ros/humble/include/rosidl_typesupport_fastrtps_c -isystem /opt/ros/humble/include/rosidl_typesupport_introspection_c -isystem /opt/ros/humble/include/rosidl_typesupport_introspection_cpp -isystem /opt/ros/humble/include/message_filters -isystem /opt/ros/humble/include/ament_index_cpp -isystem /opt/ros/humble/include/libstatistics_collector -isystem /opt/ros/humble/include/rcl -isystem /opt/ros/humble/include/rcl_interfaces -isystem /opt/ros/humble/include/rcl_logging_interface -isystem /opt/ros/humble/include/rcl_yaml_param_parser -isystem /opt/ros/humble/include/libyaml_vendor -isystem /opt/ros/humble/include/tracetools -isystem /opt/ros/humble/include/rcpputils -isystem /opt/ros/humble/include/statistics_msgs -isystem /opt/ros/humble/include/ro[ 96%] [32mBuilding CXX object CMakeFiles/motion_cmd_node.dir/src/motion_cmd.cpp.o[0m
[4.600s] sgraph_msgs -isystem /opt/ros/humble/include/rosidl_typesupport_cpp -isystem /opt/ros/humble/include/rosidl_typesupport_c -isystem /opt/ros/humble/include/rclcpp_action -isystem /opt/ros/humble/include/action_msgs -isystem /opt/ros/humble/include/unique_identifier_msgs -isystem /opt/ros/humble/include/rcl_action -isystem /opt/ros/humble/include/tf2_msgs -isystem /opt/ros/humble/include/std_srvs -Wno-error=maybe-uninitialized -std=gnu++17 -MD -MT CMakeFiles/motion_cmd_node.dir/src/utils.cpp.o -MF CMakeFiles/motion_cmd_node.dir/src/utils.cpp.o.d -o CMakeFiles/motion_cmd_node.dir/src/utils.cpp.o -c /home/robodog/RoboDog/ros2_ws/src/motion_cmd/src/utils.cpp
[4.604s] /usr/bin/c++ -DDEFAULT_RMW_IMPLEMENTATION=rmw_fastrtps_cpp -DRCUTILS_ENABLE_FAULT_INJECTION -I/home/robodog/RoboDog/ros2_ws/src/motion_cmd/include/motion_cmd -I/home/robodog/RoboDog/ros2_ws/src/motion_cmd/src/smfsm -I/home/robodog/RoboDog/ros2_ws/src/motion_cmd/src/rate_limited_first_order_filter -I/home/robodog/RoboDog/ros2_ws/src/motion_cmd/libs/spot_micro_kinematics_cpp/include -isystem /usr/include/eigen3 -isystem /home/robodog/RoboDog/ros2_ws/install/i2cpwm_controller/include/i2cpwm_controller -isystem /home/robodog/RoboDog/ros2_ws/install/i2cpwm_controller/include -isystem /opt/ros/humble/include/rclcpp -isystem /opt/ros/humble/include/std_msgs -isystem /opt/ros/humble/include/geometry_msgs -isystem /opt/ros/humble/include/tf2 -isystem /opt/ros/humble/include/tf2_ros -isystem /opt/ros/humble/include/tf2_geometry_msgs -isystem /opt/ros/humble/include/tf2_eigen -isystem /opt/ros/humble/include/builtin_interfaces -isystem /opt/ros/humble/include/rosidl_runtime_c -isystem /opt/ros/humble/include/rcutils -isystem /opt/ros/humble/include/rosidl_typesupport_interface -isystem /opt/ros/humble/include/fastcdr -isystem /opt/ros/humble/include/rosidl_runtime_cpp -isystem /opt/ros/humble/include/rosidl_typesupport_fastrtps_cpp -isystem /opt/ros/humble/include/rmw -isystem /opt/ros/humble/include/rosidl_typesupport_fastrtps_c -isystem /opt/ros/humble/include/rosidl_typesupport_introspection_c -isystem /opt/ros/humble/include/rosidl_typesupport_introspection_cpp -isystem /opt/ros/humble/include/message_filters -isystem /opt/ros/humble/include/ament_index_cpp -isystem /opt/ros/humble/include/libstatistics_collector -isystem /opt/ros/humble/include/rcl -isystem /opt/ros/humble/include/rcl_interfaces -isystem /opt/ros/humble/include/rcl_logging_interface -isystem /opt/ros/humble/include/rcl_yaml_param_parser -isystem /opt/ros/humble/include/libyaml_vendor -isystem /opt/ros/humble/include/tracetools -isystem /opt/ros/humble/include/rcpputils -isystem /opt/ros/humble/include/statistics_msgs -isystem /opt/ros/humble/include/rosgraph_msgs -isystem /opt/ros/humble/include/rosidl_typesupport_cpp -isystem /opt/ros/humble/include/rosidl_typesupport_c -isystem /opt/ros/humble/include/rclcpp_action -isystem /opt/ros/humble/include/action_msgs -isystem /opt/ros/humble/include/unique_identifier_msgs -isystem /opt/ros/humble/include/rcl_action -isystem /opt/ros/humble/include/tf2_msgs -isystem /opt/ros/humble/include/std_srvs -Wno-error=maybe-uninitialized -std=gnu++17 -MD -MT CMakeFiles/motion_cmd_node.dir/src/motion_cmd.cpp.o -MF CMakeFiles/motion_cmd_node.dir/src/motion_cmd.cpp.o.d -o CMakeFiles/motion_cmd_node.dir/src/motion_cmd.cpp.o -c /home/robodog/RoboDog/ros2_ws/src/motion_cmd/src/motion_cmd.cpp
[7.622s] In file included from [01m[K/home/robodog/RoboDog/ros2_ws/src/motion_cmd/src/utils.cpp:6[m[K:
[7.625s] [01m[K/opt/ros/humble/include/tf2_eigen/tf2_eigen/tf2_eigen.h:32:2:[m[K [01;35m[Kwarning: [m[K#warning This header is obsolete, please include tf2_eigen/tf2_eigen.hpp instead [[01;35m[K]8;;https://gcc.gnu.org/onlinedocs/gcc/Warning-Options.html#index-Wcpp-Wcpp]8;;[m[K]
[7.628s]    32 | #[01;35m[Kwarning[m[K This header is obsolete, please include tf2_eigen/tf2_eigen.hpp instead
[7.635s]       |  [01;35m[K^~~~~~~[m[K
[7.638s] In file included from [01m[K/home/robodog/RoboDog/ros2_ws/src/motion_cmd/src/utils.cpp:7[m[K:
[7.641s] [01m[K/opt/ros/humble/include/tf2_geometry_msgs/tf2_geometry_msgs/tf2_geometry_msgs.h:35:2:[m[K [01;35m[Kwarning: [m[K#warning This header is obsolete, please include tf2_geometry_msgs/tf2_geometry_msgs.hpp instead [[01;35m[K]8;;https://gcc.gnu.org/onlinedocs/gcc/Warning-Options.html#index-Wcpp-Wcpp]8;;[m[K]
[7.644s]    35 | #[01;35m[Kwarning[m[K This header is obsolete, please include tf2_geometry_msgs/tf2_geometry_msgs.hpp instead
[7.647s]       |  [01;35m[K^~~~~~~[m[K
[87.136s] [100%] [32m[1mLinking CXX executable motion_cmd_node[0m
[87.139s] /usr/bin/cmake -E cmake_link_script CMakeFiles/motion_cmd_node.dir/link.txt --verbose=1
[87.169s] /usr/bin/c++ CMakeFiles/motion_cmd_node.dir/src/motion_cmd.cpp.o CMakeFiles/motion_cmd_node.dir/src/main.cpp.o CMakeFiles/motion_cmd_node.dir/src/utils.cpp.o -o motion_cmd_node  -Wl,-rpath,/home/robodog/RoboDog/ros2_ws/install/i2cpwm_controller/lib:/opt/ros/humble/lib: libsmfsm.a libs/spot_micro_kinematics_cpp/libspot_micro_kinematics.a -ltf2_eigen_kdl /home/robodog/RoboDog/ros2_ws/install/i2cpwm_controller/lib/libi2cpwm_controller__rosidl_typesupport_fastrtps_c.so /home/robodog/RoboDog/ros2_ws/install/i2cpwm_controller/lib/libi2cpwm_controller__rosidl_typesupport_fastrtps_cpp.so /home/robodog/RoboDog/ros2_ws/install/i2cpwm_controller/lib/libi2cpwm_controller__rosidl_typesupport_introspection_c.so /home/robodog/RoboDog/ros2_ws/install/i2cpwm_controller/lib/libi2cpwm_controller__rosidl_typesupport_introspection_cpp.so /home/robodog/RoboDog/ros2_ws/install/i2cpwm_controller/lib/libi2cpwm_controller__rosidl_generator_py.so /home/robodog/RoboDog/ros2_ws/install/i2cpwm_controller/lib/libi2cpwm_controller_lib.so /opt/ros/humble/lib/libstatic_transform_broadcaster_node.so /usr/lib/aarch64-linux-gnu/liborocos-kdl.so /home/robodog/RoboDog/ros2_ws/install/i2cpwm_controller/lib/libi2cpwm_controller__rosidl_typesupport_c.so /home/robodog/RoboDog/ros2_ws/install/i2cpwm_controller/lib/libi2cpwm_controller__rosidl_generator_c.so /home/robodog/RoboDog/ros2_ws/install/i2cpwm_controller/lib/libi2cpwm_controller__rosidl_typesupport_cpp.so /opt/ros/humble/lib/libstd_srvs__rosidl_typesupport_fastrtps_c.so /opt/ros/humble/lib/libstd_srvs__rosidl_typesupport_fastrtps_cpp.so /opt/ros/humble/lib/libstd_srvs__rosidl_typesupport_introspection_c.so /opt/ros/humble/lib/libstd_srvs__rosidl_typesupport_introspection_cpp.so /opt/ros/humble/lib/libstd_srvs__rosidl_typesupport_cpp.so /opt/ros/humble/lib/libstd_srvs__rosidl_generator_py.so /opt/ros/humble/lib/libstd_srvs__rosidl_typesupport_c.so /opt/ros/humble/lib/libstd_srvs__rosidl_generator_c.so /usr/lib/aarch64-linux-gnu/libi2c.so /opt/ros/humble/lib/libtf2_ros.so /opt/ros/humble/lib/libtf2.so /opt/ros/humble/lib/libmessage_filters.so /opt/ros/humble/lib/librclcpp_action.so /opt/ros/humble/lib/librclcpp.so /opt/ros/humble/lib/liblibstatistics_collector.so /opt/ros/humble/lib/librosgraph_msgs__rosidl_typesupport_fastrtps_c.so /opt/ros/humble/lib/librosgraph_msgs__rosidl_typesupport_fastrtps_cpp.so /opt/ros/humble/lib/librosgraph_msgs__rosidl_typesupport_introspection_c.so /opt/ros/humble/lib/librosgraph_msgs__rosidl_typesupport_introspection_cpp.so /opt/ros/humble/lib/librosgraph_msgs__rosidl_typesupport_cpp.so /opt/ros/humble/lib/librosgraph_msgs__rosidl_generator_py.so /opt/ros/humble/lib/librosgraph_msgs__rosidl_typesupport_c.so /opt/ros/humble/lib/librosgraph_msgs__rosidl_generator_c.so /opt/ros/humble/lib/libstatistics_msgs__rosidl_typesupport_fastrtps_c.so /opt/ros/humble/lib/libstatistics_msgs__rosidl_typesupport_fastrtps_cpp.so /opt/ros/humble/lib/libstatistics_msgs__rosidl_typesupport_introspection_c.so /opt/ros/humble/lib/libstatistics_msgs__rosidl_typesupport_introspection_cpp.so /opt/ros/humble/lib/libstatistics_msgs__rosidl_typesupport_cpp.so /opt/ros/humble/lib/libstatistics_msgs__rosidl_generator_py.so /opt/ros/humble/lib/libstatistics_msgs__rosidl_typesupport_c.so /opt/ros/humble/lib/libstatistics_msgs__rosidl_generator_c.so /opt/ros/humble/lib/librcl_action.so /opt/ros/humble/lib/librcl.so /opt/ros/humble/lib/librcl_interfaces__rosidl_typesupport_fastrtps_c.so /opt/ros/humble/lib/librcl_interfaces__rosidl_typesupport_introspection_c.so /opt/ros/humble/lib/librcl_interfaces__rosidl_typesupport_fastrtps_cpp.so /opt/ros/humble/lib/librcl_interfaces__rosidl_typesupport_introspection_cpp.so /opt/ros/humble/lib/librcl_interfaces__rosidl_typesupport_cpp.so /opt/ros/humble/lib/librcl_interfaces__rosidl_generator_py.so /opt/ros/humble/lib/librcl_interfaces__rosidl_typesupport_c.so /opt/ros/humble/lib/librcl_interfaces__rosidl_generator_c.so /opt/ros/humble/lib/librcl_yaml_param_parser.so /opt/ros/humble/lib/libyaml.so /opt/ros/humble/lib/libtracetools.so /opt/ros/humble/lib/librmw_implementation.so /opt/ros/humble/lib/libament_index_cpp.so /opt/ros/humble/lib/librcl_logging_spdlog.so /opt/ros/humble/lib/librcl_logging_interface.so /opt/ros/humble/lib/libtf2_msgs__rosidl_typesupport_fastrtps_c.so /opt/ros/humble/lib/libaction_msgs__rosidl_typesupport_fastrtps_c.so /opt/ros/humble/lib/libunique_identifier_msgs__rosidl_typesupport_fastrtps_c.so /opt/ros/humble/lib/libtf2_msgs__rosidl_typesupport_introspection_c.so /opt/ros/humble/lib/libaction_msgs__rosidl_typesupport_introspection_c.so /opt/ros/humble/lib/libunique_identifier_msgs__rosidl_typesupport_introspection_c.so /opt/ros/humble/lib/libtf2_msgs__rosidl_typesupport_fastrtps_cpp.so /opt/ros/humble/lib/libaction_msgs__rosidl_typesupport_fastrtps_cpp.so /opt/ros/humble/lib/libunique_identifier_msgs__rosidl_typesupport_fastrtps_cpp.so /opt/ros/humble/lib/libtf2_msgs__rosidl_typesupport_introspection_cpp.so /opt/ros/humble/lib/libaction_msgs__rosidl_typesupport_introspection_cpp.so /opt/ros/humble/lib/libunique_identifier_msgs__rosidl_typesupport_introspection_cpp.so /opt/ros/humble/lib/libtf2_msgs__rosidl_typesupport_cpp.so /opt/ros/humble/lib/libaction_msgs__rosidl_typesupport_cpp.so /opt/ros/humble/lib/libunique_identifier_msgs__rosidl_typesupport_cpp.so /opt/ros/humble/lib/libtf2_msgs__rosidl_generator_py.so /opt/ros/humble/lib/libtf2_msgs__rosidl_typesupport_c.so /opt/ros/humble/lib/libtf2_msgs__rosidl_generator_c.so /opt/ros/humble/lib/libaction_msgs__rosidl_generator_py.so /opt/ros/humble/lib/libaction_msgs__rosidl_typesupport_c.so /opt/ros/humble/lib/libaction_msgs__rosidl_generator_c.so /opt/ros/humble/lib/libunique_identifier_msgs__rosidl_generator_py.so /opt/ros/humble/lib/libunique_identifier_msgs__rosidl_typesupport_c.so /opt/ros/humble/lib/libunique_identifier_msgs__rosidl_generator_c.so /opt/ros/humble/lib/libgeometry_msgs__rosidl_typesupport_fastrtps_c.so /opt/ros/humble/lib/libstd_msgs__rosidl_typesupport_fastrtps_c.so /opt/ros/humble/lib/libbuiltin_interfaces__rosidl_typesupport_fastrtps_c.so /opt/ros/humble/lib/librosidl_typesupport_fastrtps_c.so /opt/ros/humble/lib/libgeometry_msgs__rosidl_typesupport_introspection_c.so /opt/ros/humble/lib/libstd_msgs__rosidl_typesupport_introspection_c.so /opt/ros/humble/lib/libbuiltin_interfaces__rosidl_typesupport_introspection_c.so /opt/ros/humble/lib/libgeometry_msgs__rosidl_typesupport_fastrtps_cpp.so /opt/ros/humble/lib/libstd_msgs__rosidl_typesupport_fastrtps_cpp.so /opt/ros/humble/lib/libbuiltin_interfaces__rosidl_typesupport_fastrtps_cpp.so /opt/ros/humble/lib/librosidl_typesupport_fastrtps_cpp.so /opt/ros/humble/lib/libfastcdr.so.1.0.24 /opt/ros/humble/lib/librmw.so /opt/ros/humble/lib/libgeometry_msgs__rosidl_typesupport_introspection_cpp.so /opt/ros/humble/lib/libstd_msgs__rosidl_typesupport_introspection_cpp.so /opt/ros/humble/lib/libbuiltin_interfaces__rosidl_typesupport_introspection_cpp.so /opt/ros/humble/lib/librosidl_typesupport_introspection_cpp.so /opt/ros/humble/lib/librosidl_typesupport_introspection_c.so /opt/ros/humble/lib/libgeometry_msgs__rosidl_typesupport_cpp.so /opt/ros/humble/lib/libstd_msgs__rosidl_typesupport_cpp.so /opt/ros/humble/lib/libbuiltin_interfaces__rosidl_typesupport_cpp.so /opt/ros/humble/lib/librosidl_typesupport_cpp.so /opt/ros/humble/lib/libgeometry_msgs__rosidl_generator_py.so /opt/ros/humble/lib/libstd_msgs__rosidl_generator_py.so /opt/ros/humble/lib/libgeometry_msgs__rosidl_typesupport_c.so /opt/ros/humble/lib/libstd_msgs__rosidl_typesupport_c.so /opt/ros/humble/lib/libgeometry_msgs__rosidl_generator_c.so /opt/ros/humble/lib/libstd_msgs__rosidl_generator_c.so /opt/ros/humble/lib/libbuiltin_interfaces__rosidl_generator_py.so /opt/ros/humble/lib/libbuiltin_interfaces__rosidl_typesupport_c.so /opt/ros/humble/lib/libbuiltin_interfaces__rosidl_generator_c.so /opt/ros/humble/lib/librosidl_typesupport_c.so /opt/ros/humble/lib/librcpputils.so /opt/ros/humble/lib/librosidl_runtime_c.so /opt/ros/humble/lib/librcutils.so -ldl /usr/lib/aarch64-linux-gnu/libpython3.10.so 
[87.680s] /usr/bin/ld: cannot find -ltf2_eigen_kdl: No such file or directory
[90.155s] collect2: error: ld returned 1 exit status
[90.160s] gmake[2]: Leaving directory '/home/robodog/RoboDog/ros2_ws/build/motion_cmd'
[90.161s] gmake[2]: *** [CMakeFiles/motion_cmd_node.dir/build.make:253: motion_cmd_node] Error 1
[90.161s] gmake[1]: *** [CMakeFiles/Makefile2:260: CMakeFiles/motion_cmd_node.dir/all] Error 2
[90.162s] gmake[1]: Leaving directory '/home/robodog/RoboDog/ros2_ws/build/motion_cmd'
[90.162s] gmake: *** [Makefile:149: all] Error 2
[90.173s] Invoked command in '/home/robodog/RoboDog/ros2_ws/build/motion_cmd' returned '2': /usr/bin/cmake --build /home/robodog/RoboDog/ros2_ws/build/motion_cmd -- -j4 -l4
