[0.059s] Invoking command in '/home/robodog/RoboDog/ros2_ws/build/motion_cmd': AMENT_PREFIX_PATH=/home/robodog/RoboDog/ros2_ws/install/i2cpwm_controller:${AMENT_PREFIX_PATH} CMAKE_PREFIX_PATH=/home/robodog/RoboDog/ros2_ws/install/i2cpwm_controller LD_LIBRARY_PATH=/home/robodog/RoboDog/ros2_ws/install/i2cpwm_controller/lib:${LD_LIBRARY_PATH} PYTHONPATH=/home/robodog/RoboDog/ros2_ws/install/i2cpwm_controller/local/lib/python3.10/dist-packages:${PYTHONPATH} /usr/bin/cmake --build /home/robodog/RoboDog/ros2_ws/build/motion_cmd -- -j4 -l4
[0.284s] [ 17%] Built target gtest
[0.285s] [ 20%] Built target spot_micro_kinematics
[0.382s] [ 27%] Built target gtest_main
[0.384s] [ 34%] Built target gmock
[0.507s] [ 41%] Built target test_utils
[0.514s] [ 48%] Built target test_spot_micro_leg
[0.517s] [ 55%] Built target test_spot_micro_kinematics
[0.563s] [ 58%] [32mBuilding CXX object CMakeFiles/smfsm.dir/src/smfsm/state.cpp.o[0m
[0.576s] [ 62%] [32mBuilding CXX object CMakeFiles/smfsm.dir/src/smfsm/idle.cpp.o[0m
[0.579s] [ 65%] [32mBuilding CXX object CMakeFiles/smfsm.dir/src/smfsm/stand.cpp.o[0m
[0.631s] [ 72%] Built target gmock_main
[0.669s] [ 75%] [32mBuilding CXX object CMakeFiles/smfsm.dir/src/smfsm/transition_stand.cpp.o[0m
[29.637s] [ 79%] [32mBuilding CXX object CMakeFiles/smfsm.dir/src/smfsm/transition_idle.cpp.o[0m
[29.820s] [ 82%] [32mBuilding CXX object CMakeFiles/smfsm.dir/src/smfsm/walk.cpp.o[0m
[53.654s] [ 86%] [32m[1mLinking CXX static library libsmfsm.a[0m
[53.898s] [ 86%] Built target smfsm
[53.957s] [35m[1mConsolidate compiler generated dependencies of target motion_cmd_node[0m
[54.115s] [ 89%] [32mBuilding CXX object CMakeFiles/motion_cmd_node.dir/src/motion_cmd.cpp.o[0m
[54.120s] [ 93%] [32mBuilding CXX object CMakeFiles/motion_cmd_node.dir/src/main.cpp.o[0m
[54.127s] [ 96%] [32mBuilding CXX object CMakeFiles/motion_cmd_node.dir/src/utils.cpp.o[0m
[76.589s] [01m[K/home/robodog/RoboDog/ros2_ws/src/motion_cmd/src/utils.cpp:21:1:[m[K [01;31m[Kerror: [m[Kâ€˜[01m[KTransformStamped[m[Kâ€™ does not name a type; did you mean â€˜[01m[KTransformData[m[Kâ€™?
[76.591s]    21 | [01;31m[KTransformStamped[m[K eigAndFramesToTrans(
[76.591s]       | [01;31m[K^~~~~~~~~~~~~~~~[m[K
[76.592s]       | [32m[KTransformData[m[K
[76.604s] [01m[K/home/robodog/RoboDog/ros2_ws/src/motion_cmd/src/utils.cpp:39:1:[m[K [01;31m[Kerror: [m[Kâ€˜[01m[KTransformStamped[m[Kâ€™ does not name a type; did you mean â€˜[01m[KTransformData[m[Kâ€™?
[76.607s]    39 | [01;31m[KTransformStamped[m[K createTransform(
[76.611s]       | [01;31m[K^~~~~~~~~~~~~~~~[m[K
[76.616s]       | [32m[KTransformData[m[K
[77.458s] [01m[K/home/robodog/RoboDog/ros2_ws/src/motion_cmd/src/motion_cmd.cpp:29:1:[m[K [01;31m[Kerror: [m[Kno declaration matches â€˜[01m[KSpotMicroMotionCmd::SpotMicroMotionCmd(rclcpp::NodeOptions&)[m[Kâ€™
[77.461s]    29 | [01;31m[KSpotMicroMotionCmd[m[K::SpotMicroMotionCmd(rclcpp::NodeOptions & options) : Node("spot_micro_motion_cmd", options) {
[77.466s]       | [01;31m[K^~~~~~~~~~~~~~~~~~[m[K
[77.469s] In file included from [01m[K/home/robodog/RoboDog/ros2_ws/src/motion_cmd/src/motion_cmd.cpp:1[m[K:
[77.473s] [01m[K/home/robodog/RoboDog/ros2_ws/src/motion_cmd/include/motion_cmd/motion_cmd.h:74:7:[m[K [01;36m[Knote: [m[Kcandidates are: â€˜[01m[KSpotMicroMotionCmd::SpotMicroMotionCmd(const SpotMicroMotionCmd&)[m[Kâ€™
[77.476s]    74 | class [01;36m[KSpotMicroMotionCmd[m[K : public rclcpp::Node {
[77.480s]       |       [01;36m[K^~~~~~~~~~~~~~~~~~[m[K
[77.485s] [01m[K/home/robodog/RoboDog/ros2_ws/src/motion_cmd/include/motion_cmd/motion_cmd.h:77:5:[m[K [01;36m[Knote: [m[K                â€˜[01m[KSpotMicroMotionCmd::SpotMicroMotionCmd(const rclcpp::NodeOptions&)[m[Kâ€™
[77.490s]    77 |     [01;36m[KSpotMicroMotionCmd[m[K(const rclcpp::NodeOptions &options);
[77.493s]       |     [01;36m[K^~~~~~~~~~~~~~~~~~[m[K
[77.497s] [01m[K/home/robodog/RoboDog/ros2_ws/src/motion_cmd/include/motion_cmd/motion_cmd.h:74:7:[m[K [01;36m[Knote: [m[Kâ€˜[01m[Kclass SpotMicroMotionCmd[m[Kâ€™ defined here
[77.500s]    74 | class [01;36m[KSpotMicroMotionCmd[m[K : public rclcpp::Node {
[77.504s]       |       [01;36m[K^~~~~~~~~~~~~~~~~~[m[K
[77.508s] [01m[K/home/robodog/RoboDog/ros2_ws/src/motion_cmd/src/motion_cmd.cpp:[m[K In member function â€˜[01m[Kbool SpotMicroMotionCmd::publishServoConfiguration()[m[Kâ€™:
[77.511s] [01m[K/home/robodog/RoboDog/ros2_ws/src/motion_cmd/src/motion_cmd.cpp:177:71:[m[K [01;31m[Kerror: [m[Kâ€˜[01m[KServoConfig[m[Kâ€™ is not a member of â€˜[01m[Ki2cpwm_controller::srv[m[Kâ€™; did you mean â€˜[01m[KServosConfig[m[Kâ€™?
[77.515s]   177 |     auto temp_servo_config = std::make_shared<i2cpwm_controller::srv::[01;31m[KServoConfig[m[K::Request>();
[77.519s]       |                                                                       [01;31m[K^~~~~~~~~~~[m[K
[77.523s]       |                                                                       [32m[KServosConfig[m[K
[77.527s] [01m[K/home/robodog/RoboDog/ros2_ws/src/motion_cmd/src/motion_cmd.cpp:177:35:[m[K [01;31m[Kerror: [m[Kparse error in template argument list
[77.533s]   177 |     auto temp_servo_config = std::[01;31m[Kmake_shared<i2cpwm_controller::srv::ServoConfig::Request>[m[K();
[77.537s]       |                                   [01;31m[K^~~~~~~~~~~~~~~~~~~~~~~~~~~~~~~~~~~~~~~~~~~~~~~~~~~~~~~~~[m[K
[77.541s] [01m[K/home/robodog/RoboDog/ros2_ws/src/motion_cmd/src/motion_cmd.cpp:177:92:[m[K [01;31m[Kerror: [m[Kno matching function for call to â€˜[01m[Kmake_shared<<expression error> >()[m[Kâ€™
[77.545s]   177 | temp_servo_config = [01;31m[Kstd::make_shared<i2cpwm_controller::srv::ServoConfig::Request>()[m[K;
[77.548s]       |                     [01;31m[K~~~~~~~~~~~~~~~~~~~~~~~~~~~~~~~~~~~~~~~~~~~~~~~~~~~~~~~~~~~~~~^~[m[K
[77.552s] 
[77.557s] In file included from [01m[K/usr/include/c++/11/memory:77[m[K,
[77.561s]                  from [01m[K/home/robodog/RoboDog/ros2_ws/src/motion_cmd/include/motion_cmd/motion_cmd.h:6[m[K,
[77.565s]                  from [01m[K/home/robodog/RoboDog/ros2_ws/src/motion_cmd/src/motion_cmd.cpp:1[m[K:
[77.569s] [01m[K/usr/include/c++/11/bits/shared_ptr.h:875:5:[m[K [01;36m[Knote: [m[Kcandidate: â€˜[01m[Ktemplate<class _Tp, class ... _Args> std::shared_ptr<_Tp> std::make_shared(_Args&& ...)[m[Kâ€™
[77.573s]   875 |     [01;36m[Kmake_shared[m[K(_Args&&... __args)
[77.577s]       |     [01;36m[K^~~~~~~~~~~[m[K
[77.581s] [01m[K/usr/include/c++/11/bits/shared_ptr.h:875:5:[m[K [01;36m[Knote: [m[K  template argument deduction/substitution failed:
[77.584s] [01m[K/home/robodog/RoboDog/ros2_ws/src/motion_cmd/src/motion_cmd.cpp:177:92:[m[K [01;31m[Kerror: [m[Ktemplate argument 1 is invalid
[77.588s]   177 | temp_servo_config = [01;31m[Kstd::make_shared<i2cpwm_controller::srv::ServoConfig::Request>()[m[K;
[77.592s]       |                     [01;31m[K~~~~~~~~~~~~~~~~~~~~~~~~~~~~~~~~~~~~~~~~~~~~~~~~~~~~~~~~~~~~~~^~[m[K
[77.596s] 
[77.600s] [01m[K/home/robodog/RoboDog/ros2_ws/src/motion_cmd/src/motion_cmd.cpp:197:44:[m[K [01;31m[Kerror: [m[Kâ€˜[01m[Knode_[m[Kâ€™ was not declared in this scope; did you mean â€˜[01m[Kmode_t[m[Kâ€™?
[77.603s]   197 |     if (rclcpp::spin_until_future_complete([01;31m[Knode_[m[K, result) != rclcpp::FutureReturnCode::SUCCESS) {
[77.607s]       |                                            [01;31m[K^~~~~[m[K
[77.611s]       |                                            [32m[Kmode_t[m[K
[77.615s] In file included from [01m[K/opt/ros/humble/include/rclcpp/rclcpp/client.hpp:40[m[K,
[77.618s]                  from [01m[K/opt/ros/humble/include/rclcpp/rclcpp/callback_group.hpp:24[m[K,
[77.622s]                  from [01m[K/opt/ros/humble/include/rclcpp/rclcpp/any_executable.hpp:20[m[K,
[77.626s]                  from [01m[K/opt/ros/humble/include/rclcpp/rclcpp/memory_strategy.hpp:25[m[K,
[77.629s]                  from [01m[K/opt/ros/humble/include/rclcpp/rclcpp/memory_strategies.hpp:18[m[K,
[77.634s]                  from [01m[K/opt/ros/humble/include/rclcpp/rclcpp/executor_options.hpp:20[m[K,
[77.639s]                  from [01m[K/opt/ros/humble/include/rclcpp/rclcpp/executor.hpp:37[m[K,
[77.642s]                  from [01m[K/opt/ros/humble/include/rclcpp/rclcpp/executors/multi_threaded_executor.hpp:25[m[K,
[77.646s]                  from [01m[K/opt/ros/humble/include/rclcpp/rclcpp/executors.hpp:21[m[K,
[77.649s]                  from [01m[K/opt/ros/humble/include/rclcpp/rclcpp/rclcpp.hpp:155[m[K,
[77.653s]                  from [01m[K/home/robodog/RoboDog/ros2_ws/src/motion_cmd/include/motion_cmd/motion_cmd.h:7[m[K,
[77.656s]                  from [01m[K/home/robodog/RoboDog/ros2_ws/src/motion_cmd/src/motion_cmd.cpp:1[m[K:
[77.660s] [01m[K/home/robodog/RoboDog/ros2_ws/src/motion_cmd/src/motion_cmd.cpp:200:13:[m[K [01;31m[Kerror: [m[Ktemplate argument 1 is invalid
[77.663s]   200 |             [01;31m[KRCLCPP_ERROR[m[K(node_->get_logger(), "Failed to call service servo_config");
[77.667s]       |             [01;31m[K^~~~~~~~~~~~[m[K
[77.670s] [01m[K/home/robodog/RoboDog/ros2_ws/src/motion_cmd/src/motion_cmd.cpp:200:13:[m[K [01;31m[Kerror: [m[Ktemplate argument 1 is invalid
[77.673s]   200 |             [01;31m[KRCLCPP_ERROR[m[K(node_->get_logger(), "Failed to call service servo_config");
[77.676s]       |             [01;31m[K^~~~~~~~~~~~[m[K
[77.680s] [01m[K/home/robodog/RoboDog/ros2_ws/src/motion_cmd/src/motion_cmd.cpp:200:13:[m[K [01;31m[Kerror: [m[Ktemplate argument 1 is invalid
[77.683s]   200 |             [01;31m[KRCLCPP_ERROR[m[K(node_->get_logger(), "Failed to call service servo_config");
[77.687s]       |             [01;31m[K^~~~~~~~~~~~[m[K
[77.690s] [01m[K/home/robodog/RoboDog/ros2_ws/src/motion_cmd/src/motion_cmd.cpp:[m[K In member function â€˜[01m[Kvoid SpotMicroMotionCmd::readInConfigParameters()[m[Kâ€™:
[77.693s] [01m[K/home/robodog/RoboDog/ros2_ws/src/motion_cmd/src/motion_cmd.cpp:382:32:[m[K [01;31m[Kerror: [m[Kno matching function for call to â€˜[01m[KSpotMicroMotionCmd::declare_parameter(std::string&)[m[Kâ€™
[77.697s]   382 |         [01;31m[Kthis->declare_parameter(servo_name)[m[K;  // Declare the servo parameters
[77.700s]       |         [01;31m[K~~~~~~~~~~~~~~~~~~~~~~~^~~~~~~~~~~~[m[K
[77.704s] In file included from [01m[K/opt/ros/humble/include/rclcpp/rclcpp/node.hpp:1321[m[K,
[77.707s]                  from [01m[K/opt/ros/humble/include/rclcpp/rclcpp/executors/single_threaded_executor.hpp:28[m[K,
[77.711s]                  from [01m[K/opt/ros/humble/include/rclcpp/rclcpp/executors.hpp:22[m[K,
[77.714s]                  from [01m[K/opt/ros/humble/include/rclcpp/rclcpp/rclcpp.hpp:155[m[K,
[77.718s]                  from [01m[K/home/robodog/RoboDog/ros2_ws/src/motion_cmd/include/motion_cmd/motion_cmd.h:7[m[K,
[77.721s]                  from [01m[K/home/robodog/RoboDog/ros2_ws/src/motion_cmd/src/motion_cmd.cpp:1[m[K:
[77.725s] [01m[K/opt/ros/humble/include/rclcpp/rclcpp/node_impl.hpp:195:1:[m[K [01;36m[Knote: [m[Kcandidate: â€˜[01m[Ktemplate<class ParameterT> auto rclcpp::Node::declare_parameter(const string&, const ParameterT&, const ParameterDescriptor&, bool)[m[Kâ€™
[77.728s]   195 | [01;36m[KNode[m[K::declare_parameter(
[77.731s]       | [01;36m[K^~~~[m[K
[77.736s] [01m[K/opt/ros/humble/include/rclcpp/rclcpp/node_impl.hpp:195:1:[m[K [01;36m[Knote: [m[K  template argument deduction/substitution failed:
[77.739s] [01m[K/home/robodog/RoboDog/ros2_ws/src/motion_cmd/src/motion_cmd.cpp:382:32:[m[K [01;36m[Knote: [m[K  candidate expects 4 arguments, 1 provided
[77.743s]   382 |         [01;36m[Kthis->declare_parameter(servo_name)[m[K;  // Declare the servo parameters
[77.746s]       |         [01;36m[K~~~~~~~~~~~~~~~~~~~~~~~^~~~~~~~~~~~[m[K
[77.750s] In file included from [01m[K/opt/ros/humble/include/rclcpp/rclcpp/executors/single_threaded_executor.hpp:28[m[K,
[77.753s]                  from [01m[K/opt/ros/humble/include/rclcpp/rclcpp/executors.hpp:22[m[K,
[77.757s]                  from [01m[K/opt/ros/humble/include/rclcpp/rclcpp/rclcpp.hpp:155[m[K,
[77.760s]                  from [01m[K/home/robodog/RoboDog/ros2_ws/src/motion_cmd/include/motion_cmd/motion_cmd.h:7[m[K,
[77.763s]                  from [01m[K/home/robodog/RoboDog/ros2_ws/src/motion_cmd/src/motion_cmd.cpp:1[m[K:
[77.767s] [01m[K/opt/ros/humble/include/rclcpp/rclcpp/node.hpp:434:3:[m[K [01;36m[Knote: [m[Kcandidate: â€˜[01m[Ktemplate<class ParameterT> auto rclcpp::Node::declare_parameter(const string&, const ParameterDescriptor&, bool)[m[Kâ€™
[77.770s]   434 |   [01;36m[Kdeclare_parameter[m[K(
[77.774s]       |   [01;36m[K^~~~~~~~~~~~~~~~~[m[K
[77.777s] [01m[K/opt/ros/humble/include/rclcpp/rclcpp/node.hpp:434:3:[m[K [01;36m[Knote: [m[K  template argument deduction/substitution failed:
[77.781s] [01m[K/home/robodog/RoboDog/ros2_ws/src/motion_cmd/src/motion_cmd.cpp:382:32:[m[K [01;36m[Knote: [m[K  couldnâ€™t deduce template parameter â€˜[01m[KParameterT[m[Kâ€™
[77.784s]   382 |         [01;36m[Kthis->declare_parameter(servo_name)[m[K;  // Declare the servo parameters
[77.787s]       |         [01;36m[K~~~~~~~~~~~~~~~~~~~~~~~^~~~~~~~~~~~[m[K
[77.791s] In file included from [01m[K/opt/ros/humble/include/rclcpp/rclcpp/executors/single_threaded_executor.hpp:28[m[K,
[77.794s]                  from [01m[K/opt/ros/humble/include/rclcpp/rclcpp/executors.hpp:22[m[K,
[77.798s]                  from [01m[K/opt/ros/humble/include/rclcpp/rclcpp/rclcpp.hpp:155[m[K,
[77.801s]                  from [01m[K/home/robodog/RoboDog/ros2_ws/src/motion_cmd/include/motion_cmd/motion_cmd.h:7[m[K,
[77.805s]                  from [01m[K/home/robodog/RoboDog/ros2_ws/src/motion_cmd/src/motion_cmd.cpp:1[m[K:
[77.808s] [01m[K/opt/ros/humble/include/rclcpp/rclcpp/node.hpp:366:3:[m[K [01;36m[Knote: [m[Kcandidate: â€˜[01m[Kconst rclcpp::ParameterValue& rclcpp::Node::declare_parameter(const string&, const rclcpp::ParameterValue&, const ParameterDescriptor&, bool)[m[Kâ€™
[77.811s]   366 |   [01;36m[Kdeclare_parameter[m[K(
[77.816s]       |   [01;36m[K^~~~~~~~~~~~~~~~~[m[K
[77.821s] [01m[K/opt/ros/humble/include/rclcpp/rclcpp/node.hpp:366:3:[m[K [01;36m[Knote: [m[K  candidate expects 4 arguments, 1 provided
[77.825s] [01m[K/opt/ros/humble/include/rclcpp/rclcpp/node.hpp:391:3:[m[K [01;36m[Knote: [m[Kcandidate: â€˜[01m[Kconst rclcpp::ParameterValue& rclcpp::Node::declare_parameter(const string&, rclcpp::ParameterType, const ParameterDescriptor&, bool)[m[Kâ€™
[77.829s]   391 |   [01;36m[Kdeclare_parameter[m[K(
[77.832s]       |   [01;36m[K^~~~~~~~~~~~~~~~~[m[K
[77.837s] [01m[K/opt/ros/humble/include/rclcpp/rclcpp/node.hpp:391:3:[m[K [01;36m[Knote: [m[K  candidate expects 4 arguments, 1 provided
[77.840s] [01m[K/home/robodog/RoboDog/ros2_ws/src/motion_cmd/src/motion_cmd.cpp:[m[K In member function â€˜[01m[Kvoid SpotMicroMotionCmd::publishStaticTransforms()[m[Kâ€™:
[77.843s] [01m[K/home/robodog/RoboDog/ros2_ws/src/motion_cmd/src/motion_cmd.cpp:511:23:[m[K [01;31m[Kerror: [m[Kbase operand of â€˜[01m[K->[m[Kâ€™ has non-pointer type â€˜[01m[Ktf2_ros::StaticTransformBroadcaster[m[Kâ€™
[77.847s]   511 |   static_transform_br_[01;31m[K->[m[KsendTransform(tr_stamped);
[77.850s]       |                       [01;31m[K^~[m[K
[77.854s] [01m[K/home/robodog/RoboDog/ros2_ws/src/motion_cmd/src/motion_cmd.cpp:518:23:[m[K [01;31m[Kerror: [m[Kbase operand of â€˜[01m[K->[m[Kâ€™ has non-pointer type â€˜[01m[Ktf2_ros::StaticTransformBroadcaster[m[Kâ€™
[77.857s]   518 |   static_transform_br_[01;31m[K->[m[KsendTransform(tr_stamped);
[77.861s]       |                       [01;31m[K^~[m[K
[77.864s] [01m[K/home/robodog/RoboDog/ros2_ws/src/motion_cmd/src/motion_cmd.cpp:529:23:[m[K [01;31m[Kerror: [m[Kbase operand of â€˜[01m[K->[m[Kâ€™ has non-pointer type â€˜[01m[Ktf2_ros::StaticTransformBroadcaster[m[Kâ€™
[77.867s]   529 |   static_transform_br_[01;31m[K->[m[KsendTransform(tr_stamped);
[77.871s]       |                       [01;31m[K^~[m[K
[77.876s] [01m[K/home/robodog/RoboDog/ros2_ws/src/motion_cmd/src/motion_cmd.cpp:545:25:[m[K [01;31m[Kerror: [m[Kbase operand of â€˜[01m[K->[m[Kâ€™ has non-pointer type â€˜[01m[Ktf2_ros::StaticTransformBroadcaster[m[Kâ€™
[77.881s]   545 |     static_transform_br_[01;31m[K->[m[KsendTransform(tr_stamped);
[77.887s]       |                         [01;31m[K^~[m[K
[77.892s] [01m[K/home/robodog/RoboDog/ros2_ws/src/motion_cmd/src/motion_cmd.cpp:562:25:[m[K [01;31m[Kerror: [m[Kbase operand of â€˜[01m[K->[m[Kâ€™ has non-pointer type â€˜[01m[Ktf2_ros::StaticTransformBroadcaster[m[Kâ€™
[77.897s]   562 |     static_transform_br_[01;31m[K->[m[KsendTransform(tr_stamped);
[77.902s]       |                         [01;31m[K^~[m[K
[77.907s] [01m[K/home/robodog/RoboDog/ros2_ws/src/motion_cmd/src/motion_cmd.cpp:[m[K In member function â€˜[01m[Kvoid SpotMicroMotionCmd::publishDynamicTransforms()[m[Kâ€™:
[77.912s] [01m[K/home/robodog/RoboDog/ros2_ws/src/motion_cmd/src/motion_cmd.cpp:581:22:[m[K [01;31m[Kerror: [m[Kbase operand of â€˜[01m[K->[m[Kâ€™ has non-pointer type â€˜[01m[Ktf2_ros::TransformBroadcaster[m[Kâ€™
[77.917s]   581 |         transform_br_[01;31m[K->[m[KsendTransform(transform_stamped);
[77.922s]       |                      [01;31m[K^~[m[K
[77.988s] [01m[K/home/robodog/RoboDog/ros2_ws/src/motion_cmd/src/motion_cmd.cpp:601:18:[m[K [01;31m[Kerror: [m[Kbase operand of â€˜[01m[K->[m[Kâ€™ has non-pointer type â€˜[01m[Ktf2_ros::TransformBroadcaster[m[Kâ€™
[77.993s]   601 |     transform_br_[01;31m[K->[m[KsendTransform(transform_stamped);
[77.997s]       |                  [01;31m[K^~[m[K
[78.000s] [01m[K/home/robodog/RoboDog/ros2_ws/src/motion_cmd/src/motion_cmd.cpp:612:18:[m[K [01;31m[Kerror: [m[Kbase operand of â€˜[01m[K->[m[Kâ€™ has non-pointer type â€˜[01m[Ktf2_ros::TransformBroadcaster[m[Kâ€™
[78.004s]   612 |     transform_br_[01;31m[K->[m[KsendTransform(transform_stamped);
[78.007s]       |                  [01;31m[K^~[m[K
[78.010s] [01m[K/home/robodog/RoboDog/ros2_ws/src/motion_cmd/src/motion_cmd.cpp:620:18:[m[K [01;31m[Kerror: [m[Kbase operand of â€˜[01m[K->[m[Kâ€™ has non-pointer type â€˜[01m[Ktf2_ros::TransformBroadcaster[m[Kâ€™
[78.014s]   620 |     transform_br_[01;31m[K->[m[KsendTransform(transform_stamped);
[78.017s]       |                  [01;31m[K^~[m[K
[78.021s] [01m[K/home/robodog/RoboDog/ros2_ws/src/motion_cmd/src/motion_cmd.cpp:628:18:[m[K [01;31m[Kerror: [m[Kbase operand of â€˜[01m[K->[m[Kâ€™ has non-pointer type â€˜[01m[Ktf2_ros::TransformBroadcaster[m[Kâ€™
[78.024s]   628 |     transform_br_[01;31m[K->[m[KsendTransform(transform_stamped);
[78.027s]       |                  [01;31m[K^~[m[K
[78.030s] [01m[K/home/robodog/RoboDog/ros2_ws/src/motion_cmd/src/motion_cmd.cpp:639:18:[m[K [01;31m[Kerror: [m[Kbase operand of â€˜[01m[K->[m[Kâ€™ has non-pointer type â€˜[01m[Ktf2_ros::TransformBroadcaster[m[Kâ€™
[78.034s]   639 |     transform_br_[01;31m[K->[m[KsendTransform(transform_stamped);
[78.038s]       |                  [01;31m[K^~[m[K
[78.041s] [01m[K/home/robodog/RoboDog/ros2_ws/src/motion_cmd/src/motion_cmd.cpp:647:18:[m[K [01;31m[Kerror: [m[Kbase operand of â€˜[01m[K->[m[Kâ€™ has non-pointer type â€˜[01m[Ktf2_ros::TransformBroadcaster[m[Kâ€™
[78.044s]   647 |     transform_br_[01;31m[K->[m[KsendTransform(transform_stamped);
[78.047s]       |                  [01;31m[K^~[m[K
[78.051s] [01m[K/home/robodog/RoboDog/ros2_ws/src/motion_cmd/src/motion_cmd.cpp:655:18:[m[K [01;31m[Kerror: [m[Kbase operand of â€˜[01m[K->[m[Kâ€™ has non-pointer type â€˜[01m[Ktf2_ros::TransformBroadcaster[m[Kâ€™
[78.054s]   655 |     transform_br_[01;31m[K->[m[KsendTransform(transform_stamped);
[78.057s]       |                  [01;31m[K^~[m[K
[78.062s] [01m[K/home/robodog/RoboDog/ros2_ws/src/motion_cmd/src/motion_cmd.cpp:666:18:[m[K [01;31m[Kerror: [m[Kbase operand of â€˜[01m[K->[m[Kâ€™ has non-pointer type â€˜[01m[Ktf2_ros::TransformBroadcaster[m[Kâ€™
[78.066s]   666 |     transform_br_[01;31m[K->[m[KsendTransform(transform_stamped);
[78.071s]       |                  [01;31m[K^~[m[K
[78.074s] [01m[K/home/robodog/RoboDog/ros2_ws/src/motion_cmd/src/motion_cmd.cpp:674:18:[m[K [01;31m[Kerror: [m[Kbase operand of â€˜[01m[K->[m[Kâ€™ has non-pointer type â€˜[01m[Ktf2_ros::TransformBroadcaster[m[Kâ€™
[78.077s]   674 |     transform_br_[01;31m[K->[m[KsendTransform(transform_stamped);
[78.082s]       |                  [01;31m[K^~[m[K
[78.085s] [01m[K/home/robodog/RoboDog/ros2_ws/src/motion_cmd/src/motion_cmd.cpp:682:18:[m[K [01;31m[Kerror: [m[Kbase operand of â€˜[01m[K->[m[Kâ€™ has non-pointer type â€˜[01m[Ktf2_ros::TransformBroadcaster[m[Kâ€™
[78.089s]   682 |     transform_br_[01;31m[K->[m[KsendTransform(transform_stamped);
[78.093s]       |                  [01;31m[K^~[m[K
[78.096s] [01m[K/home/robodog/RoboDog/ros2_ws/src/motion_cmd/src/motion_cmd.cpp:693:18:[m[K [01;31m[Kerror: [m[Kbase operand of â€˜[01m[K->[m[Kâ€™ has non-pointer type â€˜[01m[Ktf2_ros::TransformBroadcaster[m[Kâ€™
[78.099s]   693 |     transform_br_[01;31m[K->[m[KsendTransform(transform_stamped);
[78.103s]       |                  [01;31m[K^~[m[K
[78.106s] [01m[K/home/robodog/RoboDog/ros2_ws/src/motion_cmd/src/motion_cmd.cpp:701:18:[m[K [01;31m[Kerror: [m[Kbase operand of â€˜[01m[K->[m[Kâ€™ has non-pointer type â€˜[01m[Ktf2_ros::TransformBroadcaster[m[Kâ€™
[78.110s]   701 |     transform_br_[01;31m[K->[m[KsendTransform(transform_stamped);
[78.113s]       |                  [01;31m[K^~[m[K
[78.117s] [01m[K/home/robodog/RoboDog/ros2_ws/src/motion_cmd/src/motion_cmd.cpp:709:18:[m[K [01;31m[Kerror: [m[Kbase operand of â€˜[01m[K->[m[Kâ€™ has non-pointer type â€˜[01m[Ktf2_ros::TransformBroadcaster[m[Kâ€™
[78.120s]   709 |     transform_br_[01;31m[K->[m[KsendTransform(transform_stamped);
[78.123s]       |                  [01;31m[K^~[m[K
[79.237s] In file included from [01m[K/opt/ros/humble/include/rclcpp/rclcpp/node_interfaces/node_parameters_interface.hpp:28[m[K,
[79.238s]                  from [01m[K/opt/ros/humble/include/rclcpp/rclcpp/node.hpp:54[m[K,
[79.247s]                  from [01m[K/opt/ros/humble/include/rclcpp/rclcpp/executors/single_threaded_executor.hpp:28[m[K,
[79.248s]                  from [01m[K/opt/ros/humble/include/rclcpp/rclcpp/executors.hpp:22[m[K,
[79.248s]                  from [01m[K/opt/ros/humble/include/rclcpp/rclcpp/rclcpp.hpp:155[m[K,
[79.249s]                  from [01m[K/home/robodog/RoboDog/ros2_ws/src/motion_cmd/include/motion_cmd/motion_cmd.h:7[m[K,
[79.249s]                  from [01m[K/home/robodog/RoboDog/ros2_ws/src/motion_cmd/src/motion_cmd.cpp:1[m[K:
[79.250s] /opt/ros/humble/include/rclcpp/rclcpp/parameter.hpp: In instantiation of â€˜[01m[Kauto rclcpp::detail::get_value_helper(const rclcpp::Parameter*) [with T = std::map<std::__cxx11::basic_string<char>, float>][m[Kâ€™:
[79.250s] [01m[K/opt/ros/humble/include/rclcpp/rclcpp/parameter.hpp:274:39:[m[K   required from â€˜[01m[Kdecltype(auto) rclcpp::Parameter::get_value() const [with T = std::map<std::__cxx11::basic_string<char>, float>][m[Kâ€™
[79.251s] [01m[K/opt/ros/humble/include/rclcpp/rclcpp/node_impl.hpp:294:80:[m[K   required from â€˜[01m[Kbool rclcpp::Node::get_parameter(const string&, ParameterT&) const [with ParameterT = std::map<std::__cxx11::basic_string<char>, float>; std::string = std::__cxx11::basic_string<char>][m[Kâ€™
[79.251s] [01m[K/home/robodog/RoboDog/ros2_ws/src/motion_cmd/src/motion_cmd.cpp:383:22:[m[K   required from here
[79.252s] [01m[K/opt/ros/humble/include/rclcpp/rclcpp/parameter.hpp:239:49:[m[K [01;31m[Kerror: [m[Kno matching function for call to â€˜[01m[Krclcpp::ParameterValue::get<std::map<std::__cxx11::basic_string<char, std::char_traits<char>, std::allocator<char> >, float, std::less<std::__cxx11::basic_string<char, std::char_traits<char>, std::allocator<char> > >, std::allocator<std::pair<const std::__cxx11::basic_string<char, std::char_traits<char>, std::allocator<char> >, float> > > >() const[m[Kâ€™
[79.253s]   239 |   return [01;31m[Kparameter->get_parameter_value().get<T>()[m[K;
[79.254s]       |          [01;31m[K~~~~~~~~~~~~~~~~~~~~~~~~~~~~~~~~~~~~~~~^~[m[K
[79.257s] In file included from [01m[K/opt/ros/humble/include/rclcpp/rclcpp/parameter.hpp:26[m[K,
[79.258s]                  from [01m[K/opt/ros/humble/include/rclcpp/rclcpp/node_interfaces/node_parameters_interface.hpp:28[m[K,
[79.259s]                  from [01m[K/opt/ros/humble/include/rclcpp/rclcpp/node.hpp:54[m[K,
[79.260s]                  from [01m[K/opt/ros/humble/include/rclcpp/rclcpp/executors/single_threaded_executor.hpp:28[m[K,
[79.261s]                  from [01m[K/opt/ros/humble/include/rclcpp/rclcpp/executors.hpp:22[m[K,
[79.262s]                  from [01m[K/opt/ros/humble/include/rclcpp/rclcpp/rclcpp.hpp:155[m[K,
[79.263s]                  from [01m[K/home/robodog/RoboDog/ros2_ws/src/motion_cmd/include/motion_cmd/motion_cmd.h:7[m[K,
[79.264s]                  from [01m[K/home/robodog/RoboDog/ros2_ws/src/motion_cmd/src/motion_cmd.cpp:1[m[K:
[79.264s] [01m[K/opt/ros/humble/include/rclcpp/rclcpp/parameter_value.hpp:148:3:[m[K [01;36m[Knote: [m[Kcandidate: â€˜[01m[Ktemplate<rclcpp::ParameterType type> constexpr typename std::enable_if<(type == rclcpp::PARAMETER_BOOL), const bool&>::type rclcpp::ParameterValue::get() const[m[Kâ€™
[79.265s]   148 |   [01;36m[Kget[m[K() const
[79.265s]       |   [01;36m[K^~~[m[K
[79.266s] [01m[K/opt/ros/humble/include/rclcpp/rclcpp/parameter_value.hpp:148:3:[m[K [01;36m[Knote: [m[K  template argument deduction/substitution failed:
[79.267s] In file included from [01m[K/opt/ros/humble/include/rclcpp/rclcpp/node_interfaces/node_parameters_interface.hpp:28[m[K,
[79.269s]                  from [01m[K/opt/ros/humble/include/rclcpp/rclcpp/node.hpp:54[m[K,
[79.269s]                  from [01m[K/opt/ros/humble/include/rclcpp/rclcpp/executors/single_threaded_executor.hpp:28[m[K,
[79.270s]                  from [01m[K/opt/ros/humble/include/rclcpp/rclcpp/executors.hpp:22[m[K,
[79.270s]                  from [01m[K/opt/ros/humble/include/rclcpp/rclcpp/rclcpp.hpp:155[m[K,
[79.271s]                  from [01m[K/home/robodog/RoboDog/ros2_ws/src/motion_cmd/include/motion_cmd/motion_cmd.h:7[m[K,
[79.271s]                  from [01m[K/home/robodog/RoboDog/ros2_ws/src/motion_cmd/src/motion_cmd.cpp:1[m[K:
[79.272s] [01m[K/opt/ros/humble/include/rclcpp/rclcpp/parameter.hpp:239:49:[m[K [01;31m[Kerror: [m[Ktype/value mismatch at argument 1 in template parameter list for â€˜[01m[Ktemplate<rclcpp::ParameterType type> constexpr typename std::enable_if<(type == rclcpp::PARAMETER_BOOL), const bool&>::type rclcpp::ParameterValue::get() const[m[Kâ€™
[79.272s]   239 |   return [01;31m[Kparameter->get_parameter_value().get<T>()[m[K;
[79.273s]       |          [01;31m[K~~~~~~~~~~~~~~~~~~~~~~~~~~~~~~~~~~~~~~~^~[m[K
[79.273s] [01m[K/opt/ros/humble/include/rclcpp/rclcpp/parameter.hpp:239:49:[m[K [01;36m[Knote: [m[K  expected a constant of type â€˜[01m[Krclcpp::ParameterType[m[Kâ€™, got â€˜[01m[Kstd::map<std::__cxx11::basic_string<char>, float>[m[Kâ€™
[79.274s] In file included from [01m[K/opt/ros/humble/include/rclcpp/rclcpp/parameter.hpp:26[m[K,
[79.274s]                  from [01m[K/opt/ros/humble/include/rclcpp/rclcpp/node_interfaces/node_parameters_interface.hpp:28[m[K,
[79.275s]                  from [01m[K/opt/ros/humble/include/rclcpp/rclcpp/node.hpp:54[m[K,
[79.275s]                  from [01m[K/opt/ros/humble/include/rclcpp/rclcpp/executors/single_threaded_executor.hpp:28[m[K,
[79.276s]                  from [01m[K/opt/ros/humble/include/rclcpp/rclcpp/executors.hpp:22[m[K,
[79.277s]                  from [01m[K/opt/ros/humble/include/rclcpp/rclcpp/rclcpp.hpp:155[m[K,
[79.278s]                  from [01m[K/home/robodog/RoboDog/ros2_ws/src/motion_cmd/include/motion_cmd/motion_cmd.h:7[m[K,
[79.279s]                  from [01m[K/home/robodog/RoboDog/ros2_ws/src/motion_cmd/src/motion_cmd.cpp:1[m[K:
[79.280s] [01m[K/opt/ros/humble/include/rclcpp/rclcpp/parameter_value.hpp:159:3:[m[K [01;36m[Knote: [m[Kcandidate: â€˜[01m[Ktemplate<rclcpp::ParameterType type> constexpr typename std::enable_if<(type == rclcpp::PARAMETER_INTEGER), const long int&>::type rclcpp::ParameterValue::get() const[m[Kâ€™
[79.280s]   159 |   [01;36m[Kget[m[K() const
[79.281s]       |   [01;36m[K^~~[m[K
[79.281s] [01m[K/opt/ros/humble/include/rclcpp/rclcpp/parameter_value.hpp:159:3:[m[K [01;36m[Knote: [m[K  template argument deduction/substitution failed:
[79.282s] In file included from [01m[K/opt/ros/humble/include/rclcpp/rclcpp/node_interfaces/node_parameters_interface.hpp:28[m[K,
[79.283s]                  from [01m[K/opt/ros/humble/include/rclcpp/rclcpp/node.hpp:54[m[K,
[79.284s]                  from [01m[K/opt/ros/humble/include/rclcpp/rclcpp/executors/single_threaded_executor.hpp:28[m[K,
[79.285s]                  from [01m[K/opt/ros/humble/include/rclcpp/rclcpp/executors.hpp:22[m[K,
[79.285s]                  from [01m[K/opt/ros/humble/include/rclcpp/rclcpp/rclcpp.hpp:155[m[K,
[79.286s]                  from [01m[K/home/robodog/RoboDog/ros2_ws/src/motion_cmd/include/motion_cmd/motion_cmd.h:7[m[K,
[79.287s]                  from [01m[K/home/robodog/RoboDog/ros2_ws/src/motion_cmd/src/motion_cmd.cpp:1[m[K:
[79.287s] [01m[K/opt/ros/humble/include/rclcpp/rclcpp/parameter.hpp:239:49:[m[K [01;31m[Kerror: [m[Ktype/value mismatch at argument 1 in template parameter list for â€˜[01m[Ktemplate<rclcpp::ParameterType type> constexpr typename std::enable_if<(type == rclcpp::PARAMETER_INTEGER), const long int&>::type rclcpp::ParameterValue::get() const[m[Kâ€™
[79.288s]   239 |   return [01;31m[Kparameter->get_parameter_value().get<T>()[m[K;
[79.289s]       |          [01;31m[K~~~~~~~~~~~~~~~~~~~~~~~~~~~~~~~~~~~~~~~^~[m[K
[79.289s] [01m[K/opt/ros/humble/include/rclcpp/rclcpp/parameter.hpp:239:49:[m[K [01;36m[Knote: [m[K  expected a constant of type â€˜[01m[Krclcpp::ParameterType[m[Kâ€™, got â€˜[01m[Kstd::map<std::__cxx11::basic_string<char>, float>[m[Kâ€™
[79.290s] In file included from [01m[K/opt/ros/humble/include/rclcpp/rclcpp/parameter.hpp:26[m[K,
[79.290s]                  from [01m[K/opt/ros/humble/include/rclcpp/rclcpp/node_interfaces/node_parameters_interface.hpp:28[m[K,
[79.291s]                  from [01m[K/opt/ros/humble/include/rclcpp/rclcpp/node.hpp:54[m[K,
[79.291s]                  from [01m[K/opt/ros/humble/include/rclcpp/rclcpp/executors/single_threaded_executor.hpp:28[m[K,
[79.292s]                  from [01m[K/opt/ros/humble/include/rclcpp/rclcpp/executors.hpp:22[m[K,
[79.293s]                  from [01m[K/opt/ros/humble/include/rclcpp/rclcpp/rclcpp.hpp:155[m[K,
[79.293s]                  from [01m[K/home/robodog/RoboDog/ros2_ws/src/motion_cmd/include/motion_cmd/motion_cmd.h:7[m[K,
[79.294s]                  from [01m[K/home/robodog/RoboDog/ros2_ws/src/motion_cmd/src/motion_cmd.cpp:1[m[K:
[79.295s] [01m[K/opt/ros/humble/include/rclcpp/rclcpp/parameter_value.hpp:170:3:[m[K [01;36m[Knote: [m[Kcandidate: â€˜[01m[Ktemplate<rclcpp::ParameterType type> constexpr typename std::enable_if<(type == rclcpp::PARAMETER_DOUBLE), const double&>::type rclcpp::ParameterValue::get() const[m[Kâ€™
[79.296s]   170 |   [01;36m[Kget[m[K() const
[79.297s]       |   [01;36m[K^~~[m[K
[79.298s] [01m[K/opt/ros/humble/include/rclcpp/rclcpp/parameter_value.hpp:170:3:[m[K [01;36m[Knote: [m[K  template argument deduction/substitution failed:
[79.300s] In file included from [01m[K/opt/ros/humble/include/rclcpp/rclcpp/node_interfaces/node_parameters_interface.hpp:28[m[K,
[79.302s]                  from [01m[K/opt/ros/humble/include/rclcpp/rclcpp/node.hpp:54[m[K,
[79.303s]                  from [01m[K/opt/ros/humble/include/rclcpp/rclcpp/executors/single_threaded_executor.hpp:28[m[K,
[79.304s]                  from [01m[K/opt/ros/humble/include/rclcpp/rclcpp/executors.hpp:22[m[K,
[79.306s]                  from [01m[K/opt/ros/humble/include/rclcpp/rclcpp/rclcpp.hpp:155[m[K,
[79.307s]                  from [01m[K/home/robodog/RoboDog/ros2_ws/src/motion_cmd/include/motion_cmd/motion_cmd.h:7[m[K,
[79.307s]                  from [01m[K/home/robodog/RoboDog/ros2_ws/src/motion_cmd/src/motion_cmd.cpp:1[m[K:
[79.308s] [01m[K/opt/ros/humble/include/rclcpp/rclcpp/parameter.hpp:239:49:[m[K [01;31m[Kerror: [m[Ktype/value mismatch at argument 1 in template parameter list for â€˜[01m[Ktemplate<rclcpp::ParameterType type> constexpr typename std::enable_if<(type == rclcpp::PARAMETER_DOUBLE), const double&>::type rclcpp::ParameterValue::get() const[m[Kâ€™
[79.308s]   239 |   return [01;31m[Kparameter->get_parameter_value().get<T>()[m[K;
[79.309s]       |          [01;31m[K~~~~~~~~~~~~~~~~~~~~~~~~~~~~~~~~~~~~~~~^~[m[K
[79.309s] [01m[K/opt/ros/humble/include/rclcpp/rclcpp/parameter.hpp:239:49:[m[K [01;36m[Knote: [m[K  expected a constant of type â€˜[01m[Krclcpp::ParameterType[m[Kâ€™, got â€˜[01m[Kstd::map<std::__cxx11::basic_string<char>, float>[m[Kâ€™
[79.310s] In file included from [01m[K/opt/ros/humble/include/rclcpp/rclcpp/parameter.hpp:26[m[K,
[79.310s]                  from [01m[K/opt/ros/humble/include/rclcpp/rclcpp/node_interfaces/node_parameters_interface.hpp:28[m[K,
[79.311s]                  from [01m[K/opt/ros/humble/include/rclcpp/rclcpp/node.hpp:54[m[K,
[79.311s]                  from [01m[K/opt/ros/humble/include/rclcpp/rclcpp/executors/single_threaded_executor.hpp:28[m[K,
[79.311s]                  from [01m[K/opt/ros/humble/include/rclcpp/rclcpp/executors.hpp:22[m[K,
[79.312s]                  from [01m[K/opt/ros/humble/include/rclcpp/rclcpp/rclcpp.hpp:155[m[K,
[79.312s]                  from [01m[K/home/robodog/RoboDog/ros2_ws/src/motion_cmd/include/motion_cmd/motion_cmd.h:7[m[K,
[79.313s]                  from [01m[K/home/robodog/RoboDog/ros2_ws/src/motion_cmd/src/motion_cmd.cpp:1[m[K:
[79.313s] [01m[K/opt/ros/humble/include/rclcpp/rclcpp/parameter_value.hpp:181:3:[m[K [01;36m[Knote: [m[Kcandidate: â€˜[01m[Ktemplate<rclcpp::ParameterType type> constexpr typename std::enable_if<(type == rclcpp::PARAMETER_STRING), const std::__cxx11::basic_string<char>&>::type rclcpp::ParameterValue::get() const[m[Kâ€™
[79.314s]   181 |   [01;36m[Kget[m[K() const
[79.314s]       |   [01;36m[K^~~[m[K
[79.315s] [01m[K/opt/ros/humble/include/rclcpp/rclcpp/parameter_value.hpp:181:3:[m[K [01;36m[Knote: [m[K  template argument deduction/substitution failed:
[79.315s] In file included from [01m[K/opt/ros/humble/include/rclcpp/rclcpp/node_interfaces/node_parameters_interface.hpp:28[m[K,
[79.316s]                  from [01m[K/opt/ros/humble/include/rclcpp/rclcpp/node.hpp:54[m[K,
[79.317s]                  from [01m[K/opt/ros/humble/include/rclcpp/rclcpp/executors/single_threaded_executor.hpp:28[m[K,
[79.318s]                  from [01m[K/opt/ros/humble/include/rclcpp/rclcpp/executors.hpp:22[m[K,
[79.324s]                  from [01m[K/opt/ros/humble/include/rclcpp/rclcpp/rclcpp.hpp:155[m[K,
[79.325s]                  from [01m[K/home/robodog/RoboDog/ros2_ws/src/motion_cmd/include/motion_cmd/motion_cmd.h:7[m[K,
[79.325s]                  from [01m[K/home/robodog/RoboDog/ros2_ws/src/motion_cmd/src/motion_cmd.cpp:1[m[K:
[79.325s] [01m[K/opt/ros/humble/include/rclcpp/rclcpp/parameter.hpp:239:49:[m[K [01;31m[Kerror: [m[Ktype/value mismatch at argument 1 in template parameter list for â€˜[01m[Ktemplate<rclcpp::ParameterType type> constexpr typename std::enable_if<(type == rclcpp::PARAMETER_STRING), const std::__cxx11::basic_string<char>&>::type rclcpp::ParameterValue::get() const[m[Kâ€™
[79.326s]   239 |   return [01;31m[Kparameter->get_parameter_value().get<T>()[m[K;
[79.327s]       |          [01;31m[K~~~~~~~~~~~~~~~~~~~~~~~~~~~~~~~~~~~~~~~^~[m[K
[79.327s] [01m[K/opt/ros/humble/include/rclcpp/rclcpp/parameter.hpp:239:49:[m[K [01;36m[Knote: [m[K  expected a constant of type â€˜[01m[Krclcpp::ParameterType[m[Kâ€™, got â€˜[01m[Kstd::map<std::__cxx11::basic_string<char>, float>[m[Kâ€™
[79.328s] In file included from [01m[K/opt/ros/humble/include/rclcpp/rclcpp/parameter.hpp:26[m[K,
[79.329s]                  from [01m[K/opt/ros/humble/include/rclcpp/rclcpp/node_interfaces/node_parameters_interface.hpp:28[m[K,
[79.329s]                  from [01m[K/opt/ros/humble/include/rclcpp/rclcpp/node.hpp:54[m[K,
[79.330s]                  from [01m[K/opt/ros/humble/include/rclcpp/rclcpp/executors/single_threaded_executor.hpp:28[m[K,
[79.331s]                  from [01m[K/opt/ros/humble/include/rclcpp/rclcpp/executors.hpp:22[m[K,
[79.331s]                  from [01m[K/opt/ros/humble/include/rclcpp/rclcpp/rclcpp.hpp:155[m[K,
[79.332s]                  from [01m[K/home/robodog/RoboDog/ros2_ws/src/motion_cmd/include/motion_cmd/motion_cmd.h:7[m[K,
[79.333s]                  from [01m[K/home/robodog/RoboDog/ros2_ws/src/motion_cmd/src/motion_cmd.cpp:1[m[K:
[79.333s] [01m[K/opt/ros/humble/include/rclcpp/rclcpp/parameter_value.hpp:193:3:[m[K [01;36m[Knote: [m[Kcandidate: â€˜[01m[Ktemplate<rclcpp::ParameterType type> constexpr typename std::enable_if<(type == rclcpp::PARAMETER_BYTE_ARRAY), const std::vector<unsigned char, std::allocator<unsigned char> >&>::type rclcpp::ParameterValue::get() const[m[Kâ€™
[79.334s]   193 |   [01;36m[Kget[m[K() const
[79.335s]       |   [01;36m[K^~~[m[K
[79.335s] [01m[K/opt/ros/humble/include/rclcpp/rclcpp/parameter_value.hpp:193:3:[m[K [01;36m[Knote: [m[K  template argument deduction/substitution failed:
[79.336s] In file included from [01m[K/opt/ros/humble/include/rclcpp/rclcpp/node_interfaces/node_parameters_interface.hpp:28[m[K,
[79.336s]                  from [01m[K/opt/ros/humble/include/rclcpp/rclcpp/node.hpp:54[m[K,
[79.336s]                  from [01m[K/opt/ros/humble/include/rclcpp/rclcpp/executors/single_threaded_executor.hpp:28[m[K,
[79.337s]                  from [01m[K/opt/ros/humble/include/rclcpp/rclcpp/executors.hpp:22[m[K,
[79.338s]                  from [01m[K/opt/ros/humble/include/rclcpp/rclcpp/rclcpp.hpp:155[m[K,
[79.338s]                  from [01m[K/home/robodog/RoboDog/ros2_ws/src/motion_cmd/include/motion_cmd/motion_cmd.h:7[m[K,
[79.339s]                  from [01m[K/home/robodog/RoboDog/ros2_ws/src/motion_cmd/src/motion_cmd.cpp:1[m[K:
[79.339s] [01m[K/opt/ros/humble/include/rclcpp/rclcpp/parameter.hpp:239:49:[m[K [01;31m[Kerror: [m[Ktype/value mismatch at argument 1 in template parameter list for â€˜[01m[Ktemplate<rclcpp::ParameterType type> constexpr typename std::enable_if<(type == rclcpp::PARAMETER_BYTE_ARRAY), const std::vector<unsigned char, std::allocator<unsigned char> >&>::type rclcpp::ParameterValue::get() const[m[Kâ€™
[79.340s]   239 |   return [01;31m[Kparameter->get_parameter_value().get<T>()[m[K;
[79.340s]       |          [01;31m[K~~~~~~~~~~~~~~~~~~~~~~~~~~~~~~~~~~~~~~~^~[m[K
[79.341s] [01m[K/opt/ros/humble/include/rclcpp/rclcpp/parameter.hpp:239:49:[m[K [01;36m[Knote: [m[K  expected a constant of type â€˜[01m[Krclcpp::ParameterType[m[Kâ€™, got â€˜[01m[Kstd::map<std::__cxx11::basic_string<char>, float>[m[Kâ€™
[79.342s] In file included from [01m[K/opt/ros/humble/include/rclcpp/rclcpp/parameter.hpp:26[m[K,
[79.342s]                  from [01m[K/opt/ros/humble/include/rclcpp/rclcpp/node_interfaces/node_parameters_interface.hpp:28[m[K,
[79.343s]                  from [01m[K/opt/ros/humble/include/rclcpp/rclcpp/node.hpp:54[m[K,
[79.344s]                  from [01m[K/opt/ros/humble/include/rclcpp/rclcpp/executors/single_threaded_executor.hpp:28[m[K,
[79.344s]                  from [01m[K/opt/ros/humble/include/rclcpp/rclcpp/executors.hpp:22[m[K,
[79.345s]                  from [01m[K/opt/ros/humble/include/rclcpp/rclcpp/rclcpp.hpp:155[m[K,
[79.345s]                  from [01m[K/home/robodog/RoboDog/ros2_ws/src/motion_cmd/include/motion_cmd/motion_cmd.h:7[m[K,
[79.346s]                  from [01m[K/home/robodog/RoboDog/ros2_ws/src/motion_cmd/src/motion_cmd.cpp:1[m[K:
[79.346s] [01m[K/opt/ros/humble/include/rclcpp/rclcpp/parameter_value.hpp:205:3:[m[K [01;36m[Knote: [m[Kcandidate: â€˜[01m[Ktemplate<rclcpp::ParameterType type> constexpr typename std::enable_if<(type == rclcpp::PARAMETER_BOOL_ARRAY), const std::vector<bool, std::allocator<bool> >&>::type rclcpp::ParameterValue::get() const[m[Kâ€™
[79.347s]   205 |   [01;36m[Kget[m[K() const
[79.347s]       |   [01;36m[K^~~[m[K
[79.348s] [01m[K/opt/ros/humble/include/rclcpp/rclcpp/parameter_value.hpp:205:3:[m[K [01;36m[Knote: [m[K  template argument deduction/substitution failed:
[79.348s] In file included from [01m[K/opt/ros/humble/include/rclcpp/rclcpp/node_interfaces/node_parameters_interface.hpp:28[m[K,
[79.348s]                  from [01m[K/opt/ros/humble/include/rclcpp/rclcpp/node.hpp:54[m[K,
[79.349s]                  from [01m[K/opt/ros/humble/include/rclcpp/rclcpp/executors/single_threaded_executor.hpp:28[m[K,
[79.350s]                  from [01m[K/opt/ros/humble/include/rclcpp/rclcpp/executors.hpp:22[m[K,
[79.351s]                  from [01m[K/opt/ros/humble/include/rclcpp/rclcpp/rclcpp.hpp:155[m[K,
[79.351s]                  from [01m[K/home/robodog/RoboDog/ros2_ws/src/motion_cmd/include/motion_cmd/motion_cmd.h:7[m[K,
[79.352s]                  from [01m[K/home/robodog/RoboDog/ros2_ws/src/motion_cmd/src/motion_cmd.cpp:1[m[K:
[79.352s] [01m[K/opt/ros/humble/include/rclcpp/rclcpp/parameter.hpp:239:49:[m[K [01;31m[Kerror: [m[Ktype/value mismatch at argument 1 in template parameter list for â€˜[01m[Ktemplate<rclcpp::ParameterType type> constexpr typename std::enable_if<(type == rclcpp::PARAMETER_BOOL_ARRAY), const std::vector<bool, std::allocator<bool> >&>::type rclcpp::ParameterValue::get() const[m[Kâ€™
[79.353s]   239 |   return [01;31m[Kparameter->get_parameter_value().get<T>()[m[K;
[79.354s]       |          [01;31m[K~~~~~~~~~~~~~~~~~~~~~~~~~~~~~~~~~~~~~~~^~[m[K
[79.355s] [01m[K/opt/ros/humble/include/rclcpp/rclcpp/parameter.hpp:239:49:[m[K [01;36m[Knote: [m[K  expected a constant of type â€˜[01m[Krclcpp::ParameterType[m[Kâ€™, got â€˜[01m[Kstd::map<std::__cxx11::basic_string<char>, float>[m[Kâ€™
[79.355s] In file included from [01m[K/opt/ros/humble/include/rclcpp/rclcpp/parameter.hpp:26[m[K,
[79.356s]                  from [01m[K/opt/ros/humble/include/rclcpp/rclcpp/node_interfaces/node_parameters_interface.hpp:28[m[K,
[79.356s]                  from [01m[K/opt/ros/humble/include/rclcpp/rclcpp/node.hpp:54[m[K,
[79.357s]                  from [01m[K/opt/ros/humble/include/rclcpp/rclcpp/executors/single_threaded_executor.hpp:28[m[K,
[79.357s]                  from [01m[K/opt/ros/humble/include/rclcpp/rclcpp/executors.hpp:22[m[K,
[79.358s]                  from [01m[K/opt/ros/humble/include/rclcpp/rclcpp/rclcpp.hpp:155[m[K,
[79.358s]                  from [01m[K/home/robodog/RoboDog/ros2_ws/src/motion_cmd/include/motion_cmd/motion_cmd.h:7[m[K,
[79.359s]                  from [01m[K/home/robodog/RoboDog/ros2_ws/src/motion_cmd/src/motion_cmd.cpp:1[m[K:
[79.359s] [01m[K/opt/ros/humble/include/rclcpp/rclcpp/parameter_value.hpp:217:3:[m[K [01;36m[Knote: [m[Kcandidate: â€˜[01m[Ktemplate<rclcpp::ParameterType type> constexpr typename std::enable_if<(type == rclcpp::PARAMETER_INTEGER_ARRAY), const std::vector<long int, std::allocator<long int> >&>::type rclcpp::ParameterValue::get() const[m[Kâ€™
[79.359s]   217 |   [01;36m[Kget[m[K() const
[79.360s]       |   [01;36m[K^~~[m[K
[79.360s] [01m[K/opt/ros/humble/include/rclcpp/rclcpp/parameter_value.hpp:217:3:[m[K [01;36m[Knote: [m[K  template argument deduction/substitution failed:
[79.361s] In file included from [01m[K/opt/ros/humble/include/rclcpp/rclcpp/node_interfaces/node_parameters_interface.hpp:28[m[K,
[79.361s]                  from [01m[K/opt/ros/humble/include/rclcpp/rclcpp/node.hpp:54[m[K,
[79.362s]                  from [01m[K/opt/ros/humble/include/rclcpp/rclcpp/executors/single_threaded_executor.hpp:28[m[K,
[79.362s]                  from [01m[K/opt/ros/humble/include/rclcpp/rclcpp/executors.hpp:22[m[K,
[79.363s]                  from [01m[K/opt/ros/humble/include/rclcpp/rclcpp/rclcpp.hpp:155[m[K,
[79.363s]                  from [01m[K/home/robodog/RoboDog/ros2_ws/src/motion_cmd/include/motion_cmd/motion_cmd.h:7[m[K,
[79.363s]                  from [01m[K/home/robodog/RoboDog/ros2_ws/src/motion_cmd/src/motion_cmd.cpp:1[m[K:
[79.364s] [01m[K/opt/ros/humble/include/rclcpp/rclcpp/parameter.hpp:239:49:[m[K [01;31m[Kerror: [m[Ktype/value mismatch at argument 1 in template parameter list for â€˜[01m[Ktemplate<rclcpp::ParameterType type> constexpr typename std::enable_if<(type == rclcpp::PARAMETER_INTEGER_ARRAY), const std::vector<long int, std::allocator<long int> >&>::type rclcpp::ParameterValue::get() const[m[Kâ€™
[79.365s]   239 |   return [01;31m[Kparameter->get_parameter_value().get<T>()[m[K;
[79.365s]       |          [01;31m[K~~~~~~~~~~~~~~~~~~~~~~~~~~~~~~~~~~~~~~~^~[m[K
[79.378s] [01m[K/opt/ros/humble/include/rclcpp/rclcpp/parameter.hpp:239:49:[m[K [01;36m[Knote: [m[K  expected a constant of type â€˜[01m[Krclcpp::ParameterType[m[Kâ€™, got â€˜[01m[Kstd::map<std::__cxx11::basic_string<char>, float>[m[Kâ€™
[79.381s] In file included from [01m[K/opt/ros/humble/include/rclcpp/rclcpp/parameter.hpp:26[m[K,
[79.387s]                  from [01m[K/opt/ros/humble/include/rclcpp/rclcpp/node_interfaces/node_parameters_interface.hpp:28[m[K,
[79.390s]                  from [01m[K/opt/ros/humble/include/rclcpp/rclcpp/node.hpp:54[m[K,
[79.394s]                  from [01m[K/opt/ros/humble/include/rclcpp/rclcpp/executors/single_threaded_executor.hpp:28[m[K,
[79.404s]                  from [01m[K/opt/ros/humble/include/rclcpp/rclcpp/executors.hpp:22[m[K,
[79.408s]                  from [01m[K/opt/ros/humble/include/rclcpp/rclcpp/rclcpp.hpp:155[m[K,
[79.412s]                  from [01m[K/home/robodog/RoboDog/ros2_ws/src/motion_cmd/include/motion_cmd/motion_cmd.h:7[m[K,
[79.416s]                  from [01m[K/home/robodog/RoboDog/ros2_ws/src/motion_cmd/src/motion_cmd.cpp:1[m[K:
[79.420s] [01m[K/opt/ros/humble/include/rclcpp/rclcpp/parameter_value.hpp:229:3:[m[K [01;36m[Knote: [m[Kcandidate: â€˜[01m[Ktemplate<rclcpp::ParameterType type> constexpr typename std::enable_if<(type == rclcpp::PARAMETER_DOUBLE_ARRAY), const std::vector<double, std::allocator<double> >&>::type rclcpp::ParameterValue::get() const[m[Kâ€™
[79.424s]   229 |   [01;36m[Kget[m[K() const
[79.428s]       |   [01;36m[K^~~[m[K
[79.432s] [01m[K/opt/ros/humble/include/rclcpp/rclcpp/parameter_value.hpp:229:3:[m[K [01;36m[Knote: [m[K  template argument deduction/substitution failed:
[79.436s] In file included from [01m[K/opt/ros/humble/include/rclcpp/rclcpp/node_interfaces/node_parameters_interface.hpp:28[m[K,
[79.440s]                  from [01m[K/opt/ros/humble/include/rclcpp/rclcpp/node.hpp:54[m[K,
[79.445s]                  from [01m[K/opt/ros/humble/include/rclcpp/rclcpp/executors/single_threaded_executor.hpp:28[m[K,
[79.449s]                  from [01m[K/opt/ros/humble/include/rclcpp/rclcpp/executors.hpp:22[m[K,
[79.453s]                  from [01m[K/opt/ros/humble/include/rclcpp/rclcpp/rclcpp.hpp:155[m[K,
[79.456s]                  from [01m[K/home/robodog/RoboDog/ros2_ws/src/motion_cmd/include/motion_cmd/motion_cmd.h:7[m[K,
[79.460s]                  from [01m[K/home/robodog/RoboDog/ros2_ws/src/motion_cmd/src/motion_cmd.cpp:1[m[K:
[79.465s] [01m[K/opt/ros/humble/include/rclcpp/rclcpp/parameter.hpp:239:49:[m[K [01;31m[Kerror: [m[Ktype/value mismatch at argument 1 in template parameter list for â€˜[01m[Ktemplate<rclcpp::ParameterType type> constexpr typename std::enable_if<(type == rclcpp::PARAMETER_DOUBLE_ARRAY), const std::vector<double, std::allocator<double> >&>::type rclcpp::ParameterValue::get() const[m[Kâ€™
[79.469s]   239 |   return [01;31m[Kparameter->get_parameter_value().get<T>()[m[K;
[79.473s]       |          [01;31m[K~~~~~~~~~~~~~~~~~~~~~~~~~~~~~~~~~~~~~~~^~[m[K
[79.477s] [01m[K/opt/ros/humble/include/rclcpp/rclcpp/parameter.hpp:239:49:[m[K [01;36m[Knote: [m[K  expected a constant of type â€˜[01m[Krclcpp::ParameterType[m[Kâ€™, got â€˜[01m[Kstd::map<std::__cxx11::basic_string<char>, float>[m[Kâ€™
[79.481s] In file included from [01m[K/opt/ros/humble/include/rclcpp/rclcpp/parameter.hpp:26[m[K,
[79.486s]                  from [01m[K/opt/ros/humble/include/rclcpp/rclcpp/node_interfaces/node_parameters_interface.hpp:28[m[K,
[79.490s]                  from [01m[K/opt/ros/humble/include/rclcpp/rclcpp/node.hpp:54[m[K,
[79.494s]                  from [01m[K/opt/ros/humble/include/rclcpp/rclcpp/executors/single_threaded_executor.hpp:28[m[K,
[79.498s]                  from [01m[K/opt/ros/humble/include/rclcpp/rclcpp/executors.hpp:22[m[K,
[79.503s]                  from [01m[K/opt/ros/humble/include/rclcpp/rclcpp/rclcpp.hpp:155[m[K,
[79.507s]                  from [01m[K/home/robodog/RoboDog/ros2_ws/src/motion_cmd/include/motion_cmd/motion_cmd.h:7[m[K,
[79.511s]                  from [01m[K/home/robodog/RoboDog/ros2_ws/src/motion_cmd/src/motion_cmd.cpp:1[m[K:
[79.515s] [01m[K/opt/ros/humble/include/rclcpp/rclcpp/parameter_value.hpp:241:3:[m[K [01;36m[Knote: [m[Kcandidate: â€˜[01m[Ktemplate<rclcpp::ParameterType type> constexpr typename std::enable_if<(type == rclcpp::PARAMETER_STRING_ARRAY), const std::vector<std::__cxx11::basic_string<char> >&>::type rclcpp::ParameterValue::get() const[m[Kâ€™
[79.518s]   241 |   [01;36m[Kget[m[K() const
[79.521s]       |   [01;36m[K^~~[m[K
[79.524s] [01m[K/opt/ros/humble/include/rclcpp/rclcpp/parameter_value.hpp:241:3:[m[K [01;36m[Knote: [m[K  template argument deduction/substitution failed:
[79.527s] In file included from [01m[K/opt/ros/humble/include/rclcpp/rclcpp/node_interfaces/node_parameters_interface.hpp:28[m[K,
[79.529s]                  from [01m[K/opt/ros/humble/include/rclcpp/rclcpp/node.hpp:54[m[K,
[79.533s]                  from [01m[K/opt/ros/humble/include/rclcpp/rclcpp/executors/single_threaded_executor.hpp:28[m[K,
[79.536s]                  from [01m[K/opt/ros/humble/include/rclcpp/rclcpp/executors.hpp:22[m[K,
[79.538s]                  from [01m[K/opt/ros/humble/include/rclcpp/rclcpp/rclcpp.hpp:155[m[K,
[79.541s]                  from [01m[K/home/robodog/RoboDog/ros2_ws/src/motion_cmd/include/motion_cmd/motion_cmd.h:7[m[K,
[79.545s]                  from [01m[K/home/robodog/RoboDog/ros2_ws/src/motion_cmd/src/motion_cmd.cpp:1[m[K:
[79.549s] [01m[K/opt/ros/humble/include/rclcpp/rclcpp/parameter.hpp:239:49:[m[K [01;31m[Kerror: [m[Ktype/value mismatch at argument 1 in template parameter list for â€˜[01m[Ktemplate<rclcpp::ParameterType type> constexpr typename std::enable_if<(type == rclcpp::PARAMETER_STRING_ARRAY), const std::vector<std::__cxx11::basic_string<char> >&>::type rclcpp::ParameterValue::get() const[m[Kâ€™
[79.553s]   239 |   return [01;31m[Kparameter->get_parameter_value().get<T>()[m[K;
[79.557s]       |          [01;31m[K~~~~~~~~~~~~~~~~~~~~~~~~~~~~~~~~~~~~~~~^~[m[K
[79.562s] [01m[K/opt/ros/humble/include/rclcpp/rclcpp/parameter.hpp:239:49:[m[K [01;36m[Knote: [m[K  expected a constant of type â€˜[01m[Krclcpp::ParameterType[m[Kâ€™, got â€˜[01m[Kstd::map<std::__cxx11::basic_string<char>, float>[m[Kâ€™
[79.566s] In file included from [01m[K/opt/ros/humble/include/rclcpp/rclcpp/parameter.hpp:26[m[K,
[79.570s]                  from [01m[K/opt/ros/humble/include/rclcpp/rclcpp/node_interfaces/node_parameters_interface.hpp:28[m[K,
[79.575s]                  from [01m[K/opt/ros/humble/include/rclcpp/rclcpp/node.hpp:54[m[K,
[79.579s]                  from [01m[K/opt/ros/humble/include/rclcpp/rclcpp/executors/single_threaded_executor.hpp:28[m[K,
[79.584s]                  from [01m[K/opt/ros/humble/include/rclcpp/rclcpp/executors.hpp:22[m[K,
[79.590s]                  from [01m[K/opt/ros/humble/include/rclcpp/rclcpp/rclcpp.hpp:155[m[K,
[79.594s]                  from [01m[K/home/robodog/RoboDog/ros2_ws/src/motion_cmd/include/motion_cmd/motion_cmd.h:7[m[K,
[79.598s]                  from [01m[K/home/robodog/RoboDog/ros2_ws/src/motion_cmd/src/motion_cmd.cpp:1[m[K:
[79.602s] [01m[K/opt/ros/humble/include/rclcpp/rclcpp/parameter_value.hpp:254:3:[m[K [01;36m[Knote: [m[Kcandidate: â€˜[01m[Ktemplate<class type> constexpr typename std::enable_if<std::is_same<T, bool>::value, const bool&>::type rclcpp::ParameterValue::get() const[m[Kâ€™
[79.606s]   254 |   [01;36m[Kget[m[K() const
[79.610s]       |   [01;36m[K^~~[m[K
[79.614s] [01m[K/opt/ros/humble/include/rclcpp/rclcpp/parameter_value.hpp:254:3:[m[K [01;36m[Knote: [m[K  template argument deduction/substitution failed:
[79.619s] /opt/ros/humble/include/rclcpp/rclcpp/parameter_value.hpp: In substitution of â€˜[01m[Ktemplate<class type> constexpr typename std::enable_if<std::is_same<T, bool>::value, const bool&>::type rclcpp::ParameterValue::get() const [with type = std::map<std::__cxx11::basic_string<char>, float>][m[Kâ€™:
[79.623s] [01m[K/opt/ros/humble/include/rclcpp/rclcpp/parameter.hpp:239:49:[m[K   required from â€˜[01m[Kauto rclcpp::detail::get_value_helper(const rclcpp::Parameter*) [with T = std::map<std::__cxx11::basic_string<char>, float>][m[Kâ€™
[79.628s] [01m[K/opt/ros/humble/include/rclcpp/rclcpp/parameter.hpp:274:39:[m[K   required from â€˜[01m[Kdecltype(auto) rclcpp::Parameter::get_value() const [with T = std::map<std::__cxx11::basic_string<char>, float>][m[Kâ€™
[79.632s] [01m[K/opt/ros/humble/include/rclcpp/rclcpp/node_impl.hpp:294:80:[m[K   required from â€˜[01m[Kbool rclcpp::Node::get_parameter(const string&, ParameterT&) const [with ParameterT = std::map<std::__cxx11::basic_string<char>, float>; std::string = std::__cxx11::basic_string<char>][m[Kâ€™
[79.637s] [01m[K/home/robodog/RoboDog/ros2_ws/src/motion_cmd/src/motion_cmd.cpp:383:22:[m[K   required from here
[79.641s] [01m[K/opt/ros/humble/include/rclcpp/rclcpp/parameter_value.hpp:254:3:[m[K [01;31m[Kerror: [m[Kno type named â€˜[01m[Ktype[m[Kâ€™ in â€˜[01m[Kstruct std::enable_if<false, const bool&>[m[Kâ€™
[79.645s] /opt/ros/humble/include/rclcpp/rclcpp/parameter.hpp: In instantiation of â€˜[01m[Kauto rclcpp::detail::get_value_helper(const rclcpp::Parameter*) [with T = std::map<std::__cxx11::basic_string<char>, float>][m[Kâ€™:
[79.648s] [01m[K/opt/ros/humble/include/rclcpp/rclcpp/parameter.hpp:274:39:[m[K   required from â€˜[01m[Kdecltype(auto) rclcpp::Parameter::get_value() const [with T = std::map<std::__cxx11::basic_string<char>, float>][m[Kâ€™
[79.651s] [01m[K/opt/ros/humble/include/rclcpp/rclcpp/node_impl.hpp:294:80:[m[K   required from â€˜[01m[Kbool rclcpp::Node::get_parameter(const string&, ParameterT&) const [with ParameterT = std::map<std::__cxx11::basic_string<char>, float>; std::string = std::__cxx11::basic_string<char>][m[Kâ€™
[79.654s] [01m[K/home/robodog/RoboDog/ros2_ws/src/motion_cmd/src/motion_cmd.cpp:383:22:[m[K   required from here
[79.657s] [01m[K/opt/ros/humble/include/rclcpp/rclcpp/parameter_value.hpp:263:3:[m[K [01;36m[Knote: [m[Kcandidate: â€˜[01m[Ktemplate<class type> constexpr typename std::enable_if<(std::is_integral<_Tp>::value && (! std::is_same<T, bool>::value)), const long int&>::type rclcpp::ParameterValue::get() const[m[Kâ€™
[79.660s]   263 |   [01;36m[Kget[m[K() const
[79.663s]       |   [01;36m[K^~~[m[K
[79.666s] [01m[K/opt/ros/humble/include/rclcpp/rclcpp/parameter_value.hpp:263:3:[m[K [01;36m[Knote: [m[K  template argument deduction/substitution failed:
[79.669s] /opt/ros/humble/include/rclcpp/rclcpp/parameter_value.hpp: In substitution of â€˜[01m[Ktemplate<class type> constexpr typename std::enable_if<(std::is_integral<_Tp>::value && (! std::is_same<T, bool>::value)), const long int&>::type rclcpp::ParameterValue::get() const [with type = std::map<std::__cxx11::basic_string<char>, float>][m[Kâ€™:
[79.672s] [01m[K/opt/ros/humble/include/rclcpp/rclcpp/parameter.hpp:239:49:[m[K   required from â€˜[01m[Kauto rclcpp::detail::get_value_helper(const rclcpp::Parameter*) [with T = std::map<std::__cxx11::basic_string<char>, float>][m[Kâ€™
[79.675s] [01m[K/opt/ros/humble/include/rclcpp/rclcpp/parameter.hpp:274:39:[m[K   required from â€˜[01m[Kdecltype(auto) rclcpp::Parameter::get_value() const [with T = std::map<std::__cxx11::basic_string<char>, float>][m[Kâ€™
[79.678s] [01m[K/opt/ros/humble/include/rclcpp/rclcpp/node_impl.hpp:294:80:[m[K   required from â€˜[01m[Kbool rclcpp::Node::get_parameter(const string&, ParameterT&) const [with ParameterT = std::map<std::__cxx11::basic_string<char>, float>; std::string = std::__cxx11::basic_string<char>][m[Kâ€™
[79.681s] [01m[K/home/robodog/RoboDog/ros2_ws/src/motion_cmd/src/motion_cmd.cpp:383:22:[m[K   required from here
[79.684s] [01m[K/opt/ros/humble/include/rclcpp/rclcpp/parameter_value.hpp:263:3:[m[K [01;31m[Kerror: [m[Kno type named â€˜[01m[Ktype[m[Kâ€™ in â€˜[01m[Kstruct std::enable_if<false, const long int&>[m[Kâ€™
[79.687s] /opt/ros/humble/include/rclcpp/rclcpp/parameter.hpp: In instantiation of â€˜[01m[Kauto rclcpp::detail::get_value_helper(const rclcpp::Parameter*) [with T = std::map<std::__cxx11::basic_string<char>, float>][m[Kâ€™:
[79.691s] [01m[K/opt/ros/humble/include/rclcpp/rclcpp/parameter.hpp:274:39:[m[K   required from â€˜[01m[Kdecltype(auto) rclcpp::Parameter::get_value() const [with T = std::map<std::__cxx11::basic_string<char>, float>][m[Kâ€™
[79.694s] [01m[K/opt/ros/humble/include/rclcpp/rclcpp/node_impl.hpp:294:80:[m[K   required from â€˜[01m[Kbool rclcpp::Node::get_parameter(const string&, ParameterT&) const [with ParameterT = std::map<std::__cxx11::basic_string<char>, float>; std::string = std::__cxx11::basic_string<char>][m[Kâ€™
[79.696s] [01m[K/home/robodog/RoboDog/ros2_ws/src/motion_cmd/src/motion_cmd.cpp:383:22:[m[K   required from here
[79.697s] [01m[K/opt/ros/humble/include/rclcpp/rclcpp/parameter_value.hpp:271:3:[m[K [01;36m[Knote: [m[Kcandidate: â€˜[01m[Ktemplate<class type> constexpr typename std::enable_if<std::is_floating_point<_Tp>::value, const double&>::type rclcpp::ParameterValue::get() const[m[Kâ€™
[79.698s]   271 |   [01;36m[Kget[m[K() const
[79.699s]       |   [01;36m[K^~~[m[K
[79.699s] [01m[K/opt/ros/humble/include/rclcpp/rclcpp/parameter_value.hpp:271:3:[m[K [01;36m[Knote: [m[K  template argument deduction/substitution failed:
[79.700s] /opt/ros/humble/include/rclcpp/rclcpp/parameter_value.hpp: In substitution of â€˜[01m[Ktemplate<class type> constexpr typename std::enable_if<std::is_floating_point<_Tp>::value, const double&>::type rclcpp::ParameterValue::get() const [with type = std::map<std::__cxx11::basic_string<char>, float>][m[Kâ€™:
[79.701s] [01m[K/opt/ros/humble/include/rclcpp/rclcpp/parameter.hpp:239:49:[m[K   required from â€˜[01m[Kauto rclcpp::detail::get_value_helper(const rclcpp::Parameter*) [with T = std::map<std::__cxx11::basic_string<char>, float>][m[Kâ€™
[79.702s] [01m[K/opt/ros/humble/include/rclcpp/rclcpp/parameter.hpp:274:39:[m[K   required from â€˜[01m[Kdecltype(auto) rclcpp::Parameter::get_value() const [with T = std::map<std::__cxx11::basic_string<char>, float>][m[Kâ€™
[79.703s] [01m[K/opt/ros/humble/include/rclcpp/rclcpp/node_impl.hpp:294:80:[m[K   required from â€˜[01m[Kbool rclcpp::Node::get_parameter(const string&, ParameterT&) const [with ParameterT = std::map<std::__cxx11::basic_string<char>, float>; std::string = std::__cxx11::basic_string<char>][m[Kâ€™
[79.703s] [01m[K/home/robodog/RoboDog/ros2_ws/src/motion_cmd/src/motion_cmd.cpp:383:22:[m[K   required from here
[79.704s] [01m[K/opt/ros/humble/include/rclcpp/rclcpp/parameter_value.hpp:271:3:[m[K [01;31m[Kerror: [m[Kno type named â€˜[01m[Ktype[m[Kâ€™ in â€˜[01m[Kstruct std::enable_if<false, const double&>[m[Kâ€™
[79.705s] /opt/ros/humble/include/rclcpp/rclcpp/parameter.hpp: In instantiation of â€˜[01m[Kauto rclcpp::detail::get_value_helper(const rclcpp::Parameter*) [with T = std::map<std::__cxx11::basic_string<char>, float>][m[Kâ€™:
[79.705s] [01m[K/opt/ros/humble/include/rclcpp/rclcpp/parameter.hpp:274:39:[m[K   required from â€˜[01m[Kdecltype(auto) rclcpp::Parameter::get_value() const [with T = std::map<std::__cxx11::basic_string<char>, float>][m[Kâ€™
[79.706s] [01m[K/opt/ros/humble/include/rclcpp/rclcpp/node_impl.hpp:294:80:[m[K   required from â€˜[01m[Kbool rclcpp::Node::get_parameter(const string&, ParameterT&) const [with ParameterT = std::map<std::__cxx11::basic_string<char>, float>; std::string = std::__cxx11::basic_string<char>][m[Kâ€™
[79.707s] [01m[K/home/robodog/RoboDog/ros2_ws/src/motion_cmd/src/motion_cmd.cpp:383:22:[m[K   required from here
[79.707s] [01m[K/opt/ros/humble/include/rclcpp/rclcpp/parameter_value.hpp:279:3:[m[K [01;36m[Knote: [m[Kcandidate: â€˜[01m[Ktemplate<class type> constexpr typename std::enable_if<std::is_convertible<type, std::__cxx11::basic_string<char> >::value, const std::__cxx11::basic_string<char>&>::type rclcpp::ParameterValue::get() const[m[Kâ€™
[79.708s]   279 |   [01;36m[Kget[m[K() const
[79.709s]       |   [01;36m[K^~~[m[K
[79.709s] [01m[K/opt/ros/humble/include/rclcpp/rclcpp/parameter_value.hpp:279:3:[m[K [01;36m[Knote: [m[K  template argument deduction/substitution failed:
[79.710s] /opt/ros/humble/include/rclcpp/rclcpp/parameter_value.hpp: In substitution of â€˜[01m[Ktemplate<class type> constexpr typename std::enable_if<std::is_convertible<type, std::__cxx11::basic_string<char> >::value, const std::__cxx11::basic_string<char>&>::type rclcpp::ParameterValue::get() const [with type = std::map<std::__cxx11::basic_string<char>, float>][m[Kâ€™:
[79.711s] [01m[K/opt/ros/humble/include/rclcpp/rclcpp/parameter.hpp:239:49:[m[K   required from â€˜[01m[Kauto rclcpp::detail::get_value_helper(const rclcpp::Parameter*) [with T = std::map<std::__cxx11::basic_string<char>, float>][m[Kâ€™
[79.712s] [01m[K/opt/ros/humble/include/rclcpp/rclcpp/parameter.hpp:274:39:[m[K   required from â€˜[01m[Kdecltype(auto) rclcpp::Parameter::get_value() const [with T = std::map<std::__cxx11::basic_string<char>, float>][m[Kâ€™
[79.712s] [01m[K/opt/ros/humble/include/rclcpp/rclcpp/node_impl.hpp:294:80:[m[K   required from â€˜[01m[Kbool rclcpp::Node::get_parameter(const string&, ParameterT&) const [with ParameterT = std::map<std::__cxx11::basic_string<char>, float>; std::string = std::__cxx11::basic_string<char>][m[Kâ€™
[79.713s] [01m[K/home/robodog/RoboDog/ros2_ws/src/motion_cmd/src/motion_cmd.cpp:383:22:[m[K   required from here
[79.714s] [01m[K/opt/ros/humble/include/rclcpp/rclcpp/parameter_value.hpp:279:3:[m[K [01;31m[Kerror: [m[Kno type named â€˜[01m[Ktype[m[Kâ€™ in â€˜[01m[Kstruct std::enable_if<false, const std::__cxx11::basic_string<char>&>[m[Kâ€™
[79.714s] /opt/ros/humble/include/rclcpp/rclcpp/parameter.hpp: In instantiation of â€˜[01m[Kauto rclcpp::detail::get_value_helper(const rclcpp::Parameter*) [with T = std::map<std::__cxx11::basic_string<char>, float>][m[Kâ€™:
[79.715s] [01m[K/opt/ros/humble/include/rclcpp/rclcpp/parameter.hpp:274:39:[m[K   required from â€˜[01m[Kdecltype(auto) rclcpp::Parameter::get_value() const [with T = std::map<std::__cxx11::basic_string<char>, float>][m[Kâ€™
[79.716s] [01m[K/opt/ros/humble/include/rclcpp/rclcpp/node_impl.hpp:294:80:[m[K   required from â€˜[01m[Kbool rclcpp::Node::get_parameter(const string&, ParameterT&) const [with ParameterT = std::map<std::__cxx11::basic_string<char>, float>; std::string = std::__cxx11::basic_string<char>][m[Kâ€™
[79.716s] [01m[K/home/robodog/RoboDog/ros2_ws/src/motion_cmd/src/motion_cmd.cpp:383:22:[m[K   required from here
[79.717s] [01m[K/opt/ros/humble/include/rclcpp/rclcpp/parameter_value.hpp:289:3:[m[K [01;36m[Knote: [m[Kcandidate: â€˜[01m[Ktemplate<class type> constexpr typename std::enable_if<std::is_convertible<type, const std::vector<unsigned char, std::allocator<unsigned char> >&>::value, const std::vector<unsigned char, std::allocator<unsigned char> >&>::type rclcpp::ParameterValue::get() const[m[Kâ€™
[79.717s]   289 |   [01;36m[Kget[m[K() const
[79.718s]       |   [01;36m[K^~~[m[K
[79.719s] [01m[K/opt/ros/humble/include/rclcpp/rclcpp/parameter_value.hpp:289:3:[m[K [01;36m[Knote: [m[K  template argument deduction/substitution failed:
[79.719s] /opt/ros/humble/include/rclcpp/rclcpp/parameter_value.hpp: In substitution of â€˜[01m[Ktemplate<class type> constexpr typename std::enable_if<std::is_convertible<type, const std::vector<unsigned char, std::allocator<unsigned char> >&>::value, const std::vector<unsigned char, std::allocator<unsigned char> >&>::type rclcpp::ParameterValue::get() const [with type = std::map<std::__cxx11::basic_string<char>, float>][m[Kâ€™:
[79.720s] [01m[K/opt/ros/humble/include/rclcpp/rclcpp/parameter.hpp:239:49:[m[K   required from â€˜[01m[Kauto rclcpp::detail::get_value_helper(const rclcpp::Parameter*) [with T = std::map<std::__cxx11::basic_string<char>, float>][m[Kâ€™
[79.721s] [01m[K/opt/ros/humble/include/rclcpp/rclcpp/parameter.hpp:274:39:[m[K   required from â€˜[01m[Kdecltype(auto) rclcpp::Parameter::get_value() const [with T = std::map<std::__cxx11::basic_string<char>, float>][m[Kâ€™
[79.721s] [01m[K/opt/ros/humble/include/rclcpp/rclcpp/node_impl.hpp:294:80:[m[K   required from â€˜[01m[Kbool rclcpp::Node::get_parameter(const string&, ParameterT&) const [with ParameterT = std::map<std::__cxx11::basic_string<char>, float>; std::string = std::__cxx11::basic_string<char>][m[Kâ€™
[79.722s] [01m[K/home/robodog/RoboDog/ros2_ws/src/motion_cmd/src/motion_cmd.cpp:383:22:[m[K   required from here
[79.723s] [01m[K/opt/ros/humble/include/rclcpp/rclcpp/parameter_value.hpp:289:3:[m[K [01;31m[Kerror: [m[Kno type named â€˜[01m[Ktype[m[Kâ€™ in â€˜[01m[Kstruct std::enable_if<false, const std::vector<unsigned char, std::allocator<unsigned char> >&>[m[Kâ€™
[79.724s] /opt/ros/humble/include/rclcpp/rclcpp/parameter.hpp: In instantiation of â€˜[01m[Kauto rclcpp::detail::get_value_helper(const rclcpp::Parameter*) [with T = std::map<std::__cxx11::basic_string<char>, float>][m[Kâ€™:
[79.724s] [01m[K/opt/ros/humble/include/rclcpp/rclcpp/parameter.hpp:274:39:[m[K   required from â€˜[01m[Kdecltype(auto) rclcpp::Parameter::get_value() const [with T = std::map<std::__cxx11::basic_string<char>, float>][m[Kâ€™
[79.725s] [01m[K/opt/ros/humble/include/rclcpp/rclcpp/node_impl.hpp:294:80:[m[K   required from â€˜[01m[Kbool rclcpp::Node::get_parameter(const string&, ParameterT&) const [with ParameterT = std::map<std::__cxx11::basic_string<char>, float>; std::string = std::__cxx11::basic_string<char>][m[Kâ€™
[79.726s] [01m[K/home/robodog/RoboDog/ros2_ws/src/motion_cmd/src/motion_cmd.cpp:383:22:[m[K   required from here
[79.726s] [01m[K/opt/ros/humble/include/rclcpp/rclcpp/parameter_value.hpp:299:3:[m[K [01;36m[Knote: [m[Kcandidate: â€˜[01m[Ktemplate<class type> constexpr typename std::enable_if<std::is_convertible<type, const std::vector<bool, std::allocator<bool> >&>::value, const std::vector<bool, std::allocator<bool> >&>::type rclcpp::ParameterValue::get() const[m[Kâ€™
[79.727s]   299 |   [01;36m[Kget[m[K() const
[79.728s]       |   [01;36m[K^~~[m[K
[79.728s] [01m[K/opt/ros/humble/include/rclcpp/rclcpp/parameter_value.hpp:299:3:[m[K [01;36m[Knote: [m[K  template argument deduction/substitution failed:
[79.729s] /opt/ros/humble/include/rclcpp/rclcpp/parameter_value.hpp: In substitution of â€˜[01m[Ktemplate<class type> constexpr typename std::enable_if<std::is_convertible<type, const std::vector<bool, std::allocator<bool> >&>::value, const std::vector<bool, std::allocator<bool> >&>::type rclcpp::ParameterValue::get() const [with type = std::map<std::__cxx11::basic_string<char>, float>][m[Kâ€™:
[79.730s] [01m[K/opt/ros/humble/include/rclcpp/rclcpp/parameter.hpp:239:49:[m[K   required from â€˜[01m[Kauto rclcpp::detail::get_value_helper(const rclcpp::Parameter*) [with T = std::map<std::__cxx11::basic_string<char>, float>][m[Kâ€™
[79.730s] [01m[K/opt/ros/humble/include/rclcpp/rclcpp/parameter.hpp:274:39:[m[K   required from â€˜[01m[Kdecltype(auto) rclcpp::Parameter::get_value() const [with T = std::map<std::__cxx11::basic_string<char>, float>][m[Kâ€™
[79.731s] [01m[K/opt/ros/humble/include/rclcpp/rclcpp/node_impl.hpp:294:80:[m[K   required from â€˜[01m[Kbool rclcpp::Node::get_parameter(const string&, ParameterT&) const [with ParameterT = std::map<std::__cxx11::basic_string<char>, float>; std::string = std::__cxx11::basic_string<char>][m[Kâ€™
[79.732s] [01m[K/home/robodog/RoboDog/ros2_ws/src/motion_cmd/src/motion_cmd.cpp:383:22:[m[K   required from here
[79.732s] [01m[K/opt/ros/humble/include/rclcpp/rclcpp/parameter_value.hpp:299:3:[m[K [01;31m[Kerror: [m[Kno type named â€˜[01m[Ktype[m[Kâ€™ in â€˜[01m[Kstruct std::enable_if<false, const std::vector<bool, std::allocator<bool> >&>[m[Kâ€™
[79.733s] /opt/ros/humble/include/rclcpp/rclcpp/parameter.hpp: In instantiation of â€˜[01m[Kauto rclcpp::detail::get_value_helper(const rclcpp::Parameter*) [with T = std::map<std::__cxx11::basic_string<char>, float>][m[Kâ€™:
[79.734s] [01m[K/opt/ros/humble/include/rclcpp/rclcpp/parameter.hpp:274:39:[m[K   required from â€˜[01m[Kdecltype(auto) rclcpp::Parameter::get_value() const [with T = std::map<std::__cxx11::basic_string<char>, float>][m[Kâ€™
[79.734s] [01m[K/opt/ros/humble/include/rclcpp/rclcpp/node_impl.hpp:294:80:[m[K   required from â€˜[01m[Kbool rclcpp::Node::get_parameter(const string&, ParameterT&) const [with ParameterT = std::map<std::__cxx11::basic_string<char>, float>; std::string = std::__cxx11::basic_string<char>][m[Kâ€™
[79.735s] [01m[K/home/robodog/RoboDog/ros2_ws/src/motion_cmd/src/motion_cmd.cpp:383:22:[m[K   required from here
[79.736s] [01m[K/opt/ros/humble/include/rclcpp/rclcpp/parameter_value.hpp:309:3:[m[K [01;36m[Knote: [m[Kcandidate: â€˜[01m[Ktemplate<class type> constexpr typename std::enable_if<std::is_convertible<type, const std::vector<int>&>::value, const std::vector<long int, std::allocator<long int> >&>::type rclcpp::ParameterValue::get() const[m[Kâ€™
[79.736s]   309 |   [01;36m[Kget[m[K() const
[79.737s]       |   [01;36m[K^~~[m[K
[79.738s] [01m[K/opt/ros/humble/include/rclcpp/rclcpp/parameter_value.hpp:309:3:[m[K [01;36m[Knote: [m[K  template argument deduction/substitution failed:
[79.738s] /opt/ros/humble/include/rclcpp/rclcpp/parameter_value.hpp: In substitution of â€˜[01m[Ktemplate<class type> constexpr typename std::enable_if<std::is_convertible<type, const std::vector<int>&>::value, const std::vector<long int, std::allocator<long int> >&>::type rclcpp::ParameterValue::get() const [with type = std::map<std::__cxx11::basic_string<char>, float>][m[Kâ€™:
[79.739s] [01m[K/opt/ros/humble/include/rclcpp/rclcpp/parameter.hpp:239:49:[m[K   required from â€˜[01m[Kauto rclcpp::detail::get_value_helper(const rclcpp::Parameter*) [with T = std::map<std::__cxx11::basic_string<char>, float>][m[Kâ€™
[79.740s] [01m[K/opt/ros/humble/include/rclcpp/rclcpp/parameter.hpp:274:39:[m[K   required from â€˜[01m[Kdecltype(auto) rclcpp::Parameter::get_value() const [with T = std::map<std::__cxx11::basic_string<char>, float>][m[Kâ€™
[79.740s] [01m[K/opt/ros/humble/include/rclcpp/rclcpp/node_impl.hpp:294:80:[m[K   required from â€˜[01m[Kbool rclcpp::Node::get_parameter(const string&, ParameterT&) const [with ParameterT = std::map<std::__cxx11::basic_string<char>, float>; std::string = std::__cxx11::basic_string<char>][m[Kâ€™
[79.741s] [01m[K/home/robodog/RoboDog/ros2_ws/src/motion_cmd/src/motion_cmd.cpp:383:22:[m[K   required from here
[79.742s] [01m[K/opt/ros/humble/include/rclcpp/rclcpp/parameter_value.hpp:309:3:[m[K [01;31m[Kerror: [m[Kno type named â€˜[01m[Ktype[m[Kâ€™ in â€˜[01m[Kstruct std::enable_if<false, const std::vector<long int, std::allocator<long int> >&>[m[Kâ€™
[79.742s] /opt/ros/humble/include/rclcpp/rclcpp/parameter.hpp: In instantiation of â€˜[01m[Kauto rclcpp::detail::get_value_helper(const rclcpp::Parameter*) [with T = std::map<std::__cxx11::basic_string<char>, float>][m[Kâ€™:
[79.743s] [01m[K/opt/ros/humble/include/rclcpp/rclcpp/parameter.hpp:274:39:[m[K   required from â€˜[01m[Kdecltype(auto) rclcpp::Parameter::get_value() const [with T = std::map<std::__cxx11::basic_string<char>, float>][m[Kâ€™
[79.744s] [01m[K/opt/ros/humble/include/rclcpp/rclcpp/node_impl.hpp:294:80:[m[K   required from â€˜[01m[Kbool rclcpp::Node::get_parameter(const string&, ParameterT&) const [with ParameterT = std::map<std::__cxx11::basic_string<char>, float>; std::string = std::__cxx11::basic_string<char>][m[Kâ€™
[79.744s] [01m[K/home/robodog/RoboDog/ros2_ws/src/motion_cmd/src/motion_cmd.cpp:383:22:[m[K   required from here
[79.745s] [01m[K/opt/ros/humble/include/rclcpp/rclcpp/parameter_value.hpp:319:3:[m[K [01;36m[Knote: [m[Kcandidate: â€˜[01m[Ktemplate<class type> constexpr typename std::enable_if<std::is_convertible<type, const std::vector<long int, std::allocator<long int> >&>::value, const std::vector<long int, std::allocator<long int> >&>::type rclcpp::ParameterValue::get() const[m[Kâ€™
[79.746s]   319 |   [01;36m[Kget[m[K() const
[79.746s]       |   [01;36m[K^~~[m[K
[79.747s] [01m[K/opt/ros/humble/include/rclcpp/rclcpp/parameter_value.hpp:319:3:[m[K [01;36m[Knote: [m[K  template argument deduction/substitution failed:
[79.748s] /opt/ros/humble/include/rclcpp/rclcpp/parameter_value.hpp: In substitution of â€˜[01m[Ktemplate<class type> constexpr typename std::enable_if<std::is_convertible<type, const std::vector<long int, std::allocator<long int> >&>::value, const std::vector<long int, std::allocator<long int> >&>::type rclcpp::ParameterValue::get() const [with type = std::map<std::__cxx11::basic_string<char>, float>][m[Kâ€™:
[79.748s] [01m[K/opt/ros/humble/include/rclcpp/rclcpp/parameter.hpp:239:49:[m[K   required from â€˜[01m[Kauto rclcpp::detail::get_value_helper(const rclcpp::Parameter*) [with T = std::map<std::__cxx11::basic_string<char>, float>][m[Kâ€™
[79.749s] [01m[K/opt/ros/humble/include/rclcpp/rclcpp/parameter.hpp:274:39:[m[K   required from â€˜[01m[Kdecltype(auto) rclcpp::Parameter::get_value() const [with T = std::map<std::__cxx11::basic_string<char>, float>][m[Kâ€™
[79.750s] [01m[K/opt/ros/humble/include/rclcpp/rclcpp/node_impl.hpp:294:80:[m[K   required from â€˜[01m[Kbool rclcpp::Node::get_parameter(const string&, ParameterT&) const [with ParameterT = std::map<std::__cxx11::basic_string<char>, float>; std::string = std::__cxx11::basic_string<char>][m[Kâ€™
[79.751s] [01m[K/home/robodog/RoboDog/ros2_ws/src/motion_cmd/src/motion_cmd.cpp:383:22:[m[K   required from here
[79.751s] [01m[K/opt/ros/humble/include/rclcpp/rclcpp/parameter_value.hpp:319:3:[m[K [01;31m[Kerror: [m[Kno type named â€˜[01m[Ktype[m[Kâ€™ in â€˜[01m[Kstruct std::enable_if<false, const std::vector<long int, std::allocator<long int> >&>[m[Kâ€™
[79.752s] /opt/ros/humble/include/rclcpp/rclcpp/parameter.hpp: In instantiation of â€˜[01m[Kauto rclcpp::detail::get_value_helper(const rclcpp::Parameter*) [with T = std::map<std::__cxx11::basic_string<char>, float>][m[Kâ€™:
[79.752s] [01m[K/opt/ros/humble/include/rclcpp/rclcpp/parameter.hpp:274:39:[m[K   required from â€˜[01m[Kdecltype(auto) rclcpp::Parameter::get_value() const [with T = std::map<std::__cxx11::basic_string<char>, float>][m[Kâ€™
[79.753s] [01m[K/opt/ros/humble/include/rclcpp/rclcpp/node_impl.hpp:294:80:[m[K   required from â€˜[01m[Kbool rclcpp::Node::get_parameter(const string&, ParameterT&) const [with ParameterT = std::map<std::__cxx11::basic_string<char>, float>; std::string = std::__cxx11::basic_string<char>][m[Kâ€™
[79.754s] [01m[K/home/robodog/RoboDog/ros2_ws/src/motion_cmd/src/motion_cmd.cpp:383:22:[m[K   required from here
[79.754s] [01m[K/opt/ros/humble/include/rclcpp/rclcpp/parameter_value.hpp:329:3:[m[K [01;36m[Knote: [m[Kcandidate: â€˜[01m[Ktemplate<class type> constexpr typename std::enable_if<std::is_convertible<type, const std::vector<float>&>::value, const std::vector<double, std::allocator<double> >&>::type rclcpp::ParameterValue::get() const[m[Kâ€™
[79.755s]   329 |   [01;36m[Kget[m[K() const
[79.756s]       |   [01;36m[K^~~[m[K
[79.756s] [01m[K/opt/ros/humble/include/rclcpp/rclcpp/parameter_value.hpp:329:3:[m[K [01;36m[Knote: [m[K  template argument deduction/substitution failed:
[79.757s] /opt/ros/humble/include/rclcpp/rclcpp/parameter_value.hpp: In substitution of â€˜[01m[Ktemplate<class type> constexpr typename std::enable_if<std::is_convertible<type, const std::vector<float>&>::value, const std::vector<double, std::allocator<double> >&>::type rclcpp::ParameterValue::get() const [with type = std::map<std::__cxx11::basic_string<char>, float>][m[Kâ€™:
[79.757s] [01m[K/opt/ros/humble/include/rclcpp/rclcpp/parameter.hpp:239:49:[m[K   required from â€˜[01m[Kauto rclcpp::detail::get_value_helper(const rclcpp::Parameter*) [with T = std::map<std::__cxx11::basic_string<char>, float>][m[Kâ€™
[79.758s] [01m[K/opt/ros/humble/include/rclcpp/rclcpp/parameter.hpp:274:39:[m[K   required from â€˜[01m[Kdecltype(auto) rclcpp::Parameter::get_value() const [with T = std::map<std::__cxx11::basic_string<char>, float>][m[Kâ€™
[79.759s] [01m[K/opt/ros/humble/include/rclcpp/rclcpp/node_impl.hpp:294:80:[m[K   required from â€˜[01m[Kbool rclcpp::Node::get_parameter(const string&, ParameterT&) const [with ParameterT = std::map<std::__cxx11::basic_string<char>, float>; std::string = std::__cxx11::basic_string<char>][m[Kâ€™
[79.760s] [01m[K/home/robodog/RoboDog/ros2_ws/src/motion_cmd/src/motion_cmd.cpp:383:22:[m[K   required from here
[79.760s] [01m[K/opt/ros/humble/include/rclcpp/rclcpp/parameter_value.hpp:329:3:[m[K [01;31m[Kerror: [m[Kno type named â€˜[01m[Ktype[m[Kâ€™ in â€˜[01m[Kstruct std::enable_if<false, const std::vector<double, std::allocator<double> >&>[m[Kâ€™
[79.761s] /opt/ros/humble/include/rclcpp/rclcpp/parameter.hpp: In instantiation of â€˜[01m[Kauto rclcpp::detail::get_value_helper(const rclcpp::Parameter*) [with T = std::map<std::__cxx11::basic_string<char>, float>][m[Kâ€™:
[79.762s] [01m[K/opt/ros/humble/include/rclcpp/rclcpp/parameter.hpp:274:39:[m[K   required from â€˜[01m[Kdecltype(auto) rclcpp::Parameter::get_value() const [with T = std::map<std::__cxx11::basic_string<char>, float>][m[Kâ€™
[79.762s] [01m[K/opt/ros/humble/include/rclcpp/rclcpp/node_impl.hpp:294:80:[m[K   required from â€˜[01m[Kbool rclcpp::Node::get_parameter(const string&, ParameterT&) const [with ParameterT = std::map<std::__cxx11::basic_string<char>, float>; std::string = std::__cxx11::basic_string<char>][m[Kâ€™
[79.763s] [01m[K/home/robodog/RoboDog/ros2_ws/src/motion_cmd/src/motion_cmd.cpp:383:22:[m[K   required from here
[79.764s] [01m[K/opt/ros/humble/include/rclcpp/rclcpp/parameter_value.hpp:339:3:[m[K [01;36m[Knote: [m[Kcandidate: â€˜[01m[Ktemplate<class type> constexpr typename std::enable_if<std::is_convertible<type, const std::vector<double, std::allocator<double> >&>::value, const std::vector<double, std::allocator<double> >&>::type rclcpp::ParameterValue::get() const[m[Kâ€™
[79.765s]   339 |   [01;36m[Kget[m[K() const
[79.765s]       |   [01;36m[K^~~[m[K
[79.766s] [01m[K/opt/ros/humble/include/rclcpp/rclcpp/parameter_value.hpp:339:3:[m[K [01;36m[Knote: [m[K  template argument deduction/substitution failed:
[79.767s] /opt/ros/humble/include/rclcpp/rclcpp/parameter_value.hpp: In substitution of â€˜[01m[Ktemplate<class type> constexpr typename std::enable_if<std::is_convertible<type, const std::vector<double, std::allocator<double> >&>::value, const std::vector<double, std::allocator<double> >&>::type rclcpp::ParameterValue::get() const [with type = std::map<std::__cxx11::basic_string<char>, float>][m[Kâ€™:
[79.767s] [01m[K/opt/ros/humble/include/rclcpp/rclcpp/parameter.hpp:239:49:[m[K   required from â€˜[01m[Kauto rclcpp::detail::get_value_helper(const rclcpp::Parameter*) [with T = std::map<std::__cxx11::basic_string<char>, float>][m[Kâ€™
[79.768s] [01m[K/opt/ros/humble/include/rclcpp/rclcpp/parameter.hpp:274:39:[m[K   required from â€˜[01m[Kdecltype(auto) rclcpp::Parameter::get_value() const [with T = std::map<std::__cxx11::basic_string<char>, float>][m[Kâ€™
[79.769s] [01m[K/opt/ros/humble/include/rclcpp/rclcpp/node_impl.hpp:294:80:[m[K   required from â€˜[01m[Kbool rclcpp::Node::get_parameter(const string&, ParameterT&) const [with ParameterT = std::map<std::__cxx11::basic_string<char>, float>; std::string = std::__cxx11::basic_string<char>][m[Kâ€™
[79.769s] [01m[K/home/robodog/RoboDog/ros2_ws/src/motion_cmd/src/motion_cmd.cpp:383:22:[m[K   required from here
[79.770s] [01m[K/opt/ros/humble/include/rclcpp/rclcpp/parameter_value.hpp:339:3:[m[K [01;31m[Kerror: [m[Kno type named â€˜[01m[Ktype[m[Kâ€™ in â€˜[01m[Kstruct std::enable_if<false, const std::vector<double, std::allocator<double> >&>[m[Kâ€™
[79.771s] /opt/ros/humble/include/rclcpp/rclcpp/parameter.hpp: In instantiation of â€˜[01m[Kauto rclcpp::detail::get_value_helper(const rclcpp::Parameter*) [with T = std::map<std::__cxx11::basic_string<char>, float>][m[Kâ€™:
[79.771s] [01m[K/opt/ros/humble/include/rclcpp/rclcpp/parameter.hpp:274:39:[m[K   required from â€˜[01m[Kdecltype(auto) rclcpp::Parameter::get_value() const [with T = std::map<std::__cxx11::basic_string<char>, float>][m[Kâ€™
[79.772s] [01m[K/opt/ros/humble/include/rclcpp/rclcpp/node_impl.hpp:294:80:[m[K   required from â€˜[01m[Kbool rclcpp::Node::get_parameter(const string&, ParameterT&) const [with ParameterT = std::map<std::__cxx11::basic_string<char>, float>; std::string = std::__cxx11::basic_string<char>][m[Kâ€™
[79.772s] [01m[K/home/robodog/RoboDog/ros2_ws/src/motion_cmd/src/motion_cmd.cpp:383:22:[m[K   required from here
[79.773s] [01m[K/opt/ros/humble/include/rclcpp/rclcpp/parameter_value.hpp:349:3:[m[K [01;36m[Knote: [m[Kcandidate: â€˜[01m[Ktemplate<class type> constexpr typename std::enable_if<std::is_convertible<type, const std::vector<std::__cxx11::basic_string<char> >&>::value, const std::vector<std::__cxx11::basic_string<char> >&>::type rclcpp::ParameterValue::get() const[m[Kâ€™
[79.774s]   349 |   [01;36m[Kget[m[K() const
[79.774s]       |   [01;36m[K^~~[m[K
[79.775s] [01m[K/opt/ros/humble/include/rclcpp/rclcpp/parameter_value.hpp:349:3:[m[K [01;36m[Knote: [m[K  template argument deduction/substitution failed:
[79.776s] /opt/ros/humble/include/rclcpp/rclcpp/parameter_value.hpp: In substitution of â€˜[01m[Ktemplate<class type> constexpr typename std::enable_if<std::is_convertible<type, const std::vector<std::__cxx11::basic_string<char> >&>::value, const std::vector<std::__cxx11::basic_string<char> >&>::type rclcpp::ParameterValue::get() const [with type = std::map<std::__cxx11::basic_string<char>, float>][m[Kâ€™:
[79.776s] [01m[K/opt/ros/humble/include/rclcpp/rclcpp/parameter.hpp:239:49:[m[K   required from â€˜[01m[Kauto rclcpp::detail::get_value_helper(const rclcpp::Parameter*) [with T = std::map<std::__cxx11::basic_string<char>, float>][m[Kâ€™
[79.777s] [01m[K/opt/ros/humble/include/rclcpp/rclcpp/parameter.hpp:274:39:[m[K   required from â€˜[01m[Kdecltype(auto) rclcpp::Parameter::get_value() const [with T = std::map<std::__cxx11::basic_string<char>, float>][m[Kâ€™
[79.778s] [01m[K/opt/ros/humble/include/rclcpp/rclcpp/node_impl.hpp:294:80:[m[K   required from â€˜[01m[Kbool rclcpp::Node::get_parameter(const string&, ParameterT&) const [with ParameterT = std::map<std::__cxx11::basic_string<char>, float>; std::string = std::__cxx11::basic_string<char>][m[Kâ€™
[79.778s] [01m[K/home/robodog/RoboDog/ros2_ws/src/motion_cmd/src/motion_cmd.cpp:383:22:[m[K   required from here
[79.779s] [01m[K/opt/ros/humble/include/rclcpp/rclcpp/parameter_value.hpp:349:3:[m[K [01;31m[Kerror: [m[Kno type named â€˜[01m[Ktype[m[Kâ€™ in â€˜[01m[Kstruct std::enable_if<false, const std::vector<std::__cxx11::basic_string<char> >&>[m[Kâ€™
[82.927s] gmake[2]: *** [CMakeFiles/motion_cmd_node.dir/build.make:104: CMakeFiles/motion_cmd_node.dir/src/utils.cpp.o] Error 1
[82.927s] gmake[2]: *** Waiting for unfinished jobs....
[89.054s] gmake[2]: *** [CMakeFiles/motion_cmd_node.dir/build.make:76: CMakeFiles/motion_cmd_node.dir/src/motion_cmd.cpp.o] Error 1
[89.055s] gmake[1]: *** [CMakeFiles/Makefile2:257: CMakeFiles/motion_cmd_node.dir/all] Error 2
[89.056s] gmake: *** [Makefile:146: all] Error 2
[89.063s] Invoked command in '/home/robodog/RoboDog/ros2_ws/build/motion_cmd' returned '2': AMENT_PREFIX_PATH=/home/robodog/RoboDog/ros2_ws/install/i2cpwm_controller:${AMENT_PREFIX_PATH} CMAKE_PREFIX_PATH=/home/robodog/RoboDog/ros2_ws/install/i2cpwm_controller LD_LIBRARY_PATH=/home/robodog/RoboDog/ros2_ws/install/i2cpwm_controller/lib:${LD_LIBRARY_PATH} PYTHONPATH=/home/robodog/RoboDog/ros2_ws/install/i2cpwm_controller/local/lib/python3.10/dist-packages:${PYTHONPATH} /usr/bin/cmake --build /home/robodog/RoboDog/ros2_ws/build/motion_cmd -- -j4 -l4
