[0.054s] Invoking command in '/home/robodog/RoboDog/ros2_ws/build/i2cpwm_controller': CMAKE_PREFIX_PATH=/opt/ros/humble /usr/bin/cmake --build /home/robodog/RoboDog/ros2_ws/build/i2cpwm_controller -- -j4 -l4
[0.302s] [  0%] Built target i2cpwm_controller__cpp
[0.322s] [ 12%] Built target i2cpwm_controller__rosidl_generator_c
[0.387s] [ 12%] Built target ament_cmake_python_copy_i2cpwm_controller
[0.468s] [ 27%] Built target i2cpwm_controller__rosidl_typesupport_fastrtps_cpp
[0.469s] [ 35%] Built target i2cpwm_controller__rosidl_typesupport_cpp
[0.493s] [ 47%] Built target i2cpwm_controller__rosidl_typesupport_introspection_cpp
[0.538s] [ 58%] Built target i2cpwm_controller__rosidl_typesupport_fastrtps_c
[0.590s] [ 69%] Built target i2cpwm_controller__rosidl_typesupport_c
[0.596s] [ 80%] Built target i2cpwm_controller__rosidl_typesupport_introspection_c
[0.612s] [35m[1mConsolidate compiler generated dependencies of target i2cpwm_controller_node[0m
[0.689s] [ 80%] Built target i2cpwm_controller
[0.748s] [ 81%] [32mBuilding CXX object CMakeFiles/i2cpwm_controller_node.dir/src/i2cpwm_controller.cpp.o[0m
[0.759s] [ 82%] [32mBuilding CXX object CMakeFiles/i2cpwm_controller_node.dir/src/main.cpp.o[0m
[0.796s] [ 83%] Built target i2cpwm_controller__py
[0.920s] [ 93%] Built target i2cpwm_controller__rosidl_generator_py
[1.040s] [ 95%] Built target i2cpwm_controller__rosidl_typesupport_fastrtps_c__pyext
[1.157s] [ 97%] Built target i2cpwm_controller__rosidl_typesupport_introspection_c__pyext
[1.269s] [ 99%] Built target i2cpwm_controller__rosidl_typesupport_c__pyext
[1.931s] running egg_info
[1.936s] writing i2cpwm_controller.egg-info/PKG-INFO
[1.940s] writing dependency_links to i2cpwm_controller.egg-info/dependency_links.txt
[1.944s] writing top-level names to i2cpwm_controller.egg-info/top_level.txt
[1.952s] reading manifest file 'i2cpwm_controller.egg-info/SOURCES.txt'
[1.962s] writing manifest file 'i2cpwm_controller.egg-info/SOURCES.txt'
[2.106s] [ 99%] Built target ament_cmake_python_build_i2cpwm_controller_egg
[12.614s] In file included from [01m[K/home/robodog/RoboDog/ros2_ws/src/i2cpwm_controller/src/i2cpwm_controller.cpp:1[m[K:
[12.614s] [01m[K/home/robodog/RoboDog/ros2_ws/src/i2cpwm_controller/include/i2cpwm_controller.h:102:26:[m[K [01;31m[Kerror: [m[Kâ€˜[01m[Kgeometry_msgs[m[Kâ€™ was not declared in this scope
[12.615s]   102 |     rclcpp::Subscription<[01;31m[Kgeometry_msgs[m[K::msg::Twist>::SharedPtr servos_drive_sub_;
[12.615s]       |                          [01;31m[K^~~~~~~~~~~~~[m[K
[12.616s] [01m[K/home/robodog/RoboDog/ros2_ws/src/i2cpwm_controller/include/i2cpwm_controller.h:102:51:[m[K [01;31m[Kerror: [m[Ktemplate argument 1 is invalid
[12.617s]   102 |     rclcpp::Subscription<geometry_msgs::msg::Twist[01;31m[K>[m[K::SharedPtr servos_drive_sub_;
[12.617s]       |                                                   [01;31m[K^[m[K
[12.618s] [01m[K/home/robodog/RoboDog/ros2_ws/src/i2cpwm_controller/include/i2cpwm_controller.h:102:51:[m[K [01;31m[Kerror: [m[Ktemplate argument 3 is invalid
[12.618s] [01m[K/home/robodog/RoboDog/ros2_ws/src/i2cpwm_controller/include/i2cpwm_controller.h:102:51:[m[K [01;31m[Kerror: [m[Ktemplate argument 4 is invalid
[12.619s] [01m[K/home/robodog/RoboDog/ros2_ws/src/i2cpwm_controller/include/i2cpwm_controller.h:102:51:[m[K [01;31m[Kerror: [m[Ktemplate argument 5 is invalid
[12.620s] [01m[K/home/robodog/RoboDog/ros2_ws/src/i2cpwm_controller/include/i2cpwm_controller.h:102:54:[m[K [01;31m[Kerror: [m[Kexpected â€˜[01m[K;[m[Kâ€™ at end of member declaration
[12.621s]   102 |     rclcpp::Subscription<geometry_msgs::msg::Twist>::[01;31m[KSharedPtr[m[K servos_drive_sub_;
[12.621s]       |                                                      [01;31m[K^~~~~~~~~[m[K
[12.622s]       |                                                               [32m[K;[m[K
[12.627s] [01m[K/home/robodog/RoboDog/ros2_ws/src/i2cpwm_controller/include/i2cpwm_controller.h:102:64:[m[K [01;31m[Kerror: [m[Kâ€˜[01m[Kservos_drive_sub_[m[Kâ€™ does not name a type
[12.627s]   102 |     rclcpp::Subscription<geometry_msgs::msg::Twist>::SharedPtr [01;31m[Kservos_drive_sub_[m[K;
[12.628s]       |                                                                [01;31m[K^~~~~~~~~~~~~~~~~[m[K
[12.801s] In file included from [01m[K/home/robodog/RoboDog/ros2_ws/src/i2cpwm_controller/src/main.cpp:2[m[K:
[12.801s] [01m[K/home/robodog/RoboDog/ros2_ws/src/i2cpwm_controller/include/i2cpwm_controller.h:102:26:[m[K [01;31m[Kerror: [m[Kâ€˜[01m[Kgeometry_msgs[m[Kâ€™ was not declared in this scope
[12.802s]   102 |     rclcpp::Subscription<[01;31m[Kgeometry_msgs[m[K::msg::Twist>::SharedPtr servos_drive_sub_;
[12.802s]       |                          [01;31m[K^~~~~~~~~~~~~[m[K
[12.803s] [01m[K/home/robodog/RoboDog/ros2_ws/src/i2cpwm_controller/include/i2cpwm_controller.h:102:51:[m[K [01;31m[Kerror: [m[Ktemplate argument 1 is invalid
[12.804s]   102 |     rclcpp::Subscription<geometry_msgs::msg::Twist[01;31m[K>[m[K::SharedPtr servos_drive_sub_;
[12.804s]       |                                                   [01;31m[K^[m[K
[12.805s] [01m[K/home/robodog/RoboDog/ros2_ws/src/i2cpwm_controller/include/i2cpwm_controller.h:102:51:[m[K [01;31m[Kerror: [m[Ktemplate argument 3 is invalid
[12.805s] [01m[K/home/robodog/RoboDog/ros2_ws/src/i2cpwm_controller/include/i2cpwm_controller.h:102:51:[m[K [01;31m[Kerror: [m[Ktemplate argument 4 is invalid
[12.806s] [01m[K/home/robodog/RoboDog/ros2_ws/src/i2cpwm_controller/include/i2cpwm_controller.h:102:51:[m[K [01;31m[Kerror: [m[Ktemplate argument 5 is invalid
[12.807s] [01m[K/home/robodog/RoboDog/ros2_ws/src/i2cpwm_controller/include/i2cpwm_controller.h:102:54:[m[K [01;31m[Kerror: [m[Kexpected â€˜[01m[K;[m[Kâ€™ at end of member declaration
[12.807s]   102 |     rclcpp::Subscription<geometry_msgs::msg::Twist>::[01;31m[KSharedPtr[m[K servos_drive_sub_;
[12.808s]       |                                                      [01;31m[K^~~~~~~~~[m[K
[12.808s]       |                                                               [32m[K;[m[K
[12.813s] [01m[K/home/robodog/RoboDog/ros2_ws/src/i2cpwm_controller/include/i2cpwm_controller.h:102:64:[m[K [01;31m[Kerror: [m[Kâ€˜[01m[Kservos_drive_sub_[m[Kâ€™ does not name a type
[12.814s]   102 |     rclcpp::Subscription<geometry_msgs::msg::Twist>::SharedPtr [01;31m[Kservos_drive_sub_[m[K;
[12.815s]       |                                                                [01;31m[K^~~~~~~~~~~~~~~~~[m[K
[12.884s] [01m[K/home/robodog/RoboDog/ros2_ws/src/i2cpwm_controller/include/i2cpwm_controller.h:108:21:[m[K [01;31m[Kerror: [m[Kâ€˜[01m[Kstd_srvs[m[Kâ€™ was not declared in this scope
[12.885s]   108 |     rclcpp::Service<[01;31m[Kstd_srvs[m[K::srv::Empty>::SharedPtr stop_servos_srv_;
[12.886s]       |                     [01;31m[K^~~~~~~~[m[K
[12.886s] [01m[K/home/robodog/RoboDog/ros2_ws/src/i2cpwm_controller/include/i2cpwm_controller.h:108:41:[m[K [01;31m[Kerror: [m[Ktemplate argument 1 is invalid
[12.887s]   108 |     rclcpp::Service<std_srvs::srv::Empty[01;31m[K>[m[K::SharedPtr stop_servos_srv_;
[12.888s]       |                                         [01;31m[K^[m[K
[12.888s] [01m[K/home/robodog/RoboDog/ros2_ws/src/i2cpwm_controller/include/i2cpwm_controller.h:108:44:[m[K [01;31m[Kerror: [m[Kexpected â€˜[01m[K;[m[Kâ€™ at end of member declaration
[12.889s]   108 |     rclcpp::Service<std_srvs::srv::Empty>::[01;31m[KSharedPtr[m[K stop_servos_srv_;
[12.894s]       |                                            [01;31m[K^~~~~~~~~[m[K
[12.895s]       |                                                     [32m[K;[m[K
[12.896s] [01m[K/home/robodog/RoboDog/ros2_ws/src/i2cpwm_controller/include/i2cpwm_controller.h:108:44:[m[K [01;31m[Kerror: [m[Kredeclaration of â€˜[01m[Kint I2cPwmController::SharedPtr[m[Kâ€™
[12.897s] [01m[K/home/robodog/RoboDog/ros2_ws/src/i2cpwm_controller/include/i2cpwm_controller.h:102:54:[m[K [01;36m[Knote: [m[Kprevious declaration â€˜[01m[Kint I2cPwmController::SharedPtr[m[Kâ€™
[12.898s]   102 |     rclcpp::Subscription<geometry_msgs::msg::Twist>::[01;36m[KSharedPtr[m[K servos_drive_sub_;
[12.899s]       |                                                      [01;36m[K^~~~~~~~~[m[K
[12.899s] [01m[K/home/robodog/RoboDog/ros2_ws/src/i2cpwm_controller/include/i2cpwm_controller.h:108:54:[m[K [01;31m[Kerror: [m[Kâ€˜[01m[Kstop_servos_srv_[m[Kâ€™ does not name a type
[12.900s]   108 |     rclcpp::Service<std_srvs::srv::Empty>::SharedPtr [01;31m[Kstop_servos_srv_[m[K;
[12.901s]       |                                                      [01;31m[K^~~~~~~~~~~~~~~~[m[K
[12.908s] [01m[K/home/robodog/RoboDog/ros2_ws/src/i2cpwm_controller/include/i2cpwm_controller.h:113:29:[m[K [01;31m[Kerror: [m[Kâ€˜[01m[Kgeometry_msgs[m[Kâ€™ does not name a type
[12.909s]   113 |     void servos_drive(const [01;31m[Kgeometry_msgs[m[K::msg::Twist::SharedPtr msg);
[12.917s]       |                             [01;31m[K^~~~~~~~~~~~~[m[K
[12.918s] [01m[K/home/robodog/RoboDog/ros2_ws/src/i2cpwm_controller/include/i2cpwm_controller.h:113:47:[m[K [01;31m[Kerror: [m[Kexpected unqualified-id before â€˜[01m[K::[m[Kâ€™ token
[12.918s]   113 |     void servos_drive(const geometry_msgs::msg[01;31m[K::[m[KTwist::SharedPtr msg);
[12.920s]       |                                               [01;31m[K^~[m[K
[12.922s] [01m[K/home/robodog/RoboDog/ros2_ws/src/i2cpwm_controller/include/i2cpwm_controller.h:113:47:[m[K [01;31m[Kerror: [m[Kexpected â€˜[01m[K)[m[Kâ€™ before â€˜[01m[K::[m[Kâ€™ token
[12.923s]   113 |     void servos_drive[34m[K([m[Kconst geometry_msgs::msg[01;31m[K:[m[K[32m[K:[m[KTwist::SharedPtr msg);
[12.924s]       |                      [34m[K~[m[K                        [01;31m[K^[m[K[32m[K~[m[K
[12.925s]       |                                               [32m[K)[m[K
[12.925s] [01m[K/home/robodog/RoboDog/ros2_ws/src/i2cpwm_controller/include/i2cpwm_controller.h:113:44:[m[K [01;31m[Kerror: [m[Kexpected â€˜[01m[K;[m[Kâ€™ at end of member declaration
[12.926s]   113 |     void servos_drive(const geometry_msgs::[01;31m[Kmsg[m[K::Twist::SharedPtr msg);
[12.927s]       |                                            [01;31m[K^~~[m[K
[12.928s]       |                                               [32m[K;[m[K
[12.930s] [01m[K/home/robodog/RoboDog/ros2_ws/src/i2cpwm_controller/include/i2cpwm_controller.h:113:49:[m[K [01;31m[Kerror: [m[Kâ€˜[01m[KTwist[m[Kâ€™ in namespace â€˜[01m[K::[m[Kâ€™ does not name a type
[12.931s]   113 |     void servos_drive(const geometry_msgs::msg::[01;31m[KTwist[m[K::SharedPtr msg);
[12.932s]       |                                                 [01;31m[K^~~~~[m[K
[12.951s] [01m[K/home/robodog/RoboDog/ros2_ws/src/i2cpwm_controller/include/i2cpwm_controller.h:122:44:[m[K [01;31m[Kerror: [m[Kâ€˜[01m[Kstd_srvs[m[Kâ€™ was not declared in this scope
[12.952s]   122 |     bool stop_servos(const std::shared_ptr<[01;31m[Kstd_srvs[m[K::srv::Empty::Request> req,
[12.953s]       |                                            [01;31m[K^~~~~~~~[m[K
[12.954s] [01m[K/home/robodog/RoboDog/ros2_ws/src/i2cpwm_controller/include/i2cpwm_controller.h:122:73:[m[K [01;31m[Kerror: [m[Ktemplate argument 1 is invalid
[12.954s]   122 |     bool stop_servos(const std::shared_ptr<std_srvs::srv::Empty::Request[01;31m[K>[m[K req,
[12.955s]       |                                                                         [01;31m[K^[m[K
[12.980s] [01m[K/home/robodog/RoboDog/ros2_ws/src/i2cpwm_controller/include/i2cpwm_controller.h:122:44:[m[K [01;31m[Kerror: [m[Kâ€˜[01m[Kstd_srvs[m[Kâ€™ was not declared in this scope
[12.981s]   122 |     bool stop_servos(const std::shared_ptr<[01;31m[Kstd_srvs[m[K::srv::Empty::Request> req,
[12.982s]       |                                            [01;31m[K^~~~~~~~[m[K
[12.982s] [01m[K/home/robodog/RoboDog/ros2_ws/src/i2cpwm_controller/include/i2cpwm_controller.h:122:73:[m[K [01;31m[Kerror: [m[Ktemplate argument 1 is invalid
[12.984s]   122 |     bool stop_servos(const std::shared_ptr<std_srvs::srv::Empty::Request[01;31m[K>[m[K req,
[12.985s]       |                                                                         [01;31m[K^[m[K
[13.008s] [01m[K/home/robodog/RoboDog/ros2_ws/src/i2cpwm_controller/include/i2cpwm_controller.h:122:44:[m[K [01;31m[Kerror: [m[Kâ€˜[01m[Kstd_srvs[m[Kâ€™ was not declared in this scope
[13.009s]   122 |     bool stop_servos(const std::shared_ptr<[01;31m[Kstd_srvs[m[K::srv::Empty::Request> req,
[13.012s]       |                                            [01;31m[K^~~~~~~~[m[K
[13.013s] [01m[K/home/robodog/RoboDog/ros2_ws/src/i2cpwm_controller/include/i2cpwm_controller.h:122:73:[m[K [01;31m[Kerror: [m[Ktemplate argument 1 is invalid
[13.014s]   122 |     bool stop_servos(const std::shared_ptr<std_srvs::srv::Empty::Request[01;31m[K>[m[K req,
[13.015s]       |                                                                         [01;31m[K^[m[K
[13.016s] [01m[K/home/robodog/RoboDog/ros2_ws/src/i2cpwm_controller/include/i2cpwm_controller.h:122:28:[m[K [01;31m[Kerror: [m[Kinvalid template-id
[13.018s]   122 |     bool stop_servos(const [01;31m[Kstd[m[K::shared_ptr<std_srvs::srv::Empty::Request> req,
[13.019s]       |                            [01;31m[K^~~[m[K
[13.020s] [01m[K/home/robodog/RoboDog/ros2_ws/src/i2cpwm_controller/include/i2cpwm_controller.h:122:44:[m[K [01;31m[Kerror: [m[Kâ€˜[01m[Kstd_srvs[m[Kâ€™ has not been declared
[13.020s]   122 |     bool stop_servos(const std::shared_ptr<[01;31m[Kstd_srvs[m[K::srv::Empty::Request> req,
[13.032s]       |                                            [01;31m[K^~~~~~~~[m[K
[13.033s] [01m[K/home/robodog/RoboDog/ros2_ws/src/i2cpwm_controller/include/i2cpwm_controller.h:122:22:[m[K [01;31m[Kerror: [m[Kclass template placeholder â€˜[01m[Kstd::shared_ptr[m[Kâ€™ not permitted in this context
[13.033s]   122 |     bool stop_servos([01;31m[Kconst[m[K std::shared_ptr<std_srvs::srv::Empty::Request> req,
[13.034s]       |                      [01;31m[K^~~~~[m[K
[13.044s] [01m[K/home/robodog/RoboDog/ros2_ws/src/i2cpwm_controller/include/i2cpwm_controller.h:123:47:[m[K [01;31m[Kerror: [m[Kâ€˜[01m[Kstd_srvs[m[Kâ€™ was not declared in this scope
[13.046s]   123 |                               std::shared_ptr<[01;31m[Kstd_srvs[m[K::srv::Empty::Response> res);
[13.049s]       |                                               [01;31m[K^~~~~~~~[m[K
[13.050s] [01m[K/home/robodog/RoboDog/ros2_ws/src/i2cpwm_controller/include/i2cpwm_controller.h:123:77:[m[K [01;31m[Kerror: [m[Ktemplate argument 1 is invalid
[13.051s]   123 |                               std::shared_ptr<std_srvs::srv::Empty::Response[01;31m[K>[m[K res);
[13.055s]       |                                                                             [01;31m[K^[m[K
[13.078s] [01m[K/home/robodog/RoboDog/ros2_ws/src/i2cpwm_controller/include/i2cpwm_controller.h:123:47:[m[K [01;31m[Kerror: [m[Kâ€˜[01m[Kstd_srvs[m[Kâ€™ was not declared in this scope
[13.079s]   123 |                               std::shared_ptr<[01;31m[Kstd_srvs[m[K::srv::Empty::Response> res);
[13.082s]       |                                               [01;31m[K^~~~~~~~[m[K
[13.086s] [01m[K/home/robodog/RoboDog/ros2_ws/src/i2cpwm_controller/include/i2cpwm_controller.h:123:77:[m[K [01;31m[Kerror: [m[Ktemplate argument 1 is invalid
[13.088s]   123 |                               std::shared_ptr<std_srvs::srv::Empty::Response[01;31m[K>[m[K res);
[13.088s]       |                                                                             [01;31m[K^[m[K
[13.106s] [01m[K/home/robodog/RoboDog/ros2_ws/src/i2cpwm_controller/include/i2cpwm_controller.h:123:47:[m[K [01;31m[Kerror: [m[Kâ€˜[01m[Kstd_srvs[m[Kâ€™ was not declared in this scope
[13.107s]   123 |                               std::shared_ptr<[01;31m[Kstd_srvs[m[K::srv::Empty::Response> res);
[13.109s]       |                                               [01;31m[K^~~~~~~~[m[K
[13.109s] [01m[K/home/robodog/RoboDog/ros2_ws/src/i2cpwm_controller/include/i2cpwm_controller.h:123:77:[m[K [01;31m[Kerror: [m[Ktemplate argument 1 is invalid
[13.112s]   123 |                               std::shared_ptr<std_srvs::srv::Empty::Response[01;31m[K>[m[K res);
[13.112s]       |                                                                             [01;31m[K^[m[K
[13.113s] [01m[K/home/robodog/RoboDog/ros2_ws/src/i2cpwm_controller/include/i2cpwm_controller.h:123:31:[m[K [01;31m[Kerror: [m[Kinvalid template-id
[13.114s]   123 |                               [01;31m[Kstd[m[K::shared_ptr<std_srvs::srv::Empty::Response> res);
[13.115s]       |                               [01;31m[K^~~[m[K
[13.116s] [01m[K/home/robodog/RoboDog/ros2_ws/src/i2cpwm_controller/include/i2cpwm_controller.h:123:47:[m[K [01;31m[Kerror: [m[Kâ€˜[01m[Kstd_srvs[m[Kâ€™ has not been declared
[13.117s]   123 |                               std::shared_ptr<[01;31m[Kstd_srvs[m[K::srv::Empty::Response> res);
[13.118s]       |                                               [01;31m[K^~~~~~~~[m[K
[13.119s] [01m[K/home/robodog/RoboDog/ros2_ws/src/i2cpwm_controller/include/i2cpwm_controller.h:123:31:[m[K [01;31m[Kerror: [m[Kclass template placeholder â€˜[01m[Kstd::shared_ptr[m[Kâ€™ not permitted in this context
[13.119s]   123 |                               [01;31m[Kstd[m[K::shared_ptr<std_srvs::srv::Empty::Response> res);
[13.120s]       |                               [01;31m[K^~~[m[K
[13.121s] [01m[K/home/robodog/RoboDog/ros2_ws/src/i2cpwm_controller/include/i2cpwm_controller.h:128:2:[m[K [01;31m[Kerror: [m[Kexpected â€˜[01m[K;[m[Kâ€™ after class definition
[13.122s]   128 | }
[13.123s]       |  [01;31m[K^[m[K
[13.124s]       |  [32m[K;[m[K
[13.145s] [01m[K/home/robodog/RoboDog/ros2_ws/src/i2cpwm_controller/include/i2cpwm_controller.h:108:21:[m[K [01;31m[Kerror: [m[Kâ€˜[01m[Kstd_srvs[m[Kâ€™ was not declared in this scope
[13.147s]   108 |     rclcpp::Service<[01;31m[Kstd_srvs[m[K::srv::Empty>::SharedPtr stop_servos_srv_;
[13.148s]       |                     [01;31m[K^~~~~~~~[m[K
[13.148s] [01m[K/home/robodog/RoboDog/ros2_ws/src/i2cpwm_controller/include/i2cpwm_controller.h:108:41:[m[K [01;31m[Kerror: [m[Ktemplate argument 1 is invalid
[13.149s]   108 |     rclcpp::Service<std_srvs::srv::Empty[01;31m[K>[m[K::SharedPtr stop_servos_srv_;
[13.150s]       |                                         [01;31m[K^[m[K
[13.150s] [01m[K/home/robodog/RoboDog/ros2_ws/src/i2cpwm_controller/include/i2cpwm_controller.h:108:44:[m[K [01;31m[Kerror: [m[Kexpected â€˜[01m[K;[m[Kâ€™ at end of member declaration
[13.150s]   108 |     rclcpp::Service<std_srvs::srv::Empty>::[01;31m[KSharedPtr[m[K stop_servos_srv_;
[13.151s]       |                                            [01;31m[K^~~~~~~~~[m[K
[13.151s]       |                                                     [32m[K;[m[K
[13.152s] [01m[K/home/robodog/RoboDog/ros2_ws/src/i2cpwm_controller/include/i2cpwm_controller.h:108:44:[m[K [01;31m[Kerror: [m[Kredeclaration of â€˜[01m[Kint I2cPwmController::SharedPtr[m[Kâ€™
[13.152s] [01m[K/home/robodog/RoboDog/ros2_ws/src/i2cpwm_controller/include/i2cpwm_controller.h:102:54:[m[K [01;36m[Knote: [m[Kprevious declaration â€˜[01m[Kint I2cPwmController::SharedPtr[m[Kâ€™
[13.153s]   102 |     rclcpp::Subscription<geometry_msgs::msg::Twist>::[01;36m[KSharedPtr[m[K servos_drive_sub_;
[13.154s]       |                                                      [01;36m[K^~~~~~~~~[m[K
[13.158s] [01m[K/home/robodog/RoboDog/ros2_ws/src/i2cpwm_controller/src/i2cpwm_controller.cpp:[m[K In constructor â€˜[01m[KI2cPwmController::I2cPwmController(const rclcpp::NodeOptions&)[m[Kâ€™:
[13.159s] [01m[K/home/robodog/RoboDog/ros2_ws/src/i2cpwm_controller/src/i2cpwm_controller.cpp:135:54:[m[K [01;31m[Kerror: [m[Kâ€˜[01m[Kcontroller[m[Kâ€™ was not declared in this scope; did you mean â€˜[01m[KI2cPwmController[m[Kâ€™?
[13.161s]   135 |     servos_absolute_sub_ = this->create_subscription<[01;31m[Kcontroller[m[K::msg::ServoArray>(
[13.162s]       |                                                      [01;31m[K^~~~~~~~~~[m[K
[13.163s]       |                                                      [32m[KI2cPwmController[m[K
[13.164s] [01m[K/home/robodog/RoboDog/ros2_ws/src/i2cpwm_controller/src/i2cpwm_controller.cpp:135:34:[m[K [01;31m[Kerror: [m[Kparse error in template argument list
[13.164s]   135 |     servos_absolute_sub_ = this->[01;31m[Kcreate_subscription<controller::msg::ServoArray>[m[K(
[13.165s]       |                                  [01;31m[K^~~~~~~~~~~~~~~~~~~~~~~~~~~~~~~~~~~~~~~~~~~~~~~~[m[K
[13.165s] [01m[K/home/robodog/RoboDog/ros2_ws/src/i2cpwm_controller/include/i2cpwm_controller.h:108:54:[m[K [01;31m[Kerror: [m[Kâ€˜[01m[Kstop_servos_srv_[m[Kâ€™ does not name a type
[13.166s]   108 |     rclcpp::Service<std_srvs::srv::Empty>::SharedPtr [01;31m[Kstop_servos_srv_[m[K;
[13.167s]       |                                                      [01;31m[K^~~~~~~~~~~~~~~~[m[K
[13.171s] [01m[K/home/robodog/RoboDog/ros2_ws/src/i2cpwm_controller/include/i2cpwm_controller.h:113:29:[m[K [01;31m[Kerror: [m[Kâ€˜[01m[Kgeometry_msgs[m[Kâ€™ does not name a type
[13.172s]   113 |     void servos_drive(const [01;31m[Kgeometry_msgs[m[K::msg::Twist::SharedPtr msg);
[13.172s]       |                             [01;31m[K^~~~~~~~~~~~~[m[K
[13.173s] [01m[K/home/robodog/RoboDog/ros2_ws/src/i2cpwm_controller/include/i2cpwm_controller.h:113:47:[m[K [01;31m[Kerror: [m[Kexpected unqualified-id before â€˜[01m[K::[m[Kâ€™ token
[13.174s]   113 |     void servos_drive(const geometry_msgs::msg[01;31m[K::[m[KTwist::SharedPtr msg);
[13.175s]       |                                               [01;31m[K^~[m[K
[13.176s] [01m[K/home/robodog/RoboDog/ros2_ws/src/i2cpwm_controller/include/i2cpwm_controller.h:113:47:[m[K [01;31m[Kerror: [m[Kexpected â€˜[01m[K)[m[Kâ€™ before â€˜[01m[K::[m[Kâ€™ token
[13.177s]   113 |     void servos_drive[34m[K([m[Kconst geometry_msgs::msg[01;31m[K:[m[K[32m[K:[m[KTwist::SharedPtr msg);
[13.178s]       |                      [34m[K~[m[K                        [01;31m[K^[m[K[32m[K~[m[K
[13.179s]       |                                               [32m[K)[m[K
[13.180s] [01m[K/home/robodog/RoboDog/ros2_ws/src/i2cpwm_controller/include/i2cpwm_controller.h:113:44:[m[K [01;31m[Kerror: [m[Kexpected â€˜[01m[K;[m[Kâ€™ at end of member declaration
[13.180s]   113 |     void servos_drive(const geometry_msgs::[01;31m[Kmsg[m[K::Twist::SharedPtr msg);
[13.181s]       |                                            [01;31m[K^~~[m[K
[13.182s]       |                                               [32m[K;[m[K
[13.184s] [01m[K/home/robodog/RoboDog/ros2_ws/src/i2cpwm_controller/include/i2cpwm_controller.h:113:49:[m[K [01;31m[Kerror: [m[Kâ€˜[01m[KTwist[m[Kâ€™ in namespace â€˜[01m[K::[m[Kâ€™ does not name a type
[13.186s]   113 |     void servos_drive(const geometry_msgs::msg::[01;31m[KTwist[m[K::SharedPtr msg);
[13.187s]       |                                                 [01;31m[K^~~~~[m[K
[13.188s] [01m[K/home/robodog/RoboDog/ros2_ws/src/i2cpwm_controller/src/i2cpwm_controller.cpp:135:82:[m[K [01;31m[Kerror: [m[Kno matching function for call to â€˜[01m[KI2cPwmController::create_subscription<<expression error> >(const char [16], int, std::_Bind_helper<false, void (I2cPwmController::*)(std::shared_ptr<i2cpwm_controller::msg::ServoArray_<std::allocator<void> > >), I2cPwmController*, const std::_Placeholder<1>&>::type)[m[Kâ€™
[13.189s]   135 |     servos_absolute_sub_ = [01;31m[Kthis->create_subscription<controller::msg::ServoArray>([m[K
[13.189s]       |                            [01;31m[K~~~~~~~~~~~~~~~~~~~~~~~~~~~~~~~~~~~~~~~~~~~~~~~~~~~~~~^[m[K
[13.192s]   136 | [01;31m[K        "servos_absolute", 500, std::bind(&I2cPwmController::servos_absolute, this, std::placeholders::_1))[m[K;
[13.193s]       |         [01;31m[K~~~~~~~~~~~~~~~~~~~~~~~~~~~~~~~~~~~~~~~~~~~~~~~~~~~~~~~~~~~~~~~~~~~~~~~~~~~~~~~~~~~~~~~~~~~~~~~~~~~[m[K
[13.194s] In file included from [01m[K/opt/ros/humble/include/rclcpp/rclcpp/executors/single_threaded_executor.hpp:28[m[K,
[13.195s]                  from [01m[K/opt/ros/humble/include/rclcpp/rclcpp/executors.hpp:22[m[K,
[13.195s]                  from [01m[K/opt/ros/humble/include/rclcpp/rclcpp/rclcpp.hpp:155[m[K,
[13.196s]                  from [01m[K/home/robodog/RoboDog/ros2_ws/src/i2cpwm_controller/include/i2cpwm_controller.h:20[m[K,
[13.197s]                  from [01m[K/home/robodog/RoboDog/ros2_ws/src/i2cpwm_controller/src/i2cpwm_controller.cpp:1[m[K:
[13.198s] [01m[K/opt/ros/humble/include/rclcpp/rclcpp/node.hpp:219:3:[m[K [01;36m[Knote: [m[Kcandidate: â€˜[01m[Ktemplate<class MessageT, class CallbackT, class AllocatorT, class SubscriptionT, class MessageMemoryStrategyT> std::shared_ptr<ROSMessageT> rclcpp::Node::create_subscription(const string&, const rclcpp::QoS&, CallbackT&&, const rclcpp::SubscriptionOptionsWithAllocator<AllocatorT>&, typename MessageMemoryStrategyT::SharedPtr)[m[Kâ€™
[13.198s]   219 |   [01;36m[Kcreate_subscription[m[K(
[13.199s]       |   [01;36m[K^~~~~~~~~~~~~~~~~~~[m[K
[13.199s] [01m[K/opt/ros/humble/include/rclcpp/rclcpp/node.hpp:219:3:[m[K [01;36m[Knote: [m[K  template argument deduction/substitution failed:
[13.200s] [01m[K/home/robodog/RoboDog/ros2_ws/src/i2cpwm_controller/src/i2cpwm_controller.cpp:135:82:[m[K [01;31m[Kerror: [m[Ktemplate argument 1 is invalid
[13.201s]   135 |     servos_absolute_sub_ = [01;31m[Kthis->create_subscription<controller::msg::ServoArray>([m[K
[13.202s]       |                            [01;31m[K~~~~~~~~~~~~~~~~~~~~~~~~~~~~~~~~~~~~~~~~~~~~~~~~~~~~~~^[m[K
[13.202s]   136 | [01;31m[K        "servos_absolute", 500, std::bind(&I2cPwmController::servos_absolute, this, std::placeholders::_1))[m[K;
[13.204s]       |         [01;31m[K~~~~~~~~~~~~~~~~~~~~~~~~~~~~~~~~~~~~~~~~~~~~~~~~~~~~~~~~~~~~~~~~~~~~~~~~~~~~~~~~~~~~~~~~~~~~~~~~~~~[m[K
[13.218s] [01m[K/home/robodog/RoboDog/ros2_ws/src/i2cpwm_controller/include/i2cpwm_controller.h:122:44:[m[K [01;31m[Kerror: [m[Kâ€˜[01m[Kstd_srvs[m[Kâ€™ was not declared in this scope
[13.218s]   122 |     bool stop_servos(const std::shared_ptr<[01;31m[Kstd_srvs[m[K::srv::Empty::Request> req,
[13.219s]       |                                            [01;31m[K^~~~~~~~[m[K
[13.219s] [01m[K/home/robodog/RoboDog/ros2_ws/src/i2cpwm_controller/include/i2cpwm_controller.h:122:73:[m[K [01;31m[Kerror: [m[Ktemplate argument 1 is invalid
[13.220s]   122 |     bool stop_servos(const std::shared_ptr<std_srvs::srv::Empty::Request[01;31m[K>[m[K req,
[13.220s]       |                                                                         [01;31m[K^[m[K
[13.243s] [01m[K/home/robodog/RoboDog/ros2_ws/src/i2cpwm_controller/src/i2cpwm_controller.cpp:141:5:[m[K [01;31m[Kerror: [m[Kâ€˜[01m[Kservos_drive_sub_[m[Kâ€™ was not declared in this scope; did you mean â€˜[01m[Kservos_drive[m[Kâ€™?
[13.245s]   141 |     [01;31m[Kservos_drive_sub_[m[K = this->create_subscription<geometry_msgs::msg::Twist>(
[13.246s]       |     [01;31m[K^~~~~~~~~~~~~~~~~[m[K
[13.248s]       |     [32m[Kservos_drive[m[K
[13.249s] [01m[K/home/robodog/RoboDog/ros2_ws/src/i2cpwm_controller/include/i2cpwm_controller.h:122:44:[m[K [01;31m[Kerror: [m[Kâ€˜[01m[Kstd_srvs[m[Kâ€™ was not declared in this scope
[13.250s]   122 |     bool stop_servos(const std::shared_ptr<[01;31m[Kstd_srvs[m[K::srv::Empty::Request> req,
[13.251s]       |                                            [01;31m[K^~~~~~~~[m[K
[13.252s] [01m[K/home/robodog/RoboDog/ros2_ws/src/i2cpwm_controller/include/i2cpwm_controller.h:122:73:[m[K [01;31m[Kerror: [m[Ktemplate argument 1 is invalid
[13.253s]   122 |     bool stop_servos(const std::shared_ptr<std_srvs::srv::Empty::Request[01;31m[K>[m[K req,
[13.254s]       |                                                                         [01;31m[K^[m[K
[13.277s] [01m[K/home/robodog/RoboDog/ros2_ws/src/i2cpwm_controller/include/i2cpwm_controller.h:122:44:[m[K [01;31m[Kerror: [m[Kâ€˜[01m[Kstd_srvs[m[Kâ€™ was not declared in this scope
[13.278s]   122 |     bool stop_servos(const std::shared_ptr<[01;31m[Kstd_srvs[m[K::srv::Empty::Request> req,
[13.279s]       |                                            [01;31m[K^~~~~~~~[m[K
[13.279s] [01m[K/home/robodog/RoboDog/ros2_ws/src/i2cpwm_controller/include/i2cpwm_controller.h:122:73:[m[K [01;31m[Kerror: [m[Ktemplate argument 1 is invalid
[13.280s]   122 |     bool stop_servos(const std::shared_ptr<std_srvs::srv::Empty::Request[01;31m[K>[m[K req,
[13.281s]       |                                                                         [01;31m[K^[m[K
[13.282s] [01m[K/home/robodog/RoboDog/ros2_ws/src/i2cpwm_controller/include/i2cpwm_controller.h:122:28:[m[K [01;31m[Kerror: [m[Kinvalid template-id
[13.283s]   122 |     bool stop_servos(const [01;31m[Kstd[m[K::shared_ptr<std_srvs::srv::Empty::Request> req,
[13.284s]       |                            [01;31m[K^~~[m[K
[13.285s] [01m[K/home/robodog/RoboDog/ros2_ws/src/i2cpwm_controller/include/i2cpwm_controller.h:122:44:[m[K [01;31m[Kerror: [m[Kâ€˜[01m[Kstd_srvs[m[Kâ€™ has not been declared
[13.285s]   122 |     bool stop_servos(const std::shared_ptr<[01;31m[Kstd_srvs[m[K::srv::Empty::Request> req,
[13.286s]       |                                            [01;31m[K^~~~~~~~[m[K
[13.287s] [01m[K/home/robodog/RoboDog/ros2_ws/src/i2cpwm_controller/include/i2cpwm_controller.h:122:22:[m[K [01;31m[Kerror: [m[Kclass template placeholder â€˜[01m[Kstd::shared_ptr[m[Kâ€™ not permitted in this context
[13.289s]   122 |     bool stop_servos([01;31m[Kconst[m[K std::shared_ptr<std_srvs::srv::Empty::Request> req,
[13.291s]       |                      [01;31m[K^~~~~[m[K
[13.292s] [01m[K/home/robodog/RoboDog/ros2_ws/src/i2cpwm_controller/src/i2cpwm_controller.cpp:141:51:[m[K [01;31m[Kerror: [m[Kâ€˜[01m[Kgeometry_msgs[m[Kâ€™ was not declared in this scope
[13.294s]   141 |     servos_drive_sub_ = this->create_subscription<[01;31m[Kgeometry_msgs[m[K::msg::Twist>(
[13.295s]       |                                                   [01;31m[K^~~~~~~~~~~~~[m[K
[13.296s] [01m[K/home/robodog/RoboDog/ros2_ws/src/i2cpwm_controller/src/i2cpwm_controller.cpp:141:31:[m[K [01;31m[Kerror: [m[Kparse error in template argument list
[13.297s]   141 |     servos_drive_sub_ = this->[01;31m[Kcreate_subscription<geometry_msgs::msg::Twist>[m[K(
[13.298s]       |                               [01;31m[K^~~~~~~~~~~~~~~~~~~~~~~~~~~~~~~~~~~~~~~~~~~~~~[m[K
[13.299s] [01m[K/home/robodog/RoboDog/ros2_ws/src/i2cpwm_controller/src/i2cpwm_controller.cpp:141:77:[m[K [01;31m[Kerror: [m[Kno matching function for call to â€˜[01m[KI2cPwmController::create_subscription<<expression error> >(const char [13], int, std::_Bind_helper<false, void (I2cPwmController::*)(...), I2cPwmController*, const std::_Placeholder<1>&>::type)[m[Kâ€™
[13.299s]   141 |     servos_drive_sub_ = [01;31m[Kthis->create_subscription<geometry_msgs::msg::Twist>([m[K
[13.300s]       |                         [01;31m[K~~~~~~~~~~~~~~~~~~~~~~~~~~~~~~~~~~~~~~~~~~~~~~~~~~~~^[m[K
[13.301s]   142 | [01;31m[K        "servos_drive", 500, std::bind(&I2cPwmController::servos_drive, this, std::placeholders::_1))[m[K;
[13.302s]       |         [01;31m[K~~~~~~~~~~~~~~~~~~~~~~~~~~~~~~~~~~~~~~~~~~~~~~~~~~~~~~~~~~~~~~~~~~~~~~~~~~~~~~~~~~~~~~~~~~~~~[m[K
[13.303s] In file included from [01m[K/opt/ros/humble/include/rclcpp/rclcpp/node.hpp:1321[m[K,
[13.304s]                  from [01m[K/opt/ros/humble/include/rclcpp/rclcpp/executors/single_threaded_executor.hpp:28[m[K,
[13.304s]                  from [01m[K/opt/ros/humble/include/rclcpp/rclcpp/executors.hpp:22[m[K,
[13.305s]                  from [01m[K/opt/ros/humble/include/rclcpp/rclcpp/rclcpp.hpp:155[m[K,
[13.305s]                  from [01m[K/home/robodog/RoboDog/ros2_ws/src/i2cpwm_controller/include/i2cpwm_controller.h:20[m[K,
[13.306s]                  from [01m[K/home/robodog/RoboDog/ros2_ws/src/i2cpwm_controller/src/i2cpwm_controller.cpp:1[m[K:
[13.307s] [01m[K/opt/ros/humble/include/rclcpp/rclcpp/node_impl.hpp:92:1:[m[K [01;36m[Knote: [m[Kcandidate: â€˜[01m[Ktemplate<class MessageT, class CallbackT, class AllocatorT, class SubscriptionT, class MessageMemoryStrategyT> std::shared_ptr<ROSMessageT> rclcpp::Node::create_subscription(const string&, const rclcpp::QoS&, CallbackT&&, const rclcpp::SubscriptionOptionsWithAllocator<AllocatorT>&, typename MessageMemoryStrategyT::SharedPtr)[m[Kâ€™
[13.308s]    92 | [01;36m[KNode[m[K::create_subscription(
[13.308s]       | [01;36m[K^~~~[m[K
[13.309s] [01m[K/opt/ros/humble/include/rclcpp/rclcpp/node_impl.hpp:92:1:[m[K [01;36m[Knote: [m[K  template argument deduction/substitution failed:
[13.312s] [01m[K/home/robodog/RoboDog/ros2_ws/src/i2cpwm_controller/src/i2cpwm_controller.cpp:141:77:[m[K [01;31m[Kerror: [m[Ktemplate argument 1 is invalid
[13.313s]   141 |     servos_drive_sub_ = [01;31m[Kthis->create_subscription<geometry_msgs::msg::Twist>([m[K
[13.314s]       |                         [01;31m[K~~~~~~~~~~~~~~~~~~~~~~~~~~~~~~~~~~~~~~~~~~~~~~~~~~~~^[m[K
[13.314s]   142 | [01;31m[K        "servos_drive", 500, std::bind(&I2cPwmController::servos_drive, this, std::placeholders::_1))[m[K;
[13.315s]       |         [01;31m[K~~~~~~~~~~~~~~~~~~~~~~~~~~~~~~~~~~~~~~~~~~~~~~~~~~~~~~~~~~~~~~~~~~~~~~~~~~~~~~~~~~~~~~~~~~~~~[m[K
[13.316s] [01m[K/home/robodog/RoboDog/ros2_ws/src/i2cpwm_controller/include/i2cpwm_controller.h:123:47:[m[K [01;31m[Kerror: [m[Kâ€˜[01m[Kstd_srvs[m[Kâ€™ was not declared in this scope
[13.317s]   123 |                               std::shared_ptr<[01;31m[Kstd_srvs[m[K::srv::Empty::Response> res);
[13.318s]       |                                               [01;31m[K^~~~~~~~[m[K
[13.319s] [01m[K/home/robodog/RoboDog/ros2_ws/src/i2cpwm_controller/include/i2cpwm_controller.h:123:77:[m[K [01;31m[Kerror: [m[Ktemplate argument 1 is invalid
[13.319s]   123 |                               std::shared_ptr<std_srvs::srv::Empty::Response[01;31m[K>[m[K res);
[13.320s]       |                                                                             [01;31m[K^[m[K
[13.342s] [01m[K/home/robodog/RoboDog/ros2_ws/src/i2cpwm_controller/include/i2cpwm_controller.h:123:47:[m[K [01;31m[Kerror: [m[Kâ€˜[01m[Kstd_srvs[m[Kâ€™ was not declared in this scope
[13.342s]   123 |                               std::shared_ptr<[01;31m[Kstd_srvs[m[K::srv::Empty::Response> res);
[13.343s]       |                                               [01;31m[K^~~~~~~~[m[K
[13.344s] [01m[K/home/robodog/RoboDog/ros2_ws/src/i2cpwm_controller/include/i2cpwm_controller.h:123:77:[m[K [01;31m[Kerror: [m[Ktemplate argument 1 is invalid
[13.345s]   123 |                               std::shared_ptr<std_srvs::srv::Empty::Response[01;31m[K>[m[K res);
[13.346s]       |                                                                             [01;31m[K^[m[K
[13.372s] [01m[K/home/robodog/RoboDog/ros2_ws/src/i2cpwm_controller/include/i2cpwm_controller.h:123:47:[m[K [01;31m[Kerror: [m[Kâ€˜[01m[Kstd_srvs[m[Kâ€™ was not declared in this scope
[13.373s]   123 |                               std::shared_ptr<[01;31m[Kstd_srvs[m[K::srv::Empty::Response> res);
[13.373s]       |                                               [01;31m[K^~~~~~~~[m[K
[13.374s] [01m[K/home/robodog/RoboDog/ros2_ws/src/i2cpwm_controller/include/i2cpwm_controller.h:123:77:[m[K [01;31m[Kerror: [m[Ktemplate argument 1 is invalid
[13.375s]   123 |                               std::shared_ptr<std_srvs::srv::Empty::Response[01;31m[K>[m[K res);
[13.375s]       |                                                                             [01;31m[K^[m[K
[13.376s] [01m[K/home/robodog/RoboDog/ros2_ws/src/i2cpwm_controller/include/i2cpwm_controller.h:123:31:[m[K [01;31m[Kerror: [m[Kinvalid template-id
[13.376s]   123 |                               [01;31m[Kstd[m[K::shared_ptr<std_srvs::srv::Empty::Response> res);
[13.377s]       |                               [01;31m[K^~~[m[K
[13.378s] [01m[K/home/robodog/RoboDog/ros2_ws/src/i2cpwm_controller/include/i2cpwm_controller.h:123:47:[m[K [01;31m[Kerror: [m[Kâ€˜[01m[Kstd_srvs[m[Kâ€™ has not been declared
[13.378s]   123 |                               std::shared_ptr<[01;31m[Kstd_srvs[m[K::srv::Empty::Response> res);
[13.379s]       |                                               [01;31m[K^~~~~~~~[m[K
[13.380s] [01m[K/home/robodog/RoboDog/ros2_ws/src/i2cpwm_controller/include/i2cpwm_controller.h:123:31:[m[K [01;31m[Kerror: [m[Kclass template placeholder â€˜[01m[Kstd::shared_ptr[m[Kâ€™ not permitted in this context
[13.380s]   123 |                               [01;31m[Kstd[m[K::shared_ptr<std_srvs::srv::Empty::Response> res);
[13.381s]       |                               [01;31m[K^~~[m[K
[13.381s] [01m[K/home/robodog/RoboDog/ros2_ws/src/i2cpwm_controller/include/i2cpwm_controller.h:128:2:[m[K [01;31m[Kerror: [m[Kexpected â€˜[01m[K;[m[Kâ€™ after class definition
[13.385s]   128 | }
[13.387s]       |  [01;31m[K^[m[K
[13.388s]       |  [32m[K;[m[K
[13.389s] [01m[K/home/robodog/RoboDog/ros2_ws/src/i2cpwm_controller/src/i2cpwm_controller.cpp:154:5:[m[K [01;31m[Kerror: [m[Kâ€˜[01m[Kstop_servos_srv_[m[Kâ€™ was not declared in this scope; did you mean â€˜[01m[Kstop_servos[m[Kâ€™?
[13.392s]   154 |     [01;31m[Kstop_servos_srv_[m[K = this->create_service<std_srvs::srv::Empty>(
[13.392s]       |     [01;31m[K^~~~~~~~~~~~~~~~[m[K
[13.393s]       |     [32m[Kstop_servos[m[K
[13.413s] [01m[K/home/robodog/RoboDog/ros2_ws/src/i2cpwm_controller/src/i2cpwm_controller.cpp:154:45:[m[K [01;31m[Kerror: [m[Kâ€˜[01m[Kstd_srvs[m[Kâ€™ was not declared in this scope; did you mean â€˜[01m[Kstop_servos[m[Kâ€™?
[13.414s]   154 |     stop_servos_srv_ = this->create_service<[01;31m[Kstd_srvs[m[K::srv::Empty>(
[13.415s]       |                                             [01;31m[K^~~~~~~~[m[K
[13.415s]       |                                             [32m[Kstop_servos[m[K
[13.416s] [01m[K/home/robodog/RoboDog/ros2_ws/src/i2cpwm_controller/src/i2cpwm_controller.cpp:154:30:[m[K [01;31m[Kerror: [m[Kparse error in template argument list
[13.417s]   154 |     stop_servos_srv_ = this->[01;31m[Kcreate_service<std_srvs::srv::Empty>[m[K(
[13.417s]       |                              [01;31m[K^~~~~~~~~~~~~~~~~~~~~~~~~~~~~~~~~~~~[m[K
[13.422s] [01m[K/home/robodog/RoboDog/ros2_ws/src/i2cpwm_controller/src/i2cpwm_controller.cpp:154:66:[m[K [01;31m[Kerror: [m[Kno matching function for call to â€˜[01m[KI2cPwmController::create_service<<expression error> >(const char [12], std::_Bind_helper<false, bool (I2cPwmController::*)(...), I2cPwmController*, const std::_Placeholder<1>&, const std::_Placeholder<2>&>::type)[m[Kâ€™
[13.423s]   154 |     stop_servos_srv_ = [01;31m[Kthis->create_service<std_srvs::srv::Empty>([m[K
[13.424s]       |                        [01;31m[K~~~~~~~~~~~~~~~~~~~~~~~~~~~~~~~~~~~~~~~~~~^[m[K
[13.424s]   155 | [01;31m[K        "stop_servos", std::bind(&I2cPwmController::stop_servos, this, std::placeholders::_1, std::placeholders::_2))[m[K;
[13.425s]       |         [01;31m[K~~~~~~~~~~~~~~~~~~~~~~~~~~~~~~~~~~~~~~~~~~~~~~~~~~~~~~~~~~~~~~~~~~~~~~~~~~~~~~~~~~~~~~~~~~~~~~~~~~~~~~~~~~~~~[m[K
[13.426s] In file included from [01m[K/opt/ros/humble/include/rclcpp/rclcpp/node.hpp:1321[m[K,
[13.426s]                  from [01m[K/opt/ros/humble/include/rclcpp/rclcpp/executors/single_threaded_executor.hpp:28[m[K,
[13.427s]                  from [01m[K/opt/ros/humble/include/rclcpp/rclcpp/executors.hpp:22[m[K,
[13.428s]                  from [01m[K/opt/ros/humble/include/rclcpp/rclcpp/rclcpp.hpp:155[m[K,
[13.429s]                  from [01m[K/home/robodog/RoboDog/ros2_ws/src/i2cpwm_controller/include/i2cpwm_controller.h:20[m[K,
[13.429s]                  from [01m[K/home/robodog/RoboDog/ros2_ws/src/i2cpwm_controller/src/i2cpwm_controller.cpp:1[m[K:
[13.430s] [01m[K/opt/ros/humble/include/rclcpp/rclcpp/node_impl.hpp:141:1:[m[K [01;36m[Knote: [m[Kcandidate: â€˜[01m[Ktemplate<class ServiceT, class CallbackT> typename rclcpp::Service<ServiceT>::SharedPtr rclcpp::Node::create_service(const string&, CallbackT&&, const rmw_qos_profile_t&, rclcpp::CallbackGroup::SharedPtr)[m[Kâ€™
[13.430s]   141 | [01;36m[KNode[m[K::create_service(
[13.431s]       | [01;36m[K^~~~[m[K
[13.432s] [01m[K/opt/ros/humble/include/rclcpp/rclcpp/node_impl.hpp:141:1:[m[K [01;36m[Knote: [m[K  template argument deduction/substitution failed:
[13.433s] [01m[K/home/robodog/RoboDog/ros2_ws/src/i2cpwm_controller/src/i2cpwm_controller.cpp:154:66:[m[K [01;31m[Kerror: [m[Ktemplate argument 1 is invalid
[13.434s]   154 |     stop_servos_srv_ = [01;31m[Kthis->create_service<std_srvs::srv::Empty>([m[K
[13.434s]       |                        [01;31m[K~~~~~~~~~~~~~~~~~~~~~~~~~~~~~~~~~~~~~~~~~~^[m[K
[13.435s]   155 | [01;31m[K        "stop_servos", std::bind(&I2cPwmController::stop_servos, this, std::placeholders::_1, std::placeholders::_2))[m[K;
[13.435s]       |         [01;31m[K~~~~~~~~~~~~~~~~~~~~~~~~~~~~~~~~~~~~~~~~~~~~~~~~~~~~~~~~~~~~~~~~~~~~~~~~~~~~~~~~~~~~~~~~~~~~~~~~~~~~~~~~~~~~~[m[K
[13.461s] [01m[K/home/robodog/RoboDog/ros2_ws/src/i2cpwm_controller/src/i2cpwm_controller.cpp:[m[K At global scope:
[13.462s] [01m[K/home/robodog/RoboDog/ros2_ws/src/i2cpwm_controller/src/i2cpwm_controller.cpp:192:43:[m[K [01;31m[Kerror: [m[Kâ€˜[01m[Kgeometry_msgs[m[Kâ€™ does not name a type
[13.463s]   192 | void I2cPwmController::servos_drive(const [01;31m[Kgeometry_msgs[m[K::msg::Twist::SharedPtr msg) {
[13.464s]       |                                           [01;31m[K^~~~~~~~~~~~~[m[K
[13.465s] [01m[K/home/robodog/RoboDog/ros2_ws/src/i2cpwm_controller/src/i2cpwm_controller.cpp:192:61:[m[K [01;31m[Kerror: [m[Kexpected unqualified-id before â€˜[01m[K::[m[Kâ€™ token
[13.465s]   192 | void I2cPwmController::servos_drive(const geometry_msgs::msg[01;31m[K::[m[KTwist::SharedPtr msg) {
[13.466s]       |                                                             [01;31m[K^~[m[K
[13.467s] [01m[K/home/robodog/RoboDog/ros2_ws/src/i2cpwm_controller/src/i2cpwm_controller.cpp:192:61:[m[K [01;31m[Kerror: [m[Kexpected â€˜[01m[K)[m[Kâ€™ before â€˜[01m[K::[m[Kâ€™ token
[13.468s]   192 | void I2cPwmController::servos_drive[34m[K([m[Kconst geometry_msgs::msg[01;31m[K:[m[K[32m[K:[m[KTwist::SharedPtr msg) {
[13.468s]       |                                    [34m[K~[m[K                        [01;31m[K^[m[K[32m[K~[m[K
[13.469s]       |                                                             [32m[K)[m[K
[13.470s] [01m[K/home/robodog/RoboDog/ros2_ws/src/i2cpwm_controller/src/i2cpwm_controller.cpp:192:61:[m[K [01;31m[Kerror: [m[Kexpected initializer before â€˜[01m[K::[m[Kâ€™ token
[13.470s]   192 | void I2cPwmController::servos_drive(const geometry_msgs::msg[01;31m[K::[m[KTwist::SharedPtr msg) {
[13.471s]       |                                                             [01;31m[K^~[m[K
[13.558s] [01m[K/home/robodog/RoboDog/ros2_ws/src/i2cpwm_controller/src/i2cpwm_controller.cpp:414:58:[m[K [01;31m[Kerror: [m[Kâ€˜[01m[Kstd_srvs[m[Kâ€™ was not declared in this scope; did you mean â€˜[01m[Kstop_servos[m[Kâ€™?
[13.559s]   414 | bool I2cPwmController::stop_servos(const std::shared_ptr<[01;31m[Kstd_srvs[m[K::srv::Empty::Request> req,
[13.560s]       |                                                          [01;31m[K^~~~~~~~[m[K
[13.562s]       |                                                          [32m[Kstop_servos[m[K
[13.563s] [01m[K/home/robodog/RoboDog/ros2_ws/src/i2cpwm_controller/src/i2cpwm_controller.cpp:414:87:[m[K [01;31m[Kerror: [m[Ktemplate argument 1 is invalid
[13.564s]   414 | bool I2cPwmController::stop_servos(const std::shared_ptr<std_srvs::srv::Empty::Request[01;31m[K>[m[K req,
[13.564s]       |                                                                                       [01;31m[K^[m[K
[13.587s] [01m[K/home/robodog/RoboDog/ros2_ws/src/i2cpwm_controller/src/i2cpwm_controller.cpp:414:58:[m[K [01;31m[Kerror: [m[Kâ€˜[01m[Kstd_srvs[m[Kâ€™ was not declared in this scope; did you mean â€˜[01m[Kstop_servos[m[Kâ€™?
[13.588s]   414 | bool I2cPwmController::stop_servos(const std::shared_ptr<[01;31m[Kstd_srvs[m[K::srv::Empty::Request> req,
[13.588s]       |                                                          [01;31m[K^~~~~~~~[m[K
[13.589s]       |                                                          [32m[Kstop_servos[m[K
[13.590s] [01m[K/home/robodog/RoboDog/ros2_ws/src/i2cpwm_controller/src/i2cpwm_controller.cpp:414:87:[m[K [01;31m[Kerror: [m[Ktemplate argument 1 is invalid
[13.592s]   414 | bool I2cPwmController::stop_servos(const std::shared_ptr<std_srvs::srv::Empty::Request[01;31m[K>[m[K req,
[13.593s]       |                                                                                       [01;31m[K^[m[K
[13.618s] [01m[K/home/robodog/RoboDog/ros2_ws/src/i2cpwm_controller/src/i2cpwm_controller.cpp:414:58:[m[K [01;31m[Kerror: [m[Kâ€˜[01m[Kstd_srvs[m[Kâ€™ was not declared in this scope; did you mean â€˜[01m[Kstop_servos[m[Kâ€™?
[13.619s]   414 | bool I2cPwmController::stop_servos(const std::shared_ptr<[01;31m[Kstd_srvs[m[K::srv::Empty::Request> req,
[13.620s]       |                                                          [01;31m[K^~~~~~~~[m[K
[13.621s]       |                                                          [32m[Kstop_servos[m[K
[13.622s] [01m[K/home/robodog/RoboDog/ros2_ws/src/i2cpwm_controller/src/i2cpwm_controller.cpp:414:87:[m[K [01;31m[Kerror: [m[Ktemplate argument 1 is invalid
[13.623s]   414 | bool I2cPwmController::stop_servos(const std::shared_ptr<std_srvs::srv::Empty::Request[01;31m[K>[m[K req,
[13.623s]       |                                                                                       [01;31m[K^[m[K
[13.624s] [01m[K/home/robodog/RoboDog/ros2_ws/src/i2cpwm_controller/src/i2cpwm_controller.cpp:414:42:[m[K [01;31m[Kerror: [m[Kinvalid template-id
[13.625s]   414 | bool I2cPwmController::stop_servos(const [01;31m[Kstd[m[K::shared_ptr<std_srvs::srv::Empty::Request> req,
[13.626s]       |                                          [01;31m[K^~~[m[K
[13.645s] [01m[K/home/robodog/RoboDog/ros2_ws/src/i2cpwm_controller/src/i2cpwm_controller.cpp:414:58:[m[K [01;31m[Kerror: [m[Kâ€˜[01m[Kstd_srvs[m[Kâ€™ was not declared in this scope; did you mean â€˜[01m[Kstop_servos[m[Kâ€™?
[13.645s]   414 | bool I2cPwmController::stop_servos(const std::shared_ptr<[01;31m[Kstd_srvs[m[K::srv::Empty::Request> req,
[13.646s]       |                                                          [01;31m[K^~~~~~~~[m[K
[13.647s]       |                                                          [32m[Kstop_servos[m[K
[13.649s] [01m[K/home/robodog/RoboDog/ros2_ws/src/i2cpwm_controller/src/i2cpwm_controller.cpp:414:6:[m[K [01;31m[Kerror: [m[Kâ€˜[01m[Kbool I2cPwmController::stop_servos[m[Kâ€™ is not a static data member of â€˜[01m[Kclass I2cPwmController[m[Kâ€™
[13.650s]   414 | bool [01;31m[KI2cPwmController[m[K::stop_servos(const std::shared_ptr<std_srvs::srv::Empty::Request> req,
[13.651s]       |      [01;31m[K^~~~~~~~~~~~~~~~[m[K
[13.652s] [01m[K/home/robodog/RoboDog/ros2_ws/src/i2cpwm_controller/src/i2cpwm_controller.cpp:414:36:[m[K [01;31m[Kerror: [m[Kexpected primary-expression before â€˜[01m[Kconst[m[Kâ€™
[13.653s]   414 | bool I2cPwmController::stop_servos([01;31m[Kconst[m[K std::shared_ptr<std_srvs::srv::Empty::Request> req,
[13.654s]       |                                    [01;31m[K^~~~~[m[K
[13.674s] [01m[K/home/robodog/RoboDog/ros2_ws/src/i2cpwm_controller/src/i2cpwm_controller.cpp:415:52:[m[K [01;31m[Kerror: [m[Kâ€˜[01m[Kstd_srvs[m[Kâ€™ was not declared in this scope; did you mean â€˜[01m[Kstop_servos[m[Kâ€™?
[13.674s]   415 |                                    std::shared_ptr<[01;31m[Kstd_srvs[m[K::srv::Empty::Response> res) {
[13.675s]       |                                                    [01;31m[K^~~~~~~~[m[K
[13.676s]       |                                                    [32m[Kstop_servos[m[K
[13.676s] [01m[K/home/robodog/RoboDog/ros2_ws/src/i2cpwm_controller/src/i2cpwm_controller.cpp:415:82:[m[K [01;31m[Kerror: [m[Ktemplate argument 1 is invalid
[13.677s]   415 |                                    std::shared_ptr<std_srvs::srv::Empty::Response[01;31m[K>[m[K res) {
[13.678s]       |                                                                                  [01;31m[K^[m[K
[13.678s] [01m[K/home/robodog/RoboDog/ros2_ws/src/i2cpwm_controller/src/i2cpwm_controller.cpp:415:87:[m[K [01;31m[Kerror: [m[Kexpression list treated as compound expression in initializer [[01;31m[K]8;;https://gcc.gnu.org/onlinedocs/gcc/Warning-Options.html#index-fpermissive-fpermissive]8;;[m[K]
[13.679s]   415 |                                    std::shared_ptr<std_srvs::srv::Empty::Response> res[01;31m[K)[m[K {
[13.680s]       |                                                                                       [01;31m[K^[m[K
[15.398s] gmake[2]: *** [CMakeFiles/i2cpwm_controller_node.dir/build.make:90: CMakeFiles/i2cpwm_controller_node.dir/src/main.cpp.o] Error 1
[15.399s] gmake[2]: *** Waiting for unfinished jobs....
[24.341s] gmake[2]: *** [CMakeFiles/i2cpwm_controller_node.dir/build.make:76: CMakeFiles/i2cpwm_controller_node.dir/src/i2cpwm_controller.cpp.o] Error 1
[24.342s] gmake[1]: *** [CMakeFiles/Makefile2:593: CMakeFiles/i2cpwm_controller_node.dir/all] Error 2
[24.343s] gmake: *** [Makefile:146: all] Error 2
[24.349s] Invoked command in '/home/robodog/RoboDog/ros2_ws/build/i2cpwm_controller' returned '2': CMAKE_PREFIX_PATH=/opt/ros/humble /usr/bin/cmake --build /home/robodog/RoboDog/ros2_ws/build/i2cpwm_controller -- -j4 -l4
