-- The C compiler identification is GNU 11.4.0
-- The CXX compiler identification is GNU 11.4.0
-- Detecting C compiler ABI info
-- Detecting C compiler ABI info - done
-- Check for working C compiler: /usr/bin/cc - skipped
-- Detecting C compile features
-- Detecting C compile features - done
-- Detecting CXX compiler ABI info
-- Detecting CXX compiler ABI info - done
-- Check for working CXX compiler: /usr/bin/c++ - skipped
-- Detecting CXX compile features
-- Detecting CXX compile features - done
-- Found ament_cmake: 1.3.10 (/opt/ros/humble/share/ament_cmake/cmake)
-- Found Python3: /usr/bin/python3 (found version "3.10.12") found components: Interpreter 
-- Found rclcpp: 16.0.10 (/opt/ros/humble/share/rclcpp/cmake)
-- Found rosidl_generator_c: 3.1.5 (/opt/ros/humble/share/rosidl_generator_c/cmake)
-- Found rosidl_adapter: 3.1.5 (/opt/ros/humble/share/rosidl_adapter/cmake)
-- Found rosidl_generator_cpp: 3.1.5 (/opt/ros/humble/share/rosidl_generator_cpp/cmake)
-- Using all available rosidl_typesupport_c: rosidl_typesupport_fastrtps_c;rosidl_typesupport_introspection_c
-- Using all available rosidl_typesupport_cpp: rosidl_typesupport_fastrtps_cpp;rosidl_typesupport_introspection_cpp
-- Found rmw_implementation_cmake: 6.1.2 (/opt/ros/humble/share/rmw_implementation_cmake/cmake)
-- Found rmw_fastrtps_cpp: 6.2.7 (/opt/ros/humble/share/rmw_fastrtps_cpp/cmake)
-- Found OpenSSL: /usr/lib/aarch64-linux-gnu/libcrypto.so (found version "3.0.2")  
-- Found FastRTPS: /opt/ros/humble/include  
-- Using RMW implementation 'rmw_fastrtps_cpp' as default
-- Looking for pthread.h
-- Looking for pthread.h - found
-- Performing Test CMAKE_HAVE_LIBC_PTHREAD
-- Performing Test CMAKE_HAVE_LIBC_PTHREAD - Success
-- Found Threads: TRUE  
-- Found geometry_msgs: 4.2.4 (/opt/ros/humble/share/geometry_msgs/cmake)
-- Found tf2: 0.25.8 (/opt/ros/humble/share/tf2/cmake)
-- Found tf2_ros: 0.25.8 (/opt/ros/humble/share/tf2_ros/cmake)
-- Found tf2_geometry_msgs: 0.25.8 (/opt/ros/humble/share/tf2_geometry_msgs/cmake)
-- Found eigen3_cmake_module: 0.1.1 (/opt/ros/humble/share/eigen3_cmake_module/cmake)
-- Found Eigen3: TRUE (found version "3.4.0") 
-- Ensuring Eigen3 include directory is part of orocos-kdl CMake target
-- Found tf2_eigen: 0.25.8 (/opt/ros/humble/share/tf2_eigen/cmake)
-- Found i2cpwm_controller: 0.5.1 (/home/robodog/RoboDog/ros2_ws/install/i2cpwm_controller/share/i2cpwm_controller/cmake)
-- Configuring done
-- Generating done
-- Build files have been written to: /home/robodog/RoboDog/ros2_ws/build/motion_cmd/libs/spot_micro_kinematics_cpp/3rd_party/google-test/googletest-download
[ 11%] Creating directories for 'googletest'
[ 22%] Performing download step (download, verify and extract) for 'googletest'
-- Downloading...
   dst='/home/robodog/RoboDog/ros2_ws/build/motion_cmd/libs/spot_micro_kinematics_cpp/3rd_party/google-test/googletest-download/googletest-prefix/src/703bd9caab50b139428cea1aaff9974ebee5742e.tar.gz'
   timeout='none'
   inactivity timeout='none'
-- Using src='https://github.com/google/googletest/archive/703bd9caab50b139428cea1aaff9974ebee5742e.tar.gz'
-- Downloading... done
-- extracting...
     src='/home/robodog/RoboDog/ros2_ws/build/motion_cmd/libs/spot_micro_kinematics_cpp/3rd_party/google-test/googletest-download/googletest-prefix/src/703bd9caab50b139428cea1aaff9974ebee5742e.tar.gz'
     dst='/home/robodog/RoboDog/ros2_ws/build/motion_cmd/libs/spot_micro_kinematics_cpp/3rd_party/google-test/googletest-src'
-- extracting... [tar xfz]
-- extracting... [analysis]
-- extracting... [rename]
-- extracting... [clean up]
-- extracting... done
[ 33%] No update step for 'googletest'
[ 44%] No patch step for 'googletest'
[ 55%] No configure step for 'googletest'
[ 66%] No build step for 'googletest'
[ 77%] No install step for 'googletest'
[ 88%] No test step for 'googletest'
[100%] Completed 'googletest'
[100%] Built target googletest
[0mCMake Deprecation Warning at /home/robodog/RoboDog/ros2_ws/build/motion_cmd/libs/spot_micro_kinematics_cpp/3rd_party/google-test/googletest-src/CMakeLists.txt:4 (cmake_minimum_required):
  Compatibility with CMake < 2.8.12 will be removed from a future version of
  CMake.

  Update the VERSION argument <min> value or use a ...<max> suffix to tell
  CMake that the project does not need compatibility with older versions.

[0m
[0mCMake Deprecation Warning at /home/robodog/RoboDog/ros2_ws/build/motion_cmd/libs/spot_micro_kinematics_cpp/3rd_party/google-test/googletest-src/googlemock/CMakeLists.txt:45 (cmake_minimum_required):
  Compatibility with CMake < 2.8.12 will be removed from a future version of
  CMake.

  Update the VERSION argument <min> value or use a ...<max> suffix to tell
  CMake that the project does not need compatibility with older versions.

[0m
[0mCMake Deprecation Warning at /home/robodog/RoboDog/ros2_ws/build/motion_cmd/libs/spot_micro_kinematics_cpp/3rd_party/google-test/googletest-src/googletest/CMakeLists.txt:56 (cmake_minimum_required):
  Compatibility with CMake < 2.8.12 will be removed from a future version of
  CMake.

  Update the VERSION argument <min> value or use a ...<max> suffix to tell
  CMake that the project does not need compatibility with older versions.

[0m
-- Found PythonInterp: /usr/bin/python3.10 (found version "3.10.12") 
-- Configuring done
-- Generating done
[33mCMake Warning:
  Manually-specified variables were not used by the project:

    CATKIN_INSTALL_INTO_PREFIX_ROOT

[0m
-- Build files have been written to: /home/robodog/RoboDog/ros2_ws/build/motion_cmd
[  3%] [32mBuilding CXX object libs/spot_micro_kinematics_cpp/CMakeFiles/spot_micro_kinematics.dir/src/spot_micro_kinematics.cpp.o[0m
[ 10%] [32mBuilding CXX object libs/spot_micro_kinematics_cpp/3rd_party/google-test/googletest-build/googletest/CMakeFiles/gtest.dir/src/gtest-all.cc.o[0m
[ 10%] [32mBuilding CXX object libs/spot_micro_kinematics_cpp/CMakeFiles/spot_micro_kinematics.dir/src/utils.cpp.o[0m
[ 13%] [32mBuilding CXX object libs/spot_micro_kinematics_cpp/CMakeFiles/spot_micro_kinematics.dir/src/spot_micro_leg.cpp.o[0m
In file included from [01m[K/home/robodog/RoboDog/ros2_ws/build/motion_cmd/libs/spot_micro_kinematics_cpp/3rd_party/google-test/googletest-src/googletest/src/gtest-all.cc:42[m[K:
[01m[K/home/robodog/RoboDog/ros2_ws/build/motion_cmd/libs/spot_micro_kinematics_cpp/3rd_party/google-test/googletest-src/googletest/src/gtest-death-test.cc:[m[K In function â€˜[01m[Kbool testing::internal::StackGrowsDown()[m[Kâ€™:
[01m[K/home/robodog/RoboDog/ros2_ws/build/motion_cmd/libs/spot_micro_kinematics_cpp/3rd_party/google-test/googletest-src/googletest/src/gtest-death-test.cc:1301:24:[m[K [01;35m[Kwarning: [m[Kâ€˜[01m[Kdummy[m[Kâ€™ may be used uninitialized [[01;35m[K]8;;https://gcc.gnu.org/onlinedocs/gcc/Warning-Options.html#index-Wmaybe-uninitialized-Wmaybe-uninitialized]8;;[m[K]
 1301 |   [01;35m[KStackLowerThanAddress(&dummy, &result)[m[K;
      |   [01;35m[K~~~~~~~~~~~~~~~~~~~~~^~~~~~~~~~~~~~~~~[m[K
[01m[K/home/robodog/RoboDog/ros2_ws/build/motion_cmd/libs/spot_micro_kinematics_cpp/3rd_party/google-test/googletest-src/googletest/src/gtest-death-test.cc:1290:13:[m[K [01;36m[Knote: [m[Kby argument 1 of type â€˜[01m[Kconst void*[m[Kâ€™ to â€˜[01m[Kvoid testing::internal::StackLowerThanAddress(const void*, bool*)[m[Kâ€™ declared here
 1290 | static void [01;36m[KStackLowerThanAddress[m[K(const void* ptr, bool* result) {
      |             [01;36m[K^~~~~~~~~~~~~~~~~~~~~[m[K
[01m[K/home/robodog/RoboDog/ros2_ws/build/motion_cmd/libs/spot_micro_kinematics_cpp/3rd_party/google-test/googletest-src/googletest/src/gtest-death-test.cc:1299:7:[m[K [01;36m[Knote: [m[Kâ€˜[01m[Kdummy[m[Kâ€™ declared here
 1299 |   int [01;36m[Kdummy[m[K;
      |       [01;36m[K^~~~~[m[K
[ 17%] [32m[1mLinking CXX static library libspot_micro_kinematics.a[0m
[ 17%] Built target spot_micro_kinematics
[ 20%] [32mBuilding CXX object CMakeFiles/smfsm.dir/src/smfsm/state.cpp.o[0m
[ 24%] [32mBuilding CXX object CMakeFiles/smfsm.dir/src/smfsm/idle.cpp.o[0m
[ 27%] [32mBuilding CXX object CMakeFiles/smfsm.dir/src/smfsm/stand.cpp.o[0m
[ 31%] [32m[1mLinking CXX static library ../../../../../../lib/libgtest.a[0m
[ 31%] Built target gtest
[ 34%] [32mBuilding CXX object libs/spot_micro_kinematics_cpp/3rd_party/google-test/googletest-build/googletest/CMakeFiles/gtest_main.dir/src/gtest_main.cc.o[0m
[ 37%] [32m[1mLinking CXX static library ../../../../../../lib/libgtest_main.a[0m
[ 37%] Built target gtest_main
[ 41%] [32mBuilding CXX object libs/spot_micro_kinematics_cpp/3rd_party/google-test/googletest-build/googlemock/CMakeFiles/gmock.dir/src/gmock-all.cc.o[0m
[ 44%] [32m[1mLinking CXX static library ../../../../../../lib/libgmock.a[0m
[ 44%] Built target gmock
[ 48%] [32mBuilding CXX object libs/spot_micro_kinematics_cpp/CMakeFiles/test_utils.dir/tests/test_utils.cpp.o[0m
[ 51%] [32mBuilding CXX object CMakeFiles/smfsm.dir/src/smfsm/transition_stand.cpp.o[0m
[ 55%] [32mBuilding CXX object CMakeFiles/smfsm.dir/src/smfsm/transition_idle.cpp.o[0m
[ 58%] [32mBuilding CXX object CMakeFiles/smfsm.dir/src/smfsm/walk.cpp.o[0m
[ 62%] [32m[1mLinking CXX executable test_utils[0m
[ 62%] Built target test_utils
[ 65%] [32mBuilding CXX object libs/spot_micro_kinematics_cpp/CMakeFiles/test_spot_micro_leg.dir/tests/test_spot_micro_leg.cpp.o[0m
[ 68%] [32m[1mLinking CXX executable test_spot_micro_leg[0m
[ 68%] Built target test_spot_micro_leg
[ 72%] [32mBuilding CXX object libs/spot_micro_kinematics_cpp/CMakeFiles/test_spot_micro_kinematics.dir/tests/test_spot_micro_kinematics.cpp.o[0m
[ 75%] [32mBuilding CXX object libs/spot_micro_kinematics_cpp/3rd_party/google-test/googletest-build/googlemock/CMakeFiles/gmock_main.dir/src/gmock_main.cc.o[0m
[ 79%] [32m[1mLinking CXX static library ../../../../../../lib/libgmock_main.a[0m
[ 79%] Built target gmock_main
[ 82%] [32m[1mLinking CXX static library libsmfsm.a[0m
[ 82%] Built target smfsm
[ 86%] [32mBuilding CXX object CMakeFiles/motion_cmd_node.dir/src/motion_cmd.cpp.o[0m
[ 89%] [32mBuilding CXX object CMakeFiles/motion_cmd_node.dir/src/main.cpp.o[0m
[ 93%] [32mBuilding CXX object CMakeFiles/motion_cmd_node.dir/src/utils.cpp.o[0m
[ 96%] [32m[1mLinking CXX executable test_spot_micro_kinematics[0m
[ 96%] Built target test_spot_micro_kinematics
In file included from [01m[K/home/robodog/RoboDog/ros2_ws/src/motion_cmd/src/utils.cpp:6[m[K:
[01m[K/opt/ros/humble/include/tf2_eigen/tf2_eigen/tf2_eigen.h:32:2:[m[K [01;35m[Kwarning: [m[K#warning This header is obsolete, please include tf2_eigen/tf2_eigen.hpp instead [[01;35m[K]8;;https://gcc.gnu.org/onlinedocs/gcc/Warning-Options.html#index-Wcpp-Wcpp]8;;[m[K]
   32 | #[01;35m[Kwarning[m[K This header is obsolete, please include tf2_eigen/tf2_eigen.hpp instead
      |  [01;35m[K^~~~~~~[m[K
In file included from [01m[K/home/robodog/RoboDog/ros2_ws/src/motion_cmd/src/utils.cpp:7[m[K:
[01m[K/opt/ros/humble/include/tf2_geometry_msgs/tf2_geometry_msgs/tf2_geometry_msgs.h:35:2:[m[K [01;35m[Kwarning: [m[K#warning This header is obsolete, please include tf2_geometry_msgs/tf2_geometry_msgs.hpp instead [[01;35m[K]8;;https://gcc.gnu.org/onlinedocs/gcc/Warning-Options.html#index-Wcpp-Wcpp]8;;[m[K]
   35 | #[01;35m[Kwarning[m[K This header is obsolete, please include tf2_geometry_msgs/tf2_geometry_msgs.hpp instead
      |  [01;35m[K^~~~~~~[m[K
[100%] [32m[1mLinking CXX executable motion_cmd_node[0m
/usr/bin/ld: cannot find -li2cpwm_controller_lib: No such file or directory
/usr/bin/ld: cannot find -ltf2_eigen: No such file or directory
collect2: error: ld returned 1 exit status
gmake[2]: *** [CMakeFiles/motion_cmd_node.dir/build.make:250: motion_cmd_node] Error 1
gmake[1]: *** [CMakeFiles/Makefile2:257: CMakeFiles/motion_cmd_node.dir/all] Error 2
gmake: *** [Makefile:146: all] Error 2
