[0.000000] (-) TimerEvent: {}
[0.001846] (-) JobUnselected: {'identifier': 'i2cpwm_controller'}
[0.002443] (-) JobUnselected: {'identifier': 'servo_calibration'}
[0.002986] (motion_cmd) JobQueued: {'identifier': 'motion_cmd', 'dependencies': OrderedDict([('i2cpwm_controller', '/home/robodog/RoboDog/ros2_ws/install/i2cpwm_controller')])}
[0.003200] (motion_cmd) JobStarted: {'identifier': 'motion_cmd'}
[0.053852] (motion_cmd) JobProgress: {'identifier': 'motion_cmd', 'progress': 'cmake'}
[0.057924] (motion_cmd) JobProgress: {'identifier': 'motion_cmd', 'progress': 'build'}
[0.061376] (motion_cmd) Command: {'cmd': ['/usr/bin/cmake', '--build', '/home/robodog/RoboDog/ros2_ws/build/motion_cmd', '--', '-j4', '-l4'], 'cwd': '/home/robodog/RoboDog/ros2_ws/build/motion_cmd', 'env': OrderedDict([('LESSOPEN', '| /usr/bin/lesspipe %s'), ('USER', 'robodog'), ('SSH_CLIENT', '10.7.90.119 56112 22'), ('ROS_PACKAGE_PATH', '/home/robodog/RoboDog/ros2_ws/install/motion_cmd/share'), ('XDG_SESSION_TYPE', 'tty'), ('SHLVL', '1'), ('LD_LIBRARY_PATH', '/home/robodog/RoboDog/ros2_ws/install/i2cpwm_controller/lib:/opt/ros/humble/opt/rviz_ogre_vendor/lib:/opt/ros/humble/lib/aarch64-linux-gnu:/opt/ros/humble/lib'), ('MOTD_SHOWN', 'pam'), ('HOME', '/home/robodog'), ('OLDPWD', '/home/robodog'), ('SSH_TTY', '/dev/pts/1'), ('ROS_PYTHON_VERSION', '3'), ('DBUS_SESSION_BUS_ADDRESS', 'unix:path=/run/user/1000/bus'), ('COLCON_PREFIX_PATH', '/home/robodog/RoboDog/ros2_ws/install'), ('ROS_DISTRO', 'humble'), ('LOGNAME', 'robodog'), ('_', '/usr/bin/colcon'), ('ROS_VERSION', '2'), ('PKG_CONFIG_PATH', '/home/robodog/RoboDog/ros2_ws/install/motion_cmd/lib/aarch64-linux-gnu/pkgconfig:/home/robodog/RoboDog/ros2_ws/install/motion_cmd/lib/pkgconfig'), ('XDG_SESSION_CLASS', 'user'), ('TERM', 'xterm-256color'), ('XDG_SESSION_ID', '34'), ('ROS_LOCALHOST_ONLY', '0'), ('PATH', '/opt/ros/humble/bin:/usr/local/sbin:/usr/local/bin:/usr/sbin:/usr/bin:/sbin:/bin:/usr/games:/usr/local/games:/snap/bin'), ('XDG_RUNTIME_DIR', '/run/user/1000'), ('LANG', 'en_US.UTF-8'), ('LS_COLORS', 'rs=0:di=01;34:ln=01;36:mh=00:pi=40;33:so=01;35:do=01;35:bd=40;33;01:cd=40;33;01:or=40;31;01:mi=00:su=37;41:sg=30;43:ca=30;41:tw=30;42:ow=34;42:st=37;44:ex=01;32:*.tar=01;31:*.tgz=01;31:*.arc=01;31:*.arj=01;31:*.taz=01;31:*.lha=01;31:*.lz4=01;31:*.lzh=01;31:*.lzma=01;31:*.tlz=01;31:*.txz=01;31:*.tzo=01;31:*.t7z=01;31:*.zip=01;31:*.z=01;31:*.dz=01;31:*.gz=01;31:*.lrz=01;31:*.lz=01;31:*.lzo=01;31:*.xz=01;31:*.zst=01;31:*.tzst=01;31:*.bz2=01;31:*.bz=01;31:*.tbz=01;31:*.tbz2=01;31:*.tz=01;31:*.deb=01;31:*.rpm=01;31:*.jar=01;31:*.war=01;31:*.ear=01;31:*.sar=01;31:*.rar=01;31:*.alz=01;31:*.ace=01;31:*.zoo=01;31:*.cpio=01;31:*.7z=01;31:*.rz=01;31:*.cab=01;31:*.wim=01;31:*.swm=01;31:*.dwm=01;31:*.esd=01;31:*.jpg=01;35:*.jpeg=01;35:*.mjpg=01;35:*.mjpeg=01;35:*.gif=01;35:*.bmp=01;35:*.pbm=01;35:*.pgm=01;35:*.ppm=01;35:*.tga=01;35:*.xbm=01;35:*.xpm=01;35:*.tif=01;35:*.tiff=01;35:*.png=01;35:*.svg=01;35:*.svgz=01;35:*.mng=01;35:*.pcx=01;35:*.mov=01;35:*.mpg=01;35:*.mpeg=01;35:*.m2v=01;35:*.mkv=01;35:*.webm=01;35:*.webp=01;35:*.ogm=01;35:*.mp4=01;35:*.m4v=01;35:*.mp4v=01;35:*.vob=01;35:*.qt=01;35:*.nuv=01;35:*.wmv=01;35:*.asf=01;35:*.rm=01;35:*.rmvb=01;35:*.flc=01;35:*.avi=01;35:*.fli=01;35:*.flv=01;35:*.gl=01;35:*.dl=01;35:*.xcf=01;35:*.xwd=01;35:*.yuv=01;35:*.cgm=01;35:*.emf=01;35:*.ogv=01;35:*.ogx=01;35:*.aac=00;36:*.au=00;36:*.flac=00;36:*.m4a=00;36:*.mid=00;36:*.midi=00;36:*.mka=00;36:*.mp3=00;36:*.mpc=00;36:*.ogg=00;36:*.ra=00;36:*.wav=00;36:*.oga=00;36:*.opus=00;36:*.spx=00;36:*.xspf=00;36:'), ('AMENT_PREFIX_PATH', '/home/robodog/RoboDog/ros2_ws/install/i2cpwm_controller:/home/robodog/RoboDog/ros2_ws/install/servo_calibration:/home/robodog/RoboDog/ros2_ws/install/i2cpwm_controller:/opt/ros/humble'), ('SHELL', '/bin/bash'), ('LESSCLOSE', '/usr/bin/lesspipe %s %s'), ('PWD', '/home/robodog/RoboDog/ros2_ws/build/motion_cmd'), ('SSH_CONNECTION', '10.7.90.119 56112 10.7.16.101 22'), ('XDG_DATA_DIRS', '/usr/share/gnome:/usr/local/share:/usr/share:/var/lib/snapd/desktop'), ('PYTHONPATH', '/home/robodog/RoboDog/ros2_ws/install/servo_calibration/lib/python3.10/site-packages:/home/robodog/RoboDog/ros2_ws/install/i2cpwm_controller/local/lib/python3.10/dist-packages:/opt/ros/humble/lib/python3.10/site-packages:/opt/ros/humble/local/lib/python3.10/dist-packages'), ('COLCON', '1'), ('CMAKE_PREFIX_PATH', '/home/robodog/RoboDog/ros2_ws/install/i2cpwm_controller')]), 'shell': False}
[0.099228] (-) TimerEvent: {}
[0.138897] (motion_cmd) StdoutLine: {'line': b'/usr/bin/cmake -S/home/robodog/RoboDog/ros2_ws/src/motion_cmd -B/home/robodog/RoboDog/ros2_ws/build/motion_cmd --check-build-system CMakeFiles/Makefile.cmake 0\n'}
[0.198169] (motion_cmd) StdoutLine: {'line': b'Re-run cmake file: Makefile older than: /home/robodog/RoboDog/ros2_ws/src/motion_cmd/CMakeLists.txt\n'}
[0.199328] (-) TimerEvent: {}
[0.215238] (motion_cmd) StdoutLine: {'line': b'-- Found ament_cmake: 1.3.10 (/opt/ros/humble/share/ament_cmake/cmake)\n'}
[0.299609] (-) TimerEvent: {}
[0.400349] (-) TimerEvent: {}
[0.501119] (-) TimerEvent: {}
[0.602455] (-) TimerEvent: {}
[0.703190] (-) TimerEvent: {}
[0.786574] (motion_cmd) StdoutLine: {'line': b'-- Found rclcpp: 16.0.10 (/opt/ros/humble/share/rclcpp/cmake)\n'}
[0.803405] (-) TimerEvent: {}
[0.904120] (-) TimerEvent: {}
[0.953394] (motion_cmd) StdoutLine: {'line': b'-- Found rosidl_generator_c: 3.1.5 (/opt/ros/humble/share/rosidl_generator_c/cmake)\n'}
[0.963846] (motion_cmd) StdoutLine: {'line': b'-- Found rosidl_adapter: 3.1.5 (/opt/ros/humble/share/rosidl_adapter/cmake)\n'}
[0.986742] (motion_cmd) StdoutLine: {'line': b'-- Found rosidl_generator_cpp: 3.1.5 (/opt/ros/humble/share/rosidl_generator_cpp/cmake)\n'}
[1.004282] (-) TimerEvent: {}
[1.025200] (motion_cmd) StdoutLine: {'line': b'-- Using all available rosidl_typesupport_c: rosidl_typesupport_fastrtps_c;rosidl_typesupport_introspection_c\n'}
[1.073836] (motion_cmd) StdoutLine: {'line': b'-- Using all available rosidl_typesupport_cpp: rosidl_typesupport_fastrtps_cpp;rosidl_typesupport_introspection_cpp\n'}
[1.104447] (-) TimerEvent: {}
[1.200473] (motion_cmd) StdoutLine: {'line': b'-- Found rmw_implementation_cmake: 6.1.2 (/opt/ros/humble/share/rmw_implementation_cmake/cmake)\n'}
[1.204597] (-) TimerEvent: {}
[1.206630] (motion_cmd) StdoutLine: {'line': b'-- Found rmw_fastrtps_cpp: 6.2.7 (/opt/ros/humble/share/rmw_fastrtps_cpp/cmake)\n'}
[1.304782] (-) TimerEvent: {}
[1.405477] (-) TimerEvent: {}
[1.506250] (-) TimerEvent: {}
[1.606962] (-) TimerEvent: {}
[1.707766] (-) TimerEvent: {}
[1.808568] (-) TimerEvent: {}
[1.909335] (-) TimerEvent: {}
[2.010282] (-) TimerEvent: {}
[2.111081] (-) TimerEvent: {}
[2.121907] (motion_cmd) StdoutLine: {'line': b"-- Using RMW implementation 'rmw_fastrtps_cpp' as default\n"}
[2.211316] (-) TimerEvent: {}
[2.307795] (motion_cmd) StdoutLine: {'line': b'-- Found geometry_msgs: 4.2.4 (/opt/ros/humble/share/geometry_msgs/cmake)\n'}
[2.311460] (-) TimerEvent: {}
[2.356200] (motion_cmd) StdoutLine: {'line': b'-- Found tf2: 0.25.8 (/opt/ros/humble/share/tf2/cmake)\n'}
[2.370698] (motion_cmd) StdoutLine: {'line': b'-- Found tf2_ros: 0.25.8 (/opt/ros/humble/share/tf2_ros/cmake)\n'}
[2.411720] (-) TimerEvent: {}
[2.512465] (-) TimerEvent: {}
[2.613272] (-) TimerEvent: {}
[2.675265] (motion_cmd) StdoutLine: {'line': b'-- Found tf2_geometry_msgs: 0.25.8 (/opt/ros/humble/share/tf2_geometry_msgs/cmake)\n'}
[2.685184] (motion_cmd) StdoutLine: {'line': b'-- Found eigen3_cmake_module: 0.1.1 (/opt/ros/humble/share/eigen3_cmake_module/cmake)\n'}
[2.690944] (motion_cmd) StdoutLine: {'line': b'-- Ensuring Eigen3 include directory is part of orocos-kdl CMake target\n'}
[2.695809] (motion_cmd) StdoutLine: {'line': b'-- Found tf2_eigen: 0.25.8 (/opt/ros/humble/share/tf2_eigen/cmake)\n'}
[2.705483] (motion_cmd) StdoutLine: {'line': b'-- Found i2cpwm_controller: 0.5.1 (/home/robodog/RoboDog/ros2_ws/install/i2cpwm_controller/share/i2cpwm_controller/cmake)\n'}
[2.713491] (-) TimerEvent: {}
[2.814227] (-) TimerEvent: {}
[2.862246] (motion_cmd) StdoutLine: {'line': b'Re-run cmake no build system arguments\n'}
[2.914395] (-) TimerEvent: {}
[2.921960] (motion_cmd) StdoutLine: {'line': b'-- Configuring done\n'}
[2.934338] (motion_cmd) StdoutLine: {'line': b'-- Generating done\n'}
[2.938339] (motion_cmd) StdoutLine: {'line': b'-- Build files have been written to: /home/robodog/RoboDog/ros2_ws/build/motion_cmd/libs/spot_micro_kinematics_cpp/3rd_party/google-test/googletest-download\n'}
[3.010233] (motion_cmd) StdoutLine: {'line': b"gmake[1]: Entering directory '/home/robodog/RoboDog/ros2_ws/build/motion_cmd/libs/spot_micro_kinematics_cpp/3rd_party/google-test/googletest-download'\n"}
[3.010836] (motion_cmd) StdoutLine: {'line': b'/usr/bin/cmake -S/home/robodog/RoboDog/ros2_ws/build/motion_cmd/libs/spot_micro_kinematics_cpp/3rd_party/google-test/googletest-download -B/home/robodog/RoboDog/ros2_ws/build/motion_cmd/libs/spot_micro_kinematics_cpp/3rd_party/google-test/googletest-download --check-build-system CMakeFiles/Makefile.cmake 0\n'}
[3.014561] (-) TimerEvent: {}
[3.043946] (motion_cmd) StdoutLine: {'line': b'/usr/bin/cmake -E cmake_progress_start /home/robodog/RoboDog/ros2_ws/build/motion_cmd/libs/spot_micro_kinematics_cpp/3rd_party/google-test/googletest-download/CMakeFiles /home/robodog/RoboDog/ros2_ws/build/motion_cmd/libs/spot_micro_kinematics_cpp/3rd_party/google-test/googletest-download//CMakeFiles/progress.marks\n'}
[3.073664] (motion_cmd) StdoutLine: {'line': b'/usr/bin/gmake  -f CMakeFiles/Makefile2 all\n'}
[3.079622] (motion_cmd) StdoutLine: {'line': b"gmake[2]: Entering directory '/home/robodog/RoboDog/ros2_ws/build/motion_cmd/libs/spot_micro_kinematics_cpp/3rd_party/google-test/googletest-download'\n"}
[3.080227] (motion_cmd) StdoutLine: {'line': b'/usr/bin/gmake  -f CMakeFiles/googletest.dir/build.make CMakeFiles/googletest.dir/depend\n'}
[3.085871] (motion_cmd) StdoutLine: {'line': b"gmake[3]: Entering directory '/home/robodog/RoboDog/ros2_ws/build/motion_cmd/libs/spot_micro_kinematics_cpp/3rd_party/google-test/googletest-download'\n"}
[3.086460] (motion_cmd) StdoutLine: {'line': b'cd /home/robodog/RoboDog/ros2_ws/build/motion_cmd/libs/spot_micro_kinematics_cpp/3rd_party/google-test/googletest-download && /usr/bin/cmake -E cmake_depends "Unix Makefiles" /home/robodog/RoboDog/ros2_ws/build/motion_cmd/libs/spot_micro_kinematics_cpp/3rd_party/google-test/googletest-download /home/robodog/RoboDog/ros2_ws/build/motion_cmd/libs/spot_micro_kinematics_cpp/3rd_party/google-test/googletest-download /home/robodog/RoboDog/ros2_ws/build/motion_cmd/libs/spot_micro_kinematics_cpp/3rd_party/google-test/googletest-download /home/robodog/RoboDog/ros2_ws/build/motion_cmd/libs/spot_micro_kinematics_cpp/3rd_party/google-test/googletest-download /home/robodog/RoboDog/ros2_ws/build/motion_cmd/libs/spot_micro_kinematics_cpp/3rd_party/google-test/googletest-download/CMakeFiles/googletest.dir/DependInfo.cmake --color=\n'}
[3.114782] (-) TimerEvent: {}
[3.122810] (motion_cmd) StdoutLine: {'line': b"gmake[3]: Leaving directory '/home/robodog/RoboDog/ros2_ws/build/motion_cmd/libs/spot_micro_kinematics_cpp/3rd_party/google-test/googletest-download'\n"}
[3.123652] (motion_cmd) StdoutLine: {'line': b'/usr/bin/gmake  -f CMakeFiles/googletest.dir/build.make CMakeFiles/googletest.dir/build\n'}
[3.129835] (motion_cmd) StdoutLine: {'line': b"gmake[3]: Entering directory '/home/robodog/RoboDog/ros2_ws/build/motion_cmd/libs/spot_micro_kinematics_cpp/3rd_party/google-test/googletest-download'\n"}
[3.130473] (motion_cmd) StdoutLine: {'line': b"gmake[3]: Nothing to be done for 'CMakeFiles/googletest.dir/build'.\n"}
[3.130815] (motion_cmd) StdoutLine: {'line': b"gmake[3]: Leaving directory '/home/robodog/RoboDog/ros2_ws/build/motion_cmd/libs/spot_micro_kinematics_cpp/3rd_party/google-test/googletest-download'\n"}
[3.163247] (motion_cmd) StdoutLine: {'line': b'[100%] Built target googletest\n'}
[3.165887] (motion_cmd) StdoutLine: {'line': b"gmake[2]: Leaving directory '/home/robodog/RoboDog/ros2_ws/build/motion_cmd/libs/spot_micro_kinematics_cpp/3rd_party/google-test/googletest-download'\n"}
[3.166628] (motion_cmd) StdoutLine: {'line': b'/usr/bin/cmake -E cmake_progress_start /home/robodog/RoboDog/ros2_ws/build/motion_cmd/libs/spot_micro_kinematics_cpp/3rd_party/google-test/googletest-download/CMakeFiles 0\n'}
[3.197019] (motion_cmd) StdoutLine: {'line': b"gmake[1]: Leaving directory '/home/robodog/RoboDog/ros2_ws/build/motion_cmd/libs/spot_micro_kinematics_cpp/3rd_party/google-test/googletest-download'\n"}
[3.211638] (motion_cmd) StderrLine: {'line': b'\x1b[0mCMake Deprecation Warning at /home/robodog/RoboDog/ros2_ws/build/motion_cmd/libs/spot_micro_kinematics_cpp/3rd_party/google-test/googletest-src/CMakeLists.txt:4 (cmake_minimum_required):\n'}
[3.235747] (-) TimerEvent: {}
[3.236291] (motion_cmd) StderrLine: {'line': b'  Compatibility with CMake < 2.8.12 will be removed from a future version of\n'}
[3.236817] (motion_cmd) StderrLine: {'line': b'  CMake.\n'}
[3.237229] (motion_cmd) StderrLine: {'line': b'\n'}
[3.237591] (motion_cmd) StderrLine: {'line': b'  Update the VERSION argument <min> value or use a ...<max> suffix to tell\n'}
[3.238474] (motion_cmd) StderrLine: {'line': b'  CMake that the project does not need compatibility with older versions.\n'}
[3.239116] (motion_cmd) StderrLine: {'line': b'\n'}
[3.239653] (motion_cmd) StderrLine: {'line': b'\x1b[0m\n'}
[3.240189] (motion_cmd) StderrLine: {'line': b'\x1b[0mCMake Deprecation Warning at /home/robodog/RoboDog/ros2_ws/build/motion_cmd/libs/spot_micro_kinematics_cpp/3rd_party/google-test/googletest-src/googlemock/CMakeLists.txt:45 (cmake_minimum_required):\n'}
[3.240702] (motion_cmd) StderrLine: {'line': b'  Compatibility with CMake < 2.8.12 will be removed from a future version of\n'}
[3.241150] (motion_cmd) StderrLine: {'line': b'  CMake.\n'}
[3.241584] (motion_cmd) StderrLine: {'line': b'\n'}
[3.242041] (motion_cmd) StderrLine: {'line': b'  Update the VERSION argument <min> value or use a ...<max> suffix to tell\n'}
[3.242476] (motion_cmd) StderrLine: {'line': b'  CMake that the project does not need compatibility with older versions.\n'}
[3.242913] (motion_cmd) StderrLine: {'line': b'\n'}
[3.243346] (motion_cmd) StderrLine: {'line': b'\x1b[0m\n'}
[3.243929] (motion_cmd) StderrLine: {'line': b'\x1b[0mCMake Deprecation Warning at /home/robodog/RoboDog/ros2_ws/build/motion_cmd/libs/spot_micro_kinematics_cpp/3rd_party/google-test/googletest-src/googletest/CMakeLists.txt:56 (cmake_minimum_required):\n'}
[3.244510] (motion_cmd) StderrLine: {'line': b'  Compatibility with CMake < 2.8.12 will be removed from a future version of\n'}
[3.244990] (motion_cmd) StderrLine: {'line': b'  CMake.\n'}
[3.245493] (motion_cmd) StderrLine: {'line': b'\n'}
[3.245956] (motion_cmd) StderrLine: {'line': b'  Update the VERSION argument <min> value or use a ...<max> suffix to tell\n'}
[3.246398] (motion_cmd) StderrLine: {'line': b'  CMake that the project does not need compatibility with older versions.\n'}
[3.246878] (motion_cmd) StderrLine: {'line': b'\n'}
[3.247305] (motion_cmd) StderrLine: {'line': b'\x1b[0m\n'}
[3.335965] (-) TimerEvent: {}
[3.436730] (-) TimerEvent: {}
[3.537490] (-) TimerEvent: {}
[3.638242] (-) TimerEvent: {}
[3.659212] (motion_cmd) StdoutLine: {'line': b'-- Configuring done\n'}
[3.738434] (-) TimerEvent: {}
[3.839192] (-) TimerEvent: {}
[3.848525] (motion_cmd) StdoutLine: {'line': b'-- Generating done\n'}
[3.867660] (motion_cmd) StdoutLine: {'line': b'-- Build files have been written to: /home/robodog/RoboDog/ros2_ws/build/motion_cmd\n'}
[3.912051] (motion_cmd) StdoutLine: {'line': b'/usr/bin/cmake -E cmake_progress_start /home/robodog/RoboDog/ros2_ws/build/motion_cmd/CMakeFiles /home/robodog/RoboDog/ros2_ws/build/motion_cmd//CMakeFiles/progress.marks\n'}
[3.939405] (-) TimerEvent: {}
[3.947737] (motion_cmd) StdoutLine: {'line': b'/usr/bin/gmake  -f CMakeFiles/Makefile2 all\n'}
[3.954613] (motion_cmd) StdoutLine: {'line': b"gmake[1]: Entering directory '/home/robodog/RoboDog/ros2_ws/build/motion_cmd'\n"}
[3.955178] (motion_cmd) StdoutLine: {'line': b'/usr/bin/gmake  -f CMakeFiles/smfsm.dir/build.make CMakeFiles/smfsm.dir/depend\n'}
[3.956725] (motion_cmd) StdoutLine: {'line': b'/usr/bin/gmake  -f CMakeFiles/motion_cmd_node.dir/build.make CMakeFiles/motion_cmd_node.dir/depend\n'}
[3.959193] (motion_cmd) StdoutLine: {'line': b'/usr/bin/gmake  -f libs/spot_micro_kinematics_cpp/CMakeFiles/spot_micro_kinematics.dir/build.make libs/spot_micro_kinematics_cpp/CMakeFiles/spot_micro_kinematics.dir/depend\n'}
[3.963015] (motion_cmd) StdoutLine: {'line': b'/usr/bin/gmake  -f libs/spot_micro_kinematics_cpp/3rd_party/google-test/googletest-build/googletest/CMakeFiles/gtest.dir/build.make libs/spot_micro_kinematics_cpp/3rd_party/google-test/googletest-build/googletest/CMakeFiles/gtest.dir/depend\n'}
[3.966247] (motion_cmd) StdoutLine: {'line': b"gmake[2]: Entering directory '/home/robodog/RoboDog/ros2_ws/build/motion_cmd'\n"}
[3.969021] (motion_cmd) StdoutLine: {'line': b'cd /home/robodog/RoboDog/ros2_ws/build/motion_cmd && /usr/bin/cmake -E cmake_depends "Unix Makefiles" /home/robodog/RoboDog/ros2_ws/src/motion_cmd /home/robodog/RoboDog/ros2_ws/src/motion_cmd /home/robodog/RoboDog/ros2_ws/build/motion_cmd /home/robodog/RoboDog/ros2_ws/build/motion_cmd /home/robodog/RoboDog/ros2_ws/build/motion_cmd/CMakeFiles/smfsm.dir/DependInfo.cmake --color=\n'}
[3.971378] (motion_cmd) StdoutLine: {'line': b"gmake[2]: Entering directory '/home/robodog/RoboDog/ros2_ws/build/motion_cmd'\n"}
[3.973634] (motion_cmd) StdoutLine: {'line': b'cd /home/robodog/RoboDog/ros2_ws/build/motion_cmd && /usr/bin/cmake -E cmake_depends "Unix Makefiles" /home/robodog/RoboDog/ros2_ws/src/motion_cmd /home/robodog/RoboDog/ros2_ws/src/motion_cmd /home/robodog/RoboDog/ros2_ws/build/motion_cmd /home/robodog/RoboDog/ros2_ws/build/motion_cmd /home/robodog/RoboDog/ros2_ws/build/motion_cmd/CMakeFiles/motion_cmd_node.dir/DependInfo.cmake --color=\n'}
[3.976131] (motion_cmd) StdoutLine: {'line': b"gmake[2]: Entering directory '/home/robodog/RoboDog/ros2_ws/build/motion_cmd'\n"}
[3.980357] (motion_cmd) StdoutLine: {'line': b'cd /home/robodog/RoboDog/ros2_ws/build/motion_cmd && /usr/bin/cmake -E cmake_depends "Unix Makefiles" /home/robodog/RoboDog/ros2_ws/src/motion_cmd /home/robodog/RoboDog/ros2_ws/src/motion_cmd/libs/spot_micro_kinematics_cpp /home/robodog/RoboDog/ros2_ws/build/motion_cmd /home/robodog/RoboDog/ros2_ws/build/motion_cmd/libs/spot_micro_kinematics_cpp /home/robodog/RoboDog/ros2_ws/build/motion_cmd/libs/spot_micro_kinematics_cpp/CMakeFiles/spot_micro_kinematics.dir/DependInfo.cmake --color=\n'}
[3.988967] (motion_cmd) StdoutLine: {'line': b"gmake[2]: Entering directory '/home/robodog/RoboDog/ros2_ws/build/motion_cmd'\n"}
[3.990143] (motion_cmd) StdoutLine: {'line': b'cd /home/robodog/RoboDog/ros2_ws/build/motion_cmd && /usr/bin/cmake -E cmake_depends "Unix Makefiles" /home/robodog/RoboDog/ros2_ws/src/motion_cmd /home/robodog/RoboDog/ros2_ws/build/motion_cmd/libs/spot_micro_kinematics_cpp/3rd_party/google-test/googletest-src/googletest /home/robodog/RoboDog/ros2_ws/build/motion_cmd /home/robodog/RoboDog/ros2_ws/build/motion_cmd/libs/spot_micro_kinematics_cpp/3rd_party/google-test/googletest-build/googletest /home/robodog/RoboDog/ros2_ws/build/motion_cmd/libs/spot_micro_kinematics_cpp/3rd_party/google-test/googletest-build/googletest/CMakeFiles/gtest.dir/DependInfo.cmake --color=\n'}
[4.001270] (motion_cmd) StdoutLine: {'line': b'Dependencies file "CMakeFiles/motion_cmd_node.dir/src/main.cpp.o.d" is newer than depends file "/home/robodog/RoboDog/ros2_ws/build/motion_cmd/CMakeFiles/motion_cmd_node.dir/compiler_depend.internal".\n'}
[4.003847] (motion_cmd) StdoutLine: {'line': b'Dependencies file "CMakeFiles/motion_cmd_node.dir/src/motion_cmd.cpp.o.d" is newer than depends file "/home/robodog/RoboDog/ros2_ws/build/motion_cmd/CMakeFiles/motion_cmd_node.dir/compiler_depend.internal".\n'}
[4.004967] (motion_cmd) StdoutLine: {'line': b'Dependencies file "libs/spot_micro_kinematics_cpp/CMakeFiles/spot_micro_kinematics.dir/src/spot_micro_kinematics.cpp.o.d" is newer than depends file "/home/robodog/RoboDog/ros2_ws/build/motion_cmd/libs/spot_micro_kinematics_cpp/CMakeFiles/spot_micro_kinematics.dir/compiler_depend.internal".\n'}
[4.005731] (motion_cmd) StdoutLine: {'line': b'Dependencies file "libs/spot_micro_kinematics_cpp/CMakeFiles/spot_micro_kinematics.dir/src/spot_micro_leg.cpp.o.d" is newer than depends file "/home/robodog/RoboDog/ros2_ws/build/motion_cmd/libs/spot_micro_kinematics_cpp/CMakeFiles/spot_micro_kinematics.dir/compiler_depend.internal".\n'}
[4.006554] (motion_cmd) StdoutLine: {'line': b'Dependencies file "CMakeFiles/motion_cmd_node.dir/src/utils.cpp.o.d" is newer than depends file "/home/robodog/RoboDog/ros2_ws/build/motion_cmd/CMakeFiles/motion_cmd_node.dir/compiler_depend.internal".\n'}
[4.007293] (motion_cmd) StdoutLine: {'line': b'Dependencies file "libs/spot_micro_kinematics_cpp/CMakeFiles/spot_micro_kinematics.dir/src/utils.cpp.o.d" is newer than depends file "/home/robodog/RoboDog/ros2_ws/build/motion_cmd/libs/spot_micro_kinematics_cpp/CMakeFiles/spot_micro_kinematics.dir/compiler_depend.internal".\n'}
[4.008830] (motion_cmd) StdoutLine: {'line': b'\x1b[35m\x1b[1mConsolidate compiler generated dependencies of target spot_micro_kinematics\x1b[0m\n'}
[4.009787] (motion_cmd) StdoutLine: {'line': b'\x1b[35m\x1b[1mConsolidate compiler generated dependencies of target motion_cmd_node\x1b[0m\n'}
[4.011808] (motion_cmd) StdoutLine: {'line': b'Dependencies file "CMakeFiles/smfsm.dir/src/smfsm/idle.cpp.o.d" is newer than depends file "/home/robodog/RoboDog/ros2_ws/build/motion_cmd/CMakeFiles/smfsm.dir/compiler_depend.internal".\n'}
[4.015419] (motion_cmd) StdoutLine: {'line': b'Dependencies file "CMakeFiles/smfsm.dir/src/smfsm/stand.cpp.o.d" is newer than depends file "/home/robodog/RoboDog/ros2_ws/build/motion_cmd/CMakeFiles/smfsm.dir/compiler_depend.internal".\n'}
[4.019001] (motion_cmd) StdoutLine: {'line': b'Dependencies file "CMakeFiles/smfsm.dir/src/smfsm/state.cpp.o.d" is newer than depends file "/home/robodog/RoboDog/ros2_ws/build/motion_cmd/CMakeFiles/smfsm.dir/compiler_depend.internal".\n'}
[4.022310] (motion_cmd) StdoutLine: {'line': b'Dependencies file "CMakeFiles/smfsm.dir/src/smfsm/transition_idle.cpp.o.d" is newer than depends file "/home/robodog/RoboDog/ros2_ws/build/motion_cmd/CMakeFiles/smfsm.dir/compiler_depend.internal".\n'}
[4.025613] (motion_cmd) StdoutLine: {'line': b'Dependencies file "CMakeFiles/smfsm.dir/src/smfsm/transition_stand.cpp.o.d" is newer than depends file "/home/robodog/RoboDog/ros2_ws/build/motion_cmd/CMakeFiles/smfsm.dir/compiler_depend.internal".\n'}
[4.028815] (motion_cmd) StdoutLine: {'line': b'Dependencies file "CMakeFiles/smfsm.dir/src/smfsm/walk.cpp.o.d" is newer than depends file "/home/robodog/RoboDog/ros2_ws/build/motion_cmd/CMakeFiles/smfsm.dir/compiler_depend.internal".\n'}
[4.032237] (motion_cmd) StdoutLine: {'line': b'\x1b[35m\x1b[1mConsolidate compiler generated dependencies of target smfsm\x1b[0m\n'}
[4.038315] (motion_cmd) StdoutLine: {'line': b"gmake[2]: Leaving directory '/home/robodog/RoboDog/ros2_ws/build/motion_cmd'\n"}
[4.039169] (motion_cmd) StdoutLine: {'line': b'/usr/bin/gmake  -f libs/spot_micro_kinematics_cpp/CMakeFiles/spot_micro_kinematics.dir/build.make libs/spot_micro_kinematics_cpp/CMakeFiles/spot_micro_kinematics.dir/build\n'}
[4.039747] (-) TimerEvent: {}
[4.071355] (motion_cmd) StdoutLine: {'line': b'Dependencies file "libs/spot_micro_kinematics_cpp/3rd_party/google-test/googletest-build/googletest/CMakeFiles/gtest.dir/src/gtest-all.cc.o.d" is newer than depends file "/home/robodog/RoboDog/ros2_ws/build/motion_cmd/libs/spot_micro_kinematics_cpp/3rd_party/google-test/googletest-build/googletest/CMakeFiles/gtest.dir/compiler_depend.internal".\n'}
[4.077667] (motion_cmd) StdoutLine: {'line': b'\x1b[35m\x1b[1mConsolidate compiler generated dependencies of target gtest\x1b[0m\n'}
[4.088311] (motion_cmd) StdoutLine: {'line': b"gmake[2]: Entering directory '/home/robodog/RoboDog/ros2_ws/build/motion_cmd'\n"}
[4.089074] (motion_cmd) StdoutLine: {'line': b"gmake[2]: Nothing to be done for 'libs/spot_micro_kinematics_cpp/CMakeFiles/spot_micro_kinematics.dir/build'.\n"}
[4.089622] (motion_cmd) StdoutLine: {'line': b"gmake[2]: Leaving directory '/home/robodog/RoboDog/ros2_ws/build/motion_cmd'\n"}
[4.092227] (motion_cmd) StdoutLine: {'line': b"gmake[2]: Leaving directory '/home/robodog/RoboDog/ros2_ws/build/motion_cmd'\n"}
[4.094402] (motion_cmd) StdoutLine: {'line': b'/usr/bin/gmake  -f CMakeFiles/motion_cmd_node.dir/build.make CMakeFiles/motion_cmd_node.dir/build\n'}
[4.098813] (motion_cmd) StdoutLine: {'line': b"gmake[2]: Leaving directory '/home/robodog/RoboDog/ros2_ws/build/motion_cmd'\n"}
[4.099750] (motion_cmd) StdoutLine: {'line': b'/usr/bin/gmake  -f libs/spot_micro_kinematics_cpp/3rd_party/google-test/googletest-build/googletest/CMakeFiles/gtest.dir/build.make libs/spot_micro_kinematics_cpp/3rd_party/google-test/googletest-build/googletest/CMakeFiles/gtest.dir/build\n'}
[4.125831] (motion_cmd) StdoutLine: {'line': b'[ 13%] Built target spot_micro_kinematics\n'}
[4.132661] (motion_cmd) StdoutLine: {'line': b"gmake[2]: Entering directory '/home/robodog/RoboDog/ros2_ws/build/motion_cmd'\n"}
[4.133395] (motion_cmd) StdoutLine: {'line': b"gmake[2]: Nothing to be done for 'libs/spot_micro_kinematics_cpp/3rd_party/google-test/googletest-build/googletest/CMakeFiles/gtest.dir/build'.\n"}
[4.133776] (motion_cmd) StdoutLine: {'line': b"gmake[2]: Leaving directory '/home/robodog/RoboDog/ros2_ws/build/motion_cmd'\n"}
[4.139933] (-) TimerEvent: {}
[4.157912] (motion_cmd) StdoutLine: {'line': b"gmake[2]: Entering directory '/home/robodog/RoboDog/ros2_ws/build/motion_cmd'\n"}
[4.165885] (motion_cmd) StdoutLine: {'line': b'[ 20%] Built target gtest\n'}
[4.178094] (motion_cmd) StdoutLine: {'line': b'/usr/bin/gmake  -f libs/spot_micro_kinematics_cpp/3rd_party/google-test/googletest-build/googletest/CMakeFiles/gtest_main.dir/build.make libs/spot_micro_kinematics_cpp/3rd_party/google-test/googletest-build/googletest/CMakeFiles/gtest_main.dir/depend\n'}
[4.178746] (motion_cmd) StdoutLine: {'line': b"gmake[2]: Entering directory '/home/robodog/RoboDog/ros2_ws/build/motion_cmd'\n"}
[4.179169] (motion_cmd) StdoutLine: {'line': b'cd /home/robodog/RoboDog/ros2_ws/build/motion_cmd && /usr/bin/cmake -E cmake_depends "Unix Makefiles" /home/robodog/RoboDog/ros2_ws/src/motion_cmd /home/robodog/RoboDog/ros2_ws/build/motion_cmd/libs/spot_micro_kinematics_cpp/3rd_party/google-test/googletest-src/googletest /home/robodog/RoboDog/ros2_ws/build/motion_cmd /home/robodog/RoboDog/ros2_ws/build/motion_cmd/libs/spot_micro_kinematics_cpp/3rd_party/google-test/googletest-build/googletest /home/robodog/RoboDog/ros2_ws/build/motion_cmd/libs/spot_micro_kinematics_cpp/3rd_party/google-test/googletest-build/googletest/CMakeFiles/gtest_main.dir/DependInfo.cmake --color=\n'}
[4.206713] (motion_cmd) StdoutLine: {'line': b'[ 24%] \x1b[32mBuilding CXX object CMakeFiles/motion_cmd_node.dir/src/main.cpp.o\x1b[0m\n'}
[4.211943] (motion_cmd) StdoutLine: {'line': b'/usr/bin/c++ -DDEFAULT_RMW_IMPLEMENTATION=rmw_fastrtps_cpp -DRCUTILS_ENABLE_FAULT_INJECTION -I/home/robodog/RoboDog/ros2_ws/src/motion_cmd/include/motion_cmd -I/home/robodog/RoboDog/ros2_ws/src/motion_cmd/src/smfsm -I/home/robodog/RoboDog/ros2_ws/src/motion_cmd/src/rate_limited_first_order_filter -isystem /usr/include/eigen3 -isystem /home/robodog/RoboDog/ros2_ws/install/i2cpwm_controller/include/i2cpwm_controller -isystem /home/robodog/RoboDog/ros2_ws/install/i2cpwm_controller/include -isystem /opt/ros/humble/include/rclcpp -isystem /opt/ros/humble/include/std_msgs -isystem /opt/ros/humble/include/geometry_msgs -isystem /opt/ros/humble/include/tf2 -isystem /opt/ros/humble/include/tf2_ros -isystem /opt/ros/humble/include/tf2_geometry_msgs -isystem /opt/ros/humble/include/tf2_eigen -isystem /opt/ros/humble/include/ament_index_cpp -isystem /opt/ros/humble/include/libstatistics_collector -isystem /opt/ros/humble/include/builtin_interfaces -isystem /opt/ros/humble/include/rosidl_runtime_c -isystem /opt/ros/humble/include/rcutils -isystem /opt/ros/humble/include/rosidl_typesupport_interface -isystem /opt/ros/humble/include/fastcdr -isystem /opt/ros/humble/include/rosidl_runtime_cpp -isystem /opt/ros/humble/include/rosidl_typesupport_fastrtps_cpp -isystem /opt/ros/humble/include/rmw -isystem /opt/ros/humble/include/rosidl_typesupport_fastrtps_c -isystem /opt/ros/humble/include/rosidl_typesupport_introspection_c -isystem /opt/ros/humble/include/rosidl_typesupport_introspection_cpp -isystem /opt/ros/humble/include/rcl -isystem /opt/ros/humble/include/rcl_interfaces -isystem /opt/ros/humble/include/rcl_logging_interface -isystem /opt/ros/humble/include/rcl_yaml_param_parser -isystem /opt/ros/humble/include/libyaml_vendor -isystem /opt/ros/humble/include/tracetools -isystem /opt/ros/humble/include/rcpputils -isystem /opt/ros/humble/include/statistics_msgs -isystem /opt/ros/humble/include/rosgraph_msgs -isystem /opt/ros/humble/include/rosidl_typesupport_cpp -isystem /opt/ros/humble/include/rosidl_typesupport_c -isystem /opt/ros/humble/include/std_srvs -isystem /opt/ros/humble/include/message_filters -isystem /opt/ros/humble/include/rclcpp_action -isystem /opt/ros/humble/include/action_msgs -isystem /opt/ros/humble/include/unique_identifier_msgs -isystem /opt/ros/humble/include/rcl_action -isystem /opt/ros/humble/include/tf2_msgs -Wno-error=maybe-uninitialized -std=gnu++17 -MD -MT CMakeFiles/motion_cmd_node.dir/src/main.cpp.o -MF CMakeFiles/motion_cmd_node.dir/src/main.cpp.o.d -o CMakeFiles/motion_cmd_node.dir/src/main.cpp.o -c /home/robodog/RoboDog/ros2_ws/src/motion_cmd/src/main.cpp\n'}
[4.214482] (motion_cmd) StdoutLine: {'line': b"gmake[2]: Leaving directory '/home/robodog/RoboDog/ros2_ws/build/motion_cmd'\n"}
[4.215196] (motion_cmd) StdoutLine: {'line': b'/usr/bin/gmake  -f CMakeFiles/smfsm.dir/build.make CMakeFiles/smfsm.dir/build\n'}
[4.218687] (motion_cmd) StdoutLine: {'line': b'[ 27%] \x1b[32mBuilding CXX object CMakeFiles/motion_cmd_node.dir/src/motion_cmd.cpp.o\x1b[0m\n'}
[4.227847] (motion_cmd) StdoutLine: {'line': b'/usr/bin/c++ -DDEFAULT_RMW_IMPLEMENTATION=rmw_fastrtps_cpp -DRCUTILS_ENABLE_FAULT_INJECTION -I/home/robodog/RoboDog/ros2_ws/src/motion_cmd/include/motion_cmd -I/home/robodog/RoboDog/ros2_ws/src/motion_cmd/src/smfsm -I/home/robodog/RoboDog/ros2_ws/src/motion_cmd/src/rate_limited_first_order_filter -isystem /usr/include/eigen3 -isystem /home/robodog/RoboDog/ros2_ws/install/i2cpwm_controller/include/i2cpwm_controller -isystem /home/robodog/RoboDog/ros2_ws/install/i2cpwm_controller/include -isystem /opt/ros/humble/include/rclcpp -isystem /opt/ros/humble/include/std_msgs -isystem /opt/ros/humble/include/geometry_msgs -isystem /opt/ros/humble/include/tf2 -isystem /opt/ros/humble/include/tf2_ros -isystem /opt/ros/humble/include/tf2_geometry_msgs -isystem /opt/ros/humble/include/tf2_eigen -isystem /opt/ros/humble/include/ament_index_cpp -isystem /opt/ros/humble/include/libstatistics_collector -isystem /opt/ros/humble/include/builtin_interfaces -isystem /opt/ros/humble/include/rosidl_runtime_c -isystem /opt/ros/humble/include/rcutils -isystem /opt/ros/humble/include/rosidl_typesupport_interface -isystem /opt/ros/humble/include/fastcdr -isystem /opt/ros/humble/include/rosidl_runtime_cpp -isystem /opt/ros/humble/include/rosidl_typesupport_fastrtps_cpp -isystem /opt/ros/humble/include/rmw -isystem /opt/ros/humble/include/rosidl_typesupport_fastrtps_c -isystem /opt/ros/humble/include/rosidl_typesupport_introspection_c -isystem /opt/ros/humble/include/rosidl_typesupport_introspection_cpp -isystem /opt/ros/humble/include/rcl -isystem /opt/ros/humble/include/rcl_interfaces -isystem /opt/ros/humble/include/rcl_logging_interface -isystem /opt/ros/humble/include/rcl_yaml_param_parser -isystem /opt/ros/humble/include/libyaml_vendor -isystem /opt/ros/humble/include/tracetools -isystem /opt/ros/humble/include/rcpputils -isystem /opt/ros/humble/include/statistics_msgs -isystem /opt/ros/humble/include/rosgraph_msgs -isystem /opt/ros/humble/include/rosidl_typesupport_cpp -isystem /opt/ros/humble/include/rosidl_typesupport_c -isystem /opt/ros/humble/include/std_srvs -isystem /opt/ros/humble/include/message_filters -isystem /opt/ros/humble/include/rclcpp_action -isystem /opt/ros/humble/include/action_msgs -isystem /opt/ros/humble/include/unique_identifier_msgs -isystem /opt/ros/humble/include/rcl_action -isystem /opt/ros/humble/include/tf2_msgs -Wno-error=maybe-uninitialized -std=gnu++17 -MD -MT CMakeFiles/motion_cmd_node.dir/src/motion_cmd.cpp.o -MF CMakeFiles/motion_cmd_node.dir/src/motion_cmd.cpp.o.d -o CMakeFiles/motion_cmd_node.dir/src/motion_cmd.cpp.o -c /home/robodog/RoboDog/ros2_ws/src/motion_cmd/src/motion_cmd.cpp\n'}
[4.237455] (motion_cmd) StdoutLine: {'line': b'Dependencies file "libs/spot_micro_kinematics_cpp/3rd_party/google-test/googletest-build/googletest/CMakeFiles/gtest_main.dir/src/gtest_main.cc.o.d" is newer than depends file "/home/robodog/RoboDog/ros2_ws/build/motion_cmd/libs/spot_micro_kinematics_cpp/3rd_party/google-test/googletest-build/googletest/CMakeFiles/gtest_main.dir/compiler_depend.internal".\n'}
[4.239921] (motion_cmd) StdoutLine: {'line': b'\x1b[35m\x1b[1mConsolidate compiler generated dependencies of target gtest_main\x1b[0m\n'}
[4.240597] (-) TimerEvent: {}
[4.259906] (motion_cmd) StdoutLine: {'line': b"gmake[2]: Leaving directory '/home/robodog/RoboDog/ros2_ws/build/motion_cmd'\n"}
[4.261496] (motion_cmd) StdoutLine: {'line': b'/usr/bin/gmake  -f libs/spot_micro_kinematics_cpp/3rd_party/google-test/googletest-build/googletest/CMakeFiles/gtest_main.dir/build.make libs/spot_micro_kinematics_cpp/3rd_party/google-test/googletest-build/googletest/CMakeFiles/gtest_main.dir/build\n'}
[4.267153] (motion_cmd) StdoutLine: {'line': b"gmake[2]: Entering directory '/home/robodog/RoboDog/ros2_ws/build/motion_cmd'\n"}
[4.290486] (motion_cmd) StdoutLine: {'line': b"gmake[2]: Entering directory '/home/robodog/RoboDog/ros2_ws/build/motion_cmd'\n"}
[4.291339] (motion_cmd) StdoutLine: {'line': b"gmake[2]: Nothing to be done for 'libs/spot_micro_kinematics_cpp/3rd_party/google-test/googletest-build/googletest/CMakeFiles/gtest_main.dir/build'.\n"}
[4.292695] (motion_cmd) StdoutLine: {'line': b"gmake[2]: Leaving directory '/home/robodog/RoboDog/ros2_ws/build/motion_cmd'\n"}
[4.309477] (motion_cmd) StdoutLine: {'line': b'[ 31%] \x1b[32mBuilding CXX object CMakeFiles/smfsm.dir/src/smfsm/state.cpp.o\x1b[0m\n'}
[4.314251] (motion_cmd) StdoutLine: {'line': b'/usr/bin/c++ -DDEFAULT_RMW_IMPLEMENTATION=rmw_fastrtps_cpp -DRCUTILS_ENABLE_FAULT_INJECTION -I/home/robodog/RoboDog/ros2_ws/src/motion_cmd/include/motion_cmd -I/home/robodog/RoboDog/ros2_ws/src/motion_cmd/src/smfsm -I/home/robodog/RoboDog/ros2_ws/src/motion_cmd/src/rate_limited_first_order_filter -isystem /usr/include/eigen3 -isystem /home/robodog/RoboDog/ros2_ws/install/i2cpwm_controller/include/i2cpwm_controller -isystem /home/robodog/RoboDog/ros2_ws/install/i2cpwm_controller/include -isystem /opt/ros/humble/include/rclcpp -isystem /opt/ros/humble/include/std_msgs -isystem /opt/ros/humble/include/geometry_msgs -isystem /opt/ros/humble/include/tf2 -isystem /opt/ros/humble/include/tf2_ros -isystem /opt/ros/humble/include/tf2_geometry_msgs -isystem /opt/ros/humble/include/tf2_eigen -isystem /opt/ros/humble/include/ament_index_cpp -isystem /opt/ros/humble/include/libstatistics_collector -isystem /opt/ros/humble/include/builtin_interfaces -isystem /opt/ros/humble/include/rosidl_runtime_c -isystem /opt/ros/humble/include/rcutils -isystem /opt/ros/humble/include/rosidl_typesupport_interface -isystem /opt/ros/humble/include/fastcdr -isystem /opt/ros/humble/include/rosidl_runtime_cpp -isystem /opt/ros/humble/include/rosidl_typesupport_fastrtps_cpp -isystem /opt/ros/humble/include/rmw -isystem /opt/ros/humble/include/rosidl_typesupport_fastrtps_c -isystem /opt/ros/humble/include/rosidl_typesupport_introspection_c -isystem /opt/ros/humble/include/rosidl_typesupport_introspection_cpp -isystem /opt/ros/humble/include/rcl -isystem /opt/ros/humble/include/rcl_interfaces -isystem /opt/ros/humble/include/rcl_logging_interface -isystem /opt/ros/humble/include/rcl_yaml_param_parser -isystem /opt/ros/humble/include/libyaml_vendor -isystem /opt/ros/humble/include/tracetools -isystem /opt/ros/humble/include/rcpputils -isystem /opt/ros/humble/include/statistics_msgs -isystem /opt/ros/humble/include/rosgraph_msgs -isystem /opt/ros/humble/include/rosidl_typesupport_cpp -isystem /opt/ros/humble/include/rosidl_typesupport_c -isystem /opt/ros/humble/include/std_srvs -isystem /opt/ros/humble/include/message_filters -isystem /opt/ros/humble/include/rclcpp_action -isystem /opt/ros/humble/include/action_msgs -isystem /opt/ros/humble/include/unique_identifier_msgs -isystem /opt/ros/humble/include/rcl_action -isystem /opt/ros/humble/include/tf2_msgs -Wno-error=maybe-uninitialized -std=gnu++17 -MD -MT CMakeFiles/smfsm.dir/src/smfsm/state.cpp.o -MF CMakeFiles/smfsm.dir/src/smfsm/state.cpp.o.d -o CMakeFiles/smfsm.dir/src/smfsm/state.cpp.o -c /home/robodog/RoboDog/ros2_ws/src/motion_cmd/src/smfsm/state.cpp\n'}
[4.340856] (-) TimerEvent: {}
[4.366570] (motion_cmd) StdoutLine: {'line': b'[ 37%] Built target gtest_main\n'}
[4.374805] (motion_cmd) StderrLine: {'line': b'In file included from \x1b[01m\x1b[K/home/robodog/RoboDog/ros2_ws/src/motion_cmd/src/smfsm/state.cpp:1\x1b[m\x1b[K:\n'}
[4.375658] (motion_cmd) StderrLine: {'line': b'\x1b[01m\x1b[K/home/robodog/RoboDog/ros2_ws/src/motion_cmd/src/smfsm/state.h:2:10:\x1b[m\x1b[K \x1b[01;31m\x1b[Kfatal error: \x1b[m\x1b[Kspot_micro_kinematics/spot_micro_kinematics.h: No such file or directory\n'}
[4.376463] (motion_cmd) StderrLine: {'line': b'    2 | #include \x1b[01;31m\x1b[K"spot_micro_kinematics/spot_micro_kinematics.h"\x1b[m\x1b[K\n'}
[4.377558] (motion_cmd) StderrLine: {'line': b'      |          \x1b[01;31m\x1b[K^~~~~~~~~~~~~~~~~~~~~~~~~~~~~~~~~~~~~~~~~~~~~~~\x1b[m\x1b[K\n'}
[4.378410] (motion_cmd) StderrLine: {'line': b'compilation terminated.\n'}
[4.382675] (motion_cmd) StdoutLine: {'line': b'/usr/bin/gmake  -f libs/spot_micro_kinematics_cpp/3rd_party/google-test/googletest-build/googlemock/CMakeFiles/gmock.dir/build.make libs/spot_micro_kinematics_cpp/3rd_party/google-test/googletest-build/googlemock/CMakeFiles/gmock.dir/depend\n'}
[4.386307] (motion_cmd) StderrLine: {'line': b'gmake[2]: *** [CMakeFiles/smfsm.dir/build.make:79: CMakeFiles/smfsm.dir/src/smfsm/state.cpp.o] Error 1\n'}
[4.387933] (motion_cmd) StdoutLine: {'line': b"gmake[2]: Leaving directory '/home/robodog/RoboDog/ros2_ws/build/motion_cmd'\n"}
[4.389573] (motion_cmd) StderrLine: {'line': b'gmake[1]: *** [CMakeFiles/Makefile2:233: CMakeFiles/smfsm.dir/all] Error 2\n'}
[4.390117] (motion_cmd) StderrLine: {'line': b'gmake[1]: *** Waiting for unfinished jobs....\n'}
[4.395308] (motion_cmd) StdoutLine: {'line': b"gmake[2]: Entering directory '/home/robodog/RoboDog/ros2_ws/build/motion_cmd'\n"}
[4.400297] (motion_cmd) StdoutLine: {'line': b'cd /home/robodog/RoboDog/ros2_ws/build/motion_cmd && /usr/bin/cmake -E cmake_depends "Unix Makefiles" /home/robodog/RoboDog/ros2_ws/src/motion_cmd /home/robodog/RoboDog/ros2_ws/build/motion_cmd/libs/spot_micro_kinematics_cpp/3rd_party/google-test/googletest-src/googlemock /home/robodog/RoboDog/ros2_ws/build/motion_cmd /home/robodog/RoboDog/ros2_ws/build/motion_cmd/libs/spot_micro_kinematics_cpp/3rd_party/google-test/googletest-build/googlemock /home/robodog/RoboDog/ros2_ws/build/motion_cmd/libs/spot_micro_kinematics_cpp/3rd_party/google-test/googletest-build/googlemock/CMakeFiles/gmock.dir/DependInfo.cmake --color=\n'}
[4.431033] (motion_cmd) StdoutLine: {'line': b'[ 41%] \x1b[32mBuilding CXX object CMakeFiles/motion_cmd_node.dir/src/utils.cpp.o\x1b[0m\n'}
[4.436382] (motion_cmd) StdoutLine: {'line': b'/usr/bin/c++ -DDEFAULT_RMW_IMPLEMENTATION=rmw_fastrtps_cpp -DRCUTILS_ENABLE_FAULT_INJECTION -I/home/robodog/RoboDog/ros2_ws/src/motion_cmd/include/motion_cmd -I/home/robodog/RoboDog/ros2_ws/src/motion_cmd/src/smfsm -I/home/robodog/RoboDog/ros2_ws/src/motion_cmd/src/rate_limited_first_order_filter -isystem /usr/include/eigen3 -isystem /home/robodog/RoboDog/ros2_ws/install/i2cpwm_controller/include/i2cpwm_controller -isystem /home/robodog/RoboDog/ros2_ws/install/i2cpwm_controller/include -isystem /opt/ros/humble/include/rclcpp -isystem /opt/ros/humble/include/std_msgs -isystem /opt/ros/humble/include/geometry_msgs -isystem /opt/ros/humble/include/tf2 -isystem /opt/ros/humble/include/tf2_ros -isystem /opt/ros/humble/include/tf2_geometry_msgs -isystem /opt/ros/humble/include/tf2_eigen -isystem /opt/ros/humble/include/ament_index_cpp -isystem /opt/ros/humble/include/libstatistics_collector -isystem /opt/ros/humble/include/builtin_interfaces -isystem /opt/ros/humble/include/rosidl_runtime_c -isystem /opt/ros/humble/include/rcutils -isystem /opt/ros/humble/include/rosidl_typesupport_interface -isystem /opt/ros/humble/include/fastcdr -isystem /opt/ros/humble/include/rosidl_runtime_cpp -isystem /opt/ros/humble/include/rosidl_typesupport_fastrtps_cpp -isystem /opt/ros/humble/include/rmw -isystem /opt/ros/humble/include/rosidl_typesupport_fastrtps_c -isystem /opt/ros/humble/include/rosidl_typesupport_introspection_c -isystem /opt/ros/humble/include/rosidl_typesupport_introspection_cpp -isystem /opt/ros/humble/include/rcl -isystem /opt/ros/humble/include/rcl_interfaces -isystem /opt/ros/humble/include/rcl_logging_interface -isystem /opt/ros/humble/include/rcl_yaml_param_parser -isystem /opt/ros/humble/include/libyaml_vendor -isystem /opt/ros/humble/include/tracetools -isystem /opt/ros/humble/include/rcpputils -isystem /opt/ros/humble/include/statistics_msgs -isystem /opt/ros/humble/include/rosgraph_msgs -isystem /opt/ros/humble/include/rosidl_typesupport_cpp -isystem /opt/ros/humble/include/rosidl_typesupport_c -isystem /opt/ros/humble/include/std_srvs -isystem /opt/ros/humble/include/message_filters -isystem /opt/ros/humble/include/rclcpp_action -isystem /opt/ros/humble/include/action_msgs -isystem /opt/ros/humble/include/unique_identifier_msgs -isystem /opt/ros/humble/include/rcl_action -isystem /opt/ros/humble/include/tf2_msgs -Wno-error=maybe-uninitialized -std=gnu++17 -MD -MT CMakeFiles/motion_cmd_node.dir/src/utils.cpp.o -MF CMakeFiles/motion_cmd_node.dir/src/utils.cpp.o.d -o CMakeFiles/motion_cmd_node.dir/src/utils.cpp.o -c /home/robodog/RoboDog/ros2_ws/src/motion_cmd/src/utils.cpp\n'}
[4.441029] (-) TimerEvent: {}
[4.488783] (motion_cmd) StdoutLine: {'line': b'Dependencies file "libs/spot_micro_kinematics_cpp/3rd_party/google-test/googletest-build/googlemock/CMakeFiles/gmock.dir/src/gmock-all.cc.o.d" is newer than depends file "/home/robodog/RoboDog/ros2_ws/build/motion_cmd/libs/spot_micro_kinematics_cpp/3rd_party/google-test/googletest-build/googlemock/CMakeFiles/gmock.dir/compiler_depend.internal".\n'}
[4.489819] (motion_cmd) StdoutLine: {'line': b'\x1b[35m\x1b[1mConsolidate compiler generated dependencies of target gmock\x1b[0m\n'}
[4.524603] (motion_cmd) StdoutLine: {'line': b"gmake[2]: Leaving directory '/home/robodog/RoboDog/ros2_ws/build/motion_cmd'\n"}
[4.526181] (motion_cmd) StdoutLine: {'line': b'/usr/bin/gmake  -f libs/spot_micro_kinematics_cpp/3rd_party/google-test/googletest-build/googlemock/CMakeFiles/gmock.dir/build.make libs/spot_micro_kinematics_cpp/3rd_party/google-test/googletest-build/googlemock/CMakeFiles/gmock.dir/build\n'}
[4.541232] (-) TimerEvent: {}
[4.561702] (motion_cmd) StdoutLine: {'line': b"gmake[2]: Entering directory '/home/robodog/RoboDog/ros2_ws/build/motion_cmd'\n"}
[4.562270] (motion_cmd) StdoutLine: {'line': b"gmake[2]: Nothing to be done for 'libs/spot_micro_kinematics_cpp/3rd_party/google-test/googletest-build/googlemock/CMakeFiles/gmock.dir/build'.\n"}
[4.568074] (motion_cmd) StdoutLine: {'line': b"gmake[2]: Leaving directory '/home/robodog/RoboDog/ros2_ws/build/motion_cmd'\n"}
[4.641484] (-) TimerEvent: {}
[4.656264] (motion_cmd) StdoutLine: {'line': b'[ 48%] Built target gmock\n'}
[4.741642] (-) TimerEvent: {}
[4.842420] (-) TimerEvent: {}
[4.943175] (-) TimerEvent: {}
[5.044132] (-) TimerEvent: {}
[5.144947] (-) TimerEvent: {}
[5.245798] (-) TimerEvent: {}
[5.347184] (-) TimerEvent: {}
[5.448564] (-) TimerEvent: {}
[5.549803] (-) TimerEvent: {}
[5.651467] (-) TimerEvent: {}
[5.753220] (-) TimerEvent: {}
[5.855181] (-) TimerEvent: {}
[5.957196] (-) TimerEvent: {}
[6.059214] (-) TimerEvent: {}
[6.160951] (-) TimerEvent: {}
[6.262881] (-) TimerEvent: {}
[6.364294] (-) TimerEvent: {}
[6.465884] (-) TimerEvent: {}
[6.560706] (motion_cmd) StderrLine: {'line': b'In file included from \x1b[01m\x1b[K/home/robodog/RoboDog/ros2_ws/src/motion_cmd/src/motion_cmd.cpp:1\x1b[m\x1b[K:\n'}
[6.561534] (motion_cmd) StderrLine: {'line': b'\x1b[01m\x1b[K/home/robodog/RoboDog/ros2_ws/src/motion_cmd/include/motion_cmd/motion_cmd.h:18:10:\x1b[m\x1b[K \x1b[01;31m\x1b[Kfatal error: \x1b[m\x1b[Kspot_micro_kinematics/spot_micro_kinematics.h: No such file or directory\n'}
[6.562350] (motion_cmd) StderrLine: {'line': b'   18 | #include \x1b[01;31m\x1b[K"spot_micro_kinematics/spot_micro_kinematics.h"\x1b[m\x1b[K\n'}
[6.562912] (motion_cmd) StderrLine: {'line': b'      |          \x1b[01;31m\x1b[K^~~~~~~~~~~~~~~~~~~~~~~~~~~~~~~~~~~~~~~~~~~~~~~\x1b[m\x1b[K\n'}
[6.566485] (-) TimerEvent: {}
[6.568431] (motion_cmd) StderrLine: {'line': b'compilation terminated.\n'}
[6.570914] (motion_cmd) StderrLine: {'line': b'In file included from \x1b[01m\x1b[K/home/robodog/RoboDog/ros2_ws/src/motion_cmd/src/main.cpp:2\x1b[m\x1b[K:\n'}
[6.572218] (motion_cmd) StderrLine: {'line': b'\x1b[01m\x1b[K/home/robodog/RoboDog/ros2_ws/src/motion_cmd/include/motion_cmd/motion_cmd.h:18:10:\x1b[m\x1b[K \x1b[01;31m\x1b[Kfatal error: \x1b[m\x1b[Kspot_micro_kinematics/spot_micro_kinematics.h: No such file or directory\n'}
[6.574713] (motion_cmd) StderrLine: {'line': b'   18 | #include \x1b[01;31m\x1b[K"spot_micro_kinematics/spot_micro_kinematics.h"\x1b[m\x1b[K\n'}
[6.577557] (motion_cmd) StderrLine: {'line': b'      |          \x1b[01;31m\x1b[K^~~~~~~~~~~~~~~~~~~~~~~~~~~~~~~~~~~~~~~~~~~~~~~\x1b[m\x1b[K\n'}
[6.579914] (motion_cmd) StderrLine: {'line': b'compilation terminated.\n'}
[6.580332] (motion_cmd) StderrLine: {'line': b'gmake[2]: *** [CMakeFiles/motion_cmd_node.dir/build.make:79: CMakeFiles/motion_cmd_node.dir/src/motion_cmd.cpp.o] Error 1\n'}
[6.580633] (motion_cmd) StderrLine: {'line': b'gmake[2]: *** Waiting for unfinished jobs....\n'}
[6.585460] (motion_cmd) StderrLine: {'line': b'gmake[2]: *** [CMakeFiles/motion_cmd_node.dir/build.make:93: CMakeFiles/motion_cmd_node.dir/src/main.cpp.o] Error 1\n'}
[6.666647] (-) TimerEvent: {}
[6.767371] (-) TimerEvent: {}
[6.868096] (-) TimerEvent: {}
[6.968852] (-) TimerEvent: {}
[7.069550] (-) TimerEvent: {}
[7.170365] (-) TimerEvent: {}
[7.271081] (-) TimerEvent: {}
[7.328338] (motion_cmd) StderrLine: {'line': b'In file included from \x1b[01m\x1b[K/home/robodog/RoboDog/ros2_ws/src/motion_cmd/src/utils.cpp:6\x1b[m\x1b[K:\n'}
[7.328896] (motion_cmd) StderrLine: {'line': b'\x1b[01m\x1b[K/opt/ros/humble/include/tf2_eigen/tf2_eigen/tf2_eigen.h:32:2:\x1b[m\x1b[K \x1b[01;35m\x1b[Kwarning: \x1b[m\x1b[K#warning This header is obsolete, please include tf2_eigen/tf2_eigen.hpp instead [\x1b[01;35m\x1b[K\x1b]8;;https://gcc.gnu.org/onlinedocs/gcc/Warning-Options.html#index-Wcpp\x07-Wcpp\x1b]8;;\x07\x1b[m\x1b[K]\n'}
[7.329410] (motion_cmd) StderrLine: {'line': b'   32 | #\x1b[01;35m\x1b[Kwarning\x1b[m\x1b[K This header is obsolete, please include tf2_eigen/tf2_eigen.hpp instead\n'}
[7.330080] (motion_cmd) StderrLine: {'line': b'      |  \x1b[01;35m\x1b[K^~~~~~~\x1b[m\x1b[K\n'}
[7.330492] (motion_cmd) StderrLine: {'line': b'In file included from \x1b[01m\x1b[K/home/robodog/RoboDog/ros2_ws/src/motion_cmd/src/utils.cpp:7\x1b[m\x1b[K:\n'}
[7.330870] (motion_cmd) StderrLine: {'line': b'\x1b[01m\x1b[K/opt/ros/humble/include/tf2_geometry_msgs/tf2_geometry_msgs/tf2_geometry_msgs.h:35:2:\x1b[m\x1b[K \x1b[01;35m\x1b[Kwarning: \x1b[m\x1b[K#warning This header is obsolete, please include tf2_geometry_msgs/tf2_geometry_msgs.hpp instead [\x1b[01;35m\x1b[K\x1b]8;;https://gcc.gnu.org/onlinedocs/gcc/Warning-Options.html#index-Wcpp\x07-Wcpp\x1b]8;;\x07\x1b[m\x1b[K]\n'}
[7.331343] (motion_cmd) StderrLine: {'line': b'   35 | #\x1b[01;35m\x1b[Kwarning\x1b[m\x1b[K This header is obsolete, please include tf2_geometry_msgs/tf2_geometry_msgs.hpp instead\n'}
[7.331813] (motion_cmd) StderrLine: {'line': b'      |  \x1b[01;35m\x1b[K^~~~~~~\x1b[m\x1b[K\n'}
[7.371276] (-) TimerEvent: {}
[7.472141] (-) TimerEvent: {}
[7.572971] (-) TimerEvent: {}
[7.673853] (-) TimerEvent: {}
[7.774734] (-) TimerEvent: {}
[7.875617] (-) TimerEvent: {}
[7.976460] (-) TimerEvent: {}
[8.077268] (-) TimerEvent: {}
[8.178089] (-) TimerEvent: {}
[8.278955] (-) TimerEvent: {}
[8.379825] (-) TimerEvent: {}
[8.480659] (-) TimerEvent: {}
[8.581493] (-) TimerEvent: {}
[8.682427] (-) TimerEvent: {}
[8.783237] (-) TimerEvent: {}
[8.884126] (-) TimerEvent: {}
[8.984929] (-) TimerEvent: {}
[9.085778] (-) TimerEvent: {}
[9.186611] (-) TimerEvent: {}
[9.287436] (-) TimerEvent: {}
[9.388379] (-) TimerEvent: {}
[9.489163] (-) TimerEvent: {}
[9.590011] (-) TimerEvent: {}
[9.690804] (-) TimerEvent: {}
[9.791727] (-) TimerEvent: {}
[9.892586] (-) TimerEvent: {}
[9.993428] (-) TimerEvent: {}
[10.094301] (-) TimerEvent: {}
[10.195154] (-) TimerEvent: {}
[10.296061] (-) TimerEvent: {}
[10.396935] (-) TimerEvent: {}
[10.497758] (-) TimerEvent: {}
[10.598572] (-) TimerEvent: {}
[10.699441] (-) TimerEvent: {}
[10.800273] (-) TimerEvent: {}
[10.901151] (-) TimerEvent: {}
[11.001968] (-) TimerEvent: {}
[11.102833] (-) TimerEvent: {}
[11.203679] (-) TimerEvent: {}
[11.304471] (-) TimerEvent: {}
[11.405293] (-) TimerEvent: {}
[11.506284] (-) TimerEvent: {}
[11.607194] (-) TimerEvent: {}
[11.708019] (-) TimerEvent: {}
[11.808888] (-) TimerEvent: {}
[11.909698] (-) TimerEvent: {}
[12.010646] (-) TimerEvent: {}
[12.111528] (-) TimerEvent: {}
[12.212463] (-) TimerEvent: {}
[12.313315] (-) TimerEvent: {}
[12.414099] (-) TimerEvent: {}
[12.514976] (-) TimerEvent: {}
[12.615883] (-) TimerEvent: {}
[12.716704] (-) TimerEvent: {}
[12.817509] (-) TimerEvent: {}
[12.918348] (-) TimerEvent: {}
[13.019148] (-) TimerEvent: {}
[13.119964] (-) TimerEvent: {}
[13.220766] (-) TimerEvent: {}
[13.321655] (-) TimerEvent: {}
[13.422559] (-) TimerEvent: {}
[13.523394] (-) TimerEvent: {}
[13.624298] (-) TimerEvent: {}
[13.725163] (-) TimerEvent: {}
[13.826131] (-) TimerEvent: {}
[13.926990] (-) TimerEvent: {}
[14.027818] (-) TimerEvent: {}
[14.128663] (-) TimerEvent: {}
[14.229469] (-) TimerEvent: {}
[14.330341] (-) TimerEvent: {}
[14.431156] (-) TimerEvent: {}
[14.532003] (-) TimerEvent: {}
[14.632803] (-) TimerEvent: {}
[14.733609] (-) TimerEvent: {}
[14.834430] (-) TimerEvent: {}
[14.935243] (-) TimerEvent: {}
[15.036096] (-) TimerEvent: {}
[15.136887] (-) TimerEvent: {}
[15.237693] (-) TimerEvent: {}
[15.338502] (-) TimerEvent: {}
[15.439311] (-) TimerEvent: {}
[15.540149] (-) TimerEvent: {}
[15.640956] (-) TimerEvent: {}
[15.741781] (-) TimerEvent: {}
[15.842569] (-) TimerEvent: {}
[15.943386] (-) TimerEvent: {}
[16.044262] (-) TimerEvent: {}
[16.145051] (-) TimerEvent: {}
[16.245915] (-) TimerEvent: {}
[16.346747] (-) TimerEvent: {}
[16.447606] (-) TimerEvent: {}
[16.548532] (-) TimerEvent: {}
[16.649352] (-) TimerEvent: {}
[16.750240] (-) TimerEvent: {}
[16.851116] (-) TimerEvent: {}
[16.951951] (-) TimerEvent: {}
[17.052767] (-) TimerEvent: {}
[17.153585] (-) TimerEvent: {}
[17.254712] (-) TimerEvent: {}
[17.355627] (-) TimerEvent: {}
[17.456443] (-) TimerEvent: {}
[17.557330] (-) TimerEvent: {}
[17.658136] (-) TimerEvent: {}
[17.758910] (-) TimerEvent: {}
[17.859722] (-) TimerEvent: {}
[17.960534] (-) TimerEvent: {}
[18.061372] (-) TimerEvent: {}
[18.162250] (-) TimerEvent: {}
[18.263109] (-) TimerEvent: {}
[18.363964] (-) TimerEvent: {}
[18.464756] (-) TimerEvent: {}
[18.565699] (-) TimerEvent: {}
[18.666614] (-) TimerEvent: {}
[18.767513] (-) TimerEvent: {}
[18.868465] (-) TimerEvent: {}
[18.969277] (-) TimerEvent: {}
[19.070101] (-) TimerEvent: {}
[19.170940] (-) TimerEvent: {}
[19.271768] (-) TimerEvent: {}
[19.372552] (-) TimerEvent: {}
[19.473389] (-) TimerEvent: {}
[19.574269] (-) TimerEvent: {}
[19.675308] (-) TimerEvent: {}
[19.776144] (-) TimerEvent: {}
[19.876977] (-) TimerEvent: {}
[19.977857] (-) TimerEvent: {}
[20.078664] (-) TimerEvent: {}
[20.179486] (-) TimerEvent: {}
[20.280310] (-) TimerEvent: {}
[20.381139] (-) TimerEvent: {}
[20.482023] (-) TimerEvent: {}
[20.582865] (-) TimerEvent: {}
[20.683750] (-) TimerEvent: {}
[20.784583] (-) TimerEvent: {}
[20.885380] (-) TimerEvent: {}
[20.986229] (-) TimerEvent: {}
[21.087081] (-) TimerEvent: {}
[21.187964] (-) TimerEvent: {}
[21.288786] (-) TimerEvent: {}
[21.389597] (-) TimerEvent: {}
[21.490739] (-) TimerEvent: {}
[21.591677] (-) TimerEvent: {}
[21.692576] (-) TimerEvent: {}
[21.793441] (-) TimerEvent: {}
[21.894249] (-) TimerEvent: {}
[21.995072] (-) TimerEvent: {}
[22.096011] (-) TimerEvent: {}
[22.196850] (-) TimerEvent: {}
[22.297775] (-) TimerEvent: {}
[22.398873] (-) TimerEvent: {}
[22.499749] (-) TimerEvent: {}
[22.600550] (-) TimerEvent: {}
[22.701332] (-) TimerEvent: {}
[22.802152] (-) TimerEvent: {}
[22.902978] (-) TimerEvent: {}
[23.003852] (-) TimerEvent: {}
[23.104656] (-) TimerEvent: {}
[23.205459] (-) TimerEvent: {}
[23.306252] (-) TimerEvent: {}
[23.407064] (-) TimerEvent: {}
[23.508017] (-) TimerEvent: {}
[23.608800] (-) TimerEvent: {}
[23.709586] (-) TimerEvent: {}
[23.810435] (-) TimerEvent: {}
[23.911220] (-) TimerEvent: {}
[24.012119] (-) TimerEvent: {}
[24.112960] (-) TimerEvent: {}
[24.213808] (-) TimerEvent: {}
[24.314674] (-) TimerEvent: {}
[24.416020] (-) TimerEvent: {}
[24.516778] (-) TimerEvent: {}
[24.617629] (-) TimerEvent: {}
[24.718565] (-) TimerEvent: {}
[24.819415] (-) TimerEvent: {}
[24.920252] (-) TimerEvent: {}
[25.021091] (-) TimerEvent: {}
[25.122040] (-) TimerEvent: {}
[25.182857] (motion_cmd) StdoutLine: {'line': b"gmake[2]: Leaving directory '/home/robodog/RoboDog/ros2_ws/build/motion_cmd'\n"}
[25.183867] (motion_cmd) StderrLine: {'line': b'gmake[1]: *** [CMakeFiles/Makefile2:259: CMakeFiles/motion_cmd_node.dir/all] Error 2\n'}
[25.184397] (motion_cmd) StdoutLine: {'line': b"gmake[1]: Leaving directory '/home/robodog/RoboDog/ros2_ws/build/motion_cmd'\n"}
[25.185038] (motion_cmd) StderrLine: {'line': b'gmake: *** [Makefile:149: all] Error 2\n'}
[25.194614] (motion_cmd) CommandEnded: {'returncode': 2}
[25.222299] (-) TimerEvent: {}
[25.323092] (-) TimerEvent: {}
[25.423825] (-) TimerEvent: {}
[25.524942] (-) TimerEvent: {}
[25.584687] (motion_cmd) JobEnded: {'identifier': 'motion_cmd', 'rc': 2}
[25.596279] (-) EventReactorShutdown: {}
