[0.060s] Invoking command in '/home/robodog/RoboDog/ros2_ws/build/motion_cmd': /usr/bin/cmake --build /home/robodog/RoboDog/ros2_ws/build/motion_cmd -- -j4 -l4
[0.135s] /usr/bin/cmake -S/home/robodog/RoboDog/ros2_ws/src/motion_cmd -B/home/robodog/RoboDog/ros2_ws/build/motion_cmd --check-build-system CMakeFiles/Makefile.cmake 0
[0.190s] Re-run cmake file: Makefile older than: /home/robodog/RoboDog/ros2_ws/src/motion_cmd/CMakeLists.txt
[0.207s] -- Found ament_cmake: 1.3.10 (/opt/ros/humble/share/ament_cmake/cmake)
[0.779s] -- Found rclcpp: 16.0.10 (/opt/ros/humble/share/rclcpp/cmake)
[0.946s] -- Found rosidl_generator_c: 3.1.5 (/opt/ros/humble/share/rosidl_generator_c/cmake)
[0.956s] -- Found rosidl_adapter: 3.1.5 (/opt/ros/humble/share/rosidl_adapter/cmake)
[0.979s] -- Found rosidl_generator_cpp: 3.1.5 (/opt/ros/humble/share/rosidl_generator_cpp/cmake)
[1.017s] -- Using all available rosidl_typesupport_c: rosidl_typesupport_fastrtps_c;rosidl_typesupport_introspection_c
[1.068s] -- Using all available rosidl_typesupport_cpp: rosidl_typesupport_fastrtps_cpp;rosidl_typesupport_introspection_cpp
[1.196s] -- Found rmw_implementation_cmake: 6.1.2 (/opt/ros/humble/share/rmw_implementation_cmake/cmake)
[1.202s] -- Found rmw_fastrtps_cpp: 6.2.7 (/opt/ros/humble/share/rmw_fastrtps_cpp/cmake)
[2.118s] -- Using RMW implementation 'rmw_fastrtps_cpp' as default
[2.303s] -- Found geometry_msgs: 4.2.4 (/opt/ros/humble/share/geometry_msgs/cmake)
[2.350s] -- Found tf2: 0.25.8 (/opt/ros/humble/share/tf2/cmake)
[2.366s] -- Found tf2_ros: 0.25.8 (/opt/ros/humble/share/tf2_ros/cmake)
[2.662s] -- Found tf2_geometry_msgs: 0.25.8 (/opt/ros/humble/share/tf2_geometry_msgs/cmake)
[2.672s] -- Found eigen3_cmake_module: 0.1.1 (/opt/ros/humble/share/eigen3_cmake_module/cmake)
[2.678s] -- Ensuring Eigen3 include directory is part of orocos-kdl CMake target
[2.682s] -- Found tf2_eigen: 0.25.8 (/opt/ros/humble/share/tf2_eigen/cmake)
[2.692s] -- Found i2cpwm_controller: 0.5.1 (/home/robodog/RoboDog/ros2_ws/install/i2cpwm_controller/share/i2cpwm_controller/cmake)
[2.852s] Re-run cmake no build system arguments
[2.911s] -- Configuring done
[2.924s] -- Generating done
[2.928s] -- Build files have been written to: /home/robodog/RoboDog/ros2_ws/build/motion_cmd/libs/spot_micro_kinematics_cpp/3rd_party/google-test/googletest-download
[3.004s] gmake[1]: Entering directory '/home/robodog/RoboDog/ros2_ws/build/motion_cmd/libs/spot_micro_kinematics_cpp/3rd_party/google-test/googletest-download'
[3.005s] /usr/bin/cmake -S/home/robodog/RoboDog/ros2_ws/build/motion_cmd/libs/spot_micro_kinematics_cpp/3rd_party/google-test/googletest-download -B/home/robodog/RoboDog/ros2_ws/build/motion_cmd/libs/spot_micro_kinematics_cpp/3rd_party/google-test/googletest-download --check-build-system CMakeFiles/Makefile.cmake 0
[3.037s] /usr/bin/cmake -E cmake_progress_start /home/robodog/RoboDog/ros2_ws/build/motion_cmd/libs/spot_micro_kinematics_cpp/3rd_party/google-test/googletest-download/CMakeFiles /home/robodog/RoboDog/ros2_ws/build/motion_cmd/libs/spot_micro_kinematics_cpp/3rd_party/google-test/googletest-download//CMakeFiles/progress.marks
[3.067s] /usr/bin/gmake  -f CMakeFiles/Makefile2 all
[3.073s] gmake[2]: Entering directory '/home/robodog/RoboDog/ros2_ws/build/motion_cmd/libs/spot_micro_kinematics_cpp/3rd_party/google-test/googletest-download'
[3.074s] /usr/bin/gmake  -f CMakeFiles/googletest.dir/build.make CMakeFiles/googletest.dir/depend
[3.079s] gmake[3]: Entering directory '/home/robodog/RoboDog/ros2_ws/build/motion_cmd/libs/spot_micro_kinematics_cpp/3rd_party/google-test/googletest-download'
[3.080s] cd /home/robodog/RoboDog/ros2_ws/build/motion_cmd/libs/spot_micro_kinematics_cpp/3rd_party/google-test/googletest-download && /usr/bin/cmake -E cmake_depends "Unix Makefiles" /home/robodog/RoboDog/ros2_ws/build/motion_cmd/libs/spot_micro_kinematics_cpp/3rd_party/google-test/googletest-download /home/robodog/RoboDog/ros2_ws/build/motion_cmd/libs/spot_micro_kinematics_cpp/3rd_party/google-test/googletest-download /home/robodog/RoboDog/ros2_ws/build/motion_cmd/libs/spot_micro_kinematics_cpp/3rd_party/google-test/googletest-download /home/robodog/RoboDog/ros2_ws/build/motion_cmd/libs/spot_micro_kinematics_cpp/3rd_party/google-test/googletest-download /home/robodog/RoboDog/ros2_ws/build/motion_cmd/libs/spot_micro_kinematics_cpp/3rd_party/google-test/googletest-download/CMakeFiles/googletest.dir/DependInfo.cmake --color=
[3.117s] gmake[3]: Leaving directory '/home/robodog/RoboDog/ros2_ws/build/motion_cmd/libs/spot_micro_kinematics_cpp/3rd_party/google-test/googletest-download'
[3.117s] /usr/bin/gmake  -f CMakeFiles/googletest.dir/build.make CMakeFiles/googletest.dir/build
[3.123s] gmake[3]: Entering directory '/home/robodog/RoboDog/ros2_ws/build/motion_cmd/libs/spot_micro_kinematics_cpp/3rd_party/google-test/googletest-download'
[3.124s] gmake[3]: Nothing to be done for 'CMakeFiles/googletest.dir/build'.
[3.124s] gmake[3]: Leaving directory '/home/robodog/RoboDog/ros2_ws/build/motion_cmd/libs/spot_micro_kinematics_cpp/3rd_party/google-test/googletest-download'
[3.160s] [100%] Built target googletest
[3.162s] gmake[2]: Leaving directory '/home/robodog/RoboDog/ros2_ws/build/motion_cmd/libs/spot_micro_kinematics_cpp/3rd_party/google-test/googletest-download'
[3.163s] /usr/bin/cmake -E cmake_progress_start /home/robodog/RoboDog/ros2_ws/build/motion_cmd/libs/spot_micro_kinematics_cpp/3rd_party/google-test/googletest-download/CMakeFiles 0
[3.193s] gmake[1]: Leaving directory '/home/robodog/RoboDog/ros2_ws/build/motion_cmd/libs/spot_micro_kinematics_cpp/3rd_party/google-test/googletest-download'
[3.206s] [0mCMake Deprecation Warning at /home/robodog/RoboDog/ros2_ws/build/motion_cmd/libs/spot_micro_kinematics_cpp/3rd_party/google-test/googletest-src/CMakeLists.txt:4 (cmake_minimum_required):
[3.207s]   Compatibility with CMake < 2.8.12 will be removed from a future version of
[3.207s]   CMake.
[3.208s] 
[3.208s]   Update the VERSION argument <min> value or use a ...<max> suffix to tell
[3.209s]   CMake that the project does not need compatibility with older versions.
[3.209s] 
[3.210s] [0m
[3.221s] [0mCMake Deprecation Warning at /home/robodog/RoboDog/ros2_ws/build/motion_cmd/libs/spot_micro_kinematics_cpp/3rd_party/google-test/googletest-src/googlemock/CMakeLists.txt:45 (cmake_minimum_required):
[3.222s]   Compatibility with CMake < 2.8.12 will be removed from a future version of
[3.222s]   CMake.
[3.222s] 
[3.223s]   Update the VERSION argument <min> value or use a ...<max> suffix to tell
[3.223s]   CMake that the project does not need compatibility with older versions.
[3.224s] 
[3.224s] [0m
[3.226s] [0mCMake Deprecation Warning at /home/robodog/RoboDog/ros2_ws/build/motion_cmd/libs/spot_micro_kinematics_cpp/3rd_party/google-test/googletest-src/googletest/CMakeLists.txt:56 (cmake_minimum_required):
[3.226s]   Compatibility with CMake < 2.8.12 will be removed from a future version of
[3.227s]   CMake.
[3.227s] 
[3.227s]   Update the VERSION argument <min> value or use a ...<max> suffix to tell
[3.228s]   CMake that the project does not need compatibility with older versions.
[3.228s] 
[3.228s] [0m
[3.649s] -- Configuring done
[3.829s] -- Generating done
[3.849s] -- Build files have been written to: /home/robodog/RoboDog/ros2_ws/build/motion_cmd
[3.894s] /usr/bin/cmake -E cmake_progress_start /home/robodog/RoboDog/ros2_ws/build/motion_cmd/CMakeFiles /home/robodog/RoboDog/ros2_ws/build/motion_cmd//CMakeFiles/progress.marks
[3.932s] /usr/bin/gmake  -f CMakeFiles/Makefile2 all
[3.940s] gmake[1]: Entering directory '/home/robodog/RoboDog/ros2_ws/build/motion_cmd'
[3.940s] /usr/bin/gmake  -f libs/spot_micro_kinematics_cpp/CMakeFiles/spot_micro_kinematics.dir/build.make libs/spot_micro_kinematics_cpp/CMakeFiles/spot_micro_kinematics.dir/depend
[3.941s] /usr/bin/gmake  -f CMakeFiles/motion_cmd_node.dir/build.make CMakeFiles/motion_cmd_node.dir/depend
[3.944s] /usr/bin/gmake  -f libs/spot_micro_kinematics_cpp/3rd_party/google-test/googletest-build/googletest/CMakeFiles/gtest.dir/build.make libs/spot_micro_kinematics_cpp/3rd_party/google-test/googletest-build/googletest/CMakeFiles/gtest.dir/depend
[3.946s] gmake[2]: Entering directory '/home/robodog/RoboDog/ros2_ws/build/motion_cmd'
[3.947s] cd /home/robodog/RoboDog/ros2_ws/build/motion_cmd && /usr/bin/cmake -E cmake_depends "Unix Makefiles" /home/robodog/RoboDog/ros2_ws/src/motion_cmd /home/robodog/RoboDog/ros2_ws/src/motion_cmd/libs/spot_micro_kinematics_cpp /home/robodog/RoboDog/ros2_ws/build/motion_cmd /home/robodog/RoboDog/ros2_ws/build/motion_cmd/libs/spot_micro_kinematics_cpp /home/robodog/RoboDog/ros2_ws/build/motion_cmd/libs/spot_micro_kinematics_cpp/CMakeFiles/spot_micro_kinematics.dir/DependInfo.cmake --color=
[3.951s] gmake[2]: Entering directory '/home/robodog/RoboDog/ros2_ws/build/motion_cmd'
[3.954s] cd /home/robodog/RoboDog/ros2_ws/build/motion_cmd && /usr/bin/cmake -E cmake_depends "Unix Makefiles" /home/robodog/RoboDog/ros2_ws/src/motion_cmd /home/robodog/RoboDog/ros2_ws/src/motion_cmd /home/robodog/RoboDog/ros2_ws/build/motion_cmd /home/robodog/RoboDog/ros2_ws/build/motion_cmd /home/robodog/RoboDog/ros2_ws/build/motion_cmd/CMakeFiles/motion_cmd_node.dir/DependInfo.cmake --color=
[3.956s] gmake[2]: Entering directory '/home/robodog/RoboDog/ros2_ws/build/motion_cmd'
[3.959s] cd /home/robodog/RoboDog/ros2_ws/build/motion_cmd && /usr/bin/cmake -E cmake_depends "Unix Makefiles" /home/robodog/RoboDog/ros2_ws/src/motion_cmd /home/robodog/RoboDog/ros2_ws/build/motion_cmd/libs/spot_micro_kinematics_cpp/3rd_party/google-test/googletest-src/googletest /home/robodog/RoboDog/ros2_ws/build/motion_cmd /home/robodog/RoboDog/ros2_ws/build/motion_cmd/libs/spot_micro_kinematics_cpp/3rd_party/google-test/googletest-build/googletest /home/robodog/RoboDog/ros2_ws/build/motion_cmd/libs/spot_micro_kinematics_cpp/3rd_party/google-test/googletest-build/googletest/CMakeFiles/gtest.dir/DependInfo.cmake --color=
[3.984s] Dependencies file "libs/spot_micro_kinematics_cpp/CMakeFiles/spot_micro_kinematics.dir/src/spot_micro_kinematics.cpp.o.d" is newer than depends file "/home/robodog/RoboDog/ros2_ws/build/motion_cmd/libs/spot_micro_kinematics_cpp/CMakeFiles/spot_micro_kinematics.dir/compiler_depend.internal".
[3.987s] Dependencies file "libs/spot_micro_kinematics_cpp/CMakeFiles/spot_micro_kinematics.dir/src/spot_micro_leg.cpp.o.d" is newer than depends file "/home/robodog/RoboDog/ros2_ws/build/motion_cmd/libs/spot_micro_kinematics_cpp/CMakeFiles/spot_micro_kinematics.dir/compiler_depend.internal".
[3.990s] Dependencies file "libs/spot_micro_kinematics_cpp/CMakeFiles/spot_micro_kinematics.dir/src/utils.cpp.o.d" is newer than depends file "/home/robodog/RoboDog/ros2_ws/build/motion_cmd/libs/spot_micro_kinematics_cpp/CMakeFiles/spot_micro_kinematics.dir/compiler_depend.internal".
[3.992s] Dependencies file "CMakeFiles/motion_cmd_node.dir/src/main.cpp.o.d" is newer than depends file "/home/robodog/RoboDog/ros2_ws/build/motion_cmd/CMakeFiles/motion_cmd_node.dir/compiler_depend.internal".
[3.995s] [35m[1mConsolidate compiler generated dependencies of target spot_micro_kinematics[0m
[3.996s] Dependencies file "CMakeFiles/motion_cmd_node.dir/src/motion_cmd.cpp.o.d" is newer than depends file "/home/robodog/RoboDog/ros2_ws/build/motion_cmd/CMakeFiles/motion_cmd_node.dir/compiler_depend.internal".
[3.997s] Dependencies file "libs/spot_micro_kinematics_cpp/3rd_party/google-test/googletest-build/googletest/CMakeFiles/gtest.dir/src/gtest-all.cc.o.d" is newer than depends file "/home/robodog/RoboDog/ros2_ws/build/motion_cmd/libs/spot_micro_kinematics_cpp/3rd_party/google-test/googletest-build/googletest/CMakeFiles/gtest.dir/compiler_depend.internal".
[3.997s] Dependencies file "CMakeFiles/motion_cmd_node.dir/src/utils.cpp.o.d" is newer than depends file "/home/robodog/RoboDog/ros2_ws/build/motion_cmd/CMakeFiles/motion_cmd_node.dir/compiler_depend.internal".
[3.997s] [35m[1mConsolidate compiler generated dependencies of target gtest[0m
[3.998s] [35m[1mConsolidate compiler generated dependencies of target motion_cmd_node[0m
[4.010s] gmake[2]: Leaving directory '/home/robodog/RoboDog/ros2_ws/build/motion_cmd'
[4.011s] /usr/bin/gmake  -f libs/spot_micro_kinematics_cpp/3rd_party/google-test/googletest-build/googletest/CMakeFiles/gtest.dir/build.make libs/spot_micro_kinematics_cpp/3rd_party/google-test/googletest-build/googletest/CMakeFiles/gtest.dir/build
[4.019s] gmake[2]: Leaving directory '/home/robodog/RoboDog/ros2_ws/build/motion_cmd'
[4.020s] /usr/bin/gmake  -f libs/spot_micro_kinematics_cpp/CMakeFiles/spot_micro_kinematics.dir/build.make libs/spot_micro_kinematics_cpp/CMakeFiles/spot_micro_kinematics.dir/build
[4.032s] gmake[2]: Entering directory '/home/robodog/RoboDog/ros2_ws/build/motion_cmd'
[4.033s] gmake[2]: Nothing to be done for 'libs/spot_micro_kinematics_cpp/3rd_party/google-test/googletest-build/googletest/CMakeFiles/gtest.dir/build'.
[4.033s] gmake[2]: Leaving directory '/home/robodog/RoboDog/ros2_ws/build/motion_cmd'
[4.038s] gmake[2]: Entering directory '/home/robodog/RoboDog/ros2_ws/build/motion_cmd'
[4.039s] gmake[2]: Nothing to be done for 'libs/spot_micro_kinematics_cpp/CMakeFiles/spot_micro_kinematics.dir/build'.
[4.039s] gmake[2]: Leaving directory '/home/robodog/RoboDog/ros2_ws/build/motion_cmd'
[4.069s] [  6%] Built target gtest
[4.071s] [ 20%] Built target spot_micro_kinematics
[4.076s] /usr/bin/gmake  -f CMakeFiles/smfsm.dir/build.make CMakeFiles/smfsm.dir/depend
[4.078s] /usr/bin/gmake  -f libs/spot_micro_kinematics_cpp/3rd_party/google-test/googletest-build/googletest/CMakeFiles/gtest_main.dir/build.make libs/spot_micro_kinematics_cpp/3rd_party/google-test/googletest-build/googletest/CMakeFiles/gtest_main.dir/depend
[4.080s] gmake[2]: Leaving directory '/home/robodog/RoboDog/ros2_ws/build/motion_cmd'
[4.083s] gmake[2]: Entering directory '/home/robodog/RoboDog/ros2_ws/build/motion_cmd'
[4.086s] /usr/bin/gmake  -f CMakeFiles/motion_cmd_node.dir/build.make CMakeFiles/motion_cmd_node.dir/build
[4.088s] cd /home/robodog/RoboDog/ros2_ws/build/motion_cmd && /usr/bin/cmake -E cmake_depends "Unix Makefiles" /home/robodog/RoboDog/ros2_ws/src/motion_cmd /home/robodog/RoboDog/ros2_ws/src/motion_cmd /home/robodog/RoboDog/ros2_ws/build/motion_cmd /home/robodog/RoboDog/ros2_ws/build/motion_cmd /home/robodog/RoboDog/ros2_ws/build/motion_cmd/CMakeFiles/smfsm.dir/DependInfo.cmake --color=
[4.090s] /usr/bin/gmake  -f libs/spot_micro_kinematics_cpp/3rd_party/google-test/googletest-build/googlemock/CMakeFiles/gmock.dir/build.make libs/spot_micro_kinematics_cpp/3rd_party/google-test/googletest-build/googlemock/CMakeFiles/gmock.dir/depend
[4.090s] gmake[2]: Entering directory '/home/robodog/RoboDog/ros2_ws/build/motion_cmd'
[4.091s] cd /home/robodog/RoboDog/ros2_ws/build/motion_cmd && /usr/bin/cmake -E cmake_depends "Unix Makefiles" /home/robodog/RoboDog/ros2_ws/src/motion_cmd /home/robodog/RoboDog/ros2_ws/build/motion_cmd/libs/spot_micro_kinematics_cpp/3rd_party/google-test/googletest-src/googletest /home/robodog/RoboDog/ros2_ws/build/motion_cmd /home/robodog/RoboDog/ros2_ws/build/motion_cmd/libs/spot_micro_kinematics_cpp/3rd_party/google-test/googletest-build/googletest /home/robodog/RoboDog/ros2_ws/build/motion_cmd/libs/spot_micro_kinematics_cpp/3rd_party/google-test/googletest-build/googletest/CMakeFiles/gtest_main.dir/DependInfo.cmake --color=
[4.099s] gmake[2]: Entering directory '/home/robodog/RoboDog/ros2_ws/build/motion_cmd'
[4.099s] cd /home/robodog/RoboDog/ros2_ws/build/motion_cmd && /usr/bin/cmake -E cmake_depends "Unix Makefiles" /home/robodog/RoboDog/ros2_ws/src/motion_cmd /home/robodog/RoboDog/ros2_ws/build/motion_cmd/libs/spot_micro_kinematics_cpp/3rd_party/google-test/googletest-src/googlemock /home/robodog/RoboDog/ros2_ws/build/motion_cmd /home/robodog/RoboDog/ros2_ws/build/motion_cmd/libs/spot_micro_kinematics_cpp/3rd_party/google-test/googletest-build/googlemock /home/robodog/RoboDog/ros2_ws/build/motion_cmd/libs/spot_micro_kinematics_cpp/3rd_party/google-test/googletest-build/googlemock/CMakeFiles/gmock.dir/DependInfo.cmake --color=
[4.118s] Dependencies file "CMakeFiles/smfsm.dir/src/smfsm/idle.cpp.o.d" is newer than depends file "/home/robodog/RoboDog/ros2_ws/build/motion_cmd/CMakeFiles/smfsm.dir/compiler_depend.internal".
[4.121s] Dependencies file "CMakeFiles/smfsm.dir/src/smfsm/stand.cpp.o.d" is newer than depends file "/home/robodog/RoboDog/ros2_ws/build/motion_cmd/CMakeFiles/smfsm.dir/compiler_depend.internal".
[4.124s] Dependencies file "CMakeFiles/smfsm.dir/src/smfsm/state.cpp.o.d" is newer than depends file "/home/robodog/RoboDog/ros2_ws/build/motion_cmd/CMakeFiles/smfsm.dir/compiler_depend.internal".
[4.126s] Dependencies file "CMakeFiles/smfsm.dir/src/smfsm/transition_idle.cpp.o.d" is newer than depends file "/home/robodog/RoboDog/ros2_ws/build/motion_cmd/CMakeFiles/smfsm.dir/compiler_depend.internal".
[4.136s] Dependencies file "CMakeFiles/smfsm.dir/src/smfsm/transition_stand.cpp.o.d" is newer than depends file "/home/robodog/RoboDog/ros2_ws/build/motion_cmd/CMakeFiles/smfsm.dir/compiler_depend.internal".
[4.137s] Dependencies file "CMakeFiles/smfsm.dir/src/smfsm/walk.cpp.o.d" is newer than depends file "/home/robodog/RoboDog/ros2_ws/build/motion_cmd/CMakeFiles/smfsm.dir/compiler_depend.internal".
[4.138s] Dependencies file "libs/spot_micro_kinematics_cpp/3rd_party/google-test/googletest-build/googletest/CMakeFiles/gtest_main.dir/src/gtest_main.cc.o.d" is newer than depends file "/home/robodog/RoboDog/ros2_ws/build/motion_cmd/libs/spot_micro_kinematics_cpp/3rd_party/google-test/googletest-build/googletest/CMakeFiles/gtest_main.dir/compiler_depend.internal".
[4.139s] gmake[2]: Entering directory '/home/robodog/RoboDog/ros2_ws/build/motion_cmd'
[4.140s] [35m[1mConsolidate compiler generated dependencies of target gtest_main[0m
[4.140s] [35m[1mConsolidate compiler generated dependencies of target smfsm[0m
[4.160s] gmake[2]: Leaving directory '/home/robodog/RoboDog/ros2_ws/build/motion_cmd'
[4.161s] /usr/bin/gmake  -f libs/spot_micro_kinematics_cpp/3rd_party/google-test/googletest-build/googletest/CMakeFiles/gtest_main.dir/build.make libs/spot_micro_kinematics_cpp/3rd_party/google-test/googletest-build/googletest/CMakeFiles/gtest_main.dir/build
[4.161s] Dependencies file "libs/spot_micro_kinematics_cpp/3rd_party/google-test/googletest-build/googlemock/CMakeFiles/gmock.dir/src/gmock-all.cc.o.d" is newer than depends file "/home/robodog/RoboDog/ros2_ws/build/motion_cmd/libs/spot_micro_kinematics_cpp/3rd_party/google-test/googletest-build/googlemock/CMakeFiles/gmock.dir/compiler_depend.internal".
[4.162s] [35m[1mConsolidate compiler generated dependencies of target gmock[0m
[4.190s] gmake[2]: Entering directory '/home/robodog/RoboDog/ros2_ws/build/motion_cmd'
[4.191s] gmake[2]: Leaving directory '/home/robodog/RoboDog/ros2_ws/build/motion_cmd'
[4.192s] gmake[2]: Nothing to be done for 'libs/spot_micro_kinematics_cpp/3rd_party/google-test/googletest-build/googletest/CMakeFiles/gtest_main.dir/build'.
[4.192s] /usr/bin/gmake  -f libs/spot_micro_kinematics_cpp/3rd_party/google-test/googletest-build/googlemock/CMakeFiles/gmock.dir/build.make libs/spot_micro_kinematics_cpp/3rd_party/google-test/googletest-build/googlemock/CMakeFiles/gmock.dir/build
[4.192s] gmake[2]: Leaving directory '/home/robodog/RoboDog/ros2_ws/build/motion_cmd'
[4.193s] [ 24%] [32mBuilding CXX object CMakeFiles/motion_cmd_node.dir/src/motion_cmd.cpp.o[0m
[4.197s] /usr/bin/c++ -DDEFAULT_RMW_IMPLEMENTATION=rmw_fastrtps_cpp -DRCUTILS_ENABLE_FAULT_INJECTION -I/home/robodog/RoboDog/ros2_ws/src/motion_cmd/include/motion_cmd -I/home/robodog/RoboDog/ros2_ws/src/motion_cmd/src/smfsm -I/home/robodog/RoboDog/ros2_ws/src/motion_cmd/src/rate_limited_first_order_filter -I/home/robodog/RoboDog/ros2_ws/src/motion_cmd/libs/spot_micro_kinematics_cpp/include -isystem /usr/include/eigen3 -isystem /home/robodog/RoboDog/ros2_ws/install/i2cpwm_controller/include/i2cpwm_controller -isystem /home/robodog/RoboDog/ros2_ws/install/i2cpwm_controller/include -isystem /opt/ros/humble/include/rclcpp -isystem /opt/ros/humble/include/std_msgs -isystem /opt/ros/humble/include/geometry_msgs -isystem /opt/ros/humble/include/tf2 -isystem /opt/ros/humble/include/tf2_ros -isystem /opt/ros/humble/include/tf2_geometry_msgs -isystem /opt/ros/humble/include/tf2_eigen -isystem /opt/ros/humble/include/ament_index_cpp -isystem /opt/ros/humble/include/libstatistics_collector -isystem /opt/ros/humble/include/builtin_interfaces -isystem /opt/ros/humble/include/rosidl_runtime_c -isystem /opt/ros/humble/include/rcutils -isystem /opt/ros/humble/include/rosidl_typesupport_interface -isystem /opt/ros/humble/include/fastcdr -isystem /opt/ros/humble/include/rosidl_runtime_cpp -isystem /opt/ros/humble/include/rosidl_typesupport_fastrtps_cpp -isystem /opt/ros/humble/include/rmw -isystem /opt/ros/humble/include/rosidl_typesupport_fastrtps_c -isystem /opt/ros/humble/include/rosidl_typesupport_introspection_c -isystem /opt/ros/humble/include/rosidl_typesupport_introspection_cpp -isystem /opt/ros/humble/include/rcl -isystem /opt/ros/humble/include/rcl_interfaces -isystem /opt/ros/humble/include/rcl_logging_interface -isystem /opt/ros/humble/include/rcl_yaml_param_parser -isystem /opt/ros/humble/include/libyaml_vendor -isystem /opt/ros/humble/include/tracetools -isystem /opt/ros/humble/include/rcpputils -isystem /opt/ros/humble/include/statistics_msgs -isystem /opt/ros/humble/include/rosgraph_msgs -isystem /opt/ros/humble/include/rosidl_typesupport_cpp -isystem /opt/ros/humble/include/rosidl_typesupport_c -isystem /opt/ros/humble/include/std_srvs -isystem /opt/ros/humble/include/message_filters -isystem /opt/ros/humble/include/rclcpp_action -isystem /opt/ros/humble/include/action_msgs -isystem /opt/ros/humble/include/unique_identifier_msgs -isystem /opt/ros/humble/include/rcl_action -isystem /opt/ros/humble/include/tf2_msgs -Wno-error=maybe-uninitialized -std=gnu++17 -MD -MT CMakeFiles/motion_cmd_node.dir/src/motion_cmd.cpp.o -MF CMakeFiles/motion_cmd_node.dir/src/motion_cmd.cpp.o.d -o CMakeFiles/motion_cmd_node.dir/src/motion_cmd.cpp.o -c /home/robodog/RoboDog/ros2_ws/src/motion_cmd/src/motion_cmd.cpp
[4.210s] gmake[2]: Entering directory '/home/robodog/RoboDog/ros2_ws/build/motion_cmd'
[4.211s] gmake[2]: Nothing to be done for 'libs/spot_micro_kinematics_cpp/3rd_party/google-test/googletest-build/googlemock/CMakeFiles/gmock.dir/build'.
[4.212s] gmake[2]: Leaving directory '/home/robodog/RoboDog/ros2_ws/build/motion_cmd'
[4.260s] [ 31%] Built target gtest_main
[4.272s] /usr/bin/gmake  -f libs/spot_micro_kinematics_cpp/CMakeFiles/test_utils.dir/build.make libs/spot_micro_kinematics_cpp/CMakeFiles/test_utils.dir/depend
[4.279s] gmake[2]: Leaving directory '/home/robodog/RoboDog/ros2_ws/build/motion_cmd'
[4.280s] /usr/bin/gmake  -f CMakeFiles/smfsm.dir/build.make CMakeFiles/smfsm.dir/build
[4.284s] [ 37%] Built target gmock
[4.286s] gmake[2]: Entering directory '/home/robodog/RoboDog/ros2_ws/build/motion_cmd'
[4.288s] cd /home/robodog/RoboDog/ros2_ws/build/motion_cmd && /usr/bin/cmake -E cmake_depends "Unix Makefiles" /home/robodog/RoboDog/ros2_ws/src/motion_cmd /home/robodog/RoboDog/ros2_ws/src/motion_cmd/libs/spot_micro_kinematics_cpp /home/robodog/RoboDog/ros2_ws/build/motion_cmd /home/robodog/RoboDog/ros2_ws/build/motion_cmd/libs/spot_micro_kinematics_cpp /home/robodog/RoboDog/ros2_ws/build/motion_cmd/libs/spot_micro_kinematics_cpp/CMakeFiles/test_utils.dir/DependInfo.cmake --color=
[4.289s] /usr/bin/gmake  -f libs/spot_micro_kinematics_cpp/CMakeFiles/test_spot_micro_leg.dir/build.make libs/spot_micro_kinematics_cpp/CMakeFiles/test_spot_micro_leg.dir/depend
[4.296s] gmake[2]: Entering directory '/home/robodog/RoboDog/ros2_ws/build/motion_cmd'
[4.297s] cd /home/robodog/RoboDog/ros2_ws/build/motion_cmd && /usr/bin/cmake -E cmake_depends "Unix Makefiles" /home/robodog/RoboDog/ros2_ws/src/motion_cmd /home/robodog/RoboDog/ros2_ws/src/motion_cmd/libs/spot_micro_kinematics_cpp /home/robodog/RoboDog/ros2_ws/build/motion_cmd /home/robodog/RoboDog/ros2_ws/build/motion_cmd/libs/spot_micro_kinematics_cpp /home/robodog/RoboDog/ros2_ws/build/motion_cmd/libs/spot_micro_kinematics_cpp/CMakeFiles/test_spot_micro_leg.dir/DependInfo.cmake --color=
[4.328s] Dependencies file "libs/spot_micro_kinematics_cpp/CMakeFiles/test_utils.dir/tests/test_utils.cpp.o.d" is newer than depends file "/home/robodog/RoboDog/ros2_ws/build/motion_cmd/libs/spot_micro_kinematics_cpp/CMakeFiles/test_utils.dir/compiler_depend.internal".
[4.331s] [35m[1mConsolidate compiler generated dependencies of target test_utils[0m
[4.332s] Dependencies file "libs/spot_micro_kinematics_cpp/CMakeFiles/test_spot_micro_leg.dir/tests/test_spot_micro_leg.cpp.o.d" is newer than depends file "/home/robodog/RoboDog/ros2_ws/build/motion_cmd/libs/spot_micro_kinematics_cpp/CMakeFiles/test_spot_micro_leg.dir/compiler_depend.internal".
[4.333s] [35m[1mConsolidate compiler generated dependencies of target test_spot_micro_leg[0m
[4.339s] gmake[2]: Entering directory '/home/robodog/RoboDog/ros2_ws/build/motion_cmd'
[4.357s] gmake[2]: Leaving directory '/home/robodog/RoboDog/ros2_ws/build/motion_cmd'
[4.358s] /usr/bin/gmake  -f libs/spot_micro_kinematics_cpp/CMakeFiles/test_spot_micro_leg.dir/build.make libs/spot_micro_kinematics_cpp/CMakeFiles/test_spot_micro_leg.dir/build
[4.361s] gmake[2]: Leaving directory '/home/robodog/RoboDog/ros2_ws/build/motion_cmd'
[4.363s] /usr/bin/gmake  -f libs/spot_micro_kinematics_cpp/CMakeFiles/test_utils.dir/build.make libs/spot_micro_kinematics_cpp/CMakeFiles/test_utils.dir/build
[4.378s] [ 41%] [32mBuilding CXX object CMakeFiles/smfsm.dir/src/smfsm/state.cpp.o[0m
[4.380s] gmake[2]: Entering directory '/home/robodog/RoboDog/ros2_ws/build/motion_cmd'
[4.380s] gmake[2]: Nothing to be done for 'libs/spot_micro_kinematics_cpp/CMakeFiles/test_spot_micro_leg.dir/build'.
[4.381s] gmake[2]: Leaving directory '/home/robodog/RoboDog/ros2_ws/build/motion_cmd'
[4.387s] /usr/bin/c++ -DDEFAULT_RMW_IMPLEMENTATION=rmw_fastrtps_cpp -DRCUTILS_ENABLE_FAULT_INJECTION -I/home/robodog/RoboDog/ros2_ws/src/motion_cmd/include/motion_cmd -I/home/robodog/RoboDog/ros2_ws/src/motion_cmd/src/smfsm -I/home/robodog/RoboDog/ros2_ws/src/motion_cmd/src/rate_limited_first_order_filter -I/home/robodog/RoboDog/ros2_ws/src/motion_cmd/libs/spot_micro_kinematics_cpp/include -isystem /usr/include/eigen3 -isystem /home/robodog/RoboDog/ros2_ws/install/i2cpwm_controller/include/i2cpwm_controller -isystem /home/robodog/RoboDog/ros2_ws/install/i2cpwm_controller/include -isystem /opt/ros/humble/include/rclcpp -isystem /opt/ros/humble/include/std_msgs -isystem /opt/ros/humble/include/geometry_msgs -isystem /opt/ros/humble/include/tf2 -isystem /opt/ros/humble/include/tf2_ros -isystem /opt/ros/humble/include/tf2_geometry_msgs -isystem /opt/ros/humble/include/tf2_eigen -isystem /opt/ros/humble/include/builtin_interfaces -isystem /opt/ros/humble/include/rosidl_runtime_c -isystem /opt/ros/humble/include/rcutils -isystem /opt/ros/humble/include/rosidl_typesupport_interface -isystem /opt/ros/humble/include/fastcdr -isystem /opt/ros/humble/include/rosidl_runtime_cpp -isystem /opt/ros/humble/include/rosidl_typesupport_fastrtps_cpp -isystem /opt/ros/humble/include/rmw -isystem /opt/ros/humble/include/rosidl_typesupport_fastrtps_c -isystem /opt/ros/humble/include/rosidl_typesupport_introspection_c -isystem /opt/ros/humble/include/rosidl_typesupport_introspection_cpp -isystem /opt/ros/humble/include/message_filters -isystem /opt/ros/humble/include/ament_index_cpp -isystem /opt/ros/humble/include/libstatistics_collector -isystem /opt/ros/humble/include/rcl -isystem /opt/ros/humble/include/rcl_interfaces -isystem /opt/ros/humble/include/rcl_logging_interface -isystem /opt/ros/humble/include/rcl_yaml_param_parser -isystem /opt/ros/humble/include/libyaml_vendor -isystem /opt/ros/humble/include/tracetools -isystem /opt/ros/humble/include/rcpputils -isystem /opt/ros/humble/include/statistics_msgs -isystem /opt/ros/humble/include/rosgraph_msgs -isystem /opt/ros/humble/include/rosidl_typesupport_cpp -isystem /opt/ros/humble/include/rosidl_typesupport_c -isystem /opt/ros/humble/include/rclcpp_action -isystem /opt/ros/humble/include/action_msgs -isystem /opt/ros/humble/include/unique_identifier_msgs -isystem /opt/ros/humble/include/rcl_action -isystem /opt/ros/humble/include/tf2_msgs -isystem /opt/ros/humble/include/std_srvs -Wno-error=maybe-uninitialized -std=gnu++17 -MD -MT CMakeFiles/smfsm.dir/src/smfsm/state.cpp.o -MF CMakeFiles/smfsm.dir/src/smfsm/state.cpp.o.d -o CMakeFiles/smfsm.dir/src/smfsm/state.cpp.o -c /home/robodog/RoboDog/ros2_ws/src/motion_cmd/src/smfsm/state.cpp
[4.389s] gmake[2]: Entering directory '/home/robodog/RoboDog/ros2_ws/build/motion_cmd'
[4.390s] gmake[2]: Nothing to be done for 'libs/spot_micro_kinematics_cpp/CMakeFiles/test_utils.dir/build'.
[4.391s] gmake[2]: Leaving directory '/home/robodog/RoboDog/ros2_ws/build/motion_cmd'
[4.421s] [ 48%] Built target test_spot_micro_leg
[4.428s] /usr/bin/gmake  -f libs/spot_micro_kinematics_cpp/CMakeFiles/test_spot_micro_kinematics.dir/build.make libs/spot_micro_kinematics_cpp/CMakeFiles/test_spot_micro_kinematics.dir/depend
[4.431s] [ 55%] Built target test_utils
[4.436s] /usr/bin/gmake  -f libs/spot_micro_kinematics_cpp/3rd_party/google-test/googletest-build/googlemock/CMakeFiles/gmock_main.dir/build.make libs/spot_micro_kinematics_cpp/3rd_party/google-test/googletest-build/googlemock/CMakeFiles/gmock_main.dir/depend
[4.439s] gmake[2]: Entering directory '/home/robodog/RoboDog/ros2_ws/build/motion_cmd'
[4.440s] cd /home/robodog/RoboDog/ros2_ws/build/motion_cmd && /usr/bin/cmake -E cmake_depends "Unix Makefiles" /home/robodog/RoboDog/ros2_ws/src/motion_cmd /home/robodog/RoboDog/ros2_ws/src/motion_cmd/libs/spot_micro_kinematics_cpp /home/robodog/RoboDog/ros2_ws/build/motion_cmd /home/robodog/RoboDog/ros2_ws/build/motion_cmd/libs/spot_micro_kinematics_cpp /home/robodog/RoboDog/ros2_ws/build/motion_cmd/libs/spot_micro_kinematics_cpp/CMakeFiles/test_spot_micro_kinematics.dir/DependInfo.cmake --color=
[4.446s] gmake[2]: Entering directory '/home/robodog/RoboDog/ros2_ws/build/motion_cmd'
[4.447s] cd /home/robodog/RoboDog/ros2_ws/build/motion_cmd && /usr/bin/cmake -E cmake_depends "Unix Makefiles" /home/robodog/RoboDog/ros2_ws/src/motion_cmd /home/robodog/RoboDog/ros2_ws/build/motion_cmd/libs/spot_micro_kinematics_cpp/3rd_party/google-test/googletest-src/googlemock /home/robodog/RoboDog/ros2_ws/build/motion_cmd /home/robodog/RoboDog/ros2_ws/build/motion_cmd/libs/spot_micro_kinematics_cpp/3rd_party/google-test/googletest-build/googlemock /home/robodog/RoboDog/ros2_ws/build/motion_cmd/libs/spot_micro_kinematics_cpp/3rd_party/google-test/googletest-build/googlemock/CMakeFiles/gmock_main.dir/DependInfo.cmake --color=
[4.476s] Dependencies file "libs/spot_micro_kinematics_cpp/CMakeFiles/test_spot_micro_kinematics.dir/tests/test_spot_micro_kinematics.cpp.o.d" is newer than depends file "/home/robodog/RoboDog/ros2_ws/build/motion_cmd/libs/spot_micro_kinematics_cpp/CMakeFiles/test_spot_micro_kinematics.dir/compiler_depend.internal".
[4.478s] [35m[1mConsolidate compiler generated dependencies of target test_spot_micro_kinematics[0m
[4.484s] Dependencies file "libs/spot_micro_kinematics_cpp/3rd_party/google-test/googletest-build/googlemock/CMakeFiles/gmock_main.dir/src/gmock_main.cc.o.d" is newer than depends file "/home/robodog/RoboDog/ros2_ws/build/motion_cmd/libs/spot_micro_kinematics_cpp/3rd_party/google-test/googletest-build/googlemock/CMakeFiles/gmock_main.dir/compiler_depend.internal".
[4.486s] [35m[1mConsolidate compiler generated dependencies of target gmock_main[0m
[4.504s] gmake[2]: Leaving directory '/home/robodog/RoboDog/ros2_ws/build/motion_cmd'
[4.508s] /usr/bin/gmake  -f libs/spot_micro_kinematics_cpp/CMakeFiles/test_spot_micro_kinematics.dir/build.make libs/spot_micro_kinematics_cpp/CMakeFiles/test_spot_micro_kinematics.dir/build
[4.510s] gmake[2]: Leaving directory '/home/robodog/RoboDog/ros2_ws/build/motion_cmd'
[4.512s] /usr/bin/gmake  -f libs/spot_micro_kinematics_cpp/3rd_party/google-test/googletest-build/googlemock/CMakeFiles/gmock_main.dir/build.make libs/spot_micro_kinematics_cpp/3rd_party/google-test/googletest-build/googlemock/CMakeFiles/gmock_main.dir/build
[4.528s] gmake[2]: Entering directory '/home/robodog/RoboDog/ros2_ws/build/motion_cmd'
[4.530s] gmake[2]: Nothing to be done for 'libs/spot_micro_kinematics_cpp/CMakeFiles/test_spot_micro_kinematics.dir/build'.
[4.532s] gmake[2]: Leaving directory '/home/robodog/RoboDog/ros2_ws/build/motion_cmd'
[4.541s] gmake[2]: Entering directory '/home/robodog/RoboDog/ros2_ws/build/motion_cmd'
[4.544s] gmake[2]: Nothing to be done for 'libs/spot_micro_kinematics_cpp/3rd_party/google-test/googletest-build/googlemock/CMakeFiles/gmock_main.dir/build'.
[4.547s] gmake[2]: Leaving directory '/home/robodog/RoboDog/ros2_ws/build/motion_cmd'
[4.562s] [ 62%] Built target test_spot_micro_kinematics
[4.591s] [ 68%] Built target gmock_main
[4.605s] [ 72%] [32mBuilding CXX object CMakeFiles/smfsm.dir/src/smfsm/idle.cpp.o[0m
[4.608s] /usr/bin/c++ -DDEFAULT_RMW_IMPLEMENTATION=rmw_fastrtps_cpp -DRCUTILS_ENABLE_FAULT_INJECTION -I/home/robodog/RoboDog/ros2_ws/src/motion_cmd/include/motion_cmd -I/home/robodog/RoboDog/ros2_ws/src/motion_cmd/src/smfsm -I/home/robodog/RoboDog/ros2_ws/src/motion_cmd/src/rate_limited_first_order_filter -I/home/robodog/RoboDog/ros2_ws/src/motion_cmd/libs/spot_micro_kinematics_cpp/include -isystem /usr/include/eigen3 -isystem /home/robodog/RoboDog/ros2_ws/install/i2cpwm_controller/include/i2cpwm_controller -isystem /home/robodog/RoboDog/ros2_ws/install/i2cpwm_controller/include -isystem /opt/ros/humble/include/rclcpp -isystem /opt/ros/humble/include/std_msgs -isystem /opt/ros/humble/include/geometry_msgs -isystem /opt/ros/humble/include/tf2 -isystem /opt/ros/humble/include/tf2_ros -isystem /opt/ros/humble/include/tf2_geometry_msgs -isystem /opt/ros/humble/include/tf2_eigen -isystem /opt/ros/humble/include/builtin_interfaces -isystem /opt/ros/humble/include/rosidl_runtime_c -isystem /opt/ros/humble/include/rcutils -isystem /opt/ros/humble/include/rosidl_typesupport_interface -isystem /opt/ros/humble/include/fastcdr -isystem /opt/ros/humble/include/rosidl_runtime_cpp -isystem /opt/ros/humble/include/rosidl_typesupport_fastrtps_cpp -isystem /opt/ros/humble/include/rmw -isystem /opt/ros/humble/include/rosidl_typesupport_fastrtps_c -isystem /opt/ros/humble/include/rosidl_typesupport_introspection_c -isystem /opt/ros/humble/include/rosidl_typesupport_introspection_cpp -isystem /opt/ros/humble/include/message_filters -isystem /opt/ros/humble/include/ament_index_cpp -isystem /opt/ros/humble/include/libstatistics_collector -isystem /opt/ros/humble/include/rcl -isystem /opt/ros/humble/include/rcl_interfaces -isystem /opt/ros/humble/include/rcl_logging_interface -isystem /opt/ros/humble/include/rcl_yaml_param_parser -isystem /opt/ros/humble/include/libyaml_vendor -isystem /opt/ros/humble/include/tracetools -isystem /opt/ros/humble/include/rcpputils -isystem /opt/ros/humble/include/statistics_msgs -isystem /opt/ros/humble/include/rosgraph_msgs -isystem /opt/ros/humble/include/rosidl_typesupport_cpp -isystem /opt/ros/humble/include/rosidl_typesupport_c -isystem /opt/ros/humble/include/rclcpp_action -isystem /opt/ros/humble/include/action_msgs -isystem /opt/ros/humble/include/unique_identifier_msgs -isystem /opt/ros/humble/include/rcl_action -isystem /opt/ros/humble/include/tf2_msgs -isystem /opt/ros/humble/include/std_srvs -Wno-error=maybe-uninitialized -std=gnu++17 -MD -MT CMakeFiles/smfsm.dir/src/smfsm/idle.cpp.o -MF CMakeFiles/smfsm.dir/src/smfsm/idle.cpp.o.d -o CMakeFiles/smfsm.dir/src/smfsm/idle.cpp.o -c /home/robodog/RoboDog/ros2_ws/src/motion_cmd/src/smfsm/idle.cpp
[4.642s] [ 75%] [32mBuilding CXX object CMakeFiles/smfsm.dir/src/smfsm/stand.cpp.o[0m
[4.649s] /usr/bin/c++ -DDEFAULT_RMW_IMPLEMENTATION=rmw_fastrtps_cpp -DRCUTILS_ENABLE_FAULT_INJECTION -I/home/robodog/RoboDog/ros2_ws/src/motion_cmd/include/motion_cmd -I/home/robodog/RoboDog/ros2_ws/src/motion_cmd/src/smfsm -I/home/robodog/RoboDog/ros2_ws/src/motion_cmd/src/rate_limited_first_order_filter -I/home/robodog/RoboDog/ros2_ws/src/motion_cmd/libs/spot_micro_kinematics_cpp/include -isystem /usr/include/eigen3 -isystem /home/robodog/RoboDog/ros2_ws/install/i2cpwm_controller/include/i2cpwm_controller -isystem /home/robodog/RoboDog/ros2_ws/install/i2cpwm_controller/include -isystem /opt/ros/humble/include/rclcpp -isystem /opt/ros/humble/include/std_msgs -isystem /opt/ros/humble/include/geometry_msgs -isystem /opt/ros/humble/include/tf2 -isystem /opt/ros/humble/include/tf2_ros -isystem /opt/ros/humble/include/tf2_geometry_msgs -isystem /opt/ros/humble/include/tf2_eigen -isystem /opt/ros/humble/include/builtin_interfaces -isystem /opt/ros/humble/include/rosidl_runtime_c -isystem /opt/ros/humble/include/rcutils -isystem /opt/ros/humble/include/rosidl_typesupport_interface -isystem /opt/ros/humble/include/fastcdr -isystem /opt/ros/humble/include/rosidl_runtime_cpp -isystem /opt/ros/humble/include/rosidl_typesupport_fastrtps_cpp -isystem /opt/ros/humble/include/rmw -isystem /opt/ros/humble/include/rosidl_typesupport_fastrtps_c -isystem /opt/ros/humble/include/rosidl_typesupport_introspection_c -isystem /opt/ros/humble/include/rosidl_typesupport_introspection_cpp -isystem /opt/ros/humble/include/message_filters -isystem /opt/ros/humble/include/ament_index_cpp -isystem /opt/ros/humble/include/libstatistics_collector -isystem /opt/ros/humble/include/rcl -isystem /opt/ros/humble/include/rcl_interfaces -isystem /opt/ros/humble/include/rcl_logging_interface -isystem /opt/ros/humble/include/rcl_yaml_param_parser -isystem /opt/ros/humble/include/libyaml_vendor -isystem /opt/ros/humble/include/tracetools -isystem /opt/ros/humble/include/rcpputils -isystem /opt/ros/humble/include/statistics_msgs -isystem /opt/ros/humble/include/rosgraph_msgs -isystem /opt/ros/humble/include/rosidl_typesupport_cpp -isystem /opt/ros/humble/include/rosidl_typesupport_c -isystem /opt/ros/humble/include/rclcpp_action -isystem /opt/ros/humble/include/action_msgs -isystem /opt/ros/humble/include/unique_identifier_msgs -isystem /opt/ros/humble/include/rcl_action -isystem /opt/ros/humble/include/tf2_msgs -isystem /opt/ros/humble/include/std_srvs -Wno-error=maybe-uninitialized -std=gnu++17 -MD -MT CMakeFiles/smfsm.dir/src/smfsm/stand.cpp.o -MF CMakeFiles/smfsm.dir/src/smfsm/stand.cpp.o.d -o CMakeFiles/smfsm.dir/src/smfsm/stand.cpp.o -c /home/robodog/RoboDog/ros2_ws/src/motion_cmd/src/smfsm/stand.cpp
[31.643s] [ 79%] [32mBuilding CXX object CMakeFiles/smfsm.dir/src/smfsm/transition_stand.cpp.o[0m
[31.652s] /usr/bin/c++ -DDEFAULT_RMW_IMPLEMENTATION=rmw_fastrtps_cpp -DRCUTILS_ENABLE_FAULT_INJECTION -I/home/robodog/RoboDog/ros2_ws/src/motion_cmd/include/motion_cmd -I/home/robodog/RoboDog/ros2_ws/src/motion_cmd/src/smfsm -I/home/robodog/RoboDog/ros2_ws/src/motion_cmd/src/rate_limited_first_order_filter -I/home/robodog/RoboDog/ros2_ws/src/motion_cmd/libs/spot_micro_kinematics_cpp/include -isystem /usr/include/eigen3 -isystem /home/robodog/RoboDog/ros2_ws/install/i2cpwm_controller/include/i2cpwm_controller -isystem /home/robodog/RoboDog/ros2_ws/install/i2cpwm_controller/include -isystem /opt/ros/humble/include/rclcpp -isystem /opt/ros/humble/include/std_msgs -isystem /opt/ros/humble/include/geometry_msgs -isystem /opt/ros/humble/include/tf2 -isystem /opt/ros/humble/include/tf2_ros -isystem /opt/ros/humble/include/tf2_geometry_msgs -isystem /opt/ros/humble/include/tf2_eigen -isystem /opt/ros/humble/include/builtin_interfaces -isystem /opt/ros/humble/include/rosidl_runtime_c -isystem /opt/ros/humble/include/rcutils -isystem /opt/ros/humble/include/rosidl_typesupport_interface -isystem /opt/ros/humble/include/fastcdr -isystem /opt/ros/humble/include/rosidl_runtime_cpp -isystem /opt/ros/humble/include/rosidl_typesupport_fastrtps_cpp -isystem /opt/ros/humble/include/rmw -isystem /opt/ros/humble/include/rosidl_typesupport_fastrtps_c -isystem /opt/ros/humble/include/rosidl_typesupport_introspection_c -isystem /opt/ros/humble/include/rosidl_typesupport_introspection_cpp -isystem /opt/ros/humble/include/message_filters -isystem /opt/ros/humble/include/ament_index_cpp -isystem /opt/ros/humble/include/libstatistics_collector -isystem /opt/ros/humble/include/rcl -isystem /opt/ros/humble/include/rcl_interfaces -isystem /opt/ros/humble/include/rcl_logging_interface -isystem /opt/ros/humble/include/rcl_yaml_param_parser -isystem /opt/ros/humble/include/libyaml_vendor -isystem /opt/ros/humble/include/tracetools -isystem /opt/ros/humble/include/rcpputils -isystem /opt/ros/humble/include/statistics_msgs -isystem /opt/ros/humble/include/rosgraph_msgs -isystem /opt/ros/humble/include/rosidl_typesupport_cpp -isystem /opt/ros/humble/include/rosidl_typesupport_c -isystem /opt/ros/humble/include/rclcpp_action -isystem /opt/ros/humble/include/action_msgs -isystem /opt/ros/humble/include/unique_identifier_msgs -isystem /opt/ros/humble/include/rcl_action -isystem /opt/ros/humble/include/tf2_msgs -isystem /opt/ros/humble/include/std_srvs -Wno-error=maybe-uninitialized -std=gnu++17 -MD -MT CMakeFiles/smfsm.dir/src/smfsm/transition_stand.cpp.o -MF CMakeFiles/smfsm.dir/src/smfsm/transition_stand.cpp.o.d -o CMakeFiles/smfsm.dir/src/smfsm/transition_stand.cpp.o -c /home/robodog/RoboDog/ros2_ws/src/motion_cmd/src/smfsm/transition_stand.cpp
[31.995s] [ 82%] [32mBuilding CXX object CMakeFiles/smfsm.dir/src/smfsm/transition_idle.cpp.o[0m
[31.999s] [ 86%] [32mBuilding CXX object CMakeFiles/motion_cmd_node.dir/src/main.cpp.o[0m
[32.003s] /usr/bin/c++ -DDEFAULT_RMW_IMPLEMENTATION=rmw_fastrtps_cpp -DRCUTILS_ENABLE_FAULT_INJECTION -I/home/robodog/RoboDog/ros2_ws/src/motion_cmd/include/motion_cmd -I/home/robodog/RoboDog/ros2_ws/src/motion_cmd/src/smfsm -I/home/robodog/RoboDog/ros2_ws/src/motion_cmd/src/rate_limited_first_order_filter -I/home/robodog/RoboDog/ros2_ws/src/motion_cmd/libs/spot_micro_kinematics_cpp/include -isystem /usr/include/eigen3 -isystem /home/robodog/RoboDog/ros2_ws/install/i2cpwm_controller/include/i2cpwm_controller -isystem /home/robodog/RoboDog/ros2_ws/install/i2cpwm_controller/include -isystem /opt/ros/humble/include/rclcpp -isystem /opt/ros/humble/include/std_msgs -isystem /opt/ros/humble/include/geometry_msgs -isystem /opt/ros/humble/include/tf2 -isystem /opt/ros/humble/include/tf2_ros -isystem /opt/ros/humble/include/tf2_geometry_msgs -isystem /opt/ros/humble/include/tf2_eigen -isystem /opt/ros/humble/include/builtin_interfaces -isystem /opt/ros/humble/include/rosidl_runtime_c -isystem /opt/ros/humble/include/rcutils -isystem /opt/ros/humble/include/rosidl_typesupport_interface -isystem /opt/ros/humble/include/fastcdr -isystem /opt/ros/humble/include/rosidl_runtime_cpp -isystem /opt/ros/humble/include/rosidl_typesupport_fastrtps_cpp -isystem /opt/ros/humble/include/rmw -isystem /opt/ros/humble/include/rosidl_typesupport_fastrtps_c -isystem /opt/ros/humble/include/rosidl_typesupport_introspection_c -isystem /opt/ros/humble/include/rosidl_typesupport_introspection_cpp -isystem /opt/ros/humble/include/message_filters -isystem /opt/ros/humble/include/ament_index_cpp -isystem /opt/ros/humble/include/libstatistics_collector -isystem /opt/ros/humble/include/rcl -isystem /opt/ros/humble/include/rcl_interfaces -isystem /opt/ros/humble/include/rcl_logging_interface -isystem /opt/ros/humble/include/rcl_yaml_param_parser -isystem /opt/ros/humble/include/libyaml_vendor -isystem /opt/ros/humble/include/tracetools -isystem /opt/ros/humble/include/rcpputils -isystem /opt/ros/humble/include/statistics_msgs -isystem /opt/ros/humble/include/rosgraph_msgs -isystem /opt/ros/humble/include/rosidl_typesupport_cpp -isystem /opt/ros/humble/include/rosidl_typesupport_c -isystem /opt/ros/humble/include/rclcpp_action -isystem /opt/ros/humble/include/action_msgs -isystem /opt/ros/humble/include/unique_identifier_msgs -isystem /opt/ros/humble/include/rcl_action -isystem /opt/ros/humble/include/tf2_msgs -isystem /opt/ros/humble/include/std_srvs -Wno-error=maybe-uninitialized -std=gnu++17 -MD -MT CMakeFiles/smfsm.dir/src/smfsm/transition_idle.cpp.o -MF CMakeFiles/smfsm.dir/src/smfsm/transition_idle.cpp.o.d -o CMakeFiles/smfsm.dir/src/smfsm/transition_idle.cpp.o -c /home/robodog/RoboDog/ros2_ws/src/motion_cmd/src/smfsm/transition_idle.cpp
[32.008s] /usr/bin/c++ -DDEFAULT_RMW_IMPLEMENTATION=rmw_fastrtps_cpp -DRCUTILS_ENABLE_FAULT_INJECTION -I/home/robodog/RoboDog/ros2_ws/src/motion_cmd/include/motion_cmd -I/home/robodog/RoboDog/ros2_ws/src/motion_cmd/src/smfsm -I/home/robodog/RoboDog/ros2_ws/src/motion_cmd/src/rate_limited_first_order_filter -I/home/robodog/RoboDog/ros2_ws/src/motion_cmd/libs/spot_micro_kinematics_cpp/include -isystem /usr/include/eigen3 -isystem /home/robodog/RoboDog/ros2_ws/install/i2cpwm_controller/include/i2cpwm_controller -isystem /home/robodog/RoboDog/ros2_ws/install/i2cpwm_controller/include -isystem /opt/ros/humble/include/rclcpp -isystem /opt/ros/humble/include/std_msgs -isystem /opt/ros/humble/include/geometry_msgs -isystem /opt/ros/humble/include/tf2 -isystem /opt/ros/humble/include/tf2_ros -isystem /opt/ros/humble/include/tf2_geometry_msgs -isystem /opt/ros/humble/include/tf2_eigen -isystem /opt/ros/humble/include/ament_index_cpp -isystem /opt/ros/humble/include/libstatistics_collector -isystem /opt/ros/humble/include/builtin_interfaces -isystem /opt/ros/humble/include/rosidl_runtime_c -isystem /opt/ros/humble/include/rcutils -isystem /opt/ros/humble/include/rosidl_typesupport_interface -isystem /opt/ros/humble/include/fastcdr -isystem /opt/ros/humble/include/rosidl_runtime_cpp -isystem /opt/ros/humble/include/rosidl_typesupport_fastrtps_cpp -isystem /opt/ros/humble/include/rmw -isystem /opt/ros/humble/include/rosidl_typesupport_fastrtps_c -isystem /opt/ros/humble/include/rosidl_typesupport_introspection_c -isystem /opt/ros/humble/include/rosidl_typesupport_introspection_cpp -isystem /opt/ros/humble/include/rcl -isystem /opt/ros/humble/include/rcl_interfaces -isystem /opt/ros/humble/include/rcl_logging_interface -isystem /opt/ros/humble/include/rcl_yaml_param_parser -isystem /opt/ros/humble/include/libyaml_vendor -isystem /opt/ros/humble/include/tracetools -isystem /opt/ros/humble/include/rcpputils -isystem /opt/ros/humble/include/statistics_msgs -isystem /opt/ros/humble/include/rosgraph_msgs -isystem /opt/ros/humble/include/rosidl_typesupport_cpp -isystem /opt/ros/humble/include/rosidl_typesupport_c -isystem /opt/ros/humble/include/std_srvs -isystem /opt/ros/humble/include/message_filters -isystem /opt/ros/humble/include/rclcpp_action -isystem /opt/ros/humble/include/action_msgs -isystem /opt/ros/humble/include/unique_identifier_msgs -isystem /opt/ros/humble/include/rcl_action -isystem /opt/ros/humble/include/tf2_msgs -Wno-error=maybe-uninitialized -std=gnu++17 -MD -MT CMakeFiles/motion_cmd_node.dir/src/main.cpp.o -MF CMakeFiles/motion_cmd_node.dir/src/main.cpp.o.d -o CMakeFiles/motion_cmd_node.dir/src/main.cpp.o -c /home/robodog/RoboDog/ros2_ws/src/motion_cmd/src/main.cpp
[58.815s] [ 89%] [32mBuilding CXX object CMakeFiles/smfsm.dir/src/smfsm/walk.cpp.o[0m
[58.825s] /usr/bin/c++ -DDEFAULT_RMW_IMPLEMENTATION=rmw_fastrtps_cpp -DRCUTILS_ENABLE_FAULT_INJECTION -I/home/robodog/RoboDog/ros2_ws/src/motion_cmd/include/motion_cmd -I/home/robodog/RoboDog/ros2_ws/src/motion_cmd/src/smfsm -I/home/robodog/RoboDog/ros2_ws/src/motion_cmd/src/rate_limited_first_order_filter -I/home/robodog/RoboDog/ros2_ws/src/motion_cmd/libs/spot_micro_kinematics_cpp/include -isystem /usr/include/eigen3 -isystem /home/robodog/RoboDog/ros2_ws/install/i2cpwm_controller/include/i2cpwm_controller -isystem /home/robodog/RoboDog/ros2_ws/install/i2cpwm_controller/include -isystem /opt/ros/humble/include/rclcpp -isystem /opt/ros/humble/include/std_msgs -isystem /opt/ros/humble/include/geometry_msgs -isystem /opt/ros/humble/include/tf2 -isystem /opt/ros/humble/include/tf2_ros -isystem /opt/ros/humble/include/tf2_geometry_msgs -isystem /opt/ros/humble/include/tf2_eigen -isystem /opt/ros/humble/include/builtin_interfaces -isystem /opt/ros/humble/include/rosidl_runtime_c -isystem /opt/ros/humble/include/rcutils -isystem /opt/ros/humble/include/rosidl_typesupport_interface -isystem /opt/ros/humble/include/fastcdr -isystem /opt/ros/humble/include/rosidl_runtime_cpp -isystem /opt/ros/humble/include/rosidl_typesupport_fastrtps_cpp -isystem /opt/ros/humble/include/rmw -isystem /opt/ros/humble/include/rosidl_typesupport_fastrtps_c -isystem /opt/ros/humble/include/rosidl_typesupport_introspection_c -isystem /opt/ros/humble/include/rosidl_typesupport_introspection_cpp -isystem /opt/ros/humble/include/message_filters -isystem /opt/ros/humble/include/ament_index_cpp -isystem /opt/ros/humble/include/libstatistics_collector -isystem /opt/ros/humble/include/rcl -isystem /opt/ros/humble/include/rcl_interfaces -isystem /opt/ros/humble/include/rcl_logging_interface -isystem /opt/ros/humble/include/rcl_yaml_param_parser -isystem /opt/ros/humble/include/libyaml_vendor -isystem /opt/ros/humble/include/tracetools -isystem /opt/ros/humble/include/rcpputils -isystem /opt/ros/humble/include/statistics_msgs -isystem /opt/ros/humble/include/rosgraph_msgs -isystem /opt/ros/humble/include/rosidl_typesupport_cpp -isystem /opt/ros/humble/include/rosidl_typesupport_c -isystem /opt/ros/humble/include/rclcpp_action -isystem /opt/ros/humble/include/action_msgs -isystem /opt/ros/humble/include/unique_identifier_msgs -isystem /opt/ros/humble/include/rcl_action -isystem /opt/ros/humble/include/tf2_msgs -isystem /opt/ros/humble/include/std_srvs -Wno-error=maybe-uninitialized -std=gnu++17 -MD -MT CMakeFiles/smfsm.dir/src/smfsm/walk.cpp.o -MF CMakeFiles/smfsm.dir/src/smfsm/walk.cpp.o.d -o CMakeFiles/smfsm.dir/src/smfsm/walk.cpp.o -c /home/robodog/RoboDog/ros2_ws/src/motion_cmd/src/smfsm/walk.cpp
[58.976s] [ 93%] [32mBuilding CXX object CMakeFiles/motion_cmd_node.dir/src/utils.cpp.o[0m
[58.980s] /usr/bin/c++ -DDEFAULT_RMW_IMPLEMENTATION=rmw_fastrtps_cpp -DRCUTILS_ENABLE_FAULT_INJECTION -I/home/robodog/RoboDog/ros2_ws/src/motion_cmd/include/motion_cmd -I/home/robodog/RoboDog/ros2_ws/src/motion_cmd/src/smfsm -I/home/robodog/RoboDog/ros2_ws/src/motion_cmd/src/rate_limited_first_order_filter -I/home/robodog/RoboDog/ros2_ws/src/motion_cmd/libs/spot_micro_kinematics_cpp/include -isystem /usr/include/eigen3 -isystem /home/robodog/RoboDog/ros2_ws/install/i2cpwm_controller/include/i2cpwm_controller -isystem /home/robodog/RoboDog/ros2_ws/install/i2cpwm_controller/include -isystem /opt/ros/humble/include/rclcpp -isystem /opt/ros/humble/include/std_msgs -isystem /opt/ros/humble/include/geometry_msgs -isystem /opt/ros/humble/include/tf2 -isystem /opt/ros/humble/include/tf2_ros -isystem /opt/ros/humble/include/tf2_geometry_msgs -isystem /opt/ros/humble/include/tf2_eigen -isystem /opt/ros/humble/include/ament_index_cpp -isystem /opt/ros/humble/include/libstatistics_collector -isystem /opt/ros/humble/include/builtin_interfaces -isystem /opt/ros/humble/include/rosidl_runtime_c -isystem /opt/ros/humble/include/rcutils -isystem /opt/ros/humble/include/rosidl_typesupport_interface -isystem /opt/ros/humble/include/fastcdr -isystem /opt/ros/humble/include/rosidl_runtime_cpp -isystem /opt/ros/humble/include/rosidl_typesupport_fastrtps_cpp -isystem /opt/ros/humble/include/rmw -isystem /opt/ros/humble/include/rosidl_typesupport_fastrtps_c -isystem /opt/ros/humble/include/rosidl_typesupport_introspection_c -isystem /opt/ros/humble/include/rosidl_typesupport_introspection_cpp -isystem /opt/ros/humble/include/rcl -isystem /opt/ros/humble/include/rcl_interfaces -isystem /opt/ros/humble/include/rcl_logging_interface -isystem /opt/ros/humble/include/rcl_yaml_param_parser -isystem /opt/ros/humble/include/libyaml_vendor -isystem /opt/ros/humble/include/tracetools -isystem /opt/ros/humble/include/rcpputils -isystem /opt/ros/humble/include/statistics_msgs -isystem /opt/ros/humble/include/rosgraph_msgs -isystem /opt/ros/humble/include/rosidl_typesupport_cpp -isystem /opt/ros/humble/include/rosidl_typesupport_c -isystem /opt/ros/humble/include/std_srvs -isystem /opt/ros/humble/include/message_filters -isystem /opt/ros/humble/include/rclcpp_action -isystem /opt/ros/humble/include/action_msgs -isystem /opt/ros/humble/include/unique_identifier_msgs -isystem /opt/ros/humble/include/rcl_action -isystem /opt/ros/humble/include/tf2_msgs -Wno-error=maybe-uninitialized -std=gnu++17 -MD -MT CMakeFiles/motion_cmd_node.dir/src/utils.cpp.o -MF CMakeFiles/motion_cmd_node.dir/src/utils.cpp.o.d -o CMakeFiles/motion_cmd_node.dir/src/utils.cpp.o -c /home/robodog/RoboDog/ros2_ws/src/motion_cmd/src/utils.cpp
[62.132s] In file included from [01m[K/home/robodog/RoboDog/ros2_ws/src/motion_cmd/src/utils.cpp:6[m[K:
[62.135s] [01m[K/opt/ros/humble/include/tf2_eigen/tf2_eigen/tf2_eigen.h:32:2:[m[K [01;35m[Kwarning: [m[K#warning This header is obsolete, please include tf2_eigen/tf2_eigen.hpp instead [[01;35m[K]8;;https://gcc.gnu.org/onlinedocs/gcc/Warning-Options.html#index-Wcpp-Wcpp]8;;[m[K]
[62.138s]    32 | #[01;35m[Kwarning[m[K This header is obsolete, please include tf2_eigen/tf2_eigen.hpp instead
[62.142s]       |  [01;35m[K^~~~~~~[m[K
[62.145s] In file included from [01m[K/home/robodog/RoboDog/ros2_ws/src/motion_cmd/src/utils.cpp:7[m[K:
[62.148s] [01m[K/opt/ros/humble/include/tf2_geometry_msgs/tf2_geometry_msgs/tf2_geometry_msgs.h:35:2:[m[K [01;35m[Kwarning: [m[K#warning This header is obsolete, please include tf2_geometry_msgs/tf2_geometry_msgs.hpp instead [[01;35m[K]8;;https://gcc.gnu.org/onlinedocs/gcc/Warning-Options.html#index-Wcpp-Wcpp]8;;[m[K]
[62.152s]    35 | #[01;35m[Kwarning[m[K This header is obsolete, please include tf2_geometry_msgs/tf2_geometry_msgs.hpp instead
[62.155s]       |  [01;35m[K^~~~~~~[m[K
[87.573s] [ 96%] [32m[1mLinking CXX static library libsmfsm.a[0m
[87.577s] /usr/bin/cmake -P CMakeFiles/smfsm.dir/cmake_clean_target.cmake
[87.627s] /usr/bin/cmake -E cmake_link_script CMakeFiles/smfsm.dir/link.txt --verbose=1
[87.665s] /usr/bin/ar qc libsmfsm.a CMakeFiles/smfsm.dir/src/smfsm/state.cpp.o CMakeFiles/smfsm.dir/src/smfsm/idle.cpp.o CMakeFiles/smfsm.dir/src/smfsm/stand.cpp.o CMakeFiles/smfsm.dir/src/smfsm/transition_stand.cpp.o CMakeFiles/smfsm.dir/src/smfsm/transition_idle.cpp.o CMakeFiles/smfsm.dir/src/smfsm/walk.cpp.o
[87.742s] /usr/bin/ranlib libsmfsm.a
[87.827s] gmake[2]: Leaving directory '/home/robodog/RoboDog/ros2_ws/build/motion_cmd'
[87.880s] [ 96%] Built target smfsm
[111.372s] [100%] [32m[1mLinking CXX executable motion_cmd_node[0m
[111.375s] /usr/bin/cmake -E cmake_link_script CMakeFiles/motion_cmd_node.dir/link.txt --verbose=1
[111.403s] /usr/bin/c++ CMakeFiles/motion_cmd_node.dir/src/motion_cmd.cpp.o CMakeFiles/motion_cmd_node.dir/src/main.cpp.o CMakeFiles/motion_cmd_node.dir/src/utils.cpp.o -o motion_cmd_node  -Wl,-rpath,/home/robodog/RoboDog/ros2_ws/install/i2cpwm_controller/lib:/opt/ros/humble/lib: /home/robodog/RoboDog/ros2_ws/install/i2cpwm_controller/lib/libi2cpwm_controller__rosidl_typesupport_fastrtps_c.so /home/robodog/RoboDog/ros2_ws/install/i2cpwm_controller/lib/libi2cpwm_controller__rosidl_typesupport_fastrtps_cpp.so /home/robodog/RoboDog/ros2_ws/install/i2cpwm_controller/lib/libi2cpwm_controller__rosidl_typesupport_introspection_c.so /home/robodog/RoboDog/ros2_ws/install/i2cpwm_controller/lib/libi2cpwm_controller__rosidl_typesupport_introspection_cpp.so /home/robodog/RoboDog/ros2_ws/install/i2cpwm_controller/lib/libi2cpwm_controller__rosidl_generator_py.so /home/robodog/RoboDog/ros2_ws/install/i2cpwm_controller/lib/libi2cpwm_controller_lib.so /opt/ros/humble/lib/libstatic_transform_broadcaster_node.so /home/robodog/RoboDog/ros2_ws/install/i2cpwm_controller/lib/libi2cpwm_controller__rosidl_typesupport_c.so /home/robodog/RoboDog/ros2_ws/install/i2cpwm_controller/lib/libi2cpwm_controller__rosidl_generator_c.so /home/robodog/RoboDog/ros2_ws/install/i2cpwm_controller/lib/libi2cpwm_controller__rosidl_typesupport_cpp.so /opt/ros/humble/lib/libstd_srvs__rosidl_typesupport_fastrtps_c.so /opt/ros/humble/lib/libstd_srvs__rosidl_typesupport_fastrtps_cpp.so /opt/ros/humble/lib/libstd_srvs__rosidl_typesupport_introspection_c.so /opt/ros/humble/lib/libstd_srvs__rosidl_typesupport_introspection_cpp.so /opt/ros/humble/lib/libstd_srvs__rosidl_typesupport_cpp.so /opt/ros/humble/lib/libstd_srvs__rosidl_generator_py.so /opt/ros/humble/lib/libstd_srvs__rosidl_typesupport_c.so /opt/ros/humble/lib/libstd_srvs__rosidl_generator_c.so /usr/lib/aarch64-linux-gnu/libi2c.so /usr/lib/aarch64-linux-gnu/liborocos-kdl.so /opt/ros/humble/lib/libtf2_ros.so /opt/ros/humble/lib/libtf2.so /opt/ros/humble/lib/libmessage_filters.so /opt/ros/humble/lib/librclcpp_action.so /opt/ros/humble/lib/librclcpp.so /opt/ros/humble/lib/liblibstatistics_collector.so /opt/ros/humble/lib/librosgraph_msgs__rosidl_typesupport_fastrtps_c.so /opt/ros/humble/lib/librosgraph_msgs__rosidl_typesupport_fastrtps_cpp.so /opt/ros/humble/lib/librosgraph_msgs__rosidl_typesupport_introspection_c.so /opt/ros/humble/lib/librosgraph_msgs__rosidl_typesupport_introspection_cpp.so /opt/ros/humble/lib/librosgraph_msgs__rosidl_typesupport_cpp.so /opt/ros/humble/lib/librosgraph_msgs__rosidl_generator_py.so /opt/ros/humble/lib/librosgraph_msgs__rosidl_typesupport_c.so /opt/ros/humble/lib/librosgraph_msgs__rosidl_generator_c.so /opt/ros/humble/lib/libstatistics_msgs__rosidl_typesupport_fastrtps_c.so /opt/ros/humble/lib/libstatistics_msgs__rosidl_typesupport_fastrtps_cpp.so /opt/ros/humble/lib/libstatistics_msgs__rosidl_typesupport_introspection_c.so /opt/ros/humble/lib/libstatistics_msgs__rosidl_typesupport_introspection_cpp.so /opt/ros/humble/lib/libstatistics_msgs__rosidl_typesupport_cpp.so /opt/ros/humble/lib/libstatistics_msgs__rosidl_generator_py.so /opt/ros/humble/lib/libstatistics_msgs__rosidl_typesupport_c.so /opt/ros/humble/lib/libstatistics_msgs__rosidl_generator_c.so /opt/ros/humble/lib/librcl_action.so /opt/ros/humble/lib/librcl.so /opt/ros/humble/lib/librcl_interfaces__rosidl_typesupport_fastrtps_c.so /opt/ros/humble/lib/librcl_interfaces__rosidl_typesupport_introspection_c.so /opt/ros/humble/lib/librcl_interfaces__rosidl_typesupport_fastrtps_cpp.so /opt/ros/humble/lib/librcl_interfaces__rosidl_typesupport_introspection_cpp.so /opt/ros/humble/lib/librcl_interfaces__rosidl_typesupport_cpp.so /opt/ros/humble/lib/librcl_interfaces__rosidl_generator_py.so /opt/ros/humble/lib/librcl_interfaces__rosidl_typesupport_c.so /opt/ros/humble/lib/librcl_interfaces__rosidl_generator_c.so /opt/ros/humble/lib/librcl_yaml_param_parser.so /opt/ros/humble/lib/libyaml.so /opt/ros/humble/lib/libtracetools.so /opt/ros/humble/lib/librmw_implementation.so /opt/ros/humble/lib/libament_index_cpp.so /opt/ros/humble/lib/librcl_logging_spdlog.so /opt/ros/humble/lib/librcl_logging_interface.so /opt/ros/humble/lib/libtf2_msgs__rosidl_typesupport_fastrtps_c.so /opt/ros/humble/lib/libgeometry_msgs__rosidl_typesupport_fastrtps_c.so /opt/ros/humble/lib/libstd_msgs__rosidl_typesupport_fastrtps_c.so /opt/ros/humble/lib/libaction_msgs__rosidl_typesupport_fastrtps_c.so /opt/ros/humble/lib/libbuiltin_interfaces__rosidl_typesupport_fastrtps_c.so /opt/ros/humble/lib/libunique_identifier_msgs__rosidl_typesupport_fastrtps_c.so /opt/ros/humble/lib/librosidl_typesupport_fastrtps_c.so /opt/ros/humble/lib/libtf2_msgs__rosidl_typesupport_introspection_c.so /opt/ros/humble/lib/libgeometry_msgs__rosidl_typesupport_introspection_c.so /opt/ros/humble/lib/libstd_msgs__rosidl_typesupport_introspection_c.so /opt/ros/humble/lib/libaction_msgs__rosidl_typesupport_introspection_c.so /opt/ros/humble/lib/libbuiltin_interfaces__rosidl_typesupport_introspection_c.so /opt/ros/humble/lib/libunique_identifier_msgs__rosidl_typesupport_introspection_c.so /opt/ros/humble/lib/libtf2_msgs__rosidl_typesupport_fastrtps_cpp.so /opt/ros/humble/lib/libgeometry_msgs__rosidl_typesupport_fastrtps_cpp.so /opt/ros/humble/lib/libstd_msgs__rosidl_typesupport_fastrtps_cpp.so /opt/ros/humble/lib/libaction_msgs__rosidl_typesupport_fastrtps_cpp.so /opt/ros/humble/lib/libbuiltin_interfaces__rosidl_typesupport_fastrtps_cpp.so /opt/ros/humble/lib/libunique_identifier_msgs__rosidl_typesupport_fastrtps_cpp.so /opt/ros/humble/lib/librosidl_typesupport_fastrtps_cpp.so /opt/ros/humble/lib/libfastcdr.so.1.0.24 /opt/ros/humble/lib/librmw.so /opt/ros/humble/lib/libtf2_msgs__rosidl_typesupport_introspection_cpp.so /opt/ros/humble/lib/libgeometry_msgs__rosidl_typesupport_introspection_cpp.so /opt/ros/humble/lib/libstd_msgs__rosidl_typesupport_introspection_cpp.so /opt/ros/humble/lib/libaction_msgs__rosidl_typesupport_introspection_cpp.so /opt/ros/humble/lib/libbuiltin_interfaces__rosidl_typesupport_introspection_cpp.so /opt/ros/humble/lib/libunique_identifier_msgs__rosidl_typesupport_introspection_cpp.so /opt/ros/humble/lib/librosidl_typesupport_introspection_cpp.so /opt/ros/humble/lib/librosidl_typesupport_introspection_c.so /opt/ros/humble/lib/libtf2_msgs__rosidl_typesupport_cpp.so /opt/ros/humble/lib/libgeometry_msgs__rosidl_typesupport_cpp.so /opt/ros/humble/lib/libstd_msgs__rosidl_typesupport_cpp.so /opt/ros/humble/lib/libaction_msgs__rosidl_typesupport_cpp.so /opt/ros/humble/lib/libbuiltin_interfaces__rosidl_typesupport_cpp.so /opt/ros/humble/lib/libunique_identifier_msgs__rosidl_typesupport_cpp.so /opt/ros/humble/lib/librosidl_typesupport_cpp.so /opt/ros/humble/lib/libtf2_msgs__rosidl_generator_py.so /opt/ros/humble/lib/libgeometry_msgs__rosidl_generator_py.so /opt/ros/humble/lib/libstd_msgs__rosidl_generator_py.so /opt/ros/humble/lib/libtf2_msgs__rosidl_typesupport_c.so /opt/ros/humble/lib/libgeometry_msgs__rosidl_typesupport_c.so /opt/ros/humble/lib/libstd_msgs__rosidl_typesupport_c.so /opt/ros/humble/lib/libtf2_msgs__rosidl_generator_c.so /opt/ros/humble/lib/libgeometry_msgs__rosidl_generator_c.so /opt/ros/humble/lib/libstd_msgs__rosidl_generator_c.so /opt/ros/humble/lib/libaction_msgs__rosidl_generator_py.so /opt/ros/humble/lib/libbuiltin_interfaces__rosidl_generator_py.so /opt/ros/humble/lib/libaction_msgs__rosidl_typesupport_c.so /opt/ros/humble/lib/libbuiltin_interfaces__rosidl_typesupport_c.so /opt/ros/humble/lib/libaction_msgs__rosidl_generator_c.so /opt/ros/humble/lib/libbuiltin_interfaces__rosidl_generator_c.so /opt/ros/humble/lib/libunique_identifier_msgs__rosidl_generator_py.so /usr/lib/aarch64-linux-gnu/libpython3.10.so /opt/ros/humble/lib/libunique_identifier_msgs__rosidl_typesupport_c.so /opt/ros/humble/lib/librosidl_typesupport_c.so /opt/ros/humble/lib/librcpputils.so /opt/ros/humble/lib/libunique_identifier_msgs__rosidl_generator_c.so /opt/ros/humble/lib/librosidl_runtime_c.so /opt/ros/humble/lib/librcutils.so -ldl 
[115.686s] /usr/bin/ld: CMakeFiles/motion_cmd_node.dir/src/motion_cmd.cpp.o: in function `SpotMicroMotionCmd::SpotMicroMotionCmd(std::shared_ptr<rclcpp::Node>)':
[115.687s] motion_cmd.cpp:(.text+0x4c4): undefined reference to `smk::SpotMicroKinematics::SpotMicroKinematics(float, float, float, smk::SpotMicroConfig const&)'
[115.689s] /usr/bin/ld: motion_cmd.cpp:(.text+0x58c): undefined reference to `smk::SpotMicroKinematics::setBodyState(smk::BodyState const&)'
[115.695s] /usr/bin/ld: CMakeFiles/motion_cmd_node.dir/src/motion_cmd.cpp.o: in function `SpotMicroMotionCmd::setServoCommandMessageData()':
[115.695s] motion_cmd.cpp:(.text+0x1b78): undefined reference to `smk::SpotMicroKinematics::setBodyState(smk::BodyState const&)'
[115.698s] /usr/bin/ld: motion_cmd.cpp:(.text+0x1b8c): undefined reference to `smk::SpotMicroKinematics::getLegsJointAngles()'
[115.703s] /usr/bin/ld: CMakeFiles/motion_cmd_node.dir/src/motion_cmd.cpp.o: in function `SpotMicroMotionCmd::handleInputCommands()':
[115.704s] motion_cmd.cpp:(.text+0x2cd8): undefined reference to `smk::SpotMicroKinematics::getBodyState()'
[115.709s] /usr/bin/ld: CMakeFiles/motion_cmd_node.dir/src/motion_cmd.cpp.o: in function `SpotMicroMotionCmd::changeState(std::unique_ptr<SpotMicroState, std::default_delete<SpotMicroState> >)':
[115.709s] motion_cmd.cpp:(.text+0x2db0): undefined reference to `smk::SpotMicroKinematics::getBodyState()'
[115.714s] /usr/bin/ld: CMakeFiles/motion_cmd_node.dir/src/motion_cmd.cpp.o: in function `SpotMicroMotionCmd::publishDynamicTransforms()':
[115.715s] motion_cmd.cpp:(.text+0x3a44): undefined reference to `smk::SpotMicroKinematics::getLegsJointAngles()'
[115.717s] /usr/bin/ld: motion_cmd.cpp:(.text+0x3b40): undefined reference to `smk::SpotMicroKinematics::getBodyHt()'
[115.733s] /usr/bin/ld: CMakeFiles/motion_cmd_node.dir/src/motion_cmd.cpp.o: in function `std::_MakeUniq<SpotMicroIdleState>::__single_object std::make_unique<SpotMicroIdleState>()':
[115.733s] motion_cmd.cpp:(.text._ZSt11make_uniqueI18SpotMicroIdleStateJEENSt9_MakeUniqIT_E15__single_objectEDpOT0_[_ZSt11make_uniqueI18SpotMicroIdleStateJEENSt9_MakeUniqIT_E15__single_objectEDpOT0_]+0x20): undefined reference to `SpotMicroIdleState::SpotMicroIdleState()'
[116.193s] collect2: error: ld returned 1 exit status
[116.198s] gmake[2]: *** [CMakeFiles/motion_cmd_node.dir/build.make:251: motion_cmd_node] Error 1
[116.199s] gmake[2]: Leaving directory '/home/robodog/RoboDog/ros2_ws/build/motion_cmd'
[116.199s] gmake[1]: Leaving directory '/home/robodog/RoboDog/ros2_ws/build/motion_cmd'
[116.200s] gmake[1]: *** [CMakeFiles/Makefile2:259: CMakeFiles/motion_cmd_node.dir/all] Error 2
[116.200s] gmake: *** [Makefile:149: all] Error 2
[116.211s] Invoked command in '/home/robodog/RoboDog/ros2_ws/build/motion_cmd' returned '2': /usr/bin/cmake --build /home/robodog/RoboDog/ros2_ws/build/motion_cmd -- -j4 -l4
