In file included from [01m[K/home/robodog/RoboDog/ros2_ws/src/motion_cmd/src/utils.cpp:1[m[K:
[01m[K/home/robodog/RoboDog/ros2_ws/src/motion_cmd/include/motion_cmd/utils.h:5:10:[m[K [01;31m[Kfatal error: [m[Ktf2_eigen/tf2_eigen.h: No such file or directory
    5 | #include [01;31m[K"tf2_eigen/tf2_eigen.h"[m[K
      |          [01;31m[K^~~~~~~~~~~~~~~~~~~~~~~[m[K
compilation terminated.
gmake[2]: *** [CMakeFiles/motion_cmd_node.dir/build.make:104: CMakeFiles/motion_cmd_node.dir/src/utils.cpp.o] Error 1
gmake[2]: *** Waiting for unfinished jobs....
[01m[K/home/robodog/RoboDog/ros2_ws/src/motion_cmd/src/motion_cmd.cpp:11:10:[m[K [01;31m[Kfatal error: [m[Ktf2_eigen/tf2_eigen.h: No such file or directory
   11 | #include [01;31m[K"tf2_eigen/tf2_eigen.h"[m[K
      |          [01;31m[K^~~~~~~~~~~~~~~~~~~~~~~[m[K
compilation terminated.
gmake[2]: *** [CMakeFiles/motion_cmd_node.dir/build.make:76: CMakeFiles/motion_cmd_node.dir/src/motion_cmd.cpp.o] Error 1
gmake[1]: *** [CMakeFiles/Makefile2:257: CMakeFiles/motion_cmd_node.dir/all] Error 2
gmake: *** [Makefile:146: all] Error 2
