[  6%] Built target gtest
[ 20%] Built target spot_micro_kinematics
[35m[1mConsolidate compiler generated dependencies of target smfsm[0m
[ 27%] Built target gmock
[ 34%] Built target gtest_main
[ 41%] Built target test_utils
[ 48%] Built target test_spot_micro_kinematics
[ 55%] Built target test_spot_micro_leg
[ 58%] [32mBuilding CXX object CMakeFiles/smfsm.dir/src/smfsm/state.cpp.o[0m
[ 62%] [32mBuilding CXX object CMakeFiles/smfsm.dir/src/smfsm/idle.cpp.o[0m
[ 65%] [32mBuilding CXX object CMakeFiles/smfsm.dir/src/smfsm/stand.cpp.o[0m
[ 72%] Built target gmock_main
[ 75%] [32mBuilding CXX object CMakeFiles/smfsm.dir/src/smfsm/transition_stand.cpp.o[0m
[ 79%] [32mBuilding CXX object CMakeFiles/smfsm.dir/src/smfsm/transition_idle.cpp.o[0m
[ 82%] [32mBuilding CXX object CMakeFiles/smfsm.dir/src/smfsm/walk.cpp.o[0m
[ 86%] [32m[1mLinking CXX static library libsmfsm.a[0m
[ 86%] Built target smfsm
[ 93%] [32mBuilding CXX object CMakeFiles/motion_cmd_node.dir/src/motion_cmd.cpp.o[0m
[ 93%] [32mBuilding CXX object CMakeFiles/motion_cmd_node.dir/src/main.cpp.o[0m
[ 96%] [32mBuilding CXX object CMakeFiles/motion_cmd_node.dir/src/utils.cpp.o[0m
In file included from [01m[K/home/robodog/RoboDog/ros2_ws/src/motion_cmd/src/utils.cpp:1[m[K:
[01m[K/home/robodog/RoboDog/ros2_ws/src/motion_cmd/include/motion_cmd/utils.h:5:10:[m[K [01;31m[Kfatal error: [m[Ktf2_eigen/tf2_eigen.h: No such file or directory
    5 | #include [01;31m[K"tf2_eigen/tf2_eigen.h"[m[K
      |          [01;31m[K^~~~~~~~~~~~~~~~~~~~~~~[m[K
compilation terminated.
gmake[2]: *** [CMakeFiles/motion_cmd_node.dir/build.make:104: CMakeFiles/motion_cmd_node.dir/src/utils.cpp.o] Error 1
gmake[2]: *** Waiting for unfinished jobs....
[01m[K/home/robodog/RoboDog/ros2_ws/src/motion_cmd/src/motion_cmd.cpp:11:10:[m[K [01;31m[Kfatal error: [m[Ktf2_eigen/tf2_eigen.h: No such file or directory
   11 | #include [01;31m[K"tf2_eigen/tf2_eigen.h"[m[K
      |          [01;31m[K^~~~~~~~~~~~~~~~~~~~~~~[m[K
compilation terminated.
gmake[2]: *** [CMakeFiles/motion_cmd_node.dir/build.make:76: CMakeFiles/motion_cmd_node.dir/src/motion_cmd.cpp.o] Error 1
gmake[1]: *** [CMakeFiles/Makefile2:257: CMakeFiles/motion_cmd_node.dir/all] Error 2
gmake: *** [Makefile:146: all] Error 2
