[0.049s] Invoking command in '/home/robodog/RoboDog/ros2_ws/build/motion_cmd': AMENT_PREFIX_PATH=/home/robodog/RoboDog/ros2_ws/install/i2cpwm_controller:${AMENT_PREFIX_PATH} CMAKE_PREFIX_PATH=/home/robodog/RoboDog/ros2_ws/install/i2cpwm_controller LD_LIBRARY_PATH=/home/robodog/RoboDog/ros2_ws/install/i2cpwm_controller/lib:${LD_LIBRARY_PATH} PYTHONPATH=/home/robodog/RoboDog/ros2_ws/install/i2cpwm_controller/local/lib/python3.10/dist-packages:${PYTHONPATH} /usr/bin/cmake --build /home/robodog/RoboDog/ros2_ws/build/motion_cmd -- -j4 -l4
[0.288s] [ 17%] Built target gtest
[0.290s] [ 20%] Built target spot_micro_kinematics
[0.373s] [35m[1mConsolidate compiler generated dependencies of target smfsm[0m
[0.393s] [ 34%] Built target gmock
[0.394s] [ 34%] Built target gtest_main
[0.508s] [ 41%] Built target test_spot_micro_leg
[0.539s] [ 48%] Built target test_utils
[0.563s] [ 55%] Built target test_spot_micro_kinematics
[0.610s] [ 79%] Built target smfsm
[0.626s] [ 86%] Built target gmock_main
[0.678s] [35m[1mConsolidate compiler generated dependencies of target motion_cmd_node[0m
[0.833s] [ 89%] [32mBuilding CXX object CMakeFiles/motion_cmd_node.dir/src/motion_cmd.cpp.o[0m
[0.836s] [ 93%] [32mBuilding CXX object CMakeFiles/motion_cmd_node.dir/src/utils.cpp.o[0m
[3.468s] In file included from [01m[K/home/robodog/RoboDog/ros2_ws/src/motion_cmd/include/motion_cmd/utils.h:6[m[K,
[3.470s]                  from [01m[K/home/robodog/RoboDog/ros2_ws/src/motion_cmd/src/utils.cpp:1[m[K:
[3.471s] [01m[K/opt/ros/humble/include/tf2_geometry_msgs/tf2_geometry_msgs/tf2_geometry_msgs.h:35:2:[m[K [01;35m[Kwarning: [m[K#warning This header is obsolete, please include tf2_geometry_msgs/tf2_geometry_msgs.hpp instead [[01;35m[K]8;;https://gcc.gnu.org/onlinedocs/gcc/Warning-Options.html#index-Wcpp-Wcpp]8;;[m[K]
[3.472s]    35 | #[01;35m[Kwarning[m[K This header is obsolete, please include tf2_geometry_msgs/tf2_geometry_msgs.hpp instead
[3.473s]       |  [01;35m[K^~~~~~~[m[K
[3.582s] In file included from [01m[K/home/robodog/RoboDog/ros2_ws/src/motion_cmd/src/motion_cmd.cpp:12[m[K:
[3.583s] [01m[K/opt/ros/humble/include/tf2_geometry_msgs/tf2_geometry_msgs/tf2_geometry_msgs.h:35:2:[m[K [01;35m[Kwarning: [m[K#warning This header is obsolete, please include tf2_geometry_msgs/tf2_geometry_msgs.hpp instead [[01;35m[K]8;;https://gcc.gnu.org/onlinedocs/gcc/Warning-Options.html#index-Wcpp-Wcpp]8;;[m[K]
[3.584s]    35 | #[01;35m[Kwarning[m[K This header is obsolete, please include tf2_geometry_msgs/tf2_geometry_msgs.hpp instead
[3.584s]       |  [01;35m[K^~~~~~~[m[K
[18.759s] [01m[K/home/robodog/RoboDog/ros2_ws/src/motion_cmd/src/utils.cpp:21:1:[m[K [01;31m[Kerror: [m[Kâ€˜[01m[KTransformStamped[m[Kâ€™ does not name a type; did you mean â€˜[01m[KTransformData[m[Kâ€™?
[18.760s]    21 | [01;31m[KTransformStamped[m[K eigAndFramesToTrans(
[18.761s]       | [01;31m[K^~~~~~~~~~~~~~~~[m[K
[18.761s]       | [32m[KTransformData[m[K
[18.771s] [01m[K/home/robodog/RoboDog/ros2_ws/src/motion_cmd/src/utils.cpp:39:1:[m[K [01;31m[Kerror: [m[Kâ€˜[01m[KTransformStamped[m[Kâ€™ does not name a type; did you mean â€˜[01m[KTransformData[m[Kâ€™?
[18.772s]    39 | [01;31m[KTransformStamped[m[K createTransform(
[18.773s]       | [01;31m[K^~~~~~~~~~~~~~~~[m[K
[18.773s]       | [32m[KTransformData[m[K
[20.141s] [01m[K/home/robodog/RoboDog/ros2_ws/src/motion_cmd/src/motion_cmd.cpp:29:1:[m[K [01;31m[Kerror: [m[Kno declaration matches â€˜[01m[KSpotMicroMotionCmd::SpotMicroMotionCmd(rclcpp::NodeOptions&)[m[Kâ€™
[20.141s]    29 | [01;31m[KSpotMicroMotionCmd[m[K::SpotMicroMotionCmd(rclcpp::NodeOptions & options) : Node("spot_micro_motion_cmd", options) {
[20.142s]       | [01;31m[K^~~~~~~~~~~~~~~~~~[m[K
[20.143s] In file included from [01m[K/home/robodog/RoboDog/ros2_ws/src/motion_cmd/src/motion_cmd.cpp:1[m[K:
[20.143s] [01m[K/home/robodog/RoboDog/ros2_ws/src/motion_cmd/include/motion_cmd/motion_cmd.h:74:7:[m[K [01;36m[Knote: [m[Kcandidates are: â€˜[01m[KSpotMicroMotionCmd::SpotMicroMotionCmd(const SpotMicroMotionCmd&)[m[Kâ€™
[20.144s]    74 | class [01;36m[KSpotMicroMotionCmd[m[K : public rclcpp::Node {
[20.145s]       |       [01;36m[K^~~~~~~~~~~~~~~~~~[m[K
[20.147s] [01m[K/home/robodog/RoboDog/ros2_ws/src/motion_cmd/include/motion_cmd/motion_cmd.h:77:5:[m[K [01;36m[Knote: [m[K                â€˜[01m[KSpotMicroMotionCmd::SpotMicroMotionCmd(const rclcpp::NodeOptions&)[m[Kâ€™
[20.148s]    77 |     [01;36m[KSpotMicroMotionCmd[m[K(const rclcpp::NodeOptions &options);
[20.149s]       |     [01;36m[K^~~~~~~~~~~~~~~~~~[m[K
[20.150s] [01m[K/home/robodog/RoboDog/ros2_ws/src/motion_cmd/include/motion_cmd/motion_cmd.h:74:7:[m[K [01;36m[Knote: [m[Kâ€˜[01m[Kclass SpotMicroMotionCmd[m[Kâ€™ defined here
[20.151s]    74 | class [01;36m[KSpotMicroMotionCmd[m[K : public rclcpp::Node {
[20.152s]       |       [01;36m[K^~~~~~~~~~~~~~~~~~[m[K
[20.161s] [01m[K/home/robodog/RoboDog/ros2_ws/src/motion_cmd/src/motion_cmd.cpp:[m[K In member function â€˜[01m[Kbool SpotMicroMotionCmd::publishServoConfiguration()[m[Kâ€™:
[20.162s] [01m[K/home/robodog/RoboDog/ros2_ws/src/motion_cmd/src/motion_cmd.cpp:184:26:[m[K [01;31m[Kerror: [m[Kbase operand of â€˜[01m[K->[m[Kâ€™ has non-pointer type â€˜[01m[Ki2cpwm_controller::msg::ServoConfig[m[Kâ€™ {aka â€˜[01m[Ki2cpwm_controller::msg::ServoConfig_<std::allocator<void> >[m[Kâ€™}
[20.165s]   184 |         temp_servo_config[01;31m[K->[m[Kcenter = servo_config_params["center"];
[20.169s]       |                          [01;31m[K^~[m[K
[20.170s] [01m[K/home/robodog/RoboDog/ros2_ws/src/motion_cmd/src/motion_cmd.cpp:185:26:[m[K [01;31m[Kerror: [m[Kbase operand of â€˜[01m[K->[m[Kâ€™ has non-pointer type â€˜[01m[Ki2cpwm_controller::msg::ServoConfig[m[Kâ€™ {aka â€˜[01m[Ki2cpwm_controller::msg::ServoConfig_<std::allocator<void> >[m[Kâ€™}
[20.171s]   185 |         temp_servo_config[01;31m[K->[m[Krange = servo_config_params["range"];
[20.172s]       |                          [01;31m[K^~[m[K
[20.173s] [01m[K/home/robodog/RoboDog/ros2_ws/src/motion_cmd/src/motion_cmd.cpp:186:26:[m[K [01;31m[Kerror: [m[Kbase operand of â€˜[01m[K->[m[Kâ€™ has non-pointer type â€˜[01m[Ki2cpwm_controller::msg::ServoConfig[m[Kâ€™ {aka â€˜[01m[Ki2cpwm_controller::msg::ServoConfig_<std::allocator<void> >[m[Kâ€™}
[20.174s]   186 |         temp_servo_config[01;31m[K->[m[Kservo = servo_config_params["num"];
[20.174s]       |                          [01;31m[K^~[m[K
[20.175s] [01m[K/home/robodog/RoboDog/ros2_ws/src/motion_cmd/src/motion_cmd.cpp:187:26:[m[K [01;31m[Kerror: [m[Kbase operand of â€˜[01m[K->[m[Kâ€™ has non-pointer type â€˜[01m[Ki2cpwm_controller::msg::ServoConfig[m[Kâ€™ {aka â€˜[01m[Ki2cpwm_controller::msg::ServoConfig_<std::allocator<void> >[m[Kâ€™}
[20.176s]   187 |         temp_servo_config[01;31m[K->[m[Kdirection = servo_config_params["direction"];
[20.176s]       |                          [01;31m[K^~[m[K
[20.177s] [01m[K/home/robodog/RoboDog/ros2_ws/src/motion_cmd/src/motion_cmd.cpp:190:51:[m[K [01;31m[Kerror: [m[Kno match for â€˜[01m[Koperator*[m[Kâ€™ (operand type is â€˜[01m[Ki2cpwm_controller::msg::ServoConfig[m[Kâ€™ {aka â€˜[01m[Ki2cpwm_controller::msg::ServoConfig_<std::allocator<void> >[m[Kâ€™})
[20.178s]   190 |         temp_servo_config_array->servos.push_back([01;31m[K*temp_servo_config[m[K);
[20.178s]       |                                                   [01;31m[K^~~~~~~~~~~~~~~~~~[m[K
[20.179s] In file included from [01m[K/usr/include/eigen3/Eigen/Core:326[m[K,
[20.180s]                  from [01m[K/usr/include/eigen3/Eigen/Geometry:11[m[K,
[20.180s]                  from [01m[K/home/robodog/RoboDog/ros2_ws/src/motion_cmd/libs/spot_micro_kinematics_cpp/include/spot_micro_kinematics/spot_micro_kinematics.h:3[m[K,
[20.181s]                  from [01m[K/home/robodog/RoboDog/ros2_ws/src/motion_cmd/src/smfsm/state.h:5[m[K,
[20.182s]                  from [01m[K/home/robodog/RoboDog/ros2_ws/src/motion_cmd/include/motion_cmd/motion_cmd.h:20[m[K,
[20.182s]                  from [01m[K/home/robodog/RoboDog/ros2_ws/src/motion_cmd/src/motion_cmd.cpp:1[m[K:
[20.183s] [01m[K/usr/include/eigen3/Eigen/src/Core/PermutationMatrix.h:515:1:[m[K [01;36m[Knote: [m[Kcandidate: â€˜[01m[Ktemplate<class MatrixDerived, class PermutationDerived> const Eigen::Product<MatrixDerived, PermutationDerived, 2> Eigen::operator*(const Eigen::MatrixBase<Derived>&, const Eigen::PermutationBase<PermutationDerived>&)[m[Kâ€™
[20.184s]   515 | [01;36m[Koperator[m[K*(const MatrixBase<MatrixDerived> &matrix,
[20.184s]       | [01;36m[K^~~~~~~~[m[K
[20.185s] [01m[K/usr/include/eigen3/Eigen/src/Core/PermutationMatrix.h:515:1:[m[K [01;36m[Knote: [m[K  template argument deduction/substitution failed:
[20.186s] [01m[K/home/robodog/RoboDog/ros2_ws/src/motion_cmd/src/motion_cmd.cpp:190:52:[m[K [01;36m[Knote: [m[K  â€˜[01m[Ki2cpwm_controller::msg::ServoConfig[m[Kâ€™ {aka â€˜[01m[Ki2cpwm_controller::msg::ServoConfig_<std::allocator<void> >[m[Kâ€™} is not derived from â€˜[01m[Kconst Eigen::MatrixBase<Derived>[m[Kâ€™
[20.186s]   190 |         temp_servo_config_array->servos.push_back(*[01;36m[Ktemp_servo_config[m[K);
[20.187s]       |                                                    [01;36m[K^~~~~~~~~~~~~~~~~[m[K
[20.188s] In file included from [01m[K/usr/include/eigen3/Eigen/Core:326[m[K,
[20.188s]                  from [01m[K/usr/include/eigen3/Eigen/Geometry:11[m[K,
[20.189s]                  from [01m[K/home/robodog/RoboDog/ros2_ws/src/motion_cmd/libs/spot_micro_kinematics_cpp/include/spot_micro_kinematics/spot_micro_kinematics.h:3[m[K,
[20.190s]                  from [01m[K/home/robodog/RoboDog/ros2_ws/src/motion_cmd/src/smfsm/state.h:5[m[K,
[20.190s]                  from [01m[K/home/robodog/RoboDog/ros2_ws/src/motion_cmd/include/motion_cmd/motion_cmd.h:20[m[K,
[20.191s]                  from [01m[K/home/robodog/RoboDog/ros2_ws/src/motion_cmd/src/motion_cmd.cpp:1[m[K:
[20.192s] [01m[K/usr/include/eigen3/Eigen/src/Core/PermutationMatrix.h:527:1:[m[K [01;36m[Knote: [m[Kcandidate: â€˜[01m[Ktemplate<class PermutationDerived, class MatrixDerived> const Eigen::Product<MatrixDerived, PermutationDerived, 2> Eigen::operator*(const Eigen::PermutationBase<PermutationDerived>&, const Eigen::MatrixBase<U>&)[m[Kâ€™
[20.192s]   527 | [01;36m[Koperator[m[K*(const PermutationBase<PermutationDerived> &permutation,
[20.193s]       | [01;36m[K^~~~~~~~[m[K
[20.194s] [01m[K/usr/include/eigen3/Eigen/src/Core/PermutationMatrix.h:527:1:[m[K [01;36m[Knote: [m[K  template argument deduction/substitution failed:
[20.194s] [01m[K/home/robodog/RoboDog/ros2_ws/src/motion_cmd/src/motion_cmd.cpp:190:52:[m[K [01;36m[Knote: [m[K  â€˜[01m[Ki2cpwm_controller::msg::ServoConfig[m[Kâ€™ {aka â€˜[01m[Ki2cpwm_controller::msg::ServoConfig_<std::allocator<void> >[m[Kâ€™} is not derived from â€˜[01m[Kconst Eigen::PermutationBase<PermutationDerived>[m[Kâ€™
[20.195s]   190 |         temp_servo_config_array->servos.push_back(*[01;36m[Ktemp_servo_config[m[K);
[20.196s]       |                                                    [01;36m[K^~~~~~~~~~~~~~~~~[m[K
[20.196s] In file included from [01m[K/usr/include/eigen3/Eigen/Core:327[m[K,
[20.197s]                  from [01m[K/usr/include/eigen3/Eigen/Geometry:11[m[K,
[20.197s]                  from [01m[K/home/robodog/RoboDog/ros2_ws/src/motion_cmd/libs/spot_micro_kinematics_cpp/include/spot_micro_kinematics/spot_micro_kinematics.h:3[m[K,
[20.198s]                  from [01m[K/home/robodog/RoboDog/ros2_ws/src/motion_cmd/src/smfsm/state.h:5[m[K,
[20.199s]                  from [01m[K/home/robodog/RoboDog/ros2_ws/src/motion_cmd/include/motion_cmd/motion_cmd.h:20[m[K,
[20.199s]                  from [01m[K/home/robodog/RoboDog/ros2_ws/src/motion_cmd/src/motion_cmd.cpp:1[m[K:
[20.200s] [01m[K/usr/include/eigen3/Eigen/src/Core/Transpositions.h:313:1:[m[K [01;36m[Knote: [m[Kcandidate: â€˜[01m[Ktemplate<class MatrixDerived, class TranspositionsDerived> const Eigen::Product<MatrixDerived, PermutationDerived, 2> Eigen::operator*(const Eigen::MatrixBase<Derived>&, const Eigen::TranspositionsBase<TranspositionsDerived>&)[m[Kâ€™
[20.200s]   313 | [01;36m[Koperator[m[K*(const MatrixBase<MatrixDerived> &matrix,
[20.201s]       | [01;36m[K^~~~~~~~[m[K
[20.202s] [01m[K/usr/include/eigen3/Eigen/src/Core/Transpositions.h:313:1:[m[K [01;36m[Knote: [m[K  template argument deduction/substitution failed:
[20.202s] [01m[K/home/robodog/RoboDog/ros2_ws/src/motion_cmd/src/motion_cmd.cpp:190:52:[m[K [01;36m[Knote: [m[K  â€˜[01m[Ki2cpwm_controller::msg::ServoConfig[m[Kâ€™ {aka â€˜[01m[Ki2cpwm_controller::msg::ServoConfig_<std::allocator<void> >[m[Kâ€™} is not derived from â€˜[01m[Kconst Eigen::MatrixBase<Derived>[m[Kâ€™
[20.203s]   190 |         temp_servo_config_array->servos.push_back(*[01;36m[Ktemp_servo_config[m[K);
[20.203s]       |                                                    [01;36m[K^~~~~~~~~~~~~~~~~[m[K
[20.204s] In file included from [01m[K/usr/include/eigen3/Eigen/Core:327[m[K,
[20.204s]                  from [01m[K/usr/include/eigen3/Eigen/Geometry:11[m[K,
[20.205s]                  from [01m[K/home/robodog/RoboDog/ros2_ws/src/motion_cmd/libs/spot_micro_kinematics_cpp/include/spot_micro_kinematics/spot_micro_kinematics.h:3[m[K,
[20.206s]                  from [01m[K/home/robodog/RoboDog/ros2_ws/src/motion_cmd/src/smfsm/state.h:5[m[K,
[20.206s]                  from [01m[K/home/robodog/RoboDog/ros2_ws/src/motion_cmd/include/motion_cmd/motion_cmd.h:20[m[K,
[20.207s]                  from [01m[K/home/robodog/RoboDog/ros2_ws/src/motion_cmd/src/motion_cmd.cpp:1[m[K:
[20.207s] [01m[K/usr/include/eigen3/Eigen/src/Core/Transpositions.h:325:1:[m[K [01;36m[Knote: [m[Kcandidate: â€˜[01m[Ktemplate<class TranspositionsDerived, class MatrixDerived> const Eigen::Product<MatrixDerived, PermutationDerived, 2> Eigen::operator*(const Eigen::TranspositionsBase<TranspositionsDerived>&, const Eigen::MatrixBase<U>&)[m[Kâ€™
[20.208s]   325 | [01;36m[Koperator[m[K*(const TranspositionsBase<TranspositionsDerived> &transpositions,
[20.209s]       | [01;36m[K^~~~~~~~[m[K
[20.210s] [01m[K/usr/include/eigen3/Eigen/src/Core/Transpositions.h:325:1:[m[K [01;36m[Knote: [m[K  template argument deduction/substitution failed:
[20.210s] [01m[K/home/robodog/RoboDog/ros2_ws/src/motion_cmd/src/motion_cmd.cpp:190:52:[m[K [01;36m[Knote: [m[K  â€˜[01m[Ki2cpwm_controller::msg::ServoConfig[m[Kâ€™ {aka â€˜[01m[Ki2cpwm_controller::msg::ServoConfig_<std::allocator<void> >[m[Kâ€™} is not derived from â€˜[01m[Kconst Eigen::TranspositionsBase<TranspositionsDerived>[m[Kâ€™
[20.211s]   190 |         temp_servo_config_array->servos.push_back(*[01;36m[Ktemp_servo_config[m[K);
[20.212s]       |                                                    [01;36m[K^~~~~~~~~~~~~~~~~[m[K
[20.212s] In file included from [01m[K/usr/include/eigen3/Eigen/Householder:24[m[K,
[20.213s]                  from [01m[K/usr/include/eigen3/Eigen/QR:15[m[K,
[20.214s]                  from [01m[K/usr/include/eigen3/Eigen/SVD:11[m[K,
[20.214s]                  from [01m[K/usr/include/eigen3/Eigen/Geometry:13[m[K,
[20.215s]                  from [01m[K/home/robodog/RoboDog/ros2_ws/src/motion_cmd/libs/spot_micro_kinematics_cpp/include/spot_micro_kinematics/spot_micro_kinematics.h:3[m[K,
[20.215s]                  from [01m[K/home/robodog/RoboDog/ros2_ws/src/motion_cmd/src/smfsm/state.h:5[m[K,
[20.216s]                  from [01m[K/home/robodog/RoboDog/ros2_ws/src/motion_cmd/include/motion_cmd/motion_cmd.h:20[m[K,
[20.218s]                  from [01m[K/home/robodog/RoboDog/ros2_ws/src/motion_cmd/src/motion_cmd.cpp:1[m[K:
[20.218s] [01m[K/usr/include/eigen3/Eigen/src/Householder/HouseholderSequence.h:513:99:[m[K [01;36m[Knote: [m[Kcandidate: â€˜[01m[Ktemplate<class OtherDerived, class VectorsType, class CoeffsType, int Side> typename Eigen::internal::matrix_type_times_scalar_type<typename VectorsType::Scalar, OtherDerived>::Type Eigen::operator*(const Eigen::MatrixBase<Derived>&, const Eigen::HouseholderSequence<VectorsType, CoeffsType, Side>&)[m[Kâ€™
[20.219s]   513 | x_type_times_scalar_type<typename VectorsType::Scalar,OtherDerived>::Type [01;36m[Koperator[m[K*(const MatrixBase<OtherDerived>& other, const HouseholderSequence<VectorsType,CoeffsType,Side>& h)
[20.220s]       |                                                                           [01;36m[K^~~~~~~~[m[K
[20.221s] 
[20.221s] [01m[K/usr/include/eigen3/Eigen/src/Householder/HouseholderSequence.h:513:99:[m[K [01;36m[Knote: [m[K  template argument deduction/substitution failed:
[20.222s] [01m[K/home/robodog/RoboDog/ros2_ws/src/motion_cmd/src/motion_cmd.cpp:190:52:[m[K [01;36m[Knote: [m[K  â€˜[01m[Ki2cpwm_controller::msg::ServoConfig[m[Kâ€™ {aka â€˜[01m[Ki2cpwm_controller::msg::ServoConfig_<std::allocator<void> >[m[Kâ€™} is not derived from â€˜[01m[Kconst Eigen::MatrixBase<Derived>[m[Kâ€™
[20.224s]   190 |         temp_servo_config_array->servos.push_back(*[01;36m[Ktemp_servo_config[m[K);
[20.224s]       |                                                    [01;36m[K^~~~~~~~~~~~~~~~~[m[K
[20.225s] In file included from [01m[K/usr/include/eigen3/Eigen/Geometry:46[m[K,
[20.226s]                  from [01m[K/home/robodog/RoboDog/ros2_ws/src/motion_cmd/libs/spot_micro_kinematics_cpp/include/spot_micro_kinematics/spot_micro_kinematics.h:3[m[K,
[20.226s]                  from [01m[K/home/robodog/RoboDog/ros2_ws/src/motion_cmd/src/smfsm/state.h:5[m[K,
[20.227s]                  from [01m[K/home/robodog/RoboDog/ros2_ws/src/motion_cmd/include/motion_cmd/motion_cmd.h:20[m[K,
[20.228s]                  from [01m[K/home/robodog/RoboDog/ros2_ws/src/motion_cmd/src/motion_cmd.cpp:1[m[K:
[20.229s] [01m[K/usr/include/eigen3/Eigen/src/Geometry/Scaling.h:135:1:[m[K [01;36m[Knote: [m[Kcandidate: â€˜[01m[Ktemplate<class Derived, class Scalar> Eigen::CwiseBinaryOp<Eigen::internal::scalar_product_op<typename Eigen::internal::traits<T>::Scalar, Scalar>, const Derived, const typename Eigen::internal::plain_constant_type<Expr, Scalar>::type> Eigen::operator*(const Eigen::MatrixBase<Derived>&, const Eigen::UniformScaling<Scalar>&)[m[Kâ€™
[20.229s]   135 | [01;36m[Koperator[m[K*(const MatrixBase<Derived>& matrix, const UniformScaling<Scalar>& s)
[20.230s]       | [01;36m[K^~~~~~~~[m[K
[20.231s] [01m[K/usr/include/eigen3/Eigen/src/Geometry/Scaling.h:135:1:[m[K [01;36m[Knote: [m[K  template argument deduction/substitution failed:
[20.231s] [01m[K/home/robodog/RoboDog/ros2_ws/src/motion_cmd/src/motion_cmd.cpp:190:52:[m[K [01;36m[Knote: [m[K  â€˜[01m[Ki2cpwm_controller::msg::ServoConfig[m[Kâ€™ {aka â€˜[01m[Ki2cpwm_controller::msg::ServoConfig_<std::allocator<void> >[m[Kâ€™} is not derived from â€˜[01m[Kconst Eigen::MatrixBase<Derived>[m[Kâ€™
[20.232s]   190 |         temp_servo_config_array->servos.push_back(*[01;36m[Ktemp_servo_config[m[K);
[20.232s]       |                                                    [01;36m[K^~~~~~~~~~~~~~~~~[m[K
[20.233s] In file included from [01m[K/usr/include/eigen3/Eigen/Core:50[m[K,
[20.234s]                  from [01m[K/usr/include/eigen3/Eigen/Geometry:11[m[K,
[20.234s]                  from [01m[K/home/robodog/RoboDog/ros2_ws/src/motion_cmd/libs/spot_micro_kinematics_cpp/include/spot_micro_kinematics/spot_micro_kinematics.h:3[m[K,
[20.235s]                  from [01m[K/home/robodog/RoboDog/ros2_ws/src/motion_cmd/src/smfsm/state.h:5[m[K,
[20.236s]                  from [01m[K/home/robodog/RoboDog/ros2_ws/src/motion_cmd/include/motion_cmd/motion_cmd.h:20[m[K,
[20.236s]                  from [01m[K/home/robodog/RoboDog/ros2_ws/src/motion_cmd/src/motion_cmd.cpp:1[m[K:
[20.237s] [01m[K/usr/include/c++/11/complex:392:5:[m[K [01;36m[Knote: [m[Kcandidate: â€˜[01m[Ktemplate<class _Tp> std::complex<_Tp> std::operator*(const std::complex<_Tp>&, const std::complex<_Tp>&)[m[Kâ€™
[20.238s]   392 |     [01;36m[Koperator[m[K*(const complex<_Tp>& __x, const complex<_Tp>& __y)
[20.238s]       |     [01;36m[K^~~~~~~~[m[K
[20.239s] [01m[K/usr/include/c++/11/complex:392:5:[m[K [01;36m[Knote: [m[K  template argument deduction/substitution failed:
[20.239s] [01m[K/home/robodog/RoboDog/ros2_ws/src/motion_cmd/src/motion_cmd.cpp:190:52:[m[K [01;36m[Knote: [m[K  â€˜[01m[Ki2cpwm_controller::msg::ServoConfig[m[Kâ€™ {aka â€˜[01m[Ki2cpwm_controller::msg::ServoConfig_<std::allocator<void> >[m[Kâ€™} is not derived from â€˜[01m[Kconst std::complex<_Tp>[m[Kâ€™
[20.240s]   190 |         temp_servo_config_array->servos.push_back(*[01;36m[Ktemp_servo_config[m[K);
[20.241s]       |                                                    [01;36m[K^~~~~~~~~~~~~~~~~[m[K
[20.242s] In file included from [01m[K/usr/include/eigen3/Eigen/Core:50[m[K,
[20.242s]                  from [01m[K/usr/include/eigen3/Eigen/Geometry:11[m[K,
[20.243s]                  from [01m[K/home/robodog/RoboDog/ros2_ws/src/motion_cmd/libs/spot_micro_kinematics_cpp/include/spot_micro_kinematics/spot_micro_kinematics.h:3[m[K,
[20.243s]                  from [01m[K/home/robodog/RoboDog/ros2_ws/src/motion_cmd/src/smfsm/state.h:5[m[K,
[20.244s]                  from [01m[K/home/robodog/RoboDog/ros2_ws/src/motion_cmd/include/motion_cmd/motion_cmd.h:20[m[K,
[20.245s]                  from [01m[K/home/robodog/RoboDog/ros2_ws/src/motion_cmd/src/motion_cmd.cpp:1[m[K:
[20.246s] [01m[K/usr/include/c++/11/complex:401:5:[m[K [01;36m[Knote: [m[Kcandidate: â€˜[01m[Ktemplate<class _Tp> std::complex<_Tp> std::operator*(const std::complex<_Tp>&, const _Tp&)[m[Kâ€™
[20.246s]   401 |     [01;36m[Koperator[m[K*(const complex<_Tp>& __x, const _Tp& __y)
[20.247s]       |     [01;36m[K^~~~~~~~[m[K
[20.248s] [01m[K/usr/include/c++/11/complex:401:5:[m[K [01;36m[Knote: [m[K  template argument deduction/substitution failed:
[20.248s] [01m[K/home/robodog/RoboDog/ros2_ws/src/motion_cmd/src/motion_cmd.cpp:190:52:[m[K [01;36m[Knote: [m[K  â€˜[01m[Ki2cpwm_controller::msg::ServoConfig[m[Kâ€™ {aka â€˜[01m[Ki2cpwm_controller::msg::ServoConfig_<std::allocator<void> >[m[Kâ€™} is not derived from â€˜[01m[Kconst std::complex<_Tp>[m[Kâ€™
[20.249s]   190 |         temp_servo_config_array->servos.push_back(*[01;36m[Ktemp_servo_config[m[K);
[20.250s]       |                                                    [01;36m[K^~~~~~~~~~~~~~~~~[m[K
[20.250s] In file included from [01m[K/usr/include/eigen3/Eigen/Core:50[m[K,
[20.251s]                  from [01m[K/usr/include/eigen3/Eigen/Geometry:11[m[K,
[20.251s]                  from [01m[K/home/robodog/RoboDog/ros2_ws/src/motion_cmd/libs/spot_micro_kinematics_cpp/include/spot_micro_kinematics/spot_micro_kinematics.h:3[m[K,
[20.252s]                  from [01m[K/home/robodog/RoboDog/ros2_ws/src/motion_cmd/src/smfsm/state.h:5[m[K,
[20.253s]                  from [01m[K/home/robodog/RoboDog/ros2_ws/src/motion_cmd/include/motion_cmd/motion_cmd.h:20[m[K,
[20.253s]                  from [01m[K/home/robodog/RoboDog/ros2_ws/src/motion_cmd/src/motion_cmd.cpp:1[m[K:
[20.254s] [01m[K/usr/include/c++/11/complex:410:5:[m[K [01;36m[Knote: [m[Kcandidate: â€˜[01m[Ktemplate<class _Tp> std::complex<_Tp> std::operator*(const _Tp&, const std::complex<_Tp>&)[m[Kâ€™
[20.255s]   410 |     [01;36m[Koperator[m[K*(const _Tp& __x, const complex<_Tp>& __y)
[20.256s]       |     [01;36m[K^~~~~~~~[m[K
[20.257s] [01m[K/usr/include/c++/11/complex:410:5:[m[K [01;36m[Knote: [m[K  template argument deduction/substitution failed:
[20.258s] [01m[K/home/robodog/RoboDog/ros2_ws/src/motion_cmd/src/motion_cmd.cpp:190:52:[m[K [01;36m[Knote: [m[K  candidate expects 2 arguments, 1 provided
[20.259s]   190 |         temp_servo_config_array->servos.push_back(*[01;36m[Ktemp_servo_config[m[K);
[20.260s]       |                                                    [01;36m[K^~~~~~~~~~~~~~~~~[m[K
[20.261s] [01m[K/home/robodog/RoboDog/ros2_ws/src/motion_cmd/src/motion_cmd.cpp:[m[K In member function â€˜[01m[Kvoid SpotMicroMotionCmd::readInConfigParameters()[m[Kâ€™:
[20.262s] [01m[K/home/robodog/RoboDog/ros2_ws/src/motion_cmd/src/motion_cmd.cpp:382:32:[m[K [01;31m[Kerror: [m[Kno matching function for call to â€˜[01m[KSpotMicroMotionCmd::declare_parameter(std::string&)[m[Kâ€™
[20.262s]   382 |         [01;31m[Kthis->declare_parameter(servo_name)[m[K;  // Declare the servo parameters
[20.263s]       |         [01;31m[K~~~~~~~~~~~~~~~~~~~~~~~^~~~~~~~~~~~[m[K
[20.264s] In file included from [01m[K/opt/ros/humble/include/rclcpp/rclcpp/node.hpp:1321[m[K,
[20.264s]                  from [01m[K/opt/ros/humble/include/rclcpp/rclcpp/executors/single_threaded_executor.hpp:28[m[K,
[20.265s]                  from [01m[K/opt/ros/humble/include/rclcpp/rclcpp/executors.hpp:22[m[K,
[20.266s]                  from [01m[K/opt/ros/humble/include/rclcpp/rclcpp/rclcpp.hpp:155[m[K,
[20.266s]                  from [01m[K/home/robodog/RoboDog/ros2_ws/src/motion_cmd/include/motion_cmd/motion_cmd.h:7[m[K,
[20.267s]                  from [01m[K/home/robodog/RoboDog/ros2_ws/src/motion_cmd/src/motion_cmd.cpp:1[m[K:
[20.268s] [01m[K/opt/ros/humble/include/rclcpp/rclcpp/node_impl.hpp:195:1:[m[K [01;36m[Knote: [m[Kcandidate: â€˜[01m[Ktemplate<class ParameterT> auto rclcpp::Node::declare_parameter(const string&, const ParameterT&, const ParameterDescriptor&, bool)[m[Kâ€™
[20.268s]   195 | [01;36m[KNode[m[K::declare_parameter(
[20.269s]       | [01;36m[K^~~~[m[K
[20.270s] [01m[K/opt/ros/humble/include/rclcpp/rclcpp/node_impl.hpp:195:1:[m[K [01;36m[Knote: [m[K  template argument deduction/substitution failed:
[20.270s] [01m[K/home/robodog/RoboDog/ros2_ws/src/motion_cmd/src/motion_cmd.cpp:382:32:[m[K [01;36m[Knote: [m[K  candidate expects 4 arguments, 1 provided
[20.271s]   382 |         [01;36m[Kthis->declare_parameter(servo_name)[m[K;  // Declare the servo parameters
[20.271s]       |         [01;36m[K~~~~~~~~~~~~~~~~~~~~~~~^~~~~~~~~~~~[m[K
[20.272s] In file included from [01m[K/opt/ros/humble/include/rclcpp/rclcpp/executors/single_threaded_executor.hpp:28[m[K,
[20.273s]                  from [01m[K/opt/ros/humble/include/rclcpp/rclcpp/executors.hpp:22[m[K,
[20.273s]                  from [01m[K/opt/ros/humble/include/rclcpp/rclcpp/rclcpp.hpp:155[m[K,
[20.274s]                  from [01m[K/home/robodog/RoboDog/ros2_ws/src/motion_cmd/include/motion_cmd/motion_cmd.h:7[m[K,
[20.275s]                  from [01m[K/home/robodog/RoboDog/ros2_ws/src/motion_cmd/src/motion_cmd.cpp:1[m[K:
[20.275s] [01m[K/opt/ros/humble/include/rclcpp/rclcpp/node.hpp:434:3:[m[K [01;36m[Knote: [m[Kcandidate: â€˜[01m[Ktemplate<class ParameterT> auto rclcpp::Node::declare_parameter(const string&, const ParameterDescriptor&, bool)[m[Kâ€™
[20.276s]   434 |   [01;36m[Kdeclare_parameter[m[K(
[20.276s]       |   [01;36m[K^~~~~~~~~~~~~~~~~[m[K
[20.277s] [01m[K/opt/ros/humble/include/rclcpp/rclcpp/node.hpp:434:3:[m[K [01;36m[Knote: [m[K  template argument deduction/substitution failed:
[20.278s] [01m[K/home/robodog/RoboDog/ros2_ws/src/motion_cmd/src/motion_cmd.cpp:382:32:[m[K [01;36m[Knote: [m[K  couldnâ€™t deduce template parameter â€˜[01m[KParameterT[m[Kâ€™
[20.278s]   382 |         [01;36m[Kthis->declare_parameter(servo_name)[m[K;  // Declare the servo parameters
[20.279s]       |         [01;36m[K~~~~~~~~~~~~~~~~~~~~~~~^~~~~~~~~~~~[m[K
[20.279s] In file included from [01m[K/opt/ros/humble/include/rclcpp/rclcpp/executors/single_threaded_executor.hpp:28[m[K,
[20.280s]                  from [01m[K/opt/ros/humble/include/rclcpp/rclcpp/executors.hpp:22[m[K,
[20.281s]                  from [01m[K/opt/ros/humble/include/rclcpp/rclcpp/rclcpp.hpp:155[m[K,
[20.281s]                  from [01m[K/home/robodog/RoboDog/ros2_ws/src/motion_cmd/include/motion_cmd/motion_cmd.h:7[m[K,
[20.282s]                  from [01m[K/home/robodog/RoboDog/ros2_ws/src/motion_cmd/src/motion_cmd.cpp:1[m[K:
[20.283s] [01m[K/opt/ros/humble/include/rclcpp/rclcpp/node.hpp:366:3:[m[K [01;36m[Knote: [m[Kcandidate: â€˜[01m[Kconst rclcpp::ParameterValue& rclcpp::Node::declare_parameter(const string&, const rclcpp::ParameterValue&, const ParameterDescriptor&, bool)[m[Kâ€™
[20.283s]   366 |   [01;36m[Kdeclare_parameter[m[K(
[20.284s]       |   [01;36m[K^~~~~~~~~~~~~~~~~[m[K
[20.285s] [01m[K/opt/ros/humble/include/rclcpp/rclcpp/node.hpp:366:3:[m[K [01;36m[Knote: [m[K  candidate expects 4 arguments, 1 provided
[20.285s] [01m[K/opt/ros/humble/include/rclcpp/rclcpp/node.hpp:391:3:[m[K [01;36m[Knote: [m[Kcandidate: â€˜[01m[Kconst rclcpp::ParameterValue& rclcpp::Node::declare_parameter(const string&, rclcpp::ParameterType, const ParameterDescriptor&, bool)[m[Kâ€™
[20.286s]   391 |   [01;36m[Kdeclare_parameter[m[K(
[20.286s]       |   [01;36m[K^~~~~~~~~~~~~~~~~[m[K
[20.287s] [01m[K/opt/ros/humble/include/rclcpp/rclcpp/node.hpp:391:3:[m[K [01;36m[Knote: [m[K  candidate expects 4 arguments, 1 provided
[20.310s] [01m[K/home/robodog/RoboDog/ros2_ws/src/motion_cmd/src/motion_cmd.cpp:[m[K In member function â€˜[01m[Kvoid SpotMicroMotionCmd::publishStaticTransforms()[m[Kâ€™:
[20.311s] [01m[K/home/robodog/RoboDog/ros2_ws/src/motion_cmd/src/motion_cmd.cpp:511:23:[m[K [01;31m[Kerror: [m[Kbase operand of â€˜[01m[K->[m[Kâ€™ has non-pointer type â€˜[01m[Ktf2_ros::StaticTransformBroadcaster[m[Kâ€™
[20.312s]   511 |   static_transform_br_[01;31m[K->[m[KsendTransform(tr_stamped);
[20.313s]       |                       [01;31m[K^~[m[K
[20.314s] [01m[K/home/robodog/RoboDog/ros2_ws/src/motion_cmd/src/motion_cmd.cpp:518:23:[m[K [01;31m[Kerror: [m[Kbase operand of â€˜[01m[K->[m[Kâ€™ has non-pointer type â€˜[01m[Ktf2_ros::StaticTransformBroadcaster[m[Kâ€™
[20.314s]   518 |   static_transform_br_[01;31m[K->[m[KsendTransform(tr_stamped);
[20.315s]       |                       [01;31m[K^~[m[K
[20.315s] [01m[K/home/robodog/RoboDog/ros2_ws/src/motion_cmd/src/motion_cmd.cpp:529:23:[m[K [01;31m[Kerror: [m[Kbase operand of â€˜[01m[K->[m[Kâ€™ has non-pointer type â€˜[01m[Ktf2_ros::StaticTransformBroadcaster[m[Kâ€™
[20.316s]   529 |   static_transform_br_[01;31m[K->[m[KsendTransform(tr_stamped);
[20.317s]       |                       [01;31m[K^~[m[K
[20.373s] [01m[K/home/robodog/RoboDog/ros2_ws/src/motion_cmd/src/motion_cmd.cpp:545:25:[m[K [01;31m[Kerror: [m[Kbase operand of â€˜[01m[K->[m[Kâ€™ has non-pointer type â€˜[01m[Ktf2_ros::StaticTransformBroadcaster[m[Kâ€™
[20.374s]   545 |     static_transform_br_[01;31m[K->[m[KsendTransform(tr_stamped);
[20.375s]       |                         [01;31m[K^~[m[K
[20.396s] [01m[K/home/robodog/RoboDog/ros2_ws/src/motion_cmd/src/motion_cmd.cpp:562:25:[m[K [01;31m[Kerror: [m[Kbase operand of â€˜[01m[K->[m[Kâ€™ has non-pointer type â€˜[01m[Ktf2_ros::StaticTransformBroadcaster[m[Kâ€™
[20.397s]   562 |     static_transform_br_[01;31m[K->[m[KsendTransform(tr_stamped);
[20.398s]       |                         [01;31m[K^~[m[K
[20.399s] [01m[K/home/robodog/RoboDog/ros2_ws/src/motion_cmd/src/motion_cmd.cpp:[m[K In member function â€˜[01m[Kvoid SpotMicroMotionCmd::publishDynamicTransforms()[m[Kâ€™:
[20.399s] [01m[K/home/robodog/RoboDog/ros2_ws/src/motion_cmd/src/motion_cmd.cpp:581:22:[m[K [01;31m[Kerror: [m[Kbase operand of â€˜[01m[K->[m[Kâ€™ has non-pointer type â€˜[01m[Ktf2_ros::TransformBroadcaster[m[Kâ€™
[20.400s]   581 |         transform_br_[01;31m[K->[m[KsendTransform(transform_stamped);
[20.401s]       |                      [01;31m[K^~[m[K
[20.477s] [01m[K/home/robodog/RoboDog/ros2_ws/src/motion_cmd/src/motion_cmd.cpp:601:18:[m[K [01;31m[Kerror: [m[Kbase operand of â€˜[01m[K->[m[Kâ€™ has non-pointer type â€˜[01m[Ktf2_ros::TransformBroadcaster[m[Kâ€™
[20.477s]   601 |     transform_br_[01;31m[K->[m[KsendTransform(transform_stamped);
[20.478s]       |                  [01;31m[K^~[m[K
[20.479s] [01m[K/home/robodog/RoboDog/ros2_ws/src/motion_cmd/src/motion_cmd.cpp:612:18:[m[K [01;31m[Kerror: [m[Kbase operand of â€˜[01m[K->[m[Kâ€™ has non-pointer type â€˜[01m[Ktf2_ros::TransformBroadcaster[m[Kâ€™
[20.480s]   612 |     transform_br_[01;31m[K->[m[KsendTransform(transform_stamped);
[20.481s]       |                  [01;31m[K^~[m[K
[20.482s] [01m[K/home/robodog/RoboDog/ros2_ws/src/motion_cmd/src/motion_cmd.cpp:620:18:[m[K [01;31m[Kerror: [m[Kbase operand of â€˜[01m[K->[m[Kâ€™ has non-pointer type â€˜[01m[Ktf2_ros::TransformBroadcaster[m[Kâ€™
[20.483s]   620 |     transform_br_[01;31m[K->[m[KsendTransform(transform_stamped);
[20.483s]       |                  [01;31m[K^~[m[K
[20.484s] [01m[K/home/robodog/RoboDog/ros2_ws/src/motion_cmd/src/motion_cmd.cpp:628:18:[m[K [01;31m[Kerror: [m[Kbase operand of â€˜[01m[K->[m[Kâ€™ has non-pointer type â€˜[01m[Ktf2_ros::TransformBroadcaster[m[Kâ€™
[20.485s]   628 |     transform_br_[01;31m[K->[m[KsendTransform(transform_stamped);
[20.486s]       |                  [01;31m[K^~[m[K
[20.486s] [01m[K/home/robodog/RoboDog/ros2_ws/src/motion_cmd/src/motion_cmd.cpp:639:18:[m[K [01;31m[Kerror: [m[Kbase operand of â€˜[01m[K->[m[Kâ€™ has non-pointer type â€˜[01m[Ktf2_ros::TransformBroadcaster[m[Kâ€™
[20.487s]   639 |     transform_br_[01;31m[K->[m[KsendTransform(transform_stamped);
[20.487s]       |                  [01;31m[K^~[m[K
[20.488s] [01m[K/home/robodog/RoboDog/ros2_ws/src/motion_cmd/src/motion_cmd.cpp:647:18:[m[K [01;31m[Kerror: [m[Kbase operand of â€˜[01m[K->[m[Kâ€™ has non-pointer type â€˜[01m[Ktf2_ros::TransformBroadcaster[m[Kâ€™
[20.489s]   647 |     transform_br_[01;31m[K->[m[KsendTransform(transform_stamped);
[20.490s]       |                  [01;31m[K^~[m[K
[20.491s] [01m[K/home/robodog/RoboDog/ros2_ws/src/motion_cmd/src/motion_cmd.cpp:655:18:[m[K [01;31m[Kerror: [m[Kbase operand of â€˜[01m[K->[m[Kâ€™ has non-pointer type â€˜[01m[Ktf2_ros::TransformBroadcaster[m[Kâ€™
[20.492s]   655 |     transform_br_[01;31m[K->[m[KsendTransform(transform_stamped);
[20.492s]       |                  [01;31m[K^~[m[K
[20.493s] [01m[K/home/robodog/RoboDog/ros2_ws/src/motion_cmd/src/motion_cmd.cpp:666:18:[m[K [01;31m[Kerror: [m[Kbase operand of â€˜[01m[K->[m[Kâ€™ has non-pointer type â€˜[01m[Ktf2_ros::TransformBroadcaster[m[Kâ€™
[20.494s]   666 |     transform_br_[01;31m[K->[m[KsendTransform(transform_stamped);
[20.494s]       |                  [01;31m[K^~[m[K
[20.496s] [01m[K/home/robodog/RoboDog/ros2_ws/src/motion_cmd/src/motion_cmd.cpp:674:18:[m[K [01;31m[Kerror: [m[Kbase operand of â€˜[01m[K->[m[Kâ€™ has non-pointer type â€˜[01m[Ktf2_ros::TransformBroadcaster[m[Kâ€™
[20.497s]   674 |     transform_br_[01;31m[K->[m[KsendTransform(transform_stamped);
[20.498s]       |                  [01;31m[K^~[m[K
[20.498s] [01m[K/home/robodog/RoboDog/ros2_ws/src/motion_cmd/src/motion_cmd.cpp:682:18:[m[K [01;31m[Kerror: [m[Kbase operand of â€˜[01m[K->[m[Kâ€™ has non-pointer type â€˜[01m[Ktf2_ros::TransformBroadcaster[m[Kâ€™
[20.499s]   682 |     transform_br_[01;31m[K->[m[KsendTransform(transform_stamped);
[20.500s]       |                  [01;31m[K^~[m[K
[20.500s] [01m[K/home/robodog/RoboDog/ros2_ws/src/motion_cmd/src/motion_cmd.cpp:693:18:[m[K [01;31m[Kerror: [m[Kbase operand of â€˜[01m[K->[m[Kâ€™ has non-pointer type â€˜[01m[Ktf2_ros::TransformBroadcaster[m[Kâ€™
[20.501s]   693 |     transform_br_[01;31m[K->[m[KsendTransform(transform_stamped);
[20.502s]       |                  [01;31m[K^~[m[K
[20.502s] [01m[K/home/robodog/RoboDog/ros2_ws/src/motion_cmd/src/motion_cmd.cpp:701:18:[m[K [01;31m[Kerror: [m[Kbase operand of â€˜[01m[K->[m[Kâ€™ has non-pointer type â€˜[01m[Ktf2_ros::TransformBroadcaster[m[Kâ€™
[20.503s]   701 |     transform_br_[01;31m[K->[m[KsendTransform(transform_stamped);
[20.504s]       |                  [01;31m[K^~[m[K
[20.504s] [01m[K/home/robodog/RoboDog/ros2_ws/src/motion_cmd/src/motion_cmd.cpp:709:18:[m[K [01;31m[Kerror: [m[Kbase operand of â€˜[01m[K->[m[Kâ€™ has non-pointer type â€˜[01m[Ktf2_ros::TransformBroadcaster[m[Kâ€™
[20.505s]   709 |     transform_br_[01;31m[K->[m[KsendTransform(transform_stamped);
[20.505s]       |                  [01;31m[K^~[m[K
[21.433s] In file included from [01m[K/opt/ros/humble/include/rclcpp/rclcpp/node_interfaces/node_parameters_interface.hpp:28[m[K,
[21.434s]                  from [01m[K/opt/ros/humble/include/rclcpp/rclcpp/node.hpp:54[m[K,
[21.437s]                  from [01m[K/opt/ros/humble/include/rclcpp/rclcpp/executors/single_threaded_executor.hpp:28[m[K,
[21.438s]                  from [01m[K/opt/ros/humble/include/rclcpp/rclcpp/executors.hpp:22[m[K,
[21.438s]                  from [01m[K/opt/ros/humble/include/rclcpp/rclcpp/rclcpp.hpp:155[m[K,
[21.439s]                  from [01m[K/home/robodog/RoboDog/ros2_ws/src/motion_cmd/include/motion_cmd/motion_cmd.h:7[m[K,
[21.439s]                  from [01m[K/home/robodog/RoboDog/ros2_ws/src/motion_cmd/src/motion_cmd.cpp:1[m[K:
[21.440s] /opt/ros/humble/include/rclcpp/rclcpp/parameter.hpp: In instantiation of â€˜[01m[Kauto rclcpp::detail::get_value_helper(const rclcpp::Parameter*) [with T = std::map<std::__cxx11::basic_string<char>, float>][m[Kâ€™:
[21.441s] [01m[K/opt/ros/humble/include/rclcpp/rclcpp/parameter.hpp:274:39:[m[K   required from â€˜[01m[Kdecltype(auto) rclcpp::Parameter::get_value() const [with T = std::map<std::__cxx11::basic_string<char>, float>][m[Kâ€™
[21.441s] [01m[K/opt/ros/humble/include/rclcpp/rclcpp/node_impl.hpp:294:80:[m[K   required from â€˜[01m[Kbool rclcpp::Node::get_parameter(const string&, ParameterT&) const [with ParameterT = std::map<std::__cxx11::basic_string<char>, float>; std::string = std::__cxx11::basic_string<char>][m[Kâ€™
[21.442s] [01m[K/home/robodog/RoboDog/ros2_ws/src/motion_cmd/src/motion_cmd.cpp:383:22:[m[K   required from here
[21.443s] [01m[K/opt/ros/humble/include/rclcpp/rclcpp/parameter.hpp:239:49:[m[K [01;31m[Kerror: [m[Kno matching function for call to â€˜[01m[Krclcpp::ParameterValue::get<std::map<std::__cxx11::basic_string<char, std::char_traits<char>, std::allocator<char> >, float, std::less<std::__cxx11::basic_string<char, std::char_traits<char>, std::allocator<char> > >, std::allocator<std::pair<const std::__cxx11::basic_string<char, std::char_traits<char>, std::allocator<char> >, float> > > >() const[m[Kâ€™
[21.443s]   239 |   return [01;31m[Kparameter->get_parameter_value().get<T>()[m[K;
[21.444s]       |          [01;31m[K~~~~~~~~~~~~~~~~~~~~~~~~~~~~~~~~~~~~~~~^~[m[K
[21.445s] In file included from [01m[K/opt/ros/humble/include/rclcpp/rclcpp/parameter.hpp:26[m[K,
[21.445s]                  from [01m[K/opt/ros/humble/include/rclcpp/rclcpp/node_interfaces/node_parameters_interface.hpp:28[m[K,
[21.446s]                  from [01m[K/opt/ros/humble/include/rclcpp/rclcpp/node.hpp:54[m[K,
[21.447s]                  from [01m[K/opt/ros/humble/include/rclcpp/rclcpp/executors/single_threaded_executor.hpp:28[m[K,
[21.447s]                  from [01m[K/opt/ros/humble/include/rclcpp/rclcpp/executors.hpp:22[m[K,
[21.448s]                  from [01m[K/opt/ros/humble/include/rclcpp/rclcpp/rclcpp.hpp:155[m[K,
[21.448s]                  from [01m[K/home/robodog/RoboDog/ros2_ws/src/motion_cmd/include/motion_cmd/motion_cmd.h:7[m[K,
[21.449s]                  from [01m[K/home/robodog/RoboDog/ros2_ws/src/motion_cmd/src/motion_cmd.cpp:1[m[K:
[21.450s] [01m[K/opt/ros/humble/include/rclcpp/rclcpp/parameter_value.hpp:148:3:[m[K [01;36m[Knote: [m[Kcandidate: â€˜[01m[Ktemplate<rclcpp::ParameterType type> constexpr typename std::enable_if<(type == rclcpp::PARAMETER_BOOL), const bool&>::type rclcpp::ParameterValue::get() const[m[Kâ€™
[21.450s]   148 |   [01;36m[Kget[m[K() const
[21.451s]       |   [01;36m[K^~~[m[K
[21.452s] [01m[K/opt/ros/humble/include/rclcpp/rclcpp/parameter_value.hpp:148:3:[m[K [01;36m[Knote: [m[K  template argument deduction/substitution failed:
[21.452s] In file included from [01m[K/opt/ros/humble/include/rclcpp/rclcpp/node_interfaces/node_parameters_interface.hpp:28[m[K,
[21.453s]                  from [01m[K/opt/ros/humble/include/rclcpp/rclcpp/node.hpp:54[m[K,
[21.454s]                  from [01m[K/opt/ros/humble/include/rclcpp/rclcpp/executors/single_threaded_executor.hpp:28[m[K,
[21.454s]                  from [01m[K/opt/ros/humble/include/rclcpp/rclcpp/executors.hpp:22[m[K,
[21.455s]                  from [01m[K/opt/ros/humble/include/rclcpp/rclcpp/rclcpp.hpp:155[m[K,
[21.455s]                  from [01m[K/home/robodog/RoboDog/ros2_ws/src/motion_cmd/include/motion_cmd/motion_cmd.h:7[m[K,
[21.456s]                  from [01m[K/home/robodog/RoboDog/ros2_ws/src/motion_cmd/src/motion_cmd.cpp:1[m[K:
[21.457s] [01m[K/opt/ros/humble/include/rclcpp/rclcpp/parameter.hpp:239:49:[m[K [01;31m[Kerror: [m[Ktype/value mismatch at argument 1 in template parameter list for â€˜[01m[Ktemplate<rclcpp::ParameterType type> constexpr typename std::enable_if<(type == rclcpp::PARAMETER_BOOL), const bool&>::type rclcpp::ParameterValue::get() const[m[Kâ€™
[21.457s]   239 |   return [01;31m[Kparameter->get_parameter_value().get<T>()[m[K;
[21.458s]       |          [01;31m[K~~~~~~~~~~~~~~~~~~~~~~~~~~~~~~~~~~~~~~~^~[m[K
[21.458s] [01m[K/opt/ros/humble/include/rclcpp/rclcpp/parameter.hpp:239:49:[m[K [01;36m[Knote: [m[K  expected a constant of type â€˜[01m[Krclcpp::ParameterType[m[Kâ€™, got â€˜[01m[Kstd::map<std::__cxx11::basic_string<char>, float>[m[Kâ€™
[21.459s] In file included from [01m[K/opt/ros/humble/include/rclcpp/rclcpp/parameter.hpp:26[m[K,
[21.460s]                  from [01m[K/opt/ros/humble/include/rclcpp/rclcpp/node_interfaces/node_parameters_interface.hpp:28[m[K,
[21.461s]                  from [01m[K/opt/ros/humble/include/rclcpp/rclcpp/node.hpp:54[m[K,
[21.463s]                  from [01m[K/opt/ros/humble/include/rclcpp/rclcpp/executors/single_threaded_executor.hpp:28[m[K,
[21.464s]                  from [01m[K/opt/ros/humble/include/rclcpp/rclcpp/executors.hpp:22[m[K,
[21.465s]                  from [01m[K/opt/ros/humble/include/rclcpp/rclcpp/rclcpp.hpp:155[m[K,
[21.465s]                  from [01m[K/home/robodog/RoboDog/ros2_ws/src/motion_cmd/include/motion_cmd/motion_cmd.h:7[m[K,
[21.466s]                  from [01m[K/home/robodog/RoboDog/ros2_ws/src/motion_cmd/src/motion_cmd.cpp:1[m[K:
[21.466s] [01m[K/opt/ros/humble/include/rclcpp/rclcpp/parameter_value.hpp:159:3:[m[K [01;36m[Knote: [m[Kcandidate: â€˜[01m[Ktemplate<rclcpp::ParameterType type> constexpr typename std::enable_if<(type == rclcpp::PARAMETER_INTEGER), const long int&>::type rclcpp::ParameterValue::get() const[m[Kâ€™
[21.467s]   159 |   [01;36m[Kget[m[K() const
[21.468s]       |   [01;36m[K^~~[m[K
[21.468s] [01m[K/opt/ros/humble/include/rclcpp/rclcpp/parameter_value.hpp:159:3:[m[K [01;36m[Knote: [m[K  template argument deduction/substitution failed:
[21.469s] In file included from [01m[K/opt/ros/humble/include/rclcpp/rclcpp/node_interfaces/node_parameters_interface.hpp:28[m[K,
[21.470s]                  from [01m[K/opt/ros/humble/include/rclcpp/rclcpp/node.hpp:54[m[K,
[21.470s]                  from [01m[K/opt/ros/humble/include/rclcpp/rclcpp/executors/single_threaded_executor.hpp:28[m[K,
[21.471s]                  from [01m[K/opt/ros/humble/include/rclcpp/rclcpp/executors.hpp:22[m[K,
[21.474s]                  from [01m[K/opt/ros/humble/include/rclcpp/rclcpp/rclcpp.hpp:155[m[K,
[21.475s]                  from [01m[K/home/robodog/RoboDog/ros2_ws/src/motion_cmd/include/motion_cmd/motion_cmd.h:7[m[K,
[21.476s]                  from [01m[K/home/robodog/RoboDog/ros2_ws/src/motion_cmd/src/motion_cmd.cpp:1[m[K:
[21.477s] [01m[K/opt/ros/humble/include/rclcpp/rclcpp/parameter.hpp:239:49:[m[K [01;31m[Kerror: [m[Ktype/value mismatch at argument 1 in template parameter list for â€˜[01m[Ktemplate<rclcpp::ParameterType type> constexpr typename std::enable_if<(type == rclcpp::PARAMETER_INTEGER), const long int&>::type rclcpp::ParameterValue::get() const[m[Kâ€™
[21.478s]   239 |   return [01;31m[Kparameter->get_parameter_value().get<T>()[m[K;
[21.478s]       |          [01;31m[K~~~~~~~~~~~~~~~~~~~~~~~~~~~~~~~~~~~~~~~^~[m[K
[21.479s] [01m[K/opt/ros/humble/include/rclcpp/rclcpp/parameter.hpp:239:49:[m[K [01;36m[Knote: [m[K  expected a constant of type â€˜[01m[Krclcpp::ParameterType[m[Kâ€™, got â€˜[01m[Kstd::map<std::__cxx11::basic_string<char>, float>[m[Kâ€™
[21.480s] In file included from [01m[K/opt/ros/humble/include/rclcpp/rclcpp/parameter.hpp:26[m[K,
[21.480s]                  from [01m[K/opt/ros/humble/include/rclcpp/rclcpp/node_interfaces/node_parameters_interface.hpp:28[m[K,
[21.481s]                  from [01m[K/opt/ros/humble/include/rclcpp/rclcpp/node.hpp:54[m[K,
[21.482s]                  from [01m[K/opt/ros/humble/include/rclcpp/rclcpp/executors/single_threaded_executor.hpp:28[m[K,
[21.482s]                  from [01m[K/opt/ros/humble/include/rclcpp/rclcpp/executors.hpp:22[m[K,
[21.483s]                  from [01m[K/opt/ros/humble/include/rclcpp/rclcpp/rclcpp.hpp:155[m[K,
[21.484s]                  from [01m[K/home/robodog/RoboDog/ros2_ws/src/motion_cmd/include/motion_cmd/motion_cmd.h:7[m[K,
[21.484s]                  from [01m[K/home/robodog/RoboDog/ros2_ws/src/motion_cmd/src/motion_cmd.cpp:1[m[K:
[21.485s] [01m[K/opt/ros/humble/include/rclcpp/rclcpp/parameter_value.hpp:170:3:[m[K [01;36m[Knote: [m[Kcandidate: â€˜[01m[Ktemplate<rclcpp::ParameterType type> constexpr typename std::enable_if<(type == rclcpp::PARAMETER_DOUBLE), const double&>::type rclcpp::ParameterValue::get() const[m[Kâ€™
[21.485s]   170 |   [01;36m[Kget[m[K() const
[21.486s]       |   [01;36m[K^~~[m[K
[21.487s] [01m[K/opt/ros/humble/include/rclcpp/rclcpp/parameter_value.hpp:170:3:[m[K [01;36m[Knote: [m[K  template argument deduction/substitution failed:
[21.487s] In file included from [01m[K/opt/ros/humble/include/rclcpp/rclcpp/node_interfaces/node_parameters_interface.hpp:28[m[K,
[21.488s]                  from [01m[K/opt/ros/humble/include/rclcpp/rclcpp/node.hpp:54[m[K,
[21.489s]                  from [01m[K/opt/ros/humble/include/rclcpp/rclcpp/executors/single_threaded_executor.hpp:28[m[K,
[21.489s]                  from [01m[K/opt/ros/humble/include/rclcpp/rclcpp/executors.hpp:22[m[K,
[21.490s]                  from [01m[K/opt/ros/humble/include/rclcpp/rclcpp/rclcpp.hpp:155[m[K,
[21.491s]                  from [01m[K/home/robodog/RoboDog/ros2_ws/src/motion_cmd/include/motion_cmd/motion_cmd.h:7[m[K,
[21.491s]                  from [01m[K/home/robodog/RoboDog/ros2_ws/src/motion_cmd/src/motion_cmd.cpp:1[m[K:
[21.492s] [01m[K/opt/ros/humble/include/rclcpp/rclcpp/parameter.hpp:239:49:[m[K [01;31m[Kerror: [m[Ktype/value mismatch at argument 1 in template parameter list for â€˜[01m[Ktemplate<rclcpp::ParameterType type> constexpr typename std::enable_if<(type == rclcpp::PARAMETER_DOUBLE), const double&>::type rclcpp::ParameterValue::get() const[m[Kâ€™
[21.493s]   239 |   return [01;31m[Kparameter->get_parameter_value().get<T>()[m[K;
[21.493s]       |          [01;31m[K~~~~~~~~~~~~~~~~~~~~~~~~~~~~~~~~~~~~~~~^~[m[K
[21.494s] [01m[K/opt/ros/humble/include/rclcpp/rclcpp/parameter.hpp:239:49:[m[K [01;36m[Knote: [m[K  expected a constant of type â€˜[01m[Krclcpp::ParameterType[m[Kâ€™, got â€˜[01m[Kstd::map<std::__cxx11::basic_string<char>, float>[m[Kâ€™
[21.494s] In file included from [01m[K/opt/ros/humble/include/rclcpp/rclcpp/parameter.hpp:26[m[K,
[21.495s]                  from [01m[K/opt/ros/humble/include/rclcpp/rclcpp/node_interfaces/node_parameters_interface.hpp:28[m[K,
[21.496s]                  from [01m[K/opt/ros/humble/include/rclcpp/rclcpp/node.hpp:54[m[K,
[21.496s]                  from [01m[K/opt/ros/humble/include/rclcpp/rclcpp/executors/single_threaded_executor.hpp:28[m[K,
[21.497s]                  from [01m[K/opt/ros/humble/include/rclcpp/rclcpp/executors.hpp:22[m[K,
[21.498s]                  from [01m[K/opt/ros/humble/include/rclcpp/rclcpp/rclcpp.hpp:155[m[K,
[21.498s]                  from [01m[K/home/robodog/RoboDog/ros2_ws/src/motion_cmd/include/motion_cmd/motion_cmd.h:7[m[K,
[21.499s]                  from [01m[K/home/robodog/RoboDog/ros2_ws/src/motion_cmd/src/motion_cmd.cpp:1[m[K:
[21.499s] [01m[K/opt/ros/humble/include/rclcpp/rclcpp/parameter_value.hpp:181:3:[m[K [01;36m[Knote: [m[Kcandidate: â€˜[01m[Ktemplate<rclcpp::ParameterType type> constexpr typename std::enable_if<(type == rclcpp::PARAMETER_STRING), const std::__cxx11::basic_string<char>&>::type rclcpp::ParameterValue::get() const[m[Kâ€™
[21.500s]   181 |   [01;36m[Kget[m[K() const
[21.501s]       |   [01;36m[K^~~[m[K
[21.501s] [01m[K/opt/ros/humble/include/rclcpp/rclcpp/parameter_value.hpp:181:3:[m[K [01;36m[Knote: [m[K  template argument deduction/substitution failed:
[21.502s] In file included from [01m[K/opt/ros/humble/include/rclcpp/rclcpp/node_interfaces/node_parameters_interface.hpp:28[m[K,
[21.503s]                  from [01m[K/opt/ros/humble/include/rclcpp/rclcpp/node.hpp:54[m[K,
[21.503s]                  from [01m[K/opt/ros/humble/include/rclcpp/rclcpp/executors/single_threaded_executor.hpp:28[m[K,
[21.504s]                  from [01m[K/opt/ros/humble/include/rclcpp/rclcpp/executors.hpp:22[m[K,
[21.505s]                  from [01m[K/opt/ros/humble/include/rclcpp/rclcpp/rclcpp.hpp:155[m[K,
[21.505s]                  from [01m[K/home/robodog/RoboDog/ros2_ws/src/motion_cmd/include/motion_cmd/motion_cmd.h:7[m[K,
[21.506s]                  from [01m[K/home/robodog/RoboDog/ros2_ws/src/motion_cmd/src/motion_cmd.cpp:1[m[K:
[21.507s] [01m[K/opt/ros/humble/include/rclcpp/rclcpp/parameter.hpp:239:49:[m[K [01;31m[Kerror: [m[Ktype/value mismatch at argument 1 in template parameter list for â€˜[01m[Ktemplate<rclcpp::ParameterType type> constexpr typename std::enable_if<(type == rclcpp::PARAMETER_STRING), const std::__cxx11::basic_string<char>&>::type rclcpp::ParameterValue::get() const[m[Kâ€™
[21.507s]   239 |   return [01;31m[Kparameter->get_parameter_value().get<T>()[m[K;
[21.508s]       |          [01;31m[K~~~~~~~~~~~~~~~~~~~~~~~~~~~~~~~~~~~~~~~^~[m[K
[21.509s] [01m[K/opt/ros/humble/include/rclcpp/rclcpp/parameter.hpp:239:49:[m[K [01;36m[Knote: [m[K  expected a constant of type â€˜[01m[Krclcpp::ParameterType[m[Kâ€™, got â€˜[01m[Kstd::map<std::__cxx11::basic_string<char>, float>[m[Kâ€™
[21.509s] In file included from [01m[K/opt/ros/humble/include/rclcpp/rclcpp/parameter.hpp:26[m[K,
[21.510s]                  from [01m[K/opt/ros/humble/include/rclcpp/rclcpp/node_interfaces/node_parameters_interface.hpp:28[m[K,
[21.510s]                  from [01m[K/opt/ros/humble/include/rclcpp/rclcpp/node.hpp:54[m[K,
[21.511s]                  from [01m[K/opt/ros/humble/include/rclcpp/rclcpp/executors/single_threaded_executor.hpp:28[m[K,
[21.512s]                  from [01m[K/opt/ros/humble/include/rclcpp/rclcpp/executors.hpp:22[m[K,
[21.512s]                  from [01m[K/opt/ros/humble/include/rclcpp/rclcpp/rclcpp.hpp:155[m[K,
[21.513s]                  from [01m[K/home/robodog/RoboDog/ros2_ws/src/motion_cmd/include/motion_cmd/motion_cmd.h:7[m[K,
[21.514s]                  from [01m[K/home/robodog/RoboDog/ros2_ws/src/motion_cmd/src/motion_cmd.cpp:1[m[K:
[21.514s] [01m[K/opt/ros/humble/include/rclcpp/rclcpp/parameter_value.hpp:193:3:[m[K [01;36m[Knote: [m[Kcandidate: â€˜[01m[Ktemplate<rclcpp::ParameterType type> constexpr typename std::enable_if<(type == rclcpp::PARAMETER_BYTE_ARRAY), const std::vector<unsigned char, std::allocator<unsigned char> >&>::type rclcpp::ParameterValue::get() const[m[Kâ€™
[21.515s]   193 |   [01;36m[Kget[m[K() const
[21.516s]       |   [01;36m[K^~~[m[K
[21.517s] [01m[K/opt/ros/humble/include/rclcpp/rclcpp/parameter_value.hpp:193:3:[m[K [01;36m[Knote: [m[K  template argument deduction/substitution failed:
[21.517s] In file included from [01m[K/opt/ros/humble/include/rclcpp/rclcpp/node_interfaces/node_parameters_interface.hpp:28[m[K,
[21.518s]                  from [01m[K/opt/ros/humble/include/rclcpp/rclcpp/node.hpp:54[m[K,
[21.519s]                  from [01m[K/opt/ros/humble/include/rclcpp/rclcpp/executors/single_threaded_executor.hpp:28[m[K,
[21.519s]                  from [01m[K/opt/ros/humble/include/rclcpp/rclcpp/executors.hpp:22[m[K,
[21.520s]                  from [01m[K/opt/ros/humble/include/rclcpp/rclcpp/rclcpp.hpp:155[m[K,
[21.521s]                  from [01m[K/home/robodog/RoboDog/ros2_ws/src/motion_cmd/include/motion_cmd/motion_cmd.h:7[m[K,
[21.521s]                  from [01m[K/home/robodog/RoboDog/ros2_ws/src/motion_cmd/src/motion_cmd.cpp:1[m[K:
[21.522s] [01m[K/opt/ros/humble/include/rclcpp/rclcpp/parameter.hpp:239:49:[m[K [01;31m[Kerror: [m[Ktype/value mismatch at argument 1 in template parameter list for â€˜[01m[Ktemplate<rclcpp::ParameterType type> constexpr typename std::enable_if<(type == rclcpp::PARAMETER_BYTE_ARRAY), const std::vector<unsigned char, std::allocator<unsigned char> >&>::type rclcpp::ParameterValue::get() const[m[Kâ€™
[21.523s]   239 |   return [01;31m[Kparameter->get_parameter_value().get<T>()[m[K;
[21.524s]       |          [01;31m[K~~~~~~~~~~~~~~~~~~~~~~~~~~~~~~~~~~~~~~~^~[m[K
[21.524s] [01m[K/opt/ros/humble/include/rclcpp/rclcpp/parameter.hpp:239:49:[m[K [01;36m[Knote: [m[K  expected a constant of type â€˜[01m[Krclcpp::ParameterType[m[Kâ€™, got â€˜[01m[Kstd::map<std::__cxx11::basic_string<char>, float>[m[Kâ€™
[21.525s] In file included from [01m[K/opt/ros/humble/include/rclcpp/rclcpp/parameter.hpp:26[m[K,
[21.525s]                  from [01m[K/opt/ros/humble/include/rclcpp/rclcpp/node_interfaces/node_parameters_interface.hpp:28[m[K,
[21.526s]                  from [01m[K/opt/ros/humble/include/rclcpp/rclcpp/node.hpp:54[m[K,
[21.527s]                  from [01m[K/opt/ros/humble/include/rclcpp/rclcpp/executors/single_threaded_executor.hpp:28[m[K,
[21.527s]                  from [01m[K/opt/ros/humble/include/rclcpp/rclcpp/executors.hpp:22[m[K,
[21.528s]                  from [01m[K/opt/ros/humble/include/rclcpp/rclcpp/rclcpp.hpp:155[m[K,
[21.529s]                  from [01m[K/home/robodog/RoboDog/ros2_ws/src/motion_cmd/include/motion_cmd/motion_cmd.h:7[m[K,
[21.529s]                  from [01m[K/home/robodog/RoboDog/ros2_ws/src/motion_cmd/src/motion_cmd.cpp:1[m[K:
[21.530s] [01m[K/opt/ros/humble/include/rclcpp/rclcpp/parameter_value.hpp:205:3:[m[K [01;36m[Knote: [m[Kcandidate: â€˜[01m[Ktemplate<rclcpp::ParameterType type> constexpr typename std::enable_if<(type == rclcpp::PARAMETER_BOOL_ARRAY), const std::vector<bool, std::allocator<bool> >&>::type rclcpp::ParameterValue::get() const[m[Kâ€™
[21.530s]   205 |   [01;36m[Kget[m[K() const
[21.531s]       |   [01;36m[K^~~[m[K
[21.532s] [01m[K/opt/ros/humble/include/rclcpp/rclcpp/parameter_value.hpp:205:3:[m[K [01;36m[Knote: [m[K  template argument deduction/substitution failed:
[21.532s] In file included from [01m[K/opt/ros/humble/include/rclcpp/rclcpp/node_interfaces/node_parameters_interface.hpp:28[m[K,
[21.533s]                  from [01m[K/opt/ros/humble/include/rclcpp/rclcpp/node.hpp:54[m[K,
[21.534s]                  from [01m[K/opt/ros/humble/include/rclcpp/rclcpp/executors/single_threaded_executor.hpp:28[m[K,
[21.534s]                  from [01m[K/opt/ros/humble/include/rclcpp/rclcpp/executors.hpp:22[m[K,
[21.536s]                  from [01m[K/opt/ros/humble/include/rclcpp/rclcpp/rclcpp.hpp:155[m[K,
[21.537s]                  from [01m[K/home/robodog/RoboDog/ros2_ws/src/motion_cmd/include/motion_cmd/motion_cmd.h:7[m[K,
[21.537s]                  from [01m[K/home/robodog/RoboDog/ros2_ws/src/motion_cmd/src/motion_cmd.cpp:1[m[K:
[21.538s] [01m[K/opt/ros/humble/include/rclcpp/rclcpp/parameter.hpp:239:49:[m[K [01;31m[Kerror: [m[Ktype/value mismatch at argument 1 in template parameter list for â€˜[01m[Ktemplate<rclcpp::ParameterType type> constexpr typename std::enable_if<(type == rclcpp::PARAMETER_BOOL_ARRAY), const std::vector<bool, std::allocator<bool> >&>::type rclcpp::ParameterValue::get() const[m[Kâ€™
[21.539s]   239 |   return [01;31m[Kparameter->get_parameter_value().get<T>()[m[K;
[21.540s]       |          [01;31m[K~~~~~~~~~~~~~~~~~~~~~~~~~~~~~~~~~~~~~~~^~[m[K
[21.540s] [01m[K/opt/ros/humble/include/rclcpp/rclcpp/parameter.hpp:239:49:[m[K [01;36m[Knote: [m[K  expected a constant of type â€˜[01m[Krclcpp::ParameterType[m[Kâ€™, got â€˜[01m[Kstd::map<std::__cxx11::basic_string<char>, float>[m[Kâ€™
[21.541s] In file included from [01m[K/opt/ros/humble/include/rclcpp/rclcpp/parameter.hpp:26[m[K,
[21.542s]                  from [01m[K/opt/ros/humble/include/rclcpp/rclcpp/node_interfaces/node_parameters_interface.hpp:28[m[K,
[21.543s]                  from [01m[K/opt/ros/humble/include/rclcpp/rclcpp/node.hpp:54[m[K,
[21.543s]                  from [01m[K/opt/ros/humble/include/rclcpp/rclcpp/executors/single_threaded_executor.hpp:28[m[K,
[21.544s]                  from [01m[K/opt/ros/humble/include/rclcpp/rclcpp/executors.hpp:22[m[K,
[21.545s]                  from [01m[K/opt/ros/humble/include/rclcpp/rclcpp/rclcpp.hpp:155[m[K,
[21.546s]                  from [01m[K/home/robodog/RoboDog/ros2_ws/src/motion_cmd/include/motion_cmd/motion_cmd.h:7[m[K,
[21.546s]                  from [01m[K/home/robodog/RoboDog/ros2_ws/src/motion_cmd/src/motion_cmd.cpp:1[m[K:
[21.547s] [01m[K/opt/ros/humble/include/rclcpp/rclcpp/parameter_value.hpp:217:3:[m[K [01;36m[Knote: [m[Kcandidate: â€˜[01m[Ktemplate<rclcpp::ParameterType type> constexpr typename std::enable_if<(type == rclcpp::PARAMETER_INTEGER_ARRAY), const std::vector<long int, std::allocator<long int> >&>::type rclcpp::ParameterValue::get() const[m[Kâ€™
[21.548s]   217 |   [01;36m[Kget[m[K() const
[21.549s]       |   [01;36m[K^~~[m[K
[21.549s] [01m[K/opt/ros/humble/include/rclcpp/rclcpp/parameter_value.hpp:217:3:[m[K [01;36m[Knote: [m[K  template argument deduction/substitution failed:
[21.550s] In file included from [01m[K/opt/ros/humble/include/rclcpp/rclcpp/node_interfaces/node_parameters_interface.hpp:28[m[K,
[21.551s]                  from [01m[K/opt/ros/humble/include/rclcpp/rclcpp/node.hpp:54[m[K,
[21.551s]                  from [01m[K/opt/ros/humble/include/rclcpp/rclcpp/executors/single_threaded_executor.hpp:28[m[K,
[21.552s]                  from [01m[K/opt/ros/humble/include/rclcpp/rclcpp/executors.hpp:22[m[K,
[21.553s]                  from [01m[K/opt/ros/humble/include/rclcpp/rclcpp/rclcpp.hpp:155[m[K,
[21.554s]                  from [01m[K/home/robodog/RoboDog/ros2_ws/src/motion_cmd/include/motion_cmd/motion_cmd.h:7[m[K,
[21.555s]                  from [01m[K/home/robodog/RoboDog/ros2_ws/src/motion_cmd/src/motion_cmd.cpp:1[m[K:
[21.555s] [01m[K/opt/ros/humble/include/rclcpp/rclcpp/parameter.hpp:239:49:[m[K [01;31m[Kerror: [m[Ktype/value mismatch at argument 1 in template parameter list for â€˜[01m[Ktemplate<rclcpp::ParameterType type> constexpr typename std::enable_if<(type == rclcpp::PARAMETER_INTEGER_ARRAY), const std::vector<long int, std::allocator<long int> >&>::type rclcpp::ParameterValue::get() const[m[Kâ€™
[21.556s]   239 |   return [01;31m[Kparameter->get_parameter_value().get<T>()[m[K;
[21.557s]       |          [01;31m[K~~~~~~~~~~~~~~~~~~~~~~~~~~~~~~~~~~~~~~~^~[m[K
[21.558s] [01m[K/opt/ros/humble/include/rclcpp/rclcpp/parameter.hpp:239:49:[m[K [01;36m[Knote: [m[K  expected a constant of type â€˜[01m[Krclcpp::ParameterType[m[Kâ€™, got â€˜[01m[Kstd::map<std::__cxx11::basic_string<char>, float>[m[Kâ€™
[21.558s] In file included from [01m[K/opt/ros/humble/include/rclcpp/rclcpp/parameter.hpp:26[m[K,
[21.559s]                  from [01m[K/opt/ros/humble/include/rclcpp/rclcpp/node_interfaces/node_parameters_interface.hpp:28[m[K,
[21.560s]                  from [01m[K/opt/ros/humble/include/rclcpp/rclcpp/node.hpp:54[m[K,
[21.561s]                  from [01m[K/opt/ros/humble/include/rclcpp/rclcpp/executors/single_threaded_executor.hpp:28[m[K,
[21.562s]                  from [01m[K/opt/ros/humble/include/rclcpp/rclcpp/executors.hpp:22[m[K,
[21.562s]                  from [01m[K/opt/ros/humble/include/rclcpp/rclcpp/rclcpp.hpp:155[m[K,
[21.563s]                  from [01m[K/home/robodog/RoboDog/ros2_ws/src/motion_cmd/include/motion_cmd/motion_cmd.h:7[m[K,
[21.564s]                  from [01m[K/home/robodog/RoboDog/ros2_ws/src/motion_cmd/src/motion_cmd.cpp:1[m[K:
[21.565s] [01m[K/opt/ros/humble/include/rclcpp/rclcpp/parameter_value.hpp:229:3:[m[K [01;36m[Knote: [m[Kcandidate: â€˜[01m[Ktemplate<rclcpp::ParameterType type> constexpr typename std::enable_if<(type == rclcpp::PARAMETER_DOUBLE_ARRAY), const std::vector<double, std::allocator<double> >&>::type rclcpp::ParameterValue::get() const[m[Kâ€™
[21.566s]   229 |   [01;36m[Kget[m[K() const
[21.566s]       |   [01;36m[K^~~[m[K
[21.567s] [01m[K/opt/ros/humble/include/rclcpp/rclcpp/parameter_value.hpp:229:3:[m[K [01;36m[Knote: [m[K  template argument deduction/substitution failed:
[21.568s] In file included from [01m[K/opt/ros/humble/include/rclcpp/rclcpp/node_interfaces/node_parameters_interface.hpp:28[m[K,
[21.569s]                  from [01m[K/opt/ros/humble/include/rclcpp/rclcpp/node.hpp:54[m[K,
[21.569s]                  from [01m[K/opt/ros/humble/include/rclcpp/rclcpp/executors/single_threaded_executor.hpp:28[m[K,
[21.570s]                  from [01m[K/opt/ros/humble/include/rclcpp/rclcpp/executors.hpp:22[m[K,
[21.571s]                  from [01m[K/opt/ros/humble/include/rclcpp/rclcpp/rclcpp.hpp:155[m[K,
[21.572s]                  from [01m[K/home/robodog/RoboDog/ros2_ws/src/motion_cmd/include/motion_cmd/motion_cmd.h:7[m[K,
[21.572s]                  from [01m[K/home/robodog/RoboDog/ros2_ws/src/motion_cmd/src/motion_cmd.cpp:1[m[K:
[21.573s] [01m[K/opt/ros/humble/include/rclcpp/rclcpp/parameter.hpp:239:49:[m[K [01;31m[Kerror: [m[Ktype/value mismatch at argument 1 in template parameter list for â€˜[01m[Ktemplate<rclcpp::ParameterType type> constexpr typename std::enable_if<(type == rclcpp::PARAMETER_DOUBLE_ARRAY), const std::vector<double, std::allocator<double> >&>::type rclcpp::ParameterValue::get() const[m[Kâ€™
[21.574s]   239 |   return [01;31m[Kparameter->get_parameter_value().get<T>()[m[K;
[21.575s]       |          [01;31m[K~~~~~~~~~~~~~~~~~~~~~~~~~~~~~~~~~~~~~~~^~[m[K
[21.575s] [01m[K/opt/ros/humble/include/rclcpp/rclcpp/parameter.hpp:239:49:[m[K [01;36m[Knote: [m[K  expected a constant of type â€˜[01m[Krclcpp::ParameterType[m[Kâ€™, got â€˜[01m[Kstd::map<std::__cxx11::basic_string<char>, float>[m[Kâ€™
[21.576s] In file included from [01m[K/opt/ros/humble/include/rclcpp/rclcpp/parameter.hpp:26[m[K,
[21.577s]                  from [01m[K/opt/ros/humble/include/rclcpp/rclcpp/node_interfaces/node_parameters_interface.hpp:28[m[K,
[21.578s]                  from [01m[K/opt/ros/humble/include/rclcpp/rclcpp/node.hpp:54[m[K,
[21.579s]                  from [01m[K/opt/ros/humble/include/rclcpp/rclcpp/executors/single_threaded_executor.hpp:28[m[K,
[21.579s]                  from [01m[K/opt/ros/humble/include/rclcpp/rclcpp/executors.hpp:22[m[K,
[21.580s]                  from [01m[K/opt/ros/humble/include/rclcpp/rclcpp/rclcpp.hpp:155[m[K,
[21.581s]                  from [01m[K/home/robodog/RoboDog/ros2_ws/src/motion_cmd/include/motion_cmd/motion_cmd.h:7[m[K,
[21.581s]                  from [01m[K/home/robodog/RoboDog/ros2_ws/src/motion_cmd/src/motion_cmd.cpp:1[m[K:
[21.582s] [01m[K/opt/ros/humble/include/rclcpp/rclcpp/parameter_value.hpp:241:3:[m[K [01;36m[Knote: [m[Kcandidate: â€˜[01m[Ktemplate<rclcpp::ParameterType type> constexpr typename std::enable_if<(type == rclcpp::PARAMETER_STRING_ARRAY), const std::vector<std::__cxx11::basic_string<char> >&>::type rclcpp::ParameterValue::get() const[m[Kâ€™
[21.583s]   241 |   [01;36m[Kget[m[K() const
[21.584s]       |   [01;36m[K^~~[m[K
[21.587s] [01m[K/opt/ros/humble/include/rclcpp/rclcpp/parameter_value.hpp:241:3:[m[K [01;36m[Knote: [m[K  template argument deduction/substitution failed:
[21.588s] In file included from [01m[K/opt/ros/humble/include/rclcpp/rclcpp/node_interfaces/node_parameters_interface.hpp:28[m[K,
[21.588s]                  from [01m[K/opt/ros/humble/include/rclcpp/rclcpp/node.hpp:54[m[K,
[21.589s]                  from [01m[K/opt/ros/humble/include/rclcpp/rclcpp/executors/single_threaded_executor.hpp:28[m[K,
[21.590s]                  from [01m[K/opt/ros/humble/include/rclcpp/rclcpp/executors.hpp:22[m[K,
[21.591s]                  from [01m[K/opt/ros/humble/include/rclcpp/rclcpp/rclcpp.hpp:155[m[K,
[21.591s]                  from [01m[K/home/robodog/RoboDog/ros2_ws/src/motion_cmd/include/motion_cmd/motion_cmd.h:7[m[K,
[21.592s]                  from [01m[K/home/robodog/RoboDog/ros2_ws/src/motion_cmd/src/motion_cmd.cpp:1[m[K:
[21.593s] [01m[K/opt/ros/humble/include/rclcpp/rclcpp/parameter.hpp:239:49:[m[K [01;31m[Kerror: [m[Ktype/value mismatch at argument 1 in template parameter list for â€˜[01m[Ktemplate<rclcpp::ParameterType type> constexpr typename std::enable_if<(type == rclcpp::PARAMETER_STRING_ARRAY), const std::vector<std::__cxx11::basic_string<char> >&>::type rclcpp::ParameterValue::get() const[m[Kâ€™
[21.594s]   239 |   return [01;31m[Kparameter->get_parameter_value().get<T>()[m[K;
[21.595s]       |          [01;31m[K~~~~~~~~~~~~~~~~~~~~~~~~~~~~~~~~~~~~~~~^~[m[K
[21.595s] [01m[K/opt/ros/humble/include/rclcpp/rclcpp/parameter.hpp:239:49:[m[K [01;36m[Knote: [m[K  expected a constant of type â€˜[01m[Krclcpp::ParameterType[m[Kâ€™, got â€˜[01m[Kstd::map<std::__cxx11::basic_string<char>, float>[m[Kâ€™
[21.596s] In file included from [01m[K/opt/ros/humble/include/rclcpp/rclcpp/parameter.hpp:26[m[K,
[21.597s]                  from [01m[K/opt/ros/humble/include/rclcpp/rclcpp/node_interfaces/node_parameters_interface.hpp:28[m[K,
[21.598s]                  from [01m[K/opt/ros/humble/include/rclcpp/rclcpp/node.hpp:54[m[K,
[21.598s]                  from [01m[K/opt/ros/humble/include/rclcpp/rclcpp/executors/single_threaded_executor.hpp:28[m[K,
[21.599s]                  from [01m[K/opt/ros/humble/include/rclcpp/rclcpp/executors.hpp:22[m[K,
[21.600s]                  from [01m[K/opt/ros/humble/include/rclcpp/rclcpp/rclcpp.hpp:155[m[K,
[21.600s]                  from [01m[K/home/robodog/RoboDog/ros2_ws/src/motion_cmd/include/motion_cmd/motion_cmd.h:7[m[K,
[21.601s]                  from [01m[K/home/robodog/RoboDog/ros2_ws/src/motion_cmd/src/motion_cmd.cpp:1[m[K:
[21.602s] [01m[K/opt/ros/humble/include/rclcpp/rclcpp/parameter_value.hpp:254:3:[m[K [01;36m[Knote: [m[Kcandidate: â€˜[01m[Ktemplate<class type> constexpr typename std::enable_if<std::is_same<T, bool>::value, const bool&>::type rclcpp::ParameterValue::get() const[m[Kâ€™
[21.603s]   254 |   [01;36m[Kget[m[K() const
[21.605s]       |   [01;36m[K^~~[m[K
[21.607s] [01m[K/opt/ros/humble/include/rclcpp/rclcpp/parameter_value.hpp:254:3:[m[K [01;36m[Knote: [m[K  template argument deduction/substitution failed:
[21.607s] /opt/ros/humble/include/rclcpp/rclcpp/parameter_value.hpp: In substitution of â€˜[01m[Ktemplate<class type> constexpr typename std::enable_if<std::is_same<T, bool>::value, const bool&>::type rclcpp::ParameterValue::get() const [with type = std::map<std::__cxx11::basic_string<char>, float>][m[Kâ€™:
[21.608s] [01m[K/opt/ros/humble/include/rclcpp/rclcpp/parameter.hpp:239:49:[m[K   required from â€˜[01m[Kauto rclcpp::detail::get_value_helper(const rclcpp::Parameter*) [with T = std::map<std::__cxx11::basic_string<char>, float>][m[Kâ€™
[21.609s] [01m[K/opt/ros/humble/include/rclcpp/rclcpp/parameter.hpp:274:39:[m[K   required from â€˜[01m[Kdecltype(auto) rclcpp::Parameter::get_value() const [with T = std::map<std::__cxx11::basic_string<char>, float>][m[Kâ€™
[21.610s] [01m[K/opt/ros/humble/include/rclcpp/rclcpp/node_impl.hpp:294:80:[m[K   required from â€˜[01m[Kbool rclcpp::Node::get_parameter(const string&, ParameterT&) const [with ParameterT = std::map<std::__cxx11::basic_string<char>, float>; std::string = std::__cxx11::basic_string<char>][m[Kâ€™
[21.611s] [01m[K/home/robodog/RoboDog/ros2_ws/src/motion_cmd/src/motion_cmd.cpp:383:22:[m[K   required from here
[21.612s] [01m[K/opt/ros/humble/include/rclcpp/rclcpp/parameter_value.hpp:254:3:[m[K [01;31m[Kerror: [m[Kno type named â€˜[01m[Ktype[m[Kâ€™ in â€˜[01m[Kstruct std::enable_if<false, const bool&>[m[Kâ€™
[21.612s] /opt/ros/humble/include/rclcpp/rclcpp/parameter.hpp: In instantiation of â€˜[01m[Kauto rclcpp::detail::get_value_helper(const rclcpp::Parameter*) [with T = std::map<std::__cxx11::basic_string<char>, float>][m[Kâ€™:
[21.613s] [01m[K/opt/ros/humble/include/rclcpp/rclcpp/parameter.hpp:274:39:[m[K   required from â€˜[01m[Kdecltype(auto) rclcpp::Parameter::get_value() const [with T = std::map<std::__cxx11::basic_string<char>, float>][m[Kâ€™
[21.614s] [01m[K/opt/ros/humble/include/rclcpp/rclcpp/node_impl.hpp:294:80:[m[K   required from â€˜[01m[Kbool rclcpp::Node::get_parameter(const string&, ParameterT&) const [with ParameterT = std::map<std::__cxx11::basic_string<char>, float>; std::string = std::__cxx11::basic_string<char>][m[Kâ€™
[21.615s] [01m[K/home/robodog/RoboDog/ros2_ws/src/motion_cmd/src/motion_cmd.cpp:383:22:[m[K   required from here
[21.616s] [01m[K/opt/ros/humble/include/rclcpp/rclcpp/parameter_value.hpp:263:3:[m[K [01;36m[Knote: [m[Kcandidate: â€˜[01m[Ktemplate<class type> constexpr typename std::enable_if<(std::is_integral<_Tp>::value && (! std::is_same<T, bool>::value)), const long int&>::type rclcpp::ParameterValue::get() const[m[Kâ€™
[21.616s]   263 |   [01;36m[Kget[m[K() const
[21.617s]       |   [01;36m[K^~~[m[K
[21.618s] [01m[K/opt/ros/humble/include/rclcpp/rclcpp/parameter_value.hpp:263:3:[m[K [01;36m[Knote: [m[K  template argument deduction/substitution failed:
[21.619s] /opt/ros/humble/include/rclcpp/rclcpp/parameter_value.hpp: In substitution of â€˜[01m[Ktemplate<class type> constexpr typename std::enable_if<(std::is_integral<_Tp>::value && (! std::is_same<T, bool>::value)), const long int&>::type rclcpp::ParameterValue::get() const [with type = std::map<std::__cxx11::basic_string<char>, float>][m[Kâ€™:
[21.619s] [01m[K/opt/ros/humble/include/rclcpp/rclcpp/parameter.hpp:239:49:[m[K   required from â€˜[01m[Kauto rclcpp::detail::get_value_helper(const rclcpp::Parameter*) [with T = std::map<std::__cxx11::basic_string<char>, float>][m[Kâ€™
[21.624s] [01m[K/opt/ros/humble/include/rclcpp/rclcpp/parameter.hpp:274:39:[m[K   required from â€˜[01m[Kdecltype(auto) rclcpp::Parameter::get_value() const [with T = std::map<std::__cxx11::basic_string<char>, float>][m[Kâ€™
[21.625s] [01m[K/opt/ros/humble/include/rclcpp/rclcpp/node_impl.hpp:294:80:[m[K   required from â€˜[01m[Kbool rclcpp::Node::get_parameter(const string&, ParameterT&) const [with ParameterT = std::map<std::__cxx11::basic_string<char>, float>; std::string = std::__cxx11::basic_string<char>][m[Kâ€™
[21.626s] [01m[K/home/robodog/RoboDog/ros2_ws/src/motion_cmd/src/motion_cmd.cpp:383:22:[m[K   required from here
[21.627s] [01m[K/opt/ros/humble/include/rclcpp/rclcpp/parameter_value.hpp:263:3:[m[K [01;31m[Kerror: [m[Kno type named â€˜[01m[Ktype[m[Kâ€™ in â€˜[01m[Kstruct std::enable_if<false, const long int&>[m[Kâ€™
[21.627s] /opt/ros/humble/include/rclcpp/rclcpp/parameter.hpp: In instantiation of â€˜[01m[Kauto rclcpp::detail::get_value_helper(const rclcpp::Parameter*) [with T = std::map<std::__cxx11::basic_string<char>, float>][m[Kâ€™:
[21.628s] [01m[K/opt/ros/humble/include/rclcpp/rclcpp/parameter.hpp:274:39:[m[K   required from â€˜[01m[Kdecltype(auto) rclcpp::Parameter::get_value() const [with T = std::map<std::__cxx11::basic_string<char>, float>][m[Kâ€™
[21.629s] [01m[K/opt/ros/humble/include/rclcpp/rclcpp/node_impl.hpp:294:80:[m[K   required from â€˜[01m[Kbool rclcpp::Node::get_parameter(const string&, ParameterT&) const [with ParameterT = std::map<std::__cxx11::basic_string<char>, float>; std::string = std::__cxx11::basic_string<char>][m[Kâ€™
[21.630s] [01m[K/home/robodog/RoboDog/ros2_ws/src/motion_cmd/src/motion_cmd.cpp:383:22:[m[K   required from here
[21.631s] [01m[K/opt/ros/humble/include/rclcpp/rclcpp/parameter_value.hpp:271:3:[m[K [01;36m[Knote: [m[Kcandidate: â€˜[01m[Ktemplate<class type> constexpr typename std::enable_if<std::is_floating_point<_Tp>::value, const double&>::type rclcpp::ParameterValue::get() const[m[Kâ€™
[21.631s]   271 |   [01;36m[Kget[m[K() const
[21.632s]       |   [01;36m[K^~~[m[K
[21.633s] [01m[K/opt/ros/humble/include/rclcpp/rclcpp/parameter_value.hpp:271:3:[m[K [01;36m[Knote: [m[K  template argument deduction/substitution failed:
[21.634s] /opt/ros/humble/include/rclcpp/rclcpp/parameter_value.hpp: In substitution of â€˜[01m[Ktemplate<class type> constexpr typename std::enable_if<std::is_floating_point<_Tp>::value, const double&>::type rclcpp::ParameterValue::get() const [with type = std::map<std::__cxx11::basic_string<char>, float>][m[Kâ€™:
[21.634s] [01m[K/opt/ros/humble/include/rclcpp/rclcpp/parameter.hpp:239:49:[m[K   required from â€˜[01m[Kauto rclcpp::detail::get_value_helper(const rclcpp::Parameter*) [with T = std::map<std::__cxx11::basic_string<char>, float>][m[Kâ€™
[21.636s] [01m[K/opt/ros/humble/include/rclcpp/rclcpp/parameter.hpp:274:39:[m[K   required from â€˜[01m[Kdecltype(auto) rclcpp::Parameter::get_value() const [with T = std::map<std::__cxx11::basic_string<char>, float>][m[Kâ€™
[21.637s] [01m[K/opt/ros/humble/include/rclcpp/rclcpp/node_impl.hpp:294:80:[m[K   required from â€˜[01m[Kbool rclcpp::Node::get_parameter(const string&, ParameterT&) const [with ParameterT = std::map<std::__cxx11::basic_string<char>, float>; std::string = std::__cxx11::basic_string<char>][m[Kâ€™
[21.638s] [01m[K/home/robodog/RoboDog/ros2_ws/src/motion_cmd/src/motion_cmd.cpp:383:22:[m[K   required from here
[21.639s] [01m[K/opt/ros/humble/include/rclcpp/rclcpp/parameter_value.hpp:271:3:[m[K [01;31m[Kerror: [m[Kno type named â€˜[01m[Ktype[m[Kâ€™ in â€˜[01m[Kstruct std::enable_if<false, const double&>[m[Kâ€™
[21.639s] /opt/ros/humble/include/rclcpp/rclcpp/parameter.hpp: In instantiation of â€˜[01m[Kauto rclcpp::detail::get_value_helper(const rclcpp::Parameter*) [with T = std::map<std::__cxx11::basic_string<char>, float>][m[Kâ€™:
[21.640s] [01m[K/opt/ros/humble/include/rclcpp/rclcpp/parameter.hpp:274:39:[m[K   required from â€˜[01m[Kdecltype(auto) rclcpp::Parameter::get_value() const [with T = std::map<std::__cxx11::basic_string<char>, float>][m[Kâ€™
[21.641s] [01m[K/opt/ros/humble/include/rclcpp/rclcpp/node_impl.hpp:294:80:[m[K   required from â€˜[01m[Kbool rclcpp::Node::get_parameter(const string&, ParameterT&) const [with ParameterT = std::map<std::__cxx11::basic_string<char>, float>; std::string = std::__cxx11::basic_string<char>][m[Kâ€™
[21.642s] [01m[K/home/robodog/RoboDog/ros2_ws/src/motion_cmd/src/motion_cmd.cpp:383:22:[m[K   required from here
[21.642s] [01m[K/opt/ros/humble/include/rclcpp/rclcpp/parameter_value.hpp:279:3:[m[K [01;36m[Knote: [m[Kcandidate: â€˜[01m[Ktemplate<class type> constexpr typename std::enable_if<std::is_convertible<type, std::__cxx11::basic_string<char> >::value, const std::__cxx11::basic_string<char>&>::type rclcpp::ParameterValue::get() const[m[Kâ€™
[21.643s]   279 |   [01;36m[Kget[m[K() const
[21.644s]       |   [01;36m[K^~~[m[K
[21.645s] [01m[K/opt/ros/humble/include/rclcpp/rclcpp/parameter_value.hpp:279:3:[m[K [01;36m[Knote: [m[K  template argument deduction/substitution failed:
[21.645s] /opt/ros/humble/include/rclcpp/rclcpp/parameter_value.hpp: In substitution of â€˜[01m[Ktemplate<class type> constexpr typename std::enable_if<std::is_convertible<type, std::__cxx11::basic_string<char> >::value, const std::__cxx11::basic_string<char>&>::type rclcpp::ParameterValue::get() const [with type = std::map<std::__cxx11::basic_string<char>, float>][m[Kâ€™:
[21.646s] [01m[K/opt/ros/humble/include/rclcpp/rclcpp/parameter.hpp:239:49:[m[K   required from â€˜[01m[Kauto rclcpp::detail::get_value_helper(const rclcpp::Parameter*) [with T = std::map<std::__cxx11::basic_string<char>, float>][m[Kâ€™
[21.647s] [01m[K/opt/ros/humble/include/rclcpp/rclcpp/parameter.hpp:274:39:[m[K   required from â€˜[01m[Kdecltype(auto) rclcpp::Parameter::get_value() const [with T = std::map<std::__cxx11::basic_string<char>, float>][m[Kâ€™
[21.648s] [01m[K/opt/ros/humble/include/rclcpp/rclcpp/node_impl.hpp:294:80:[m[K   required from â€˜[01m[Kbool rclcpp::Node::get_parameter(const string&, ParameterT&) const [with ParameterT = std::map<std::__cxx11::basic_string<char>, float>; std::string = std::__cxx11::basic_string<char>][m[Kâ€™
[21.649s] [01m[K/home/robodog/RoboDog/ros2_ws/src/motion_cmd/src/motion_cmd.cpp:383:22:[m[K   required from here
[21.649s] [01m[K/opt/ros/humble/include/rclcpp/rclcpp/parameter_value.hpp:279:3:[m[K [01;31m[Kerror: [m[Kno type named â€˜[01m[Ktype[m[Kâ€™ in â€˜[01m[Kstruct std::enable_if<false, const std::__cxx11::basic_string<char>&>[m[Kâ€™
[21.650s] /opt/ros/humble/include/rclcpp/rclcpp/parameter.hpp: In instantiation of â€˜[01m[Kauto rclcpp::detail::get_value_helper(const rclcpp::Parameter*) [with T = std::map<std::__cxx11::basic_string<char>, float>][m[Kâ€™:
[21.651s] [01m[K/opt/ros/humble/include/rclcpp/rclcpp/parameter.hpp:274:39:[m[K   required from â€˜[01m[Kdecltype(auto) rclcpp::Parameter::get_value() const [with T = std::map<std::__cxx11::basic_string<char>, float>][m[Kâ€™
[21.652s] [01m[K/opt/ros/humble/include/rclcpp/rclcpp/node_impl.hpp:294:80:[m[K   required from â€˜[01m[Kbool rclcpp::Node::get_parameter(const string&, ParameterT&) const [with ParameterT = std::map<std::__cxx11::basic_string<char>, float>; std::string = std::__cxx11::basic_string<char>][m[Kâ€™
[21.653s] [01m[K/home/robodog/RoboDog/ros2_ws/src/motion_cmd/src/motion_cmd.cpp:383:22:[m[K   required from here
[21.654s] [01m[K/opt/ros/humble/include/rclcpp/rclcpp/parameter_value.hpp:289:3:[m[K [01;36m[Knote: [m[Kcandidate: â€˜[01m[Ktemplate<class type> constexpr typename std::enable_if<std::is_convertible<type, const std::vector<unsigned char, std::allocator<unsigned char> >&>::value, const std::vector<unsigned char, std::allocator<unsigned char> >&>::type rclcpp::ParameterValue::get() const[m[Kâ€™
[21.655s]   289 |   [01;36m[Kget[m[K() const
[21.656s]       |   [01;36m[K^~~[m[K
[21.657s] [01m[K/opt/ros/humble/include/rclcpp/rclcpp/parameter_value.hpp:289:3:[m[K [01;36m[Knote: [m[K  template argument deduction/substitution failed:
[21.658s] /opt/ros/humble/include/rclcpp/rclcpp/parameter_value.hpp: In substitution of â€˜[01m[Ktemplate<class type> constexpr typename std::enable_if<std::is_convertible<type, const std::vector<unsigned char, std::allocator<unsigned char> >&>::value, const std::vector<unsigned char, std::allocator<unsigned char> >&>::type rclcpp::ParameterValue::get() const [with type = std::map<std::__cxx11::basic_string<char>, float>][m[Kâ€™:
[21.659s] [01m[K/opt/ros/humble/include/rclcpp/rclcpp/parameter.hpp:239:49:[m[K   required from â€˜[01m[Kauto rclcpp::detail::get_value_helper(const rclcpp::Parameter*) [with T = std::map<std::__cxx11::basic_string<char>, float>][m[Kâ€™
[21.660s] [01m[K/opt/ros/humble/include/rclcpp/rclcpp/parameter.hpp:274:39:[m[K   required from â€˜[01m[Kdecltype(auto) rclcpp::Parameter::get_value() const [with T = std::map<std::__cxx11::basic_string<char>, float>][m[Kâ€™
[21.661s] [01m[K/opt/ros/humble/include/rclcpp/rclcpp/node_impl.hpp:294:80:[m[K   required from â€˜[01m[Kbool rclcpp::Node::get_parameter(const string&, ParameterT&) const [with ParameterT = std::map<std::__cxx11::basic_string<char>, float>; std::string = std::__cxx11::basic_string<char>][m[Kâ€™
[21.662s] [01m[K/home/robodog/RoboDog/ros2_ws/src/motion_cmd/src/motion_cmd.cpp:383:22:[m[K   required from here
[21.663s] [01m[K/opt/ros/humble/include/rclcpp/rclcpp/parameter_value.hpp:289:3:[m[K [01;31m[Kerror: [m[Kno type named â€˜[01m[Ktype[m[Kâ€™ in â€˜[01m[Kstruct std::enable_if<false, const std::vector<unsigned char, std::allocator<unsigned char> >&>[m[Kâ€™
[21.664s] /opt/ros/humble/include/rclcpp/rclcpp/parameter.hpp: In instantiation of â€˜[01m[Kauto rclcpp::detail::get_value_helper(const rclcpp::Parameter*) [with T = std::map<std::__cxx11::basic_string<char>, float>][m[Kâ€™:
[21.665s] [01m[K/opt/ros/humble/include/rclcpp/rclcpp/parameter.hpp:274:39:[m[K   required from â€˜[01m[Kdecltype(auto) rclcpp::Parameter::get_value() const [with T = std::map<std::__cxx11::basic_string<char>, float>][m[Kâ€™
[21.666s] [01m[K/opt/ros/humble/include/rclcpp/rclcpp/node_impl.hpp:294:80:[m[K   required from â€˜[01m[Kbool rclcpp::Node::get_parameter(const string&, ParameterT&) const [with ParameterT = std::map<std::__cxx11::basic_string<char>, float>; std::string = std::__cxx11::basic_string<char>][m[Kâ€™
[21.667s] [01m[K/home/robodog/RoboDog/ros2_ws/src/motion_cmd/src/motion_cmd.cpp:383:22:[m[K   required from here
[21.668s] [01m[K/opt/ros/humble/include/rclcpp/rclcpp/parameter_value.hpp:299:3:[m[K [01;36m[Knote: [m[Kcandidate: â€˜[01m[Ktemplate<class type> constexpr typename std::enable_if<std::is_convertible<type, const std::vector<bool, std::allocator<bool> >&>::value, const std::vector<bool, std::allocator<bool> >&>::type rclcpp::ParameterValue::get() const[m[Kâ€™
[21.669s]   299 |   [01;36m[Kget[m[K() const
[21.670s]       |   [01;36m[K^~~[m[K
[21.671s] [01m[K/opt/ros/humble/include/rclcpp/rclcpp/parameter_value.hpp:299:3:[m[K [01;36m[Knote: [m[K  template argument deduction/substitution failed:
[21.672s] /opt/ros/humble/include/rclcpp/rclcpp/parameter_value.hpp: In substitution of â€˜[01m[Ktemplate<class type> constexpr typename std::enable_if<std::is_convertible<type, const std::vector<bool, std::allocator<bool> >&>::value, const std::vector<bool, std::allocator<bool> >&>::type rclcpp::ParameterValue::get() const [with type = std::map<std::__cxx11::basic_string<char>, float>][m[Kâ€™:
[21.673s] [01m[K/opt/ros/humble/include/rclcpp/rclcpp/parameter.hpp:239:49:[m[K   required from â€˜[01m[Kauto rclcpp::detail::get_value_helper(const rclcpp::Parameter*) [with T = std::map<std::__cxx11::basic_string<char>, float>][m[Kâ€™
[21.674s] [01m[K/opt/ros/humble/include/rclcpp/rclcpp/parameter.hpp:274:39:[m[K   required from â€˜[01m[Kdecltype(auto) rclcpp::Parameter::get_value() const [with T = std::map<std::__cxx11::basic_string<char>, float>][m[Kâ€™
[21.675s] [01m[K/opt/ros/humble/include/rclcpp/rclcpp/node_impl.hpp:294:80:[m[K   required from â€˜[01m[Kbool rclcpp::Node::get_parameter(const string&, ParameterT&) const [with ParameterT = std::map<std::__cxx11::basic_string<char>, float>; std::string = std::__cxx11::basic_string<char>][m[Kâ€™
[21.676s] [01m[K/home/robodog/RoboDog/ros2_ws/src/motion_cmd/src/motion_cmd.cpp:383:22:[m[K   required from here
[21.677s] [01m[K/opt/ros/humble/include/rclcpp/rclcpp/parameter_value.hpp:299:3:[m[K [01;31m[Kerror: [m[Kno type named â€˜[01m[Ktype[m[Kâ€™ in â€˜[01m[Kstruct std::enable_if<false, const std::vector<bool, std::allocator<bool> >&>[m[Kâ€™
[21.678s] /opt/ros/humble/include/rclcpp/rclcpp/parameter.hpp: In instantiation of â€˜[01m[Kauto rclcpp::detail::get_value_helper(const rclcpp::Parameter*) [with T = std::map<std::__cxx11::basic_string<char>, float>][m[Kâ€™:
[21.679s] [01m[K/opt/ros/humble/include/rclcpp/rclcpp/parameter.hpp:274:39:[m[K   required from â€˜[01m[Kdecltype(auto) rclcpp::Parameter::get_value() const [with T = std::map<std::__cxx11::basic_string<char>, float>][m[Kâ€™
[21.681s] [01m[K/opt/ros/humble/include/rclcpp/rclcpp/node_impl.hpp:294:80:[m[K   required from â€˜[01m[Kbool rclcpp::Node::get_parameter(const string&, ParameterT&) const [with ParameterT = std::map<std::__cxx11::basic_string<char>, float>; std::string = std::__cxx11::basic_string<char>][m[Kâ€™
[21.682s] [01m[K/home/robodog/RoboDog/ros2_ws/src/motion_cmd/src/motion_cmd.cpp:383:22:[m[K   required from here
[21.683s] [01m[K/opt/ros/humble/include/rclcpp/rclcpp/parameter_value.hpp:309:3:[m[K [01;36m[Knote: [m[Kcandidate: â€˜[01m[Ktemplate<class type> constexpr typename std::enable_if<std::is_convertible<type, const std::vector<int>&>::value, const std::vector<long int, std::allocator<long int> >&>::type rclcpp::ParameterValue::get() const[m[Kâ€™
[21.684s]   309 |   [01;36m[Kget[m[K() const
[21.685s]       |   [01;36m[K^~~[m[K
[21.686s] [01m[K/opt/ros/humble/include/rclcpp/rclcpp/parameter_value.hpp:309:3:[m[K [01;36m[Knote: [m[K  template argument deduction/substitution failed:
[21.687s] /opt/ros/humble/include/rclcpp/rclcpp/parameter_value.hpp: In substitution of â€˜[01m[Ktemplate<class type> constexpr typename std::enable_if<std::is_convertible<type, const std::vector<int>&>::value, const std::vector<long int, std::allocator<long int> >&>::type rclcpp::ParameterValue::get() const [with type = std::map<std::__cxx11::basic_string<char>, float>][m[Kâ€™:
[21.688s] [01m[K/opt/ros/humble/include/rclcpp/rclcpp/parameter.hpp:239:49:[m[K   required from â€˜[01m[Kauto rclcpp::detail::get_value_helper(const rclcpp::Parameter*) [with T = std::map<std::__cxx11::basic_string<char>, float>][m[Kâ€™
[21.689s] [01m[K/opt/ros/humble/include/rclcpp/rclcpp/parameter.hpp:274:39:[m[K   required from â€˜[01m[Kdecltype(auto) rclcpp::Parameter::get_value() const [with T = std::map<std::__cxx11::basic_string<char>, float>][m[Kâ€™
[21.690s] [01m[K/opt/ros/humble/include/rclcpp/rclcpp/node_impl.hpp:294:80:[m[K   required from â€˜[01m[Kbool rclcpp::Node::get_parameter(const string&, ParameterT&) const [with ParameterT = std::map<std::__cxx11::basic_string<char>, float>; std::string = std::__cxx11::basic_string<char>][m[Kâ€™
[21.691s] [01m[K/home/robodog/RoboDog/ros2_ws/src/motion_cmd/src/motion_cmd.cpp:383:22:[m[K   required from here
[21.692s] [01m[K/opt/ros/humble/include/rclcpp/rclcpp/parameter_value.hpp:309:3:[m[K [01;31m[Kerror: [m[Kno type named â€˜[01m[Ktype[m[Kâ€™ in â€˜[01m[Kstruct std::enable_if<false, const std::vector<long int, std::allocator<long int> >&>[m[Kâ€™
[21.693s] /opt/ros/humble/include/rclcpp/rclcpp/parameter.hpp: In instantiation of â€˜[01m[Kauto rclcpp::detail::get_value_helper(const rclcpp::Parameter*) [with T = std::map<std::__cxx11::basic_string<char>, float>][m[Kâ€™:
[21.694s] [01m[K/opt/ros/humble/include/rclcpp/rclcpp/parameter.hpp:274:39:[m[K   required from â€˜[01m[Kdecltype(auto) rclcpp::Parameter::get_value() const [with T = std::map<std::__cxx11::basic_string<char>, float>][m[Kâ€™
[21.695s] [01m[K/opt/ros/humble/include/rclcpp/rclcpp/node_impl.hpp:294:80:[m[K   required from â€˜[01m[Kbool rclcpp::Node::get_parameter(const string&, ParameterT&) const [with ParameterT = std::map<std::__cxx11::basic_string<char>, float>; std::string = std::__cxx11::basic_string<char>][m[Kâ€™
[21.696s] [01m[K/home/robodog/RoboDog/ros2_ws/src/motion_cmd/src/motion_cmd.cpp:383:22:[m[K   required from here
[21.697s] [01m[K/opt/ros/humble/include/rclcpp/rclcpp/parameter_value.hpp:319:3:[m[K [01;36m[Knote: [m[Kcandidate: â€˜[01m[Ktemplate<class type> constexpr typename std::enable_if<std::is_convertible<type, const std::vector<long int, std::allocator<long int> >&>::value, const std::vector<long int, std::allocator<long int> >&>::type rclcpp::ParameterValue::get() const[m[Kâ€™
[21.698s]   319 |   [01;36m[Kget[m[K() const
[21.699s]       |   [01;36m[K^~~[m[K
[21.700s] [01m[K/opt/ros/humble/include/rclcpp/rclcpp/parameter_value.hpp:319:3:[m[K [01;36m[Knote: [m[K  template argument deduction/substitution failed:
[21.701s] /opt/ros/humble/include/rclcpp/rclcpp/parameter_value.hpp: In substitution of â€˜[01m[Ktemplate<class type> constexpr typename std::enable_if<std::is_convertible<type, const std::vector<long int, std::allocator<long int> >&>::value, const std::vector<long int, std::allocator<long int> >&>::type rclcpp::ParameterValue::get() const [with type = std::map<std::__cxx11::basic_string<char>, float>][m[Kâ€™:
[21.702s] [01m[K/opt/ros/humble/include/rclcpp/rclcpp/parameter.hpp:239:49:[m[K   required from â€˜[01m[Kauto rclcpp::detail::get_value_helper(const rclcpp::Parameter*) [with T = std::map<std::__cxx11::basic_string<char>, float>][m[Kâ€™
[21.703s] [01m[K/opt/ros/humble/include/rclcpp/rclcpp/parameter.hpp:274:39:[m[K   required from â€˜[01m[Kdecltype(auto) rclcpp::Parameter::get_value() const [with T = std::map<std::__cxx11::basic_string<char>, float>][m[Kâ€™
[21.704s] [01m[K/opt/ros/humble/include/rclcpp/rclcpp/node_impl.hpp:294:80:[m[K   required from â€˜[01m[Kbool rclcpp::Node::get_parameter(const string&, ParameterT&) const [with ParameterT = std::map<std::__cxx11::basic_string<char>, float>; std::string = std::__cxx11::basic_string<char>][m[Kâ€™
[21.705s] [01m[K/home/robodog/RoboDog/ros2_ws/src/motion_cmd/src/motion_cmd.cpp:383:22:[m[K   required from here
[21.706s] [01m[K/opt/ros/humble/include/rclcpp/rclcpp/parameter_value.hpp:319:3:[m[K [01;31m[Kerror: [m[Kno type named â€˜[01m[Ktype[m[Kâ€™ in â€˜[01m[Kstruct std::enable_if<false, const std::vector<long int, std::allocator<long int> >&>[m[Kâ€™
[21.707s] /opt/ros/humble/include/rclcpp/rclcpp/parameter.hpp: In instantiation of â€˜[01m[Kauto rclcpp::detail::get_value_helper(const rclcpp::Parameter*) [with T = std::map<std::__cxx11::basic_string<char>, float>][m[Kâ€™:
[21.708s] [01m[K/opt/ros/humble/include/rclcpp/rclcpp/parameter.hpp:274:39:[m[K   required from â€˜[01m[Kdecltype(auto) rclcpp::Parameter::get_value() const [with T = std::map<std::__cxx11::basic_string<char>, float>][m[Kâ€™
[21.709s] [01m[K/opt/ros/humble/include/rclcpp/rclcpp/node_impl.hpp:294:80:[m[K   required from â€˜[01m[Kbool rclcpp::Node::get_parameter(const string&, ParameterT&) const [with ParameterT = std::map<std::__cxx11::basic_string<char>, float>; std::string = std::__cxx11::basic_string<char>][m[Kâ€™
[21.710s] [01m[K/home/robodog/RoboDog/ros2_ws/src/motion_cmd/src/motion_cmd.cpp:383:22:[m[K   required from here
[21.711s] [01m[K/opt/ros/humble/include/rclcpp/rclcpp/parameter_value.hpp:329:3:[m[K [01;36m[Knote: [m[Kcandidate: â€˜[01m[Ktemplate<class type> constexpr typename std::enable_if<std::is_convertible<type, const std::vector<float>&>::value, const std::vector<double, std::allocator<double> >&>::type rclcpp::ParameterValue::get() const[m[Kâ€™
[21.712s]   329 |   [01;36m[Kget[m[K() const
[21.713s]       |   [01;36m[K^~~[m[K
[21.714s] [01m[K/opt/ros/humble/include/rclcpp/rclcpp/parameter_value.hpp:329:3:[m[K [01;36m[Knote: [m[K  template argument deduction/substitution failed:
[21.715s] /opt/ros/humble/include/rclcpp/rclcpp/parameter_value.hpp: In substitution of â€˜[01m[Ktemplate<class type> constexpr typename std::enable_if<std::is_convertible<type, const std::vector<float>&>::value, const std::vector<double, std::allocator<double> >&>::type rclcpp::ParameterValue::get() const [with type = std::map<std::__cxx11::basic_string<char>, float>][m[Kâ€™:
[21.716s] [01m[K/opt/ros/humble/include/rclcpp/rclcpp/parameter.hpp:239:49:[m[K   required from â€˜[01m[Kauto rclcpp::detail::get_value_helper(const rclcpp::Parameter*) [with T = std::map<std::__cxx11::basic_string<char>, float>][m[Kâ€™
[21.717s] [01m[K/opt/ros/humble/include/rclcpp/rclcpp/parameter.hpp:274:39:[m[K   required from â€˜[01m[Kdecltype(auto) rclcpp::Parameter::get_value() const [with T = std::map<std::__cxx11::basic_string<char>, float>][m[Kâ€™
[21.718s] [01m[K/opt/ros/humble/include/rclcpp/rclcpp/node_impl.hpp:294:80:[m[K   required from â€˜[01m[Kbool rclcpp::Node::get_parameter(const string&, ParameterT&) const [with ParameterT = std::map<std::__cxx11::basic_string<char>, float>; std::string = std::__cxx11::basic_string<char>][m[Kâ€™
[21.719s] [01m[K/home/robodog/RoboDog/ros2_ws/src/motion_cmd/src/motion_cmd.cpp:383:22:[m[K   required from here
[21.720s] [01m[K/opt/ros/humble/include/rclcpp/rclcpp/parameter_value.hpp:329:3:[m[K [01;31m[Kerror: [m[Kno type named â€˜[01m[Ktype[m[Kâ€™ in â€˜[01m[Kstruct std::enable_if<false, const std::vector<double, std::allocator<double> >&>[m[Kâ€™
[21.721s] /opt/ros/humble/include/rclcpp/rclcpp/parameter.hpp: In instantiation of â€˜[01m[Kauto rclcpp::detail::get_value_helper(const rclcpp::Parameter*) [with T = std::map<std::__cxx11::basic_string<char>, float>][m[Kâ€™:
[21.722s] [01m[K/opt/ros/humble/include/rclcpp/rclcpp/parameter.hpp:274:39:[m[K   required from â€˜[01m[Kdecltype(auto) rclcpp::Parameter::get_value() const [with T = std::map<std::__cxx11::basic_string<char>, float>][m[Kâ€™
[21.723s] [01m[K/opt/ros/humble/include/rclcpp/rclcpp/node_impl.hpp:294:80:[m[K   required from â€˜[01m[Kbool rclcpp::Node::get_parameter(const string&, ParameterT&) const [with ParameterT = std::map<std::__cxx11::basic_string<char>, float>; std::string = std::__cxx11::basic_string<char>][m[Kâ€™
[21.724s] [01m[K/home/robodog/RoboDog/ros2_ws/src/motion_cmd/src/motion_cmd.cpp:383:22:[m[K   required from here
[21.725s] [01m[K/opt/ros/humble/include/rclcpp/rclcpp/parameter_value.hpp:339:3:[m[K [01;36m[Knote: [m[Kcandidate: â€˜[01m[Ktemplate<class type> constexpr typename std::enable_if<std::is_convertible<type, const std::vector<double, std::allocator<double> >&>::value, const std::vector<double, std::allocator<double> >&>::type rclcpp::ParameterValue::get() const[m[Kâ€™
[21.726s]   339 |   [01;36m[Kget[m[K() const
[21.726s]       |   [01;36m[K^~~[m[K
[21.727s] [01m[K/opt/ros/humble/include/rclcpp/rclcpp/parameter_value.hpp:339:3:[m[K [01;36m[Knote: [m[K  template argument deduction/substitution failed:
[21.728s] /opt/ros/humble/include/rclcpp/rclcpp/parameter_value.hpp: In substitution of â€˜[01m[Ktemplate<class type> constexpr typename std::enable_if<std::is_convertible<type, const std::vector<double, std::allocator<double> >&>::value, const std::vector<double, std::allocator<double> >&>::type rclcpp::ParameterValue::get() const [with type = std::map<std::__cxx11::basic_string<char>, float>][m[Kâ€™:
[21.729s] [01m[K/opt/ros/humble/include/rclcpp/rclcpp/parameter.hpp:239:49:[m[K   required from â€˜[01m[Kauto rclcpp::detail::get_value_helper(const rclcpp::Parameter*) [with T = std::map<std::__cxx11::basic_string<char>, float>][m[Kâ€™
[21.730s] [01m[K/opt/ros/humble/include/rclcpp/rclcpp/parameter.hpp:274:39:[m[K   required from â€˜[01m[Kdecltype(auto) rclcpp::Parameter::get_value() const [with T = std::map<std::__cxx11::basic_string<char>, float>][m[Kâ€™
[21.731s] [01m[K/opt/ros/humble/include/rclcpp/rclcpp/node_impl.hpp:294:80:[m[K   required from â€˜[01m[Kbool rclcpp::Node::get_parameter(const string&, ParameterT&) const [with ParameterT = std::map<std::__cxx11::basic_string<char>, float>; std::string = std::__cxx11::basic_string<char>][m[Kâ€™
[21.732s] [01m[K/home/robodog/RoboDog/ros2_ws/src/motion_cmd/src/motion_cmd.cpp:383:22:[m[K   required from here
[21.733s] [01m[K/opt/ros/humble/include/rclcpp/rclcpp/parameter_value.hpp:339:3:[m[K [01;31m[Kerror: [m[Kno type named â€˜[01m[Ktype[m[Kâ€™ in â€˜[01m[Kstruct std::enable_if<false, const std::vector<double, std::allocator<double> >&>[m[Kâ€™
[21.734s] /opt/ros/humble/include/rclcpp/rclcpp/parameter.hpp: In instantiation of â€˜[01m[Kauto rclcpp::detail::get_value_helper(const rclcpp::Parameter*) [with T = std::map<std::__cxx11::basic_string<char>, float>][m[Kâ€™:
[21.735s] [01m[K/opt/ros/humble/include/rclcpp/rclcpp/parameter.hpp:274:39:[m[K   required from â€˜[01m[Kdecltype(auto) rclcpp::Parameter::get_value() const [with T = std::map<std::__cxx11::basic_string<char>, float>][m[Kâ€™
[21.738s] [01m[K/opt/ros/humble/include/rclcpp/rclcpp/node_impl.hpp:294:80:[m[K   required from â€˜[01m[Kbool rclcpp::Node::get_parameter(const string&, ParameterT&) const [with ParameterT = std::map<std::__cxx11::basic_string<char>, float>; std::string = std::__cxx11::basic_string<char>][m[Kâ€™
[21.739s] [01m[K/home/robodog/RoboDog/ros2_ws/src/motion_cmd/src/motion_cmd.cpp:383:22:[m[K   required from here
[21.740s] [01m[K/opt/ros/humble/include/rclcpp/rclcpp/parameter_value.hpp:349:3:[m[K [01;36m[Knote: [m[Kcandidate: â€˜[01m[Ktemplate<class type> constexpr typename std::enable_if<std::is_convertible<type, const std::vector<std::__cxx11::basic_string<char> >&>::value, const std::vector<std::__cxx11::basic_string<char> >&>::type rclcpp::ParameterValue::get() const[m[Kâ€™
[21.741s]   349 |   [01;36m[Kget[m[K() const
[21.742s]       |   [01;36m[K^~~[m[K
[21.743s] [01m[K/opt/ros/humble/include/rclcpp/rclcpp/parameter_value.hpp:349:3:[m[K [01;36m[Knote: [m[K  template argument deduction/substitution failed:
[21.744s] /opt/ros/humble/include/rclcpp/rclcpp/parameter_value.hpp: In substitution of â€˜[01m[Ktemplate<class type> constexpr typename std::enable_if<std::is_convertible<type, const std::vector<std::__cxx11::basic_string<char> >&>::value, const std::vector<std::__cxx11::basic_string<char> >&>::type rclcpp::ParameterValue::get() const [with type = std::map<std::__cxx11::basic_string<char>, float>][m[Kâ€™:
[21.745s] [01m[K/opt/ros/humble/include/rclcpp/rclcpp/parameter.hpp:239:49:[m[K   required from â€˜[01m[Kauto rclcpp::detail::get_value_helper(const rclcpp::Parameter*) [with T = std::map<std::__cxx11::basic_string<char>, float>][m[Kâ€™
[21.746s] [01m[K/opt/ros/humble/include/rclcpp/rclcpp/parameter.hpp:274:39:[m[K   required from â€˜[01m[Kdecltype(auto) rclcpp::Parameter::get_value() const [with T = std::map<std::__cxx11::basic_string<char>, float>][m[Kâ€™
[21.747s] [01m[K/opt/ros/humble/include/rclcpp/rclcpp/node_impl.hpp:294:80:[m[K   required from â€˜[01m[Kbool rclcpp::Node::get_parameter(const string&, ParameterT&) const [with ParameterT = std::map<std::__cxx11::basic_string<char>, float>; std::string = std::__cxx11::basic_string<char>][m[Kâ€™
[21.748s] [01m[K/home/robodog/RoboDog/ros2_ws/src/motion_cmd/src/motion_cmd.cpp:383:22:[m[K   required from here
[21.749s] [01m[K/opt/ros/humble/include/rclcpp/rclcpp/parameter_value.hpp:349:3:[m[K [01;31m[Kerror: [m[Kno type named â€˜[01m[Ktype[m[Kâ€™ in â€˜[01m[Kstruct std::enable_if<false, const std::vector<std::__cxx11::basic_string<char> >&>[m[Kâ€™
[24.223s] gmake[2]: *** [CMakeFiles/motion_cmd_node.dir/build.make:104: CMakeFiles/motion_cmd_node.dir/src/utils.cpp.o] Error 1
[24.224s] gmake[2]: *** Waiting for unfinished jobs....
[30.721s] gmake[2]: *** [CMakeFiles/motion_cmd_node.dir/build.make:76: CMakeFiles/motion_cmd_node.dir/src/motion_cmd.cpp.o] Error 1
[30.722s] gmake[1]: *** [CMakeFiles/Makefile2:257: CMakeFiles/motion_cmd_node.dir/all] Error 2
[30.723s] gmake: *** [Makefile:146: all] Error 2
[30.730s] Invoked command in '/home/robodog/RoboDog/ros2_ws/build/motion_cmd' returned '2': AMENT_PREFIX_PATH=/home/robodog/RoboDog/ros2_ws/install/i2cpwm_controller:${AMENT_PREFIX_PATH} CMAKE_PREFIX_PATH=/home/robodog/RoboDog/ros2_ws/install/i2cpwm_controller LD_LIBRARY_PATH=/home/robodog/RoboDog/ros2_ws/install/i2cpwm_controller/lib:${LD_LIBRARY_PATH} PYTHONPATH=/home/robodog/RoboDog/ros2_ws/install/i2cpwm_controller/local/lib/python3.10/dist-packages:${PYTHONPATH} /usr/bin/cmake --build /home/robodog/RoboDog/ros2_ws/build/motion_cmd -- -j4 -l4
