[ 12%] Built target i2cpwm_controller__rosidl_generator_c
[ 12%] Built target i2cpwm_controller__cpp
[ 12%] Built target ament_cmake_python_copy_i2cpwm_controller
[ 23%] Built target i2cpwm_controller__rosidl_typesupport_introspection_c
[ 45%] Built target i2cpwm_controller__rosidl_typesupport_fastrtps_c
[ 45%] Built target i2cpwm_controller__rosidl_typesupport_c
[ 57%] Built target i2cpwm_controller__rosidl_typesupport_introspection_cpp
[ 69%] Built target i2cpwm_controller__rosidl_typesupport_cpp
[ 80%] Built target i2cpwm_controller__rosidl_typesupport_fastrtps_cpp
[35m[1mConsolidate compiler generated dependencies of target i2cpwm_controller_node[0m
[ 80%] Built target i2cpwm_controller
[ 81%] [32mBuilding CXX object CMakeFiles/i2cpwm_controller_node.dir/src/i2cpwm_controller.cpp.o[0m
[ 82%] [32mBuilding CXX object CMakeFiles/i2cpwm_controller_node.dir/src/main.cpp.o[0m
[ 83%] Built target i2cpwm_controller__py
[ 93%] Built target i2cpwm_controller__rosidl_generator_py
[ 95%] Built target i2cpwm_controller__rosidl_typesupport_fastrtps_c__pyext
[ 97%] Built target i2cpwm_controller__rosidl_typesupport_introspection_c__pyext
[ 99%] Built target i2cpwm_controller__rosidl_typesupport_c__pyext
running egg_info
writing i2cpwm_controller.egg-info/PKG-INFO
writing dependency_links to i2cpwm_controller.egg-info/dependency_links.txt
writing top-level names to i2cpwm_controller.egg-info/top_level.txt
reading manifest file 'i2cpwm_controller.egg-info/SOURCES.txt'
writing manifest file 'i2cpwm_controller.egg-info/SOURCES.txt'
[ 99%] Built target ament_cmake_python_build_i2cpwm_controller_egg
[01m[K/home/robodog/RoboDog/ros2_ws/src/i2cpwm_controller/src/i2cpwm_controller.cpp:[m[K In constructor â€˜[01m[KI2cPwmController::I2cPwmController(const rclcpp::NodeOptions&)[m[Kâ€™:
[01m[K/home/robodog/RoboDog/ros2_ws/src/i2cpwm_controller/src/i2cpwm_controller.cpp:135:54:[m[K [01;31m[Kerror: [m[Kâ€˜[01m[Kcontroller[m[Kâ€™ was not declared in this scope; did you mean â€˜[01m[KI2cPwmController[m[Kâ€™?
  135 |     servos_absolute_sub_ = this->create_subscription<[01;31m[Kcontroller[m[K::msg::ServoArray>(
      |                                                      [01;31m[K^~~~~~~~~~[m[K
      |                                                      [32m[KI2cPwmController[m[K
[01m[K/home/robodog/RoboDog/ros2_ws/src/i2cpwm_controller/src/i2cpwm_controller.cpp:135:34:[m[K [01;31m[Kerror: [m[Kparse error in template argument list
  135 |     servos_absolute_sub_ = this->[01;31m[Kcreate_subscription<controller::msg::ServoArray>[m[K(
      |                                  [01;31m[K^~~~~~~~~~~~~~~~~~~~~~~~~~~~~~~~~~~~~~~~~~~~~~~~[m[K
[01m[K/home/robodog/RoboDog/ros2_ws/src/i2cpwm_controller/src/i2cpwm_controller.cpp:135:82:[m[K [01;31m[Kerror: [m[Kno matching function for call to â€˜[01m[KI2cPwmController::create_subscription<<expression error> >(const char [16], int, std::_Bind_helper<false, void (I2cPwmController::*)(std::shared_ptr<i2cpwm_controller::msg::ServoArray_<std::allocator<void> > >), I2cPwmController*, const std::_Placeholder<1>&>::type)[m[Kâ€™
  135 | servos_absolute_sub_ = [01;31m[Kthis->create_subscription<controller::msg::ServoArray>([m[K
      |                        [01;31m[K~~~~~~~~~~~~~~~~~~~~~~~~~~~~~~~~~~~~~~~~~~~~~~~~~~~~~~^[m[K

  136 | [01;31m[K    "servos_absolute", 500, std::bind(&I2cPwmController::servos_absolute, this, std::placeholders::_1))[m[K;
      |     [01;31m[K~~~~~~~~~~~~~~~~~~~~~~~~~~~~~~~~~~~~~~~~~~~~~~~~~~~~~~~~~~~~~~~~~~~~~~~~~~~~~~~~~~~~~~~~~~~~~~~~~~~[m[K

In file included from [01m[K/opt/ros/humble/include/rclcpp/rclcpp/executors/single_threaded_executor.hpp:28[m[K,
                 from [01m[K/opt/ros/humble/include/rclcpp/rclcpp/executors.hpp:22[m[K,
                 from [01m[K/opt/ros/humble/include/rclcpp/rclcpp/rclcpp.hpp:155[m[K,
                 from [01m[K/home/robodog/RoboDog/ros2_ws/src/i2cpwm_controller/include/i2cpwm_controller.h:20[m[K,
                 from [01m[K/home/robodog/RoboDog/ros2_ws/src/i2cpwm_controller/src/i2cpwm_controller.cpp:1[m[K:
[01m[K/opt/ros/humble/include/rclcpp/rclcpp/node.hpp:219:3:[m[K [01;36m[Knote: [m[Kcandidate: â€˜[01m[Ktemplate<class MessageT, class CallbackT, class AllocatorT, class SubscriptionT, class MessageMemoryStrategyT> std::shared_ptr<ROSMessageT> rclcpp::Node::create_subscription(const string&, const rclcpp::QoS&, CallbackT&&, const rclcpp::SubscriptionOptionsWithAllocator<AllocatorT>&, typename MessageMemoryStrategyT::SharedPtr)[m[Kâ€™
  219 |   [01;36m[Kcreate_subscription[m[K(
      |   [01;36m[K^~~~~~~~~~~~~~~~~~~[m[K
[01m[K/opt/ros/humble/include/rclcpp/rclcpp/node.hpp:219:3:[m[K [01;36m[Knote: [m[K  template argument deduction/substitution failed:
[01m[K/home/robodog/RoboDog/ros2_ws/src/i2cpwm_controller/src/i2cpwm_controller.cpp:135:82:[m[K [01;31m[Kerror: [m[Ktemplate argument 1 is invalid
  135 | servos_absolute_sub_ = [01;31m[Kthis->create_subscription<controller::msg::ServoArray>([m[K
      |                        [01;31m[K~~~~~~~~~~~~~~~~~~~~~~~~~~~~~~~~~~~~~~~~~~~~~~~~~~~~~~^[m[K

  136 | [01;31m[K    "servos_absolute", 500, std::bind(&I2cPwmController::servos_absolute, this, std::placeholders::_1))[m[K;
      |     [01;31m[K~~~~~~~~~~~~~~~~~~~~~~~~~~~~~~~~~~~~~~~~~~~~~~~~~~~~~~~~~~~~~~~~~~~~~~~~~~~~~~~~~~~~~~~~~~~~~~~~~~~[m[K

gmake[2]: *** [CMakeFiles/i2cpwm_controller_node.dir/build.make:76: CMakeFiles/i2cpwm_controller_node.dir/src/i2cpwm_controller.cpp.o] Error 1
gmake[1]: *** [CMakeFiles/Makefile2:593: CMakeFiles/i2cpwm_controller_node.dir/all] Error 2
gmake: *** [Makefile:146: all] Error 2
