[0.054s] Invoking command in '/home/robodog/RoboDog/ros2_ws/build/i2cpwm_controller': CMAKE_PREFIX_PATH=/opt/ros/humble /usr/bin/cmake --build /home/robodog/RoboDog/ros2_ws/build/i2cpwm_controller -- -j4 -l4
[0.318s] [ 12%] Built target i2cpwm_controller__rosidl_generator_c
[0.321s] [ 12%] Built target i2cpwm_controller__cpp
[0.412s] [ 12%] Built target ament_cmake_python_copy_i2cpwm_controller
[0.446s] [ 23%] Built target i2cpwm_controller__rosidl_typesupport_introspection_c
[0.476s] [ 45%] Built target i2cpwm_controller__rosidl_typesupport_fastrtps_c
[0.477s] [ 45%] Built target i2cpwm_controller__rosidl_typesupport_c
[0.593s] [ 57%] Built target i2cpwm_controller__rosidl_typesupport_introspection_cpp
[0.623s] [ 69%] Built target i2cpwm_controller__rosidl_typesupport_cpp
[0.676s] [ 80%] Built target i2cpwm_controller__rosidl_typesupport_fastrtps_cpp
[0.701s] [35m[1mConsolidate compiler generated dependencies of target i2cpwm_controller_node[0m
[0.777s] [ 80%] Built target i2cpwm_controller
[0.826s] [ 81%] [32mBuilding CXX object CMakeFiles/i2cpwm_controller_node.dir/src/i2cpwm_controller.cpp.o[0m
[0.840s] [ 82%] [32mBuilding CXX object CMakeFiles/i2cpwm_controller_node.dir/src/main.cpp.o[0m
[0.899s] [ 83%] Built target i2cpwm_controller__py
[1.036s] [ 93%] Built target i2cpwm_controller__rosidl_generator_py
[1.144s] [ 95%] Built target i2cpwm_controller__rosidl_typesupport_fastrtps_c__pyext
[1.255s] [ 97%] Built target i2cpwm_controller__rosidl_typesupport_introspection_c__pyext
[1.368s] [ 99%] Built target i2cpwm_controller__rosidl_typesupport_c__pyext
[1.927s] running egg_info
[1.932s] writing i2cpwm_controller.egg-info/PKG-INFO
[1.936s] writing dependency_links to i2cpwm_controller.egg-info/dependency_links.txt
[1.941s] writing top-level names to i2cpwm_controller.egg-info/top_level.txt
[1.951s] reading manifest file 'i2cpwm_controller.egg-info/SOURCES.txt'
[1.959s] writing manifest file 'i2cpwm_controller.egg-info/SOURCES.txt'
[2.107s] [ 99%] Built target ament_cmake_python_build_i2cpwm_controller_egg
[13.667s] [01m[K/home/robodog/RoboDog/ros2_ws/src/i2cpwm_controller/src/i2cpwm_controller.cpp:[m[K In constructor â€˜[01m[KI2cPwmController::I2cPwmController(const rclcpp::NodeOptions&)[m[Kâ€™:
[13.669s] [01m[K/home/robodog/RoboDog/ros2_ws/src/i2cpwm_controller/src/i2cpwm_controller.cpp:135:54:[m[K [01;31m[Kerror: [m[Kâ€˜[01m[Kcontroller[m[Kâ€™ was not declared in this scope; did you mean â€˜[01m[KI2cPwmController[m[Kâ€™?
[13.669s]   135 |     servos_absolute_sub_ = this->create_subscription<[01;31m[Kcontroller[m[K::msg::ServoArray>(
[13.670s]       |                                                      [01;31m[K^~~~~~~~~~[m[K
[13.671s]       |                                                      [32m[KI2cPwmController[m[K
[13.671s] [01m[K/home/robodog/RoboDog/ros2_ws/src/i2cpwm_controller/src/i2cpwm_controller.cpp:135:34:[m[K [01;31m[Kerror: [m[Kparse error in template argument list
[13.672s]   135 |     servos_absolute_sub_ = this->[01;31m[Kcreate_subscription<controller::msg::ServoArray>[m[K(
[13.674s]       |                                  [01;31m[K^~~~~~~~~~~~~~~~~~~~~~~~~~~~~~~~~~~~~~~~~~~~~~~~[m[K
[13.690s] [01m[K/home/robodog/RoboDog/ros2_ws/src/i2cpwm_controller/src/i2cpwm_controller.cpp:135:82:[m[K [01;31m[Kerror: [m[Kno matching function for call to â€˜[01m[KI2cPwmController::create_subscription<<expression error> >(const char [16], int, std::_Bind_helper<false, void (I2cPwmController::*)(std::shared_ptr<i2cpwm_controller::msg::ServoArray_<std::allocator<void> > >), I2cPwmController*, const std::_Placeholder<1>&>::type)[m[Kâ€™
[13.691s]   135 | servos_absolute_sub_ = [01;31m[Kthis->create_subscription<controller::msg::ServoArray>([m[K
[13.692s]       |                        [01;31m[K~~~~~~~~~~~~~~~~~~~~~~~~~~~~~~~~~~~~~~~~~~~~~~~~~~~~~~^[m[K
[13.692s] 
[13.693s]   136 | [01;31m[K    "servos_absolute", 500, std::bind(&I2cPwmController::servos_absolute, this, std::placeholders::_1))[m[K;
[13.694s]       |     [01;31m[K~~~~~~~~~~~~~~~~~~~~~~~~~~~~~~~~~~~~~~~~~~~~~~~~~~~~~~~~~~~~~~~~~~~~~~~~~~~~~~~~~~~~~~~~~~~~~~~~~~~[m[K
[13.694s] 
[13.695s] In file included from [01m[K/opt/ros/humble/include/rclcpp/rclcpp/executors/single_threaded_executor.hpp:28[m[K,
[13.696s]                  from [01m[K/opt/ros/humble/include/rclcpp/rclcpp/executors.hpp:22[m[K,
[13.697s]                  from [01m[K/opt/ros/humble/include/rclcpp/rclcpp/rclcpp.hpp:155[m[K,
[13.697s]                  from [01m[K/home/robodog/RoboDog/ros2_ws/src/i2cpwm_controller/include/i2cpwm_controller.h:20[m[K,
[13.698s]                  from [01m[K/home/robodog/RoboDog/ros2_ws/src/i2cpwm_controller/src/i2cpwm_controller.cpp:1[m[K:
[13.699s] [01m[K/opt/ros/humble/include/rclcpp/rclcpp/node.hpp:219:3:[m[K [01;36m[Knote: [m[Kcandidate: â€˜[01m[Ktemplate<class MessageT, class CallbackT, class AllocatorT, class SubscriptionT, class MessageMemoryStrategyT> std::shared_ptr<ROSMessageT> rclcpp::Node::create_subscription(const string&, const rclcpp::QoS&, CallbackT&&, const rclcpp::SubscriptionOptionsWithAllocator<AllocatorT>&, typename MessageMemoryStrategyT::SharedPtr)[m[Kâ€™
[13.699s]   219 |   [01;36m[Kcreate_subscription[m[K(
[13.700s]       |   [01;36m[K^~~~~~~~~~~~~~~~~~~[m[K
[13.700s] [01m[K/opt/ros/humble/include/rclcpp/rclcpp/node.hpp:219:3:[m[K [01;36m[Knote: [m[K  template argument deduction/substitution failed:
[13.701s] [01m[K/home/robodog/RoboDog/ros2_ws/src/i2cpwm_controller/src/i2cpwm_controller.cpp:135:82:[m[K [01;31m[Kerror: [m[Ktemplate argument 1 is invalid
[13.702s]   135 | servos_absolute_sub_ = [01;31m[Kthis->create_subscription<controller::msg::ServoArray>([m[K
[13.704s]       |                        [01;31m[K~~~~~~~~~~~~~~~~~~~~~~~~~~~~~~~~~~~~~~~~~~~~~~~~~~~~~~^[m[K
[13.705s] 
[13.705s]   136 | [01;31m[K    "servos_absolute", 500, std::bind(&I2cPwmController::servos_absolute, this, std::placeholders::_1))[m[K;
[13.706s]       |     [01;31m[K~~~~~~~~~~~~~~~~~~~~~~~~~~~~~~~~~~~~~~~~~~~~~~~~~~~~~~~~~~~~~~~~~~~~~~~~~~~~~~~~~~~~~~~~~~~~~~~~~~~[m[K
[13.707s] 
[28.613s] gmake[2]: *** [CMakeFiles/i2cpwm_controller_node.dir/build.make:76: CMakeFiles/i2cpwm_controller_node.dir/src/i2cpwm_controller.cpp.o] Error 1
[28.614s] gmake[1]: *** [CMakeFiles/Makefile2:593: CMakeFiles/i2cpwm_controller_node.dir/all] Error 2
[28.615s] gmake: *** [Makefile:146: all] Error 2
[28.622s] Invoked command in '/home/robodog/RoboDog/ros2_ws/build/i2cpwm_controller' returned '2': CMAKE_PREFIX_PATH=/opt/ros/humble /usr/bin/cmake --build /home/robodog/RoboDog/ros2_ws/build/i2cpwm_controller -- -j4 -l4
