[0.000000] (-) TimerEvent: {}
[0.001782] (-) JobUnselected: {'identifier': 'i2cpwm_controller'}
[0.002371] (-) JobUnselected: {'identifier': 'servo_calibration'}
[0.002861] (motion_cmd) JobQueued: {'identifier': 'motion_cmd', 'dependencies': OrderedDict([('i2cpwm_controller', '/home/robodog/RoboDog/ros2_ws/install/i2cpwm_controller')])}
[0.003127] (motion_cmd) JobStarted: {'identifier': 'motion_cmd'}
[0.073669] (motion_cmd) JobProgress: {'identifier': 'motion_cmd', 'progress': 'cmake'}
[0.080267] (motion_cmd) JobProgress: {'identifier': 'motion_cmd', 'progress': 'build'}
[0.083717] (motion_cmd) Command: {'cmd': ['/usr/bin/cmake', '--build', '/home/robodog/RoboDog/ros2_ws/build/motion_cmd', '--', '-j4', '-l4'], 'cwd': '/home/robodog/RoboDog/ros2_ws/build/motion_cmd', 'env': OrderedDict([('LESSOPEN', '| /usr/bin/lesspipe %s'), ('USER', 'robodog'), ('SSH_CLIENT', '10.7.90.119 61016 22'), ('ROS_PACKAGE_PATH', '/home/robodog/RoboDog/ros2_ws/install/motion_cmd/share'), ('XDG_SESSION_TYPE', 'tty'), ('SHLVL', '1'), ('LD_LIBRARY_PATH', '/home/robodog/RoboDog/ros2_ws/install/i2cpwm_controller/lib:/opt/ros/humble/opt/rviz_ogre_vendor/lib:/opt/ros/humble/lib/aarch64-linux-gnu:/opt/ros/humble/lib'), ('MOTD_SHOWN', 'pam'), ('HOME', '/home/robodog'), ('OLDPWD', '/home/robodog/RoboDog'), ('SSH_TTY', '/dev/pts/2'), ('ROS_PYTHON_VERSION', '3'), ('DBUS_SESSION_BUS_ADDRESS', 'unix:path=/run/user/1000/bus'), ('COLCON_PREFIX_PATH', '/home/robodog/RoboDog/ros2_ws/install'), ('ROS_DISTRO', 'humble'), ('LOGNAME', 'robodog'), ('_', '/usr/bin/colcon'), ('ROS_VERSION', '2'), ('PKG_CONFIG_PATH', '/home/robodog/RoboDog/ros2_ws/install/motion_cmd/lib/aarch64-linux-gnu/pkgconfig:/home/robodog/RoboDog/ros2_ws/install/motion_cmd/lib/pkgconfig'), ('XDG_SESSION_CLASS', 'user'), ('TERM', 'xterm-256color'), ('XDG_SESSION_ID', '8'), ('ROS_LOCALHOST_ONLY', '0'), ('PATH', '/opt/ros/humble/bin:/usr/local/sbin:/usr/local/bin:/usr/sbin:/usr/bin:/sbin:/bin:/usr/games:/usr/local/games:/snap/bin'), ('XDG_RUNTIME_DIR', '/run/user/1000'), ('LANG', 'en_US.UTF-8'), ('LS_COLORS', 'rs=0:di=01;34:ln=01;36:mh=00:pi=40;33:so=01;35:do=01;35:bd=40;33;01:cd=40;33;01:or=40;31;01:mi=00:su=37;41:sg=30;43:ca=30;41:tw=30;42:ow=34;42:st=37;44:ex=01;32:*.tar=01;31:*.tgz=01;31:*.arc=01;31:*.arj=01;31:*.taz=01;31:*.lha=01;31:*.lz4=01;31:*.lzh=01;31:*.lzma=01;31:*.tlz=01;31:*.txz=01;31:*.tzo=01;31:*.t7z=01;31:*.zip=01;31:*.z=01;31:*.dz=01;31:*.gz=01;31:*.lrz=01;31:*.lz=01;31:*.lzo=01;31:*.xz=01;31:*.zst=01;31:*.tzst=01;31:*.bz2=01;31:*.bz=01;31:*.tbz=01;31:*.tbz2=01;31:*.tz=01;31:*.deb=01;31:*.rpm=01;31:*.jar=01;31:*.war=01;31:*.ear=01;31:*.sar=01;31:*.rar=01;31:*.alz=01;31:*.ace=01;31:*.zoo=01;31:*.cpio=01;31:*.7z=01;31:*.rz=01;31:*.cab=01;31:*.wim=01;31:*.swm=01;31:*.dwm=01;31:*.esd=01;31:*.jpg=01;35:*.jpeg=01;35:*.mjpg=01;35:*.mjpeg=01;35:*.gif=01;35:*.bmp=01;35:*.pbm=01;35:*.pgm=01;35:*.ppm=01;35:*.tga=01;35:*.xbm=01;35:*.xpm=01;35:*.tif=01;35:*.tiff=01;35:*.png=01;35:*.svg=01;35:*.svgz=01;35:*.mng=01;35:*.pcx=01;35:*.mov=01;35:*.mpg=01;35:*.mpeg=01;35:*.m2v=01;35:*.mkv=01;35:*.webm=01;35:*.webp=01;35:*.ogm=01;35:*.mp4=01;35:*.m4v=01;35:*.mp4v=01;35:*.vob=01;35:*.qt=01;35:*.nuv=01;35:*.wmv=01;35:*.asf=01;35:*.rm=01;35:*.rmvb=01;35:*.flc=01;35:*.avi=01;35:*.fli=01;35:*.flv=01;35:*.gl=01;35:*.dl=01;35:*.xcf=01;35:*.xwd=01;35:*.yuv=01;35:*.cgm=01;35:*.emf=01;35:*.ogv=01;35:*.ogx=01;35:*.aac=00;36:*.au=00;36:*.flac=00;36:*.m4a=00;36:*.mid=00;36:*.midi=00;36:*.mka=00;36:*.mp3=00;36:*.mpc=00;36:*.ogg=00;36:*.ra=00;36:*.wav=00;36:*.oga=00;36:*.opus=00;36:*.spx=00;36:*.xspf=00;36:'), ('AMENT_PREFIX_PATH', '/home/robodog/RoboDog/ros2_ws/install/servo_calibration:/home/robodog/RoboDog/ros2_ws/install/i2cpwm_controller:/opt/ros/humble'), ('SHELL', '/bin/bash'), ('LESSCLOSE', '/usr/bin/lesspipe %s %s'), ('PWD', '/home/robodog/RoboDog/ros2_ws/build/motion_cmd'), ('SSH_CONNECTION', '10.7.90.119 61016 10.7.16.101 22'), ('XDG_DATA_DIRS', '/usr/share/gnome:/usr/local/share:/usr/share:/var/lib/snapd/desktop'), ('PYTHONPATH', '/home/robodog/RoboDog/ros2_ws/install/servo_calibration/lib/python3.10/site-packages:/home/robodog/RoboDog/ros2_ws/install/i2cpwm_controller/local/lib/python3.10/dist-packages:/opt/ros/humble/lib/python3.10/site-packages:/opt/ros/humble/local/lib/python3.10/dist-packages'), ('COLCON', '1'), ('CMAKE_PREFIX_PATH', '/home/robodog/RoboDog/ros2_ws/install/i2cpwm_controller')]), 'shell': False}
[0.099147] (-) TimerEvent: {}
[0.199883] (-) TimerEvent: {}
[0.300670] (-) TimerEvent: {}
[0.375335] (motion_cmd) StdoutLine: {'line': b'-- Found ament_cmake: 1.3.10 (/opt/ros/humble/share/ament_cmake/cmake)\n'}
[0.400864] (-) TimerEvent: {}
[0.501725] (-) TimerEvent: {}
[0.602513] (-) TimerEvent: {}
[0.703212] (-) TimerEvent: {}
[0.803949] (-) TimerEvent: {}
[0.904705] (-) TimerEvent: {}
[1.005560] (-) TimerEvent: {}
[1.041951] (motion_cmd) StdoutLine: {'line': b'-- Found rclcpp: 16.0.10 (/opt/ros/humble/share/rclcpp/cmake)\n'}
[1.105744] (-) TimerEvent: {}
[1.206486] (-) TimerEvent: {}
[1.278822] (motion_cmd) StdoutLine: {'line': b'-- Found rosidl_generator_c: 3.1.5 (/opt/ros/humble/share/rosidl_generator_c/cmake)\n'}
[1.294737] (motion_cmd) StdoutLine: {'line': b'-- Found rosidl_adapter: 3.1.5 (/opt/ros/humble/share/rosidl_adapter/cmake)\n'}
[1.306668] (-) TimerEvent: {}
[1.335018] (motion_cmd) StdoutLine: {'line': b'-- Found rosidl_generator_cpp: 3.1.5 (/opt/ros/humble/share/rosidl_generator_cpp/cmake)\n'}
[1.395741] (motion_cmd) StdoutLine: {'line': b'-- Using all available rosidl_typesupport_c: rosidl_typesupport_fastrtps_c;rosidl_typesupport_introspection_c\n'}
[1.406910] (-) TimerEvent: {}
[1.468441] (motion_cmd) StdoutLine: {'line': b'-- Using all available rosidl_typesupport_cpp: rosidl_typesupport_fastrtps_cpp;rosidl_typesupport_introspection_cpp\n'}
[1.507098] (-) TimerEvent: {}
[1.607977] (-) TimerEvent: {}
[1.709023] (-) TimerEvent: {}
[1.755385] (motion_cmd) StdoutLine: {'line': b'-- Found rmw_implementation_cmake: 6.1.2 (/opt/ros/humble/share/rmw_implementation_cmake/cmake)\n'}
[1.768769] (motion_cmd) StdoutLine: {'line': b'-- Found rmw_fastrtps_cpp: 6.2.7 (/opt/ros/humble/share/rmw_fastrtps_cpp/cmake)\n'}
[1.809209] (-) TimerEvent: {}
[1.909966] (-) TimerEvent: {}
[2.010720] (-) TimerEvent: {}
[2.111452] (-) TimerEvent: {}
[2.212160] (-) TimerEvent: {}
[2.312904] (-) TimerEvent: {}
[2.413636] (-) TimerEvent: {}
[2.514384] (-) TimerEvent: {}
[2.615161] (-) TimerEvent: {}
[2.715952] (-) TimerEvent: {}
[2.746500] (motion_cmd) StdoutLine: {'line': b"-- Using RMW implementation 'rmw_fastrtps_cpp' as default\n"}
[2.816138] (-) TimerEvent: {}
[2.916936] (-) TimerEvent: {}
[3.017734] (-) TimerEvent: {}
[3.025961] (motion_cmd) StdoutLine: {'line': b'-- Found geometry_msgs: 4.2.4 (/opt/ros/humble/share/geometry_msgs/cmake)\n'}
[3.094336] (motion_cmd) StdoutLine: {'line': b'-- Found tf2: 0.25.8 (/opt/ros/humble/share/tf2/cmake)\n'}
[3.117912] (-) TimerEvent: {}
[3.118875] (motion_cmd) StdoutLine: {'line': b'-- Found tf2_ros: 0.25.8 (/opt/ros/humble/share/tf2_ros/cmake)\n'}
[3.218147] (-) TimerEvent: {}
[3.318918] (-) TimerEvent: {}
[3.419721] (-) TimerEvent: {}
[3.520541] (-) TimerEvent: {}
[3.547840] (motion_cmd) StdoutLine: {'line': b'-- Found tf2_geometry_msgs: 0.25.8 (/opt/ros/humble/share/tf2_geometry_msgs/cmake)\n'}
[3.567566] (motion_cmd) StdoutLine: {'line': b'-- Found eigen3_cmake_module: 0.1.1 (/opt/ros/humble/share/eigen3_cmake_module/cmake)\n'}
[3.575918] (motion_cmd) StdoutLine: {'line': b'-- Ensuring Eigen3 include directory is part of orocos-kdl CMake target\n'}
[3.583042] (motion_cmd) StdoutLine: {'line': b'-- Found tf2_eigen: 0.25.8 (/opt/ros/humble/share/tf2_eigen/cmake)\n'}
[3.596884] (motion_cmd) StdoutLine: {'line': b'-- Found i2cpwm_controller: 0.5.1 (/home/robodog/RoboDog/ros2_ws/install/i2cpwm_controller/share/i2cpwm_controller/cmake)\n'}
[3.620644] (-) TimerEvent: {}
[3.721397] (-) TimerEvent: {}
[3.822176] (-) TimerEvent: {}
[3.872932] (motion_cmd) StdoutLine: {'line': b'-- Configuring done\n'}
[3.900353] (motion_cmd) StdoutLine: {'line': b'-- Generating done\n'}
[3.906146] (motion_cmd) StdoutLine: {'line': b'-- Build files have been written to: /home/robodog/RoboDog/ros2_ws/build/motion_cmd/libs/spot_micro_kinematics_cpp/3rd_party/google-test/googletest-download\n'}
[3.922371] (-) TimerEvent: {}
[3.948712] (motion_cmd) StdoutLine: {'line': b"gmake[1]: Entering directory '/home/robodog/RoboDog/ros2_ws/build/motion_cmd/libs/spot_micro_kinematics_cpp/3rd_party/google-test/googletest-download'\n"}
[4.017400] (motion_cmd) StdoutLine: {'line': b"gmake[2]: Entering directory '/home/robodog/RoboDog/ros2_ws/build/motion_cmd/libs/spot_micro_kinematics_cpp/3rd_party/google-test/googletest-download'\n"}
[4.022525] (-) TimerEvent: {}
[4.024556] (motion_cmd) StdoutLine: {'line': b"gmake[3]: Entering directory '/home/robodog/RoboDog/ros2_ws/build/motion_cmd/libs/spot_micro_kinematics_cpp/3rd_party/google-test/googletest-download'\n"}
[4.063783] (motion_cmd) StdoutLine: {'line': b"gmake[3]: Leaving directory '/home/robodog/RoboDog/ros2_ws/build/motion_cmd/libs/spot_micro_kinematics_cpp/3rd_party/google-test/googletest-download'\n"}
[4.108039] (motion_cmd) StdoutLine: {'line': b'[100%] Built target googletest\n'}
[4.110765] (motion_cmd) StdoutLine: {'line': b"gmake[2]: Leaving directory '/home/robodog/RoboDog/ros2_ws/build/motion_cmd/libs/spot_micro_kinematics_cpp/3rd_party/google-test/googletest-download'\n"}
[4.122708] (-) TimerEvent: {}
[4.143597] (motion_cmd) StdoutLine: {'line': b"gmake[1]: Leaving directory '/home/robodog/RoboDog/ros2_ws/build/motion_cmd/libs/spot_micro_kinematics_cpp/3rd_party/google-test/googletest-download'\n"}
[4.154551] (motion_cmd) StderrLine: {'line': b'\x1b[0mCMake Deprecation Warning at /home/robodog/RoboDog/ros2_ws/build/motion_cmd/libs/spot_micro_kinematics_cpp/3rd_party/google-test/googletest-src/CMakeLists.txt:4 (cmake_minimum_required):\n'}
[4.155335] (motion_cmd) StderrLine: {'line': b'  Compatibility with CMake < 2.8.12 will be removed from a future version of\n'}
[4.155758] (motion_cmd) StderrLine: {'line': b'  CMake.\n'}
[4.156304] (motion_cmd) StderrLine: {'line': b'\n'}
[4.156704] (motion_cmd) StderrLine: {'line': b'  Update the VERSION argument <min> value or use a ...<max> suffix to tell\n'}
[4.157150] (motion_cmd) StderrLine: {'line': b'  CMake that the project does not need compatibility with older versions.\n'}
[4.157556] (motion_cmd) StderrLine: {'line': b'\n'}
[4.158072] (motion_cmd) StderrLine: {'line': b'\x1b[0m\n'}
[4.170387] (motion_cmd) StderrLine: {'line': b'\x1b[0mCMake Deprecation Warning at /home/robodog/RoboDog/ros2_ws/build/motion_cmd/libs/spot_micro_kinematics_cpp/3rd_party/google-test/googletest-src/googlemock/CMakeLists.txt:45 (cmake_minimum_required):\n'}
[4.171048] (motion_cmd) StderrLine: {'line': b'  Compatibility with CMake < 2.8.12 will be removed from a future version of\n'}
[4.171518] (motion_cmd) StderrLine: {'line': b'  CMake.\n'}
[4.171969] (motion_cmd) StderrLine: {'line': b'\n'}
[4.172433] (motion_cmd) StderrLine: {'line': b'  Update the VERSION argument <min> value or use a ...<max> suffix to tell\n'}
[4.172825] (motion_cmd) StderrLine: {'line': b'  CMake that the project does not need compatibility with older versions.\n'}
[4.173299] (motion_cmd) StderrLine: {'line': b'\n'}
[4.173714] (motion_cmd) StderrLine: {'line': b'\x1b[0m\n'}
[4.176360] (motion_cmd) StderrLine: {'line': b'\x1b[0mCMake Deprecation Warning at /home/robodog/RoboDog/ros2_ws/build/motion_cmd/libs/spot_micro_kinematics_cpp/3rd_party/google-test/googletest-src/googletest/CMakeLists.txt:56 (cmake_minimum_required):\n'}
[4.177025] (motion_cmd) StderrLine: {'line': b'  Compatibility with CMake < 2.8.12 will be removed from a future version of\n'}
[4.177532] (motion_cmd) StderrLine: {'line': b'  CMake.\n'}
[4.177908] (motion_cmd) StderrLine: {'line': b'\n'}
[4.178230] (motion_cmd) StderrLine: {'line': b'  Update the VERSION argument <min> value or use a ...<max> suffix to tell\n'}
[4.178580] (motion_cmd) StderrLine: {'line': b'  CMake that the project does not need compatibility with older versions.\n'}
[4.178931] (motion_cmd) StderrLine: {'line': b'\n'}
[4.179270] (motion_cmd) StderrLine: {'line': b'\x1b[0m\n'}
[4.222872] (-) TimerEvent: {}
[4.323748] (-) TimerEvent: {}
[4.424688] (-) TimerEvent: {}
[4.525464] (-) TimerEvent: {}
[4.624979] (motion_cmd) StdoutLine: {'line': b'-- Configuring done\n'}
[4.625678] (-) TimerEvent: {}
[4.726344] (-) TimerEvent: {}
[4.827227] (-) TimerEvent: {}
[4.916805] (motion_cmd) StdoutLine: {'line': b'-- Generating done\n'}
[4.927405] (-) TimerEvent: {}
[4.937699] (motion_cmd) StdoutLine: {'line': b'-- Build files have been written to: /home/robodog/RoboDog/ros2_ws/build/motion_cmd\n'}
[5.027623] (-) TimerEvent: {}
[5.064187] (motion_cmd) StdoutLine: {'line': b'\x1b[35m\x1b[1mConsolidate compiler generated dependencies of target gtest\x1b[0m\n'}
[5.077120] (motion_cmd) StdoutLine: {'line': b'\x1b[35m\x1b[1mConsolidate compiler generated dependencies of target spot_micro_kinematics\x1b[0m\n'}
[5.128012] (-) TimerEvent: {}
[5.201862] (motion_cmd) StdoutLine: {'line': b'[  6%] Built target gtest\n'}
[5.211083] (motion_cmd) StdoutLine: {'line': b'[ 20%] Built target spot_micro_kinematics\n'}
[5.228258] (-) TimerEvent: {}
[5.254836] (motion_cmd) StdoutLine: {'line': b'\x1b[35m\x1b[1mConsolidate compiler generated dependencies of target gtest_main\x1b[0m\n'}
[5.260906] (motion_cmd) StdoutLine: {'line': b'\x1b[35m\x1b[1mConsolidate compiler generated dependencies of target gmock\x1b[0m\n'}
[5.292868] (motion_cmd) StdoutLine: {'line': b'\x1b[35m\x1b[1mConsolidate compiler generated dependencies of target smfsm\x1b[0m\n'}
[5.324503] (motion_cmd) StdoutLine: {'line': b'[ 27%] Built target gtest_main\n'}
[5.328780] (-) TimerEvent: {}
[5.347047] (motion_cmd) StdoutLine: {'line': b'[ 34%] Built target gmock\n'}
[5.386195] (motion_cmd) StdoutLine: {'line': b'\x1b[35m\x1b[1mConsolidate compiler generated dependencies of target test_spot_micro_leg\x1b[0m\n'}
[5.415529] (motion_cmd) StdoutLine: {'line': b'\x1b[35m\x1b[1mConsolidate compiler generated dependencies of target test_utils\x1b[0m\n'}
[5.417394] (motion_cmd) StdoutLine: {'line': b'\x1b[35m\x1b[1mConsolidate compiler generated dependencies of target test_spot_micro_kinematics\x1b[0m\n'}
[5.428981] (-) TimerEvent: {}
[5.482992] (motion_cmd) StdoutLine: {'line': b'[ 41%] Built target test_spot_micro_leg\n'}
[5.527855] (motion_cmd) StdoutLine: {'line': b'[ 48%] Built target test_utils\n'}
[5.529266] (-) TimerEvent: {}
[5.535639] (motion_cmd) StdoutLine: {'line': b'\x1b[35m\x1b[1mConsolidate compiler generated dependencies of target gmock_main\x1b[0m\n'}
[5.550299] (motion_cmd) StdoutLine: {'line': b'[ 55%] Built target test_spot_micro_kinematics\n'}
[5.601410] (motion_cmd) StdoutLine: {'line': b'[ 58%] \x1b[32mBuilding CXX object CMakeFiles/smfsm.dir/src/smfsm/state.cpp.o\x1b[0m\n'}
[5.618632] (motion_cmd) StdoutLine: {'line': b'[ 62%] \x1b[32mBuilding CXX object CMakeFiles/smfsm.dir/src/smfsm/stand.cpp.o\x1b[0m\n'}
[5.627368] (motion_cmd) StdoutLine: {'line': b'[ 68%] Built target gmock_main\n'}
[5.629512] (-) TimerEvent: {}
[5.635529] (motion_cmd) StdoutLine: {'line': b'[ 72%] \x1b[32mBuilding CXX object CMakeFiles/smfsm.dir/src/smfsm/idle.cpp.o\x1b[0m\n'}
[5.669202] (motion_cmd) StdoutLine: {'line': b'[ 75%] \x1b[32mBuilding CXX object CMakeFiles/smfsm.dir/src/smfsm/transition_stand.cpp.o\x1b[0m\n'}
[5.729665] (-) TimerEvent: {}
[5.830641] (-) TimerEvent: {}
[5.931701] (-) TimerEvent: {}
[6.033683] (-) TimerEvent: {}
[6.134861] (-) TimerEvent: {}
[6.236291] (-) TimerEvent: {}
[6.337885] (-) TimerEvent: {}
[6.439228] (-) TimerEvent: {}
[6.540616] (-) TimerEvent: {}
[6.642576] (-) TimerEvent: {}
[6.743851] (-) TimerEvent: {}
[6.844817] (-) TimerEvent: {}
[6.945714] (-) TimerEvent: {}
[7.046490] (-) TimerEvent: {}
[7.147266] (-) TimerEvent: {}
[7.248074] (-) TimerEvent: {}
[7.350036] (-) TimerEvent: {}
[7.451456] (-) TimerEvent: {}
[7.552902] (-) TimerEvent: {}
[7.654466] (-) TimerEvent: {}
[7.755926] (-) TimerEvent: {}
[7.857547] (-) TimerEvent: {}
[7.959306] (-) TimerEvent: {}
[8.061029] (-) TimerEvent: {}
[8.162845] (-) TimerEvent: {}
[8.264214] (-) TimerEvent: {}
[8.365028] (-) TimerEvent: {}
[8.465779] (-) TimerEvent: {}
[8.566588] (-) TimerEvent: {}
[8.667738] (-) TimerEvent: {}
[8.769261] (-) TimerEvent: {}
[8.870143] (-) TimerEvent: {}
[8.971081] (-) TimerEvent: {}
[9.073228] (-) TimerEvent: {}
[9.173996] (-) TimerEvent: {}
[9.274862] (-) TimerEvent: {}
[9.375732] (-) TimerEvent: {}
[9.476919] (-) TimerEvent: {}
[9.578507] (-) TimerEvent: {}
[9.679729] (-) TimerEvent: {}
[9.780463] (-) TimerEvent: {}
[9.881823] (-) TimerEvent: {}
[9.982652] (-) TimerEvent: {}
[9.997480] (motion_cmd) StderrLine: {'line': b'In file included from \x1b[01m\x1b[K/home/robodog/RoboDog/ros2_ws/src/motion_cmd/src/smfsm/walk.h:3\x1b[m\x1b[K,\n'}
[9.998290] (motion_cmd) StderrLine: {'line': b'                 from \x1b[01m\x1b[K/home/robodog/RoboDog/ros2_ws/src/motion_cmd/src/smfsm/stand.cpp:4\x1b[m\x1b[K:\n'}
[9.998667] (motion_cmd) StderrLine: {'line': b'\x1b[01m\x1b[K/home/robodog/RoboDog/ros2_ws/src/motion_cmd/include/motion_cmd/motion_cmd.h:6:10:\x1b[m\x1b[K \x1b[01;31m\x1b[Kfatal error: \x1b[m\x1b[Ktf2_ros/transform_broadcaster.hpp: No such file or directory\n'}
[9.999015] (motion_cmd) StderrLine: {'line': b'    6 | #include \x1b[01;31m\x1b[K"tf2_ros/transform_broadcaster.hpp"\x1b[m\x1b[K\n'}
[9.999340] (motion_cmd) StderrLine: {'line': b'      |          \x1b[01;31m\x1b[K^~~~~~~~~~~~~~~~~~~~~~~~~~~~~~~~~~~\x1b[m\x1b[K\n'}
[9.999661] (motion_cmd) StderrLine: {'line': b'In file included from \x1b[01m\x1b[K/home/robodog/RoboDog/ros2_ws/src/motion_cmd/src/smfsm/state.cpp:4\x1b[m\x1b[K:\n'}
[10.000027] (motion_cmd) StderrLine: {'line': b'\x1b[01m\x1b[K/home/robodog/RoboDog/ros2_ws/src/motion_cmd/include/motion_cmd/motion_cmd.h:6:10:\x1b[m\x1b[K \x1b[01;31m\x1b[Kfatal error: \x1b[m\x1b[Ktf2_ros/transform_broadcaster.hpp: No such file or directory\n'}
[10.000589] (motion_cmd) StderrLine: {'line': b'    6 | #include \x1b[01;31m\x1b[K"tf2_ros/transform_broadcaster.hpp"\x1b[m\x1b[K\n'}
[10.001000] (motion_cmd) StderrLine: {'line': b'      |          \x1b[01;31m\x1b[K^~~~~~~~~~~~~~~~~~~~~~~~~~~~~~~~~~~\x1b[m\x1b[K\n'}
[10.001495] (motion_cmd) StderrLine: {'line': b'compilation terminated.\n'}
[10.001925] (motion_cmd) StderrLine: {'line': b'compilation terminated.\n'}
[10.002621] (motion_cmd) StderrLine: {'line': b'In file included from \x1b[01m\x1b[K/home/robodog/RoboDog/ros2_ws/src/motion_cmd/src/smfsm/idle.cpp:2\x1b[m\x1b[K:\n'}
[10.002957] (motion_cmd) StderrLine: {'line': b'\x1b[01m\x1b[K/home/robodog/RoboDog/ros2_ws/src/motion_cmd/include/motion_cmd/motion_cmd.h:6:10:\x1b[m\x1b[K \x1b[01;31m\x1b[Kfatal error: \x1b[m\x1b[Ktf2_ros/transform_broadcaster.hpp: No such file or directory\n'}
[10.003242] (motion_cmd) StderrLine: {'line': b'    6 | #include \x1b[01;31m\x1b[K"tf2_ros/transform_broadcaster.hpp"\x1b[m\x1b[K\n'}
[10.003512] (motion_cmd) StderrLine: {'line': b'      |          \x1b[01;31m\x1b[K^~~~~~~~~~~~~~~~~~~~~~~~~~~~~~~~~~~\x1b[m\x1b[K\n'}
[10.003779] (motion_cmd) StderrLine: {'line': b'compilation terminated.\n'}
[10.004244] (motion_cmd) StderrLine: {'line': b'In file included from \x1b[01m\x1b[K/home/robodog/RoboDog/ros2_ws/src/motion_cmd/src/smfsm/transition_stand.cpp:4\x1b[m\x1b[K:\n'}
[10.004598] (motion_cmd) StderrLine: {'line': b'\x1b[01m\x1b[K/home/robodog/RoboDog/ros2_ws/src/motion_cmd/include/motion_cmd/motion_cmd.h:6:10:\x1b[m\x1b[K \x1b[01;31m\x1b[Kfatal error: \x1b[m\x1b[Ktf2_ros/transform_broadcaster.hpp: No such file or directory\n'}
[10.004874] (motion_cmd) StderrLine: {'line': b'    6 | #include \x1b[01;31m\x1b[K"tf2_ros/transform_broadcaster.hpp"\x1b[m\x1b[K\n'}
[10.005432] (motion_cmd) StderrLine: {'line': b'      |          \x1b[01;31m\x1b[K^~~~~~~~~~~~~~~~~~~~~~~~~~~~~~~~~~~\x1b[m\x1b[K\n'}
[10.005960] (motion_cmd) StderrLine: {'line': b'compilation terminated.\n'}
[10.032018] (motion_cmd) StderrLine: {'line': b'gmake[2]: *** [CMakeFiles/smfsm.dir/build.make:104: CMakeFiles/smfsm.dir/src/smfsm/stand.cpp.o] Error 1\n'}
[10.032842] (motion_cmd) StderrLine: {'line': b'gmake[2]: *** Waiting for unfinished jobs....\n'}
[10.034298] (motion_cmd) StderrLine: {'line': b'gmake[2]: *** [CMakeFiles/smfsm.dir/build.make:76: CMakeFiles/smfsm.dir/src/smfsm/state.cpp.o] Error 1\n'}
[10.035840] (motion_cmd) StderrLine: {'line': b'gmake[2]: *** [CMakeFiles/smfsm.dir/build.make:90: CMakeFiles/smfsm.dir/src/smfsm/idle.cpp.o] Error 1\n'}
[10.037985] (motion_cmd) StderrLine: {'line': b'gmake[2]: *** [CMakeFiles/smfsm.dir/build.make:118: CMakeFiles/smfsm.dir/src/smfsm/transition_stand.cpp.o] Error 1\n'}
[10.039077] (motion_cmd) StderrLine: {'line': b'gmake[1]: *** [CMakeFiles/Makefile2:230: CMakeFiles/smfsm.dir/all] Error 2\n'}
[10.040544] (motion_cmd) StderrLine: {'line': b'gmake: *** [Makefile:146: all] Error 2\n'}
[10.045960] (motion_cmd) CommandEnded: {'returncode': 2}
[10.082846] (-) TimerEvent: {}
[10.183642] (-) TimerEvent: {}
[10.284301] (-) TimerEvent: {}
[10.385709] (-) TimerEvent: {}
[10.461788] (motion_cmd) JobEnded: {'identifier': 'motion_cmd', 'rc': 2}
[10.473491] (-) EventReactorShutdown: {}
