[0.045s] Invoking command in '/home/robodog/RoboDog/ros2_ws/build/motion_cmd': AMENT_PREFIX_PATH=/home/robodog/RoboDog/ros2_ws/install/i2cpwm_controller:${AMENT_PREFIX_PATH} CMAKE_PREFIX_PATH=/home/robodog/RoboDog/ros2_ws/install/i2cpwm_controller LD_LIBRARY_PATH=/home/robodog/RoboDog/ros2_ws/install/i2cpwm_controller/lib:${LD_LIBRARY_PATH} PYTHONPATH=/home/robodog/RoboDog/ros2_ws/install/i2cpwm_controller/local/lib/python3.10/dist-packages:${PYTHONPATH} /usr/bin/cmake /home/robodog/RoboDog/ros2_ws/src/motion_cmd -DCATKIN_INSTALL_INTO_PREFIX_ROOT=0 -DCMAKE_INSTALL_PREFIX=/home/robodog/RoboDog/ros2_ws/install/motion_cmd
[0.089s] -- Found ament_cmake: 1.3.10 (/opt/ros/humble/share/ament_cmake/cmake)
[0.675s] -- Found rclcpp: 16.0.10 (/opt/ros/humble/share/rclcpp/cmake)
[0.841s] -- Found rosidl_generator_c: 3.1.5 (/opt/ros/humble/share/rosidl_generator_c/cmake)
[0.852s] -- Found rosidl_adapter: 3.1.5 (/opt/ros/humble/share/rosidl_adapter/cmake)
[0.875s] -- Found rosidl_generator_cpp: 3.1.5 (/opt/ros/humble/share/rosidl_generator_cpp/cmake)
[0.914s] -- Using all available rosidl_typesupport_c: rosidl_typesupport_fastrtps_c;rosidl_typesupport_introspection_c
[0.964s] -- Using all available rosidl_typesupport_cpp: rosidl_typesupport_fastrtps_cpp;rosidl_typesupport_introspection_cpp
[1.095s] -- Found rmw_implementation_cmake: 6.1.2 (/opt/ros/humble/share/rmw_implementation_cmake/cmake)
[1.101s] -- Found rmw_fastrtps_cpp: 6.2.7 (/opt/ros/humble/share/rmw_fastrtps_cpp/cmake)
[1.994s] -- Using RMW implementation 'rmw_fastrtps_cpp' as default
[2.182s] -- Found geometry_msgs: 4.2.4 (/opt/ros/humble/share/geometry_msgs/cmake)
[2.231s] -- Found tf2: 0.25.8 (/opt/ros/humble/share/tf2/cmake)
[2.246s] -- Found tf2_ros: 0.25.8 (/opt/ros/humble/share/tf2_ros/cmake)
[2.557s] -- Found tf2_geometry_msgs: 0.25.8 (/opt/ros/humble/share/tf2_geometry_msgs/cmake)
[2.568s] -- Found eigen3_cmake_module: 0.1.1 (/opt/ros/humble/share/eigen3_cmake_module/cmake)
[2.573s] -- Ensuring Eigen3 include directory is part of orocos-kdl CMake target
[2.578s] -- Found i2cpwm_controller: 0.5.1 (/home/robodog/RoboDog/ros2_ws/install/i2cpwm_controller/share/i2cpwm_controller/cmake)
[2.802s] -- Configuring done
[2.815s] -- Generating done
[2.820s] -- Build files have been written to: /home/robodog/RoboDog/ros2_ws/build/motion_cmd/libs/spot_micro_kinematics_cpp/3rd_party/google-test/googletest-download
[3.024s] [100%] Built target googletest
[3.068s] [0mCMake Deprecation Warning at /home/robodog/RoboDog/ros2_ws/build/motion_cmd/libs/spot_micro_kinematics_cpp/3rd_party/google-test/googletest-src/CMakeLists.txt:4 (cmake_minimum_required):
[3.069s]   Compatibility with CMake < 2.8.12 will be removed from a future version of
[3.069s]   CMake.
[3.070s] 
[3.070s]   Update the VERSION argument <min> value or use a ...<max> suffix to tell
[3.071s]   CMake that the project does not need compatibility with older versions.
[3.071s] 
[3.071s] [0m
[3.082s] [0mCMake Deprecation Warning at /home/robodog/RoboDog/ros2_ws/build/motion_cmd/libs/spot_micro_kinematics_cpp/3rd_party/google-test/googletest-src/googlemock/CMakeLists.txt:45 (cmake_minimum_required):
[3.082s]   Compatibility with CMake < 2.8.12 will be removed from a future version of
[3.083s]   CMake.
[3.083s] 
[3.084s]   Update the VERSION argument <min> value or use a ...<max> suffix to tell
[3.084s]   CMake that the project does not need compatibility with older versions.
[3.084s] 
[3.084s] [0m
[3.086s] [0mCMake Deprecation Warning at /home/robodog/RoboDog/ros2_ws/build/motion_cmd/libs/spot_micro_kinematics_cpp/3rd_party/google-test/googletest-src/googletest/CMakeLists.txt:56 (cmake_minimum_required):
[3.087s]   Compatibility with CMake < 2.8.12 will be removed from a future version of
[3.087s]   CMake.
[3.087s] 
[3.088s]   Update the VERSION argument <min> value or use a ...<max> suffix to tell
[3.088s]   CMake that the project does not need compatibility with older versions.
[3.088s] 
[3.089s] [0m
[3.512s] -- Configuring done
[3.683s] -- Generating done
[3.698s] -- Build files have been written to: /home/robodog/RoboDog/ros2_ws/build/motion_cmd
[3.743s] Invoked command in '/home/robodog/RoboDog/ros2_ws/build/motion_cmd' returned '0': AMENT_PREFIX_PATH=/home/robodog/RoboDog/ros2_ws/install/i2cpwm_controller:${AMENT_PREFIX_PATH} CMAKE_PREFIX_PATH=/home/robodog/RoboDog/ros2_ws/install/i2cpwm_controller LD_LIBRARY_PATH=/home/robodog/RoboDog/ros2_ws/install/i2cpwm_controller/lib:${LD_LIBRARY_PATH} PYTHONPATH=/home/robodog/RoboDog/ros2_ws/install/i2cpwm_controller/local/lib/python3.10/dist-packages:${PYTHONPATH} /usr/bin/cmake /home/robodog/RoboDog/ros2_ws/src/motion_cmd -DCATKIN_INSTALL_INTO_PREFIX_ROOT=0 -DCMAKE_INSTALL_PREFIX=/home/robodog/RoboDog/ros2_ws/install/motion_cmd
[3.751s] Invoking command in '/home/robodog/RoboDog/ros2_ws/build/motion_cmd': AMENT_PREFIX_PATH=/home/robodog/RoboDog/ros2_ws/install/i2cpwm_controller:${AMENT_PREFIX_PATH} CMAKE_PREFIX_PATH=/home/robodog/RoboDog/ros2_ws/install/i2cpwm_controller LD_LIBRARY_PATH=/home/robodog/RoboDog/ros2_ws/install/i2cpwm_controller/lib:${LD_LIBRARY_PATH} PYTHONPATH=/home/robodog/RoboDog/ros2_ws/install/i2cpwm_controller/local/lib/python3.10/dist-packages:${PYTHONPATH} /usr/bin/cmake --build /home/robodog/RoboDog/ros2_ws/build/motion_cmd -- -j4 -l4
[3.983s] [  6%] [32mBuilding CXX object libs/spot_micro_kinematics_cpp/CMakeFiles/spot_micro_kinematics.dir/src/utils.cpp.o[0m
[3.984s] [  6%] [32mBuilding CXX object libs/spot_micro_kinematics_cpp/CMakeFiles/spot_micro_kinematics.dir/src/spot_micro_kinematics.cpp.o[0m
[3.985s] [ 10%] [32mBuilding CXX object libs/spot_micro_kinematics_cpp/3rd_party/google-test/googletest-build/googletest/CMakeFiles/gtest.dir/src/gtest-all.cc.o[0m
[3.995s] [ 13%] [32mBuilding CXX object libs/spot_micro_kinematics_cpp/CMakeFiles/spot_micro_kinematics.dir/src/spot_micro_leg.cpp.o[0m
[12.527s] In file included from [01m[K/home/robodog/RoboDog/ros2_ws/build/motion_cmd/libs/spot_micro_kinematics_cpp/3rd_party/google-test/googletest-src/googletest/src/gtest-all.cc:42[m[K:
[12.528s] [01m[K/home/robodog/RoboDog/ros2_ws/build/motion_cmd/libs/spot_micro_kinematics_cpp/3rd_party/google-test/googletest-src/googletest/src/gtest-death-test.cc:[m[K In function â€˜[01m[Kbool testing::internal::StackGrowsDown()[m[Kâ€™:
[12.529s] [01m[K/home/robodog/RoboDog/ros2_ws/build/motion_cmd/libs/spot_micro_kinematics_cpp/3rd_party/google-test/googletest-src/googletest/src/gtest-death-test.cc:1301:24:[m[K [01;35m[Kwarning: [m[Kâ€˜[01m[Kdummy[m[Kâ€™ may be used uninitialized [[01;35m[K]8;;https://gcc.gnu.org/onlinedocs/gcc/Warning-Options.html#index-Wmaybe-uninitialized-Wmaybe-uninitialized]8;;[m[K]
[12.529s]  1301 |   [01;35m[KStackLowerThanAddress(&dummy, &result)[m[K;
[12.530s]       |   [01;35m[K~~~~~~~~~~~~~~~~~~~~~^~~~~~~~~~~~~~~~~[m[K
[12.531s] [01m[K/home/robodog/RoboDog/ros2_ws/build/motion_cmd/libs/spot_micro_kinematics_cpp/3rd_party/google-test/googletest-src/googletest/src/gtest-death-test.cc:1290:13:[m[K [01;36m[Knote: [m[Kby argument 1 of type â€˜[01m[Kconst void*[m[Kâ€™ to â€˜[01m[Kvoid testing::internal::StackLowerThanAddress(const void*, bool*)[m[Kâ€™ declared here
[12.531s]  1290 | static void [01;36m[KStackLowerThanAddress[m[K(const void* ptr, bool* result) {
[12.532s]       |             [01;36m[K^~~~~~~~~~~~~~~~~~~~~[m[K
[12.532s] [01m[K/home/robodog/RoboDog/ros2_ws/build/motion_cmd/libs/spot_micro_kinematics_cpp/3rd_party/google-test/googletest-src/googletest/src/gtest-death-test.cc:1299:7:[m[K [01;36m[Knote: [m[Kâ€˜[01m[Kdummy[m[Kâ€™ declared here
[12.533s]  1299 |   int [01;36m[Kdummy[m[K;
[12.534s]       |       [01;36m[K^~~~~[m[K
[17.227s] [ 17%] [32m[1mLinking CXX static library libspot_micro_kinematics.a[0m
[17.598s] [ 17%] Built target spot_micro_kinematics
[17.695s] [ 20%] [32mBuilding CXX object CMakeFiles/smfsm.dir/src/smfsm/state.cpp.o[0m
[17.701s] [ 24%] [32mBuilding CXX object CMakeFiles/smfsm.dir/src/smfsm/idle.cpp.o[0m
[17.704s] [ 27%] [32mBuilding CXX object CMakeFiles/smfsm.dir/src/smfsm/stand.cpp.o[0m
[20.691s] [ 31%] [32m[1mLinking CXX static library ../../../../../../lib/libgtest.a[0m
[20.696s] In file included from [01m[K/home/robodog/RoboDog/ros2_ws/src/motion_cmd/src/smfsm/idle.cpp:2[m[K:
[20.699s] [01m[K/home/robodog/RoboDog/ros2_ws/src/motion_cmd/include/motion_cmd/motion_cmd.h:3:[m[K [01;31m[Kerror: [m[Kunterminated #ifndef
[20.702s]     3 | #ifndef MOTION_CMD
[20.705s]       | 
[20.771s] In file included from [01m[K/home/robodog/RoboDog/ros2_ws/src/motion_cmd/src/smfsm/walk.h:3[m[K,
[20.776s]                  from [01m[K/home/robodog/RoboDog/ros2_ws/src/motion_cmd/src/smfsm/stand.cpp:4[m[K:
[20.779s] [01m[K/home/robodog/RoboDog/ros2_ws/src/motion_cmd/include/motion_cmd/motion_cmd.h:3:[m[K [01;31m[Kerror: [m[Kunterminated #ifndef
[20.782s]     3 | #ifndef MOTION_CMD
[20.786s]       | 
[20.789s] In file included from [01m[K/home/robodog/RoboDog/ros2_ws/src/motion_cmd/src/smfsm/state.cpp:4[m[K:
[20.792s] [01m[K/home/robodog/RoboDog/ros2_ws/src/motion_cmd/include/motion_cmd/motion_cmd.h:3:[m[K [01;31m[Kerror: [m[Kunterminated #ifndef
[20.795s]     3 | #ifndef MOTION_CMD
[20.798s]       | 
[21.997s] [ 31%] Built target gtest
[22.126s] [ 34%] [32mBuilding CXX object libs/spot_micro_kinematics_cpp/3rd_party/google-test/googletest-build/googletest/CMakeFiles/gtest_main.dir/src/gtest_main.cc.o[0m
[26.928s] [ 37%] [32m[1mLinking CXX static library ../../../../../../lib/libgtest_main.a[0m
[27.125s] [ 37%] Built target gtest_main
[27.253s] [ 41%] [32mBuilding CXX object libs/spot_micro_kinematics_cpp/3rd_party/google-test/googletest-build/googlemock/CMakeFiles/gmock.dir/src/gmock-all.cc.o[0m
[28.273s] In file included from [01m[K/home/robodog/RoboDog/ros2_ws/src/motion_cmd/src/smfsm/idle.h:5[m[K,
[28.276s]                  from [01m[K/home/robodog/RoboDog/ros2_ws/src/motion_cmd/src/smfsm/idle.cpp:1[m[K:
[28.280s] [01m[K/home/robodog/RoboDog/ros2_ws/src/motion_cmd/src/smfsm/state.h:60:46:[m[K [01;31m[Kerror: [m[Kâ€˜[01m[Kstd::unique_ptr[m[Kâ€™ has not been declared
[28.284s]    60 |   void changeState(SpotMicroMotionCmd* smmc, [01;31m[Kstd[m[K::unique_ptr<SpotMicroState> sms);
[28.287s]       |                                              [01;31m[K^~~[m[K
[28.294s] [01m[K/home/robodog/RoboDog/ros2_ws/src/motion_cmd/src/smfsm/state.h:60:61:[m[K [01;31m[Kerror: [m[Kexpected â€˜[01m[K,[m[Kâ€™ or â€˜[01m[K...[m[Kâ€™ before â€˜[01m[K<[m[Kâ€™ token
[28.308s]    60 |   void changeState(SpotMicroMotionCmd* smmc, std::unique_ptr[01;31m[K<[m[KSpotMicroState> sms);
[28.312s]       |                                                             [01;31m[K^[m[K
[28.373s] In file included from [01m[K/home/robodog/RoboDog/ros2_ws/src/motion_cmd/src/smfsm/state.cpp:1[m[K:
[28.377s] [01m[K/home/robodog/RoboDog/ros2_ws/src/motion_cmd/src/smfsm/state.h:60:46:[m[K [01;31m[Kerror: [m[Kâ€˜[01m[Kstd::unique_ptr[m[Kâ€™ has not been declared
[28.381s]    60 |   void changeState(SpotMicroMotionCmd* smmc, [01;31m[Kstd[m[K::unique_ptr<SpotMicroState> sms);
[28.383s]       |                                              [01;31m[K^~~[m[K
[28.387s] [01m[K/home/robodog/RoboDog/ros2_ws/src/motion_cmd/src/smfsm/state.h:60:61:[m[K [01;31m[Kerror: [m[Kexpected â€˜[01m[K,[m[Kâ€™ or â€˜[01m[K...[m[Kâ€™ before â€˜[01m[K<[m[Kâ€™ token
[28.404s]    60 |   void changeState(SpotMicroMotionCmd* smmc, std::unique_ptr[01;31m[K<[m[KSpotMicroState> sms);
[28.409s]       |                                                             [01;31m[K^[m[K
[28.513s] In file included from [01m[K/home/robodog/RoboDog/ros2_ws/src/motion_cmd/src/smfsm/stand.h:3[m[K,
[28.516s]                  from [01m[K/home/robodog/RoboDog/ros2_ws/src/motion_cmd/src/smfsm/stand.cpp:1[m[K:
[28.520s] [01m[K/home/robodog/RoboDog/ros2_ws/src/motion_cmd/src/smfsm/state.h:60:46:[m[K [01;31m[Kerror: [m[Kâ€˜[01m[Kstd::unique_ptr[m[Kâ€™ has not been declared
[28.523s]    60 |   void changeState(SpotMicroMotionCmd* smmc, [01;31m[Kstd[m[K::unique_ptr<SpotMicroState> sms);
[28.526s]       |                                              [01;31m[K^~~[m[K
[28.529s] [01m[K/home/robodog/RoboDog/ros2_ws/src/motion_cmd/src/smfsm/state.h:60:61:[m[K [01;31m[Kerror: [m[Kexpected â€˜[01m[K,[m[Kâ€™ or â€˜[01m[K...[m[Kâ€™ before â€˜[01m[K<[m[Kâ€™ token
[28.533s]    60 |   void changeState(SpotMicroMotionCmd* smmc, std::unique_ptr[01;31m[K<[m[KSpotMicroState> sms);
[28.540s]       |                                                             [01;31m[K^[m[K
[39.258s] [ 44%] [32m[1mLinking CXX static library ../../../../../../lib/libgmock.a[0m
[39.731s] [ 44%] Built target gmock
[39.871s] [ 48%] [32mBuilding CXX object libs/spot_micro_kinematics_cpp/CMakeFiles/test_utils.dir/tests/test_utils.cpp.o[0m
[42.342s] In file included from [01m[K/home/robodog/RoboDog/ros2_ws/src/motion_cmd/src/smfsm/walk.h:3[m[K,
[42.349s]                  from [01m[K/home/robodog/RoboDog/ros2_ws/src/motion_cmd/src/smfsm/stand.cpp:4[m[K:
[42.352s] [01m[K/home/robodog/RoboDog/ros2_ws/src/motion_cmd/include/motion_cmd/motion_cmd.h:168:39:[m[K [01;31m[Kerror: [m[Kâ€˜[01m[Ksrv[m[Kâ€™ is not a member of â€˜[01m[Ki2cpwm_controller[m[Kâ€™; did you mean â€˜[01m[Krcl_interfaces::srv[m[Kâ€™?
[42.355s]   168 |     rclcpp::Client<i2cpwm_controller::[01;31m[Ksrv[m[K::ServosConfig>::SharedPtr servos_config_client_;
[42.358s]       |                                       [01;31m[K^~~[m[K
[42.371s] In file included from [01m[K/opt/ros/humble/include/rcl_interfaces/rcl_interfaces/srv/describe_parameters.hpp:7[m[K,
[42.374s]                  from [01m[K/opt/ros/humble/include/rclcpp/rclcpp/parameter_client.hpp:28[m[K,
[42.378s]                  from [01m[K/opt/ros/humble/include/rclcpp/rclcpp/rclcpp.hpp:159[m[K,
[42.384s]                  from [01m[K/home/robodog/RoboDog/ros2_ws/src/motion_cmd/include/motion_cmd/motion_cmd.h:6[m[K,
[42.387s]                  from [01m[K/home/robodog/RoboDog/ros2_ws/src/motion_cmd/src/smfsm/walk.h:3[m[K,
[42.391s]                  from [01m[K/home/robodog/RoboDog/ros2_ws/src/motion_cmd/src/smfsm/stand.cpp:4[m[K:
[42.395s] [01m[K/opt/ros/humble/include/rcl_interfaces/rcl_interfaces/srv/detail/describe_parameters__struct.hpp:27:11:[m[K [01;36m[Knote: [m[Kâ€˜[01m[Krcl_interfaces::srv[m[Kâ€™ declared here
[42.400s]    27 | namespace [01;36m[Ksrv[m[K
[42.404s]       |           [01;36m[K^~~[m[K
[42.407s] In file included from [01m[K/home/robodog/RoboDog/ros2_ws/src/motion_cmd/src/smfsm/walk.h:3[m[K,
[42.411s]                  from [01m[K/home/robodog/RoboDog/ros2_ws/src/motion_cmd/src/smfsm/stand.cpp:4[m[K:
[42.414s] [01m[K/home/robodog/RoboDog/ros2_ws/src/motion_cmd/include/motion_cmd/motion_cmd.h:168:56:[m[K [01;31m[Kerror: [m[Ktemplate argument 1 is invalid
[42.417s]   168 |     rclcpp::Client<i2cpwm_controller::srv::ServosConfig[01;31m[K>[m[K::SharedPtr servos_config_client_;
[42.421s]       |                                                        [01;31m[K^[m[K
[42.425s] [01m[K/home/robodog/RoboDog/ros2_ws/src/motion_cmd/include/motion_cmd/motion_cmd.h:168:59:[m[K [01;31m[Kerror: [m[Kexpected â€˜[01m[K;[m[Kâ€™ at end of member declaration
[42.429s]   168 |     rclcpp::Client<i2cpwm_controller::srv::ServosConfig>::[01;31m[KSharedPtr[m[K servos_config_client_;
[42.433s]       |                                                           [01;31m[K^~~~~~~~~[m[K
[42.438s]       |                                                                    [32m[K;[m[K
[42.442s] [01m[K/home/robodog/RoboDog/ros2_ws/src/motion_cmd/include/motion_cmd/motion_cmd.h:168:69:[m[K [01;31m[Kerror: [m[Kâ€˜[01m[Kservos_config_client_[m[Kâ€™ does not name a type
[42.446s]   168 |     rclcpp::Client<i2cpwm_controller::srv::ServosConfig>::SharedPtr [01;31m[Kservos_config_client_[m[K;
[42.450s]       |                                                                     [01;31m[K^~~~~~~~~~~~~~~~~~~~~[m[K
[42.459s] [01m[K/home/robodog/RoboDog/ros2_ws/src/motion_cmd/src/smfsm/stand.cpp:[m[K In member function â€˜[01m[Kvirtual void SpotMicroStandState::handleInputCommands(const smk::BodyState&, const SpotMicroNodeConfig&, const Command&, SpotMicroMotionCmd*, smk::BodyState*)[m[Kâ€™:
[42.460s] [01m[K/home/robodog/RoboDog/ros2_ws/src/motion_cmd/src/smfsm/stand.cpp:31:69:[m[K [01;31m[Kerror: [m[Kcannot convert â€˜[01m[Kstd::_MakeUniq<SpotMicroTransitionIdleState>::__single_object[m[Kâ€™ {aka â€˜[01m[Kstd::unique_ptr<SpotMicroTransitionIdleState, std::default_delete<SpotMicroTransitionIdleState> >[m[Kâ€™} to â€˜[01m[Kint[m[Kâ€™
[42.461s]    31 |     changeState(smmc, [01;31m[Kstd::make_unique<SpotMicroTransitionIdleState>()[m[K);
[42.463s]       |                       [01;31m[K~~~~~~~~~~~~~~~~~~~~~~~~~~~~~~~~~~~~~~~~~~~~~~^~[m[K
[42.464s]       |                                                                     [01;31m[K|[m[K
[42.465s]       |                                                                     [01;31m[Kstd::_MakeUniq<SpotMicroTransitionIdleState>::__single_object {aka std::unique_ptr<SpotMicroTransitionIdleState, std::default_delete<SpotMicroTransitionIdleState> >}[m[K
[42.467s] In file included from [01m[K/home/robodog/RoboDog/ros2_ws/src/motion_cmd/src/smfsm/stand.h:3[m[K,
[42.468s]                  from [01m[K/home/robodog/RoboDog/ros2_ws/src/motion_cmd/src/smfsm/stand.cpp:1[m[K:
[42.470s] [01m[K/home/robodog/RoboDog/ros2_ws/src/motion_cmd/src/smfsm/state.h:60:46:[m[K [01;36m[Knote: [m[K  initializing argument 2 of â€˜[01m[Kvoid SpotMicroState::changeState(SpotMicroMotionCmd*, int)[m[Kâ€™
[42.483s]    60 |   void changeState(SpotMicroMotionCmd* smmc, [01;36m[Kstd::unique_ptr[m[K<SpotMicroState> sms);
[42.484s]       |                                              [01;36m[K^~~~~~~~~~~~~~~[m[K
[42.514s] [01m[K/home/robodog/RoboDog/ros2_ws/src/motion_cmd/src/smfsm/stand.cpp:34:59:[m[K [01;31m[Kerror: [m[Kcannot convert â€˜[01m[Kstd::_MakeUniq<SpotMicroWalkState>::__single_object[m[Kâ€™ {aka â€˜[01m[Kstd::unique_ptr<SpotMicroWalkState, std::default_delete<SpotMicroWalkState> >[m[Kâ€™} to â€˜[01m[Kint[m[Kâ€™
[42.515s]    34 |     changeState(smmc, [01;31m[Kstd::make_unique<SpotMicroWalkState>()[m[K);
[42.517s]       |                       [01;31m[K~~~~~~~~~~~~~~~~~~~~~~~~~~~~~~~~~~~~^~[m[K
[42.518s]       |                                                           [01;31m[K|[m[K
[42.519s]       |                                                           [01;31m[Kstd::_MakeUniq<SpotMicroWalkState>::__single_object {aka std::unique_ptr<SpotMicroWalkState, std::default_delete<SpotMicroWalkState> >}[m[K
[42.521s] In file included from [01m[K/home/robodog/RoboDog/ros2_ws/src/motion_cmd/src/smfsm/stand.h:3[m[K,
[42.522s]                  from [01m[K/home/robodog/RoboDog/ros2_ws/src/motion_cmd/src/smfsm/stand.cpp:1[m[K:
[42.523s] [01m[K/home/robodog/RoboDog/ros2_ws/src/motion_cmd/src/smfsm/state.h:60:46:[m[K [01;36m[Knote: [m[K  initializing argument 2 of â€˜[01m[Kvoid SpotMicroState::changeState(SpotMicroMotionCmd*, int)[m[Kâ€™
[42.525s]    60 |   void changeState(SpotMicroMotionCmd* smmc, [01;36m[Kstd::unique_ptr[m[K<SpotMicroState> sms);
[42.526s]       |                                              [01;36m[K^~~~~~~~~~~~~~~[m[K
[43.295s] In file included from [01m[K/home/robodog/RoboDog/ros2_ws/src/motion_cmd/src/smfsm/state.cpp:4[m[K:
[43.296s] [01m[K/home/robodog/RoboDog/ros2_ws/src/motion_cmd/include/motion_cmd/motion_cmd.h:168:39:[m[K [01;31m[Kerror: [m[Kâ€˜[01m[Ksrv[m[Kâ€™ is not a member of â€˜[01m[Ki2cpwm_controller[m[Kâ€™; did you mean â€˜[01m[Krcl_interfaces::srv[m[Kâ€™?
[43.297s]   168 |     rclcpp::Client<i2cpwm_controller::[01;31m[Ksrv[m[K::ServosConfig>::SharedPtr servos_config_client_;
[43.299s]       |                                       [01;31m[K^~~[m[K
[43.301s] In file included from [01m[K/opt/ros/humble/include/rcl_interfaces/rcl_interfaces/srv/describe_parameters.hpp:7[m[K,
[43.302s]                  from [01m[K/opt/ros/humble/include/rclcpp/rclcpp/parameter_client.hpp:28[m[K,
[43.304s]                  from [01m[K/opt/ros/humble/include/rclcpp/rclcpp/rclcpp.hpp:159[m[K,
[43.308s]                  from [01m[K/home/robodog/RoboDog/ros2_ws/src/motion_cmd/include/motion_cmd/motion_cmd.h:6[m[K,
[43.318s]                  from [01m[K/home/robodog/RoboDog/ros2_ws/src/motion_cmd/src/smfsm/state.cpp:4[m[K:
[43.319s] [01m[K/opt/ros/humble/include/rcl_interfaces/rcl_interfaces/srv/detail/describe_parameters__struct.hpp:27:11:[m[K [01;36m[Knote: [m[Kâ€˜[01m[Krcl_interfaces::srv[m[Kâ€™ declared here
[43.319s]    27 | namespace [01;36m[Ksrv[m[K
[43.320s]       |           [01;36m[K^~~[m[K
[43.320s] In file included from [01m[K/home/robodog/RoboDog/ros2_ws/src/motion_cmd/src/smfsm/state.cpp:4[m[K:
[43.321s] [01m[K/home/robodog/RoboDog/ros2_ws/src/motion_cmd/include/motion_cmd/motion_cmd.h:168:56:[m[K [01;31m[Kerror: [m[Ktemplate argument 1 is invalid
[43.327s]   168 |     rclcpp::Client<i2cpwm_controller::srv::ServosConfig[01;31m[K>[m[K::SharedPtr servos_config_client_;
[43.328s]       |                                                        [01;31m[K^[m[K
[43.329s] [01m[K/home/robodog/RoboDog/ros2_ws/src/motion_cmd/include/motion_cmd/motion_cmd.h:168:59:[m[K [01;31m[Kerror: [m[Kexpected â€˜[01m[K;[m[Kâ€™ at end of member declaration
[43.330s]   168 |     rclcpp::Client<i2cpwm_controller::srv::ServosConfig>::[01;31m[KSharedPtr[m[K servos_config_client_;
[43.330s]       |                                                           [01;31m[K^~~~~~~~~[m[K
[43.331s]       |                                                                    [32m[K;[m[K
[43.344s] [01m[K/home/robodog/RoboDog/ros2_ws/src/motion_cmd/include/motion_cmd/motion_cmd.h:168:69:[m[K [01;31m[Kerror: [m[Kâ€˜[01m[Kservos_config_client_[m[Kâ€™ does not name a type
[43.346s]   168 | lcpp::Client<i2cpwm_controller::srv::ServosConfig>::SharedPtr [01;31m[Kservos_config_client_[m[K;
[43.347s]       |                                                               [01;31m[K^~~~~~~~~~~~~~~~~~~~~[m[K
[43.348s] 
[43.395s] [01m[K/home/robodog/RoboDog/ros2_ws/src/motion_cmd/src/smfsm/state.cpp:20:6:[m[K [01;31m[Kerror: [m[Kno declaration matches â€˜[01m[Kvoid SpotMicroState::changeState(SpotMicroMotionCmd*, std::unique_ptr<SpotMicroState>)[m[Kâ€™
[43.396s]    20 | void [01;31m[KSpotMicroState[m[K::changeState(SpotMicroMotionCmd* smmc, std::unique_ptr<SpotMicroState> sms) {
[43.397s]       |      [01;31m[K^~~~~~~~~~~~~~[m[K
[43.401s] In file included from [01m[K/home/robodog/RoboDog/ros2_ws/src/motion_cmd/src/smfsm/state.cpp:1[m[K:
[43.404s] [01m[K/home/robodog/RoboDog/ros2_ws/src/motion_cmd/src/smfsm/state.h:60:8:[m[K [01;36m[Knote: [m[Kcandidate is: â€˜[01m[Kvoid SpotMicroState::changeState(SpotMicroMotionCmd*, int)[m[Kâ€™
[43.409s]    60 |   void [01;36m[KchangeState[m[K(SpotMicroMotionCmd* smmc, std::unique_ptr<SpotMicroState> sms);
[43.424s]       |        [01;36m[K^~~~~~~~~~~[m[K
[43.425s] [01m[K/home/robodog/RoboDog/ros2_ws/src/motion_cmd/src/smfsm/state.h:31:7:[m[K [01;36m[Knote: [m[Kâ€˜[01m[Kclass SpotMicroState[m[Kâ€™ defined here
[43.426s]    31 | class [01;36m[KSpotMicroState[m[K {
[43.435s]       |       [01;36m[K^~~~~~~~~~~~~~[m[K
[44.623s] In file included from [01m[K/home/robodog/RoboDog/ros2_ws/src/motion_cmd/src/smfsm/idle.cpp:2[m[K:
[44.629s] [01m[K/home/robodog/RoboDog/ros2_ws/src/motion_cmd/include/motion_cmd/motion_cmd.h:168:39:[m[K [01;31m[Kerror: [m[Kâ€˜[01m[Ksrv[m[Kâ€™ is not a member of â€˜[01m[Ki2cpwm_controller[m[Kâ€™; did you mean â€˜[01m[Krcl_interfaces::srv[m[Kâ€™?
[44.633s]   168 |     rclcpp::Client<i2cpwm_controller::[01;31m[Ksrv[m[K::ServosConfig>::SharedPtr servos_config_client_;
[44.636s]       |                                       [01;31m[K^~~[m[K
[44.640s] In file included from [01m[K/opt/ros/humble/include/rcl_interfaces/rcl_interfaces/srv/describe_parameters.hpp:7[m[K,
[44.650s]                  from [01m[K/opt/ros/humble/include/rclcpp/rclcpp/parameter_client.hpp:28[m[K,
[44.655s]                  from [01m[K/opt/ros/humble/include/rclcpp/rclcpp/rclcpp.hpp:159[m[K,
[44.659s]                  from [01m[K/home/robodog/RoboDog/ros2_ws/src/motion_cmd/include/motion_cmd/motion_cmd.h:6[m[K,
[44.667s]                  from [01m[K/home/robodog/RoboDog/ros2_ws/src/motion_cmd/src/smfsm/idle.cpp:2[m[K:
[44.671s] [01m[K/opt/ros/humble/include/rcl_interfaces/rcl_interfaces/srv/detail/describe_parameters__struct.hpp:27:11:[m[K [01;36m[Knote: [m[Kâ€˜[01m[Krcl_interfaces::srv[m[Kâ€™ declared here
[44.674s]    27 | namespace [01;36m[Ksrv[m[K
[44.679s]       |           [01;36m[K^~~[m[K
[44.682s] In file included from [01m[K/home/robodog/RoboDog/ros2_ws/src/motion_cmd/src/smfsm/idle.cpp:2[m[K:
[44.686s] [01m[K/home/robodog/RoboDog/ros2_ws/src/motion_cmd/include/motion_cmd/motion_cmd.h:168:56:[m[K [01;31m[Kerror: [m[Ktemplate argument 1 is invalid
[44.690s]   168 |     rclcpp::Client<i2cpwm_controller::srv::ServosConfig[01;31m[K>[m[K::SharedPtr servos_config_client_;
[44.694s]       |                                                        [01;31m[K^[m[K
[44.697s] [01m[K/home/robodog/RoboDog/ros2_ws/src/motion_cmd/include/motion_cmd/motion_cmd.h:168:59:[m[K [01;31m[Kerror: [m[Kexpected â€˜[01m[K;[m[Kâ€™ at end of member declaration
[44.701s]   168 |     rclcpp::Client<i2cpwm_controller::srv::ServosConfig>::[01;31m[KSharedPtr[m[K servos_config_client_;
[44.705s]       |                                                           [01;31m[K^~~~~~~~~[m[K
[44.709s]       |                                                                    [32m[K;[m[K
[44.713s] [01m[K/home/robodog/RoboDog/ros2_ws/src/motion_cmd/include/motion_cmd/motion_cmd.h:168:69:[m[K [01;31m[Kerror: [m[Kâ€˜[01m[Kservos_config_client_[m[Kâ€™ does not name a type
[44.716s]   168 |     rclcpp::Client<i2cpwm_controller::srv::ServosConfig>::SharedPtr [01;31m[Kservos_config_client_[m[K;
[44.720s]       |                                                                     [01;31m[K^~~~~~~~~~~~~~~~~~~~~[m[K
[44.773s] [01m[K/home/robodog/RoboDog/ros2_ws/src/motion_cmd/src/smfsm/idle.cpp:[m[K In member function â€˜[01m[Kvirtual void SpotMicroIdleState::handleInputCommands(const smk::BodyState&, const SpotMicroNodeConfig&, const Command&, SpotMicroMotionCmd*, smk::BodyState*)[m[Kâ€™:
[44.782s] [01m[K/home/robodog/RoboDog/ros2_ws/src/motion_cmd/src/smfsm/idle.cpp:25:70:[m[K [01;31m[Kerror: [m[Kcannot convert â€˜[01m[Kstd::_MakeUniq<SpotMicroTransitionStandState>::__single_object[m[Kâ€™ {aka â€˜[01m[Kstd::unique_ptr<SpotMicroTransitionStandState, std::default_delete<SpotMicroTransitionStandState> >[m[Kâ€™} to â€˜[01m[Kint[m[Kâ€™
[44.785s]    25 |     changeState(smmc, [01;31m[Kstd::make_unique<SpotMicroTransitionStandState>()[m[K);
[44.789s]       |                       [01;31m[K~~~~~~~~~~~~~~~~~~~~~~~~~~~~~~~~~~~~~~~~~~~~~~~^~[m[K
[44.792s]       |                                                                      [01;31m[K|[m[K
[44.796s]       |                                                                      [01;31m[Kstd::_MakeUniq<SpotMicroTransitionStandState>::__single_object {aka std::unique_ptr<SpotMicroTransitionStandState, std::default_delete<SpotMicroTransitionStandState> >}[m[K
[44.799s] In file included from [01m[K/home/robodog/RoboDog/ros2_ws/src/motion_cmd/src/smfsm/idle.h:5[m[K,
[44.802s]                  from [01m[K/home/robodog/RoboDog/ros2_ws/src/motion_cmd/src/smfsm/idle.cpp:1[m[K:
[44.805s] [01m[K/home/robodog/RoboDog/ros2_ws/src/motion_cmd/src/smfsm/state.h:60:46:[m[K [01;36m[Knote: [m[K  initializing argument 2 of â€˜[01m[Kvoid SpotMicroState::changeState(SpotMicroMotionCmd*, int)[m[Kâ€™
[44.809s]    60 |   void changeState(SpotMicroMotionCmd* smmc, [01;36m[Kstd::unique_ptr[m[K<SpotMicroState> sms);
[44.813s]       |                                              [01;36m[K^~~~~~~~~~~~~~~[m[K
[45.594s] gmake[2]: *** [CMakeFiles/smfsm.dir/build.make:104: CMakeFiles/smfsm.dir/src/smfsm/stand.cpp.o] Error 1
[45.598s] gmake[2]: *** Waiting for unfinished jobs....
[45.729s] [ 51%] [32mBuilding CXX object libs/spot_micro_kinematics_cpp/CMakeFiles/test_spot_micro_leg.dir/tests/test_spot_micro_leg.cpp.o[0m
[46.723s] gmake[2]: *** [CMakeFiles/smfsm.dir/build.make:76: CMakeFiles/smfsm.dir/src/smfsm/state.cpp.o] Error 1
[46.835s] [ 55%] [32mBuilding CXX object libs/spot_micro_kinematics_cpp/CMakeFiles/test_spot_micro_kinematics.dir/tests/test_spot_micro_kinematics.cpp.o[0m
[48.728s] gmake[2]: *** [CMakeFiles/smfsm.dir/build.make:90: CMakeFiles/smfsm.dir/src/smfsm/idle.cpp.o] Error 1
[48.735s] gmake[1]: *** [CMakeFiles/Makefile2:230: CMakeFiles/smfsm.dir/all] Error 2
[48.739s] gmake[1]: *** Waiting for unfinished jobs....
[56.445s] [ 58%] [32m[1mLinking CXX executable test_spot_micro_leg[0m
[57.100s] [ 62%] [32m[1mLinking CXX executable test_spot_micro_kinematics[0m
[57.352s] [ 65%] [32m[1mLinking CXX executable test_utils[0m
[57.488s] [ 65%] Built target test_spot_micro_leg
[57.998s] [ 65%] Built target test_spot_micro_kinematics
[58.264s] [ 65%] Built target test_utils
[58.269s] gmake: *** [Makefile:146: all] Error 2
[58.276s] Invoked command in '/home/robodog/RoboDog/ros2_ws/build/motion_cmd' returned '2': AMENT_PREFIX_PATH=/home/robodog/RoboDog/ros2_ws/install/i2cpwm_controller:${AMENT_PREFIX_PATH} CMAKE_PREFIX_PATH=/home/robodog/RoboDog/ros2_ws/install/i2cpwm_controller LD_LIBRARY_PATH=/home/robodog/RoboDog/ros2_ws/install/i2cpwm_controller/lib:${LD_LIBRARY_PATH} PYTHONPATH=/home/robodog/RoboDog/ros2_ws/install/i2cpwm_controller/local/lib/python3.10/dist-packages:${PYTHONPATH} /usr/bin/cmake --build /home/robodog/RoboDog/ros2_ws/build/motion_cmd -- -j4 -l4
