In file included from [01m[K/home/robodog/RoboDog/ros2_ws/src/motion_cmd/src/smfsm/state.h:2[m[K,
                 from [01m[K/home/robodog/RoboDog/ros2_ws/src/motion_cmd/src/smfsm/transition_stand.h:5[m[K,
                 from [01m[K/home/robodog/RoboDog/ros2_ws/src/motion_cmd/src/smfsm/transition_stand.cpp:1[m[K:
[01m[K/home/robodog/RoboDog/ros2_ws/src/motion_cmd/include/motion_cmd/motion_cmd.h:115:38:[m[K [01;31m[Kerror: [m[Kâ€˜[01m[KSpotMicroState[m[Kâ€™ was not declared in this scope
  115 |     void changeState(std::unique_ptr<[01;31m[KSpotMicroState[m[K> sms);
      |                                      [01;31m[K^~~~~~~~~~~~~~[m[K
[01m[K/home/robodog/RoboDog/ros2_ws/src/motion_cmd/include/motion_cmd/motion_cmd.h:115:52:[m[K [01;31m[Kerror: [m[Ktemplate argument 1 is invalid
  115 |     void changeState(std::unique_ptr<SpotMicroState[01;31m[K>[m[K sms);
      |                                                    [01;31m[K^[m[K
[01m[K/home/robodog/RoboDog/ros2_ws/src/motion_cmd/include/motion_cmd/motion_cmd.h:115:52:[m[K [01;31m[Kerror: [m[Ktemplate argument 2 is invalid
[01m[K/home/robodog/RoboDog/ros2_ws/src/motion_cmd/include/motion_cmd/motion_cmd.h:122:21:[m[K [01;31m[Kerror: [m[Kâ€˜[01m[KSpotMicroState[m[Kâ€™ was not declared in this scope
  122 |     std::unique_ptr<[01;31m[KSpotMicroState[m[K> state_;
      |                     [01;31m[K^~~~~~~~~~~~~~[m[K
[01m[K/home/robodog/RoboDog/ros2_ws/src/motion_cmd/include/motion_cmd/motion_cmd.h:122:35:[m[K [01;31m[Kerror: [m[Ktemplate argument 1 is invalid
  122 |     std::unique_ptr<SpotMicroState[01;31m[K>[m[K state_;
      |                                   [01;31m[K^[m[K
[01m[K/home/robodog/RoboDog/ros2_ws/src/motion_cmd/include/motion_cmd/motion_cmd.h:122:35:[m[K [01;31m[Kerror: [m[Ktemplate argument 2 is invalid
In file included from [01m[K/home/robodog/RoboDog/ros2_ws/src/motion_cmd/src/smfsm/state.h:2[m[K,
                 from [01m[K/home/robodog/RoboDog/ros2_ws/src/motion_cmd/src/smfsm/idle.h:5[m[K,
                 from [01m[K/home/robodog/RoboDog/ros2_ws/src/motion_cmd/src/smfsm/idle.cpp:1[m[K:
[01m[K/home/robodog/RoboDog/ros2_ws/src/motion_cmd/include/motion_cmd/motion_cmd.h:115:38:[m[K [01;31m[Kerror: [m[Kâ€˜[01m[KSpotMicroState[m[Kâ€™ was not declared in this scope
  115 |     void changeState(std::unique_ptr<[01;31m[KSpotMicroState[m[K> sms);
      |                                      [01;31m[K^~~~~~~~~~~~~~[m[K
[01m[K/home/robodog/RoboDog/ros2_ws/src/motion_cmd/include/motion_cmd/motion_cmd.h:115:52:[m[K [01;31m[Kerror: [m[Ktemplate argument 1 is invalid
  115 |     void changeState(std::unique_ptr<SpotMicroState[01;31m[K>[m[K sms);
      |                                                    [01;31m[K^[m[K
[01m[K/home/robodog/RoboDog/ros2_ws/src/motion_cmd/include/motion_cmd/motion_cmd.h:115:52:[m[K [01;31m[Kerror: [m[Ktemplate argument 2 is invalid
[01m[K/home/robodog/RoboDog/ros2_ws/src/motion_cmd/include/motion_cmd/motion_cmd.h:122:21:[m[K [01;31m[Kerror: [m[Kâ€˜[01m[KSpotMicroState[m[Kâ€™ was not declared in this scope
  122 |     std::unique_ptr<[01;31m[KSpotMicroState[m[K> state_;
      |                     [01;31m[K^~~~~~~~~~~~~~[m[K
[01m[K/home/robodog/RoboDog/ros2_ws/src/motion_cmd/include/motion_cmd/motion_cmd.h:122:35:[m[K [01;31m[Kerror: [m[Ktemplate argument 1 is invalid
  122 |     std::unique_ptr<SpotMicroState[01;31m[K>[m[K state_;
      |                                   [01;31m[K^[m[K
[01m[K/home/robodog/RoboDog/ros2_ws/src/motion_cmd/include/motion_cmd/motion_cmd.h:122:35:[m[K [01;31m[Kerror: [m[Ktemplate argument 2 is invalid
In file included from [01m[K/home/robodog/RoboDog/ros2_ws/src/motion_cmd/src/smfsm/state.h:2[m[K,
                 from [01m[K/home/robodog/RoboDog/ros2_ws/src/motion_cmd/src/smfsm/state.cpp:1[m[K:
[01m[K/home/robodog/RoboDog/ros2_ws/src/motion_cmd/include/motion_cmd/motion_cmd.h:115:38:[m[K [01;31m[Kerror: [m[Kâ€˜[01m[KSpotMicroState[m[Kâ€™ was not declared in this scope
  115 |     void changeState(std::unique_ptr<[01;31m[KSpotMicroState[m[K> sms);
      |                                      [01;31m[K^~~~~~~~~~~~~~[m[K
[01m[K/home/robodog/RoboDog/ros2_ws/src/motion_cmd/include/motion_cmd/motion_cmd.h:115:52:[m[K [01;31m[Kerror: [m[Ktemplate argument 1 is invalid
  115 |     void changeState(std::unique_ptr<SpotMicroState[01;31m[K>[m[K sms);
      |                                                    [01;31m[K^[m[K
[01m[K/home/robodog/RoboDog/ros2_ws/src/motion_cmd/include/motion_cmd/motion_cmd.h:115:52:[m[K [01;31m[Kerror: [m[Ktemplate argument 2 is invalid
[01m[K/home/robodog/RoboDog/ros2_ws/src/motion_cmd/include/motion_cmd/motion_cmd.h:122:21:[m[K [01;31m[Kerror: [m[Kâ€˜[01m[KSpotMicroState[m[Kâ€™ was not declared in this scope
  122 |     std::unique_ptr<[01;31m[KSpotMicroState[m[K> state_;
      |                     [01;31m[K^~~~~~~~~~~~~~[m[K
[01m[K/home/robodog/RoboDog/ros2_ws/src/motion_cmd/include/motion_cmd/motion_cmd.h:122:35:[m[K [01;31m[Kerror: [m[Ktemplate argument 1 is invalid
  122 |     std::unique_ptr<SpotMicroState[01;31m[K>[m[K state_;
      |                                   [01;31m[K^[m[K
[01m[K/home/robodog/RoboDog/ros2_ws/src/motion_cmd/include/motion_cmd/motion_cmd.h:122:35:[m[K [01;31m[Kerror: [m[Ktemplate argument 2 is invalid
In file included from [01m[K/home/robodog/RoboDog/ros2_ws/src/motion_cmd/src/smfsm/state.h:2[m[K,
                 from [01m[K/home/robodog/RoboDog/ros2_ws/src/motion_cmd/src/smfsm/stand.h:3[m[K,
                 from [01m[K/home/robodog/RoboDog/ros2_ws/src/motion_cmd/src/smfsm/stand.cpp:1[m[K:
[01m[K/home/robodog/RoboDog/ros2_ws/src/motion_cmd/include/motion_cmd/motion_cmd.h:115:38:[m[K [01;31m[Kerror: [m[Kâ€˜[01m[KSpotMicroState[m[Kâ€™ was not declared in this scope
  115 |     void changeState(std::unique_ptr<[01;31m[KSpotMicroState[m[K> sms);
      |                                      [01;31m[K^~~~~~~~~~~~~~[m[K
[01m[K/home/robodog/RoboDog/ros2_ws/src/motion_cmd/include/motion_cmd/motion_cmd.h:115:52:[m[K [01;31m[Kerror: [m[Ktemplate argument 1 is invalid
  115 |     void changeState(std::unique_ptr<SpotMicroState[01;31m[K>[m[K sms);
      |                                                    [01;31m[K^[m[K
[01m[K/home/robodog/RoboDog/ros2_ws/src/motion_cmd/include/motion_cmd/motion_cmd.h:115:52:[m[K [01;31m[Kerror: [m[Ktemplate argument 2 is invalid
[01m[K/home/robodog/RoboDog/ros2_ws/src/motion_cmd/include/motion_cmd/motion_cmd.h:122:21:[m[K [01;31m[Kerror: [m[Kâ€˜[01m[KSpotMicroState[m[Kâ€™ was not declared in this scope
  122 |     std::unique_ptr<[01;31m[KSpotMicroState[m[K> state_;
      |                     [01;31m[K^~~~~~~~~~~~~~[m[K
[01m[K/home/robodog/RoboDog/ros2_ws/src/motion_cmd/include/motion_cmd/motion_cmd.h:122:35:[m[K [01;31m[Kerror: [m[Ktemplate argument 1 is invalid
  122 |     std::unique_ptr<SpotMicroState[01;31m[K>[m[K state_;
      |                                   [01;31m[K^[m[K
[01m[K/home/robodog/RoboDog/ros2_ws/src/motion_cmd/include/motion_cmd/motion_cmd.h:122:35:[m[K [01;31m[Kerror: [m[Ktemplate argument 2 is invalid
[01m[K/home/robodog/RoboDog/ros2_ws/src/motion_cmd/src/smfsm/transition_stand.cpp:[m[K In member function â€˜[01m[Kvirtual void SpotMicroTransitionStandState::handleInputCommands(const smk::BodyState&, const SpotMicroNodeConfig&, const Command&, SpotMicroMotionCmd*, smk::BodyState*)[m[Kâ€™:
[01m[K/home/robodog/RoboDog/ros2_ws/src/motion_cmd/src/smfsm/transition_stand.cpp:64:5:[m[K [01;31m[Kerror: [m[Kâ€˜[01m[KchangeState[m[Kâ€™ was not declared in this scope; did you mean â€˜[01m[KSMSchangeState[m[Kâ€™?
   64 |     [01;31m[KchangeState[m[K(smmc, std::make_unique<SpotMicroStandState>());
      |     [01;31m[K^~~~~~~~~~~[m[K
      |     [32m[KSMSchangeState[m[K
[01m[K/home/robodog/RoboDog/ros2_ws/src/motion_cmd/src/smfsm/idle.cpp:[m[K In member function â€˜[01m[Kvirtual void SpotMicroIdleState::handleInputCommands(const smk::BodyState&, const SpotMicroNodeConfig&, const Command&, SpotMicroMotionCmd*, smk::BodyState*)[m[Kâ€™:
[01m[K/home/robodog/RoboDog/ros2_ws/src/motion_cmd/src/smfsm/idle.cpp:25:5:[m[K [01;31m[Kerror: [m[Kâ€˜[01m[KchangeState[m[Kâ€™ was not declared in this scope; did you mean â€˜[01m[KSMSchangeState[m[Kâ€™?
   25 |     [01;31m[KchangeState[m[K(smmc, std::make_unique<SpotMicroTransitionStandState>());
      |     [01;31m[K^~~~~~~~~~~[m[K
      |     [32m[KSMSchangeState[m[K
[01m[K/home/robodog/RoboDog/ros2_ws/src/motion_cmd/src/smfsm/state.cpp:[m[K In member function â€˜[01m[Kvoid SpotMicroState::SMSchangeState(SpotMicroMotionCmd*, std::unique_ptr<SpotMicroState>)[m[Kâ€™:
[01m[K/home/robodog/RoboDog/ros2_ws/src/motion_cmd/src/smfsm/state.cpp:21:30:[m[K [01;31m[Kerror: [m[Kcannot convert â€˜[01m[Kstd::remove_reference<std::unique_ptr<SpotMicroState>&>::type[m[Kâ€™ {aka â€˜[01m[Kstd::unique_ptr<SpotMicroState>[m[Kâ€™} to â€˜[01m[Kint[m[Kâ€™
   21 |   smmc->changeState([01;31m[Kstd::move(sms)[m[K);
      |                     [01;31m[K~~~~~~~~~^~~~~[m[K
      |                              [01;31m[K|[m[K
      |                              [01;31m[Kstd::remove_reference<std::unique_ptr<SpotMicroState>&>::type {aka std::unique_ptr<SpotMicroState>}[m[K
In file included from [01m[K/home/robodog/RoboDog/ros2_ws/src/motion_cmd/src/smfsm/state.h:2[m[K,
                 from [01m[K/home/robodog/RoboDog/ros2_ws/src/motion_cmd/src/smfsm/state.cpp:1[m[K:
[01m[K/home/robodog/RoboDog/ros2_ws/src/motion_cmd/include/motion_cmd/motion_cmd.h:115:54:[m[K [01;36m[Knote: [m[K  initializing argument 1 of â€˜[01m[Kvoid SpotMicroMotionCmd::changeState(int)[m[Kâ€™
  115 |     void changeState([01;36m[Kstd::unique_ptr<SpotMicroState> sms[m[K);
      |                      [01;36m[K~~~~~~~~~~~~~~~~~~~~~~~~~~~~~~~~^~~[m[K
[01m[K/home/robodog/RoboDog/ros2_ws/src/motion_cmd/src/smfsm/stand.cpp:[m[K In member function â€˜[01m[Kvirtual void SpotMicroStandState::handleInputCommands(const smk::BodyState&, const SpotMicroNodeConfig&, const Command&, SpotMicroMotionCmd*, smk::BodyState*)[m[Kâ€™:
[01m[K/home/robodog/RoboDog/ros2_ws/src/motion_cmd/src/smfsm/stand.cpp:31:5:[m[K [01;31m[Kerror: [m[Kâ€˜[01m[KchangeState[m[Kâ€™ was not declared in this scope; did you mean â€˜[01m[KSMSchangeState[m[Kâ€™?
   31 |     [01;31m[KchangeState[m[K(smmc, std::make_unique<SpotMicroTransitionIdleState>());
      |     [01;31m[K^~~~~~~~~~~[m[K
      |     [32m[KSMSchangeState[m[K
[01m[K/home/robodog/RoboDog/ros2_ws/src/motion_cmd/src/smfsm/stand.cpp:34:5:[m[K [01;31m[Kerror: [m[Kâ€˜[01m[KchangeState[m[Kâ€™ was not declared in this scope; did you mean â€˜[01m[KSMSchangeState[m[Kâ€™?
   34 |     [01;31m[KchangeState[m[K(smmc, std::make_unique<SpotMicroWalkState>());
      |     [01;31m[K^~~~~~~~~~~[m[K
      |     [32m[KSMSchangeState[m[K
gmake[2]: *** [CMakeFiles/smfsm.dir/build.make:118: CMakeFiles/smfsm.dir/src/smfsm/transition_stand.cpp.o] Error 1
gmake[2]: *** Waiting for unfinished jobs....
gmake[2]: *** [CMakeFiles/smfsm.dir/build.make:90: CMakeFiles/smfsm.dir/src/smfsm/idle.cpp.o] Error 1
gmake[2]: *** [CMakeFiles/smfsm.dir/build.make:76: CMakeFiles/smfsm.dir/src/smfsm/state.cpp.o] Error 1
gmake[2]: *** [CMakeFiles/smfsm.dir/build.make:104: CMakeFiles/smfsm.dir/src/smfsm/stand.cpp.o] Error 1
gmake[1]: *** [CMakeFiles/Makefile2:230: CMakeFiles/smfsm.dir/all] Error 2
gmake: *** [Makefile:146: all] Error 2
