[0.048s] Invoking command in '/home/robodog/RoboDog/ros2_ws/build/motion_cmd': AMENT_PREFIX_PATH=/home/robodog/RoboDog/ros2_ws/install/i2cpwm_controller:${AMENT_PREFIX_PATH} CMAKE_PREFIX_PATH=/home/robodog/RoboDog/ros2_ws/install/i2cpwm_controller LD_LIBRARY_PATH=/home/robodog/RoboDog/ros2_ws/install/i2cpwm_controller/lib:${LD_LIBRARY_PATH} PYTHONPATH=/home/robodog/RoboDog/ros2_ws/install/i2cpwm_controller/local/lib/python3.10/dist-packages:${PYTHONPATH} /usr/bin/cmake --build /home/robodog/RoboDog/ros2_ws/build/motion_cmd -- -j4 -l4
[0.278s] [ 13%] Built target gtest
[0.280s] [ 20%] Built target spot_micro_kinematics
[0.374s] [ 27%] Built target gtest_main
[0.378s] [ 34%] Built target gmock
[0.458s] [35m[1mConsolidate compiler generated dependencies of target smfsm[0m
[0.489s] [ 41%] Built target test_utils
[0.555s] [ 48%] Built target test_spot_micro_leg
[0.559s] [ 55%] Built target test_spot_micro_kinematics
[0.601s] [ 62%] Built target gmock_main
[0.652s] [ 65%] [32mBuilding CXX object CMakeFiles/smfsm.dir/src/smfsm/state.cpp.o[0m
[0.655s] [ 68%] [32mBuilding CXX object CMakeFiles/smfsm.dir/src/smfsm/idle.cpp.o[0m
[0.660s] [ 72%] [32mBuilding CXX object CMakeFiles/smfsm.dir/src/smfsm/stand.cpp.o[0m
[0.685s] [ 75%] [32mBuilding CXX object CMakeFiles/smfsm.dir/src/smfsm/transition_stand.cpp.o[0m
[23.875s] In file included from [01m[K/home/robodog/RoboDog/ros2_ws/src/motion_cmd/src/smfsm/state.h:2[m[K,
[23.880s]                  from [01m[K/home/robodog/RoboDog/ros2_ws/src/motion_cmd/src/smfsm/transition_stand.h:5[m[K,
[23.883s]                  from [01m[K/home/robodog/RoboDog/ros2_ws/src/motion_cmd/src/smfsm/transition_stand.cpp:1[m[K:
[23.887s] [01m[K/home/robodog/RoboDog/ros2_ws/src/motion_cmd/include/motion_cmd/motion_cmd.h:115:38:[m[K [01;31m[Kerror: [m[Kâ€˜[01m[KSpotMicroState[m[Kâ€™ was not declared in this scope
[23.891s]   115 |     void changeState(std::unique_ptr<[01;31m[KSpotMicroState[m[K> sms);
[23.901s]       |                                      [01;31m[K^~~~~~~~~~~~~~[m[K
[23.904s] [01m[K/home/robodog/RoboDog/ros2_ws/src/motion_cmd/include/motion_cmd/motion_cmd.h:115:52:[m[K [01;31m[Kerror: [m[Ktemplate argument 1 is invalid
[23.908s]   115 |     void changeState(std::unique_ptr<SpotMicroState[01;31m[K>[m[K sms);
[23.911s]       |                                                    [01;31m[K^[m[K
[23.926s] [01m[K/home/robodog/RoboDog/ros2_ws/src/motion_cmd/include/motion_cmd/motion_cmd.h:115:52:[m[K [01;31m[Kerror: [m[Ktemplate argument 2 is invalid
[23.957s] [01m[K/home/robodog/RoboDog/ros2_ws/src/motion_cmd/include/motion_cmd/motion_cmd.h:122:21:[m[K [01;31m[Kerror: [m[Kâ€˜[01m[KSpotMicroState[m[Kâ€™ was not declared in this scope
[23.961s]   122 |     std::unique_ptr<[01;31m[KSpotMicroState[m[K> state_;
[23.966s]       |                     [01;31m[K^~~~~~~~~~~~~~[m[K
[23.970s] [01m[K/home/robodog/RoboDog/ros2_ws/src/motion_cmd/include/motion_cmd/motion_cmd.h:122:35:[m[K [01;31m[Kerror: [m[Ktemplate argument 1 is invalid
[23.974s]   122 |     std::unique_ptr<SpotMicroState[01;31m[K>[m[K state_;
[23.990s]       |                                   [01;31m[K^[m[K
[23.994s] [01m[K/home/robodog/RoboDog/ros2_ws/src/motion_cmd/include/motion_cmd/motion_cmd.h:122:35:[m[K [01;31m[Kerror: [m[Ktemplate argument 2 is invalid
[23.998s] In file included from [01m[K/home/robodog/RoboDog/ros2_ws/src/motion_cmd/src/smfsm/state.h:2[m[K,
[24.002s]                  from [01m[K/home/robodog/RoboDog/ros2_ws/src/motion_cmd/src/smfsm/idle.h:5[m[K,
[24.006s]                  from [01m[K/home/robodog/RoboDog/ros2_ws/src/motion_cmd/src/smfsm/idle.cpp:1[m[K:
[24.010s] [01m[K/home/robodog/RoboDog/ros2_ws/src/motion_cmd/include/motion_cmd/motion_cmd.h:115:38:[m[K [01;31m[Kerror: [m[Kâ€˜[01m[KSpotMicroState[m[Kâ€™ was not declared in this scope
[24.014s]   115 |     void changeState(std::unique_ptr<[01;31m[KSpotMicroState[m[K> sms);
[24.017s]       |                                      [01;31m[K^~~~~~~~~~~~~~[m[K
[24.020s] [01m[K/home/robodog/RoboDog/ros2_ws/src/motion_cmd/include/motion_cmd/motion_cmd.h:115:52:[m[K [01;31m[Kerror: [m[Ktemplate argument 1 is invalid
[24.024s]   115 |     void changeState(std::unique_ptr<SpotMicroState[01;31m[K>[m[K sms);
[24.027s]       |                                                    [01;31m[K^[m[K
[24.030s] [01m[K/home/robodog/RoboDog/ros2_ws/src/motion_cmd/include/motion_cmd/motion_cmd.h:115:52:[m[K [01;31m[Kerror: [m[Ktemplate argument 2 is invalid
[24.073s] [01m[K/home/robodog/RoboDog/ros2_ws/src/motion_cmd/include/motion_cmd/motion_cmd.h:122:21:[m[K [01;31m[Kerror: [m[Kâ€˜[01m[KSpotMicroState[m[Kâ€™ was not declared in this scope
[24.077s]   122 |     std::unique_ptr<[01;31m[KSpotMicroState[m[K> state_;
[24.081s]       |                     [01;31m[K^~~~~~~~~~~~~~[m[K
[24.086s] [01m[K/home/robodog/RoboDog/ros2_ws/src/motion_cmd/include/motion_cmd/motion_cmd.h:122:35:[m[K [01;31m[Kerror: [m[Ktemplate argument 1 is invalid
[24.104s]   122 |     std::unique_ptr<SpotMicroState[01;31m[K>[m[K state_;
[24.108s]       |                                   [01;31m[K^[m[K
[24.111s] [01m[K/home/robodog/RoboDog/ros2_ws/src/motion_cmd/include/motion_cmd/motion_cmd.h:122:35:[m[K [01;31m[Kerror: [m[Ktemplate argument 2 is invalid
[24.281s] In file included from [01m[K/home/robodog/RoboDog/ros2_ws/src/motion_cmd/src/smfsm/state.h:2[m[K,
[24.284s]                  from [01m[K/home/robodog/RoboDog/ros2_ws/src/motion_cmd/src/smfsm/state.cpp:1[m[K:
[24.288s] [01m[K/home/robodog/RoboDog/ros2_ws/src/motion_cmd/include/motion_cmd/motion_cmd.h:115:38:[m[K [01;31m[Kerror: [m[Kâ€˜[01m[KSpotMicroState[m[Kâ€™ was not declared in this scope
[24.294s]   115 |     void changeState(std::unique_ptr<[01;31m[KSpotMicroState[m[K> sms);
[24.310s]       |                                      [01;31m[K^~~~~~~~~~~~~~[m[K
[24.313s] [01m[K/home/robodog/RoboDog/ros2_ws/src/motion_cmd/include/motion_cmd/motion_cmd.h:115:52:[m[K [01;31m[Kerror: [m[Ktemplate argument 1 is invalid
[24.319s]   115 |     void changeState(std::unique_ptr<SpotMicroState[01;31m[K>[m[K sms);
[24.323s]       |                                                    [01;31m[K^[m[K
[24.328s] [01m[K/home/robodog/RoboDog/ros2_ws/src/motion_cmd/include/motion_cmd/motion_cmd.h:115:52:[m[K [01;31m[Kerror: [m[Ktemplate argument 2 is invalid
[24.361s] [01m[K/home/robodog/RoboDog/ros2_ws/src/motion_cmd/include/motion_cmd/motion_cmd.h:122:21:[m[K [01;31m[Kerror: [m[Kâ€˜[01m[KSpotMicroState[m[Kâ€™ was not declared in this scope
[24.365s]   122 |     std::unique_ptr<[01;31m[KSpotMicroState[m[K> state_;
[24.370s]       |                     [01;31m[K^~~~~~~~~~~~~~[m[K
[24.374s] [01m[K/home/robodog/RoboDog/ros2_ws/src/motion_cmd/include/motion_cmd/motion_cmd.h:122:35:[m[K [01;31m[Kerror: [m[Ktemplate argument 1 is invalid
[24.390s]   122 |     std::unique_ptr<SpotMicroState[01;31m[K>[m[K state_;
[24.395s]       |                                   [01;31m[K^[m[K
[24.399s] [01m[K/home/robodog/RoboDog/ros2_ws/src/motion_cmd/include/motion_cmd/motion_cmd.h:122:35:[m[K [01;31m[Kerror: [m[Ktemplate argument 2 is invalid
[25.002s] In file included from [01m[K/home/robodog/RoboDog/ros2_ws/src/motion_cmd/src/smfsm/state.h:2[m[K,
[25.006s]                  from [01m[K/home/robodog/RoboDog/ros2_ws/src/motion_cmd/src/smfsm/stand.h:3[m[K,
[25.010s]                  from [01m[K/home/robodog/RoboDog/ros2_ws/src/motion_cmd/src/smfsm/stand.cpp:1[m[K:
[25.014s] [01m[K/home/robodog/RoboDog/ros2_ws/src/motion_cmd/include/motion_cmd/motion_cmd.h:115:38:[m[K [01;31m[Kerror: [m[Kâ€˜[01m[KSpotMicroState[m[Kâ€™ was not declared in this scope
[25.018s]   115 |     void changeState(std::unique_ptr<[01;31m[KSpotMicroState[m[K> sms);
[25.030s]       |                                      [01;31m[K^~~~~~~~~~~~~~[m[K
[25.033s] [01m[K/home/robodog/RoboDog/ros2_ws/src/motion_cmd/include/motion_cmd/motion_cmd.h:115:52:[m[K [01;31m[Kerror: [m[Ktemplate argument 1 is invalid
[25.036s]   115 |     void changeState(std::unique_ptr<SpotMicroState[01;31m[K>[m[K sms);
[25.039s]       |                                                    [01;31m[K^[m[K
[25.053s] [01m[K/home/robodog/RoboDog/ros2_ws/src/motion_cmd/include/motion_cmd/motion_cmd.h:115:52:[m[K [01;31m[Kerror: [m[Ktemplate argument 2 is invalid
[25.090s] [01m[K/home/robodog/RoboDog/ros2_ws/src/motion_cmd/include/motion_cmd/motion_cmd.h:122:21:[m[K [01;31m[Kerror: [m[Kâ€˜[01m[KSpotMicroState[m[Kâ€™ was not declared in this scope
[25.093s]   122 |     std::unique_ptr<[01;31m[KSpotMicroState[m[K> state_;
[25.099s]       |                     [01;31m[K^~~~~~~~~~~~~~[m[K
[25.104s] [01m[K/home/robodog/RoboDog/ros2_ws/src/motion_cmd/include/motion_cmd/motion_cmd.h:122:35:[m[K [01;31m[Kerror: [m[Ktemplate argument 1 is invalid
[25.119s]   122 |     std::unique_ptr<SpotMicroState[01;31m[K>[m[K state_;
[25.123s]       |                                   [01;31m[K^[m[K
[25.126s] [01m[K/home/robodog/RoboDog/ros2_ws/src/motion_cmd/include/motion_cmd/motion_cmd.h:122:35:[m[K [01;31m[Kerror: [m[Ktemplate argument 2 is invalid
[25.559s] [01m[K/home/robodog/RoboDog/ros2_ws/src/motion_cmd/src/smfsm/transition_stand.cpp:[m[K In member function â€˜[01m[Kvirtual void SpotMicroTransitionStandState::handleInputCommands(const smk::BodyState&, const SpotMicroNodeConfig&, const Command&, SpotMicroMotionCmd*, smk::BodyState*)[m[Kâ€™:
[25.562s] [01m[K/home/robodog/RoboDog/ros2_ws/src/motion_cmd/src/smfsm/transition_stand.cpp:64:5:[m[K [01;31m[Kerror: [m[Kâ€˜[01m[KchangeState[m[Kâ€™ was not declared in this scope; did you mean â€˜[01m[KSMSchangeState[m[Kâ€™?
[25.566s]    64 |     [01;31m[KchangeState[m[K(smmc, std::make_unique<SpotMicroStandState>());
[25.569s]       |     [01;31m[K^~~~~~~~~~~[m[K
[25.572s]       |     [32m[KSMSchangeState[m[K
[25.817s] [01m[K/home/robodog/RoboDog/ros2_ws/src/motion_cmd/src/smfsm/idle.cpp:[m[K In member function â€˜[01m[Kvirtual void SpotMicroIdleState::handleInputCommands(const smk::BodyState&, const SpotMicroNodeConfig&, const Command&, SpotMicroMotionCmd*, smk::BodyState*)[m[Kâ€™:
[25.821s] [01m[K/home/robodog/RoboDog/ros2_ws/src/motion_cmd/src/smfsm/idle.cpp:25:5:[m[K [01;31m[Kerror: [m[Kâ€˜[01m[KchangeState[m[Kâ€™ was not declared in this scope; did you mean â€˜[01m[KSMSchangeState[m[Kâ€™?
[25.824s]    25 |     [01;31m[KchangeState[m[K(smmc, std::make_unique<SpotMicroTransitionStandState>());
[25.827s]       |     [01;31m[K^~~~~~~~~~~[m[K
[25.830s]       |     [32m[KSMSchangeState[m[K
[25.858s] [01m[K/home/robodog/RoboDog/ros2_ws/src/motion_cmd/src/smfsm/state.cpp:[m[K In member function â€˜[01m[Kvoid SpotMicroState::SMSchangeState(SpotMicroMotionCmd*, std::unique_ptr<SpotMicroState>)[m[Kâ€™:
[25.861s] [01m[K/home/robodog/RoboDog/ros2_ws/src/motion_cmd/src/smfsm/state.cpp:21:30:[m[K [01;31m[Kerror: [m[Kcannot convert â€˜[01m[Kstd::remove_reference<std::unique_ptr<SpotMicroState>&>::type[m[Kâ€™ {aka â€˜[01m[Kstd::unique_ptr<SpotMicroState>[m[Kâ€™} to â€˜[01m[Kint[m[Kâ€™
[25.864s]    21 |   smmc->changeState([01;31m[Kstd::move(sms)[m[K);
[25.867s]       |                     [01;31m[K~~~~~~~~~^~~~~[m[K
[25.870s]       |                              [01;31m[K|[m[K
[25.873s]       |                              [01;31m[Kstd::remove_reference<std::unique_ptr<SpotMicroState>&>::type {aka std::unique_ptr<SpotMicroState>}[m[K
[25.884s] In file included from [01m[K/home/robodog/RoboDog/ros2_ws/src/motion_cmd/src/smfsm/state.h:2[m[K,
[25.887s]                  from [01m[K/home/robodog/RoboDog/ros2_ws/src/motion_cmd/src/smfsm/state.cpp:1[m[K:
[25.890s] [01m[K/home/robodog/RoboDog/ros2_ws/src/motion_cmd/include/motion_cmd/motion_cmd.h:115:54:[m[K [01;36m[Knote: [m[K  initializing argument 1 of â€˜[01m[Kvoid SpotMicroMotionCmd::changeState(int)[m[Kâ€™
[25.893s]   115 |     void changeState([01;36m[Kstd::unique_ptr<SpotMicroState> sms[m[K);
[25.897s]       |                      [01;36m[K~~~~~~~~~~~~~~~~~~~~~~~~~~~~~~~~^~~[m[K
[26.660s] [01m[K/home/robodog/RoboDog/ros2_ws/src/motion_cmd/src/smfsm/stand.cpp:[m[K In member function â€˜[01m[Kvirtual void SpotMicroStandState::handleInputCommands(const smk::BodyState&, const SpotMicroNodeConfig&, const Command&, SpotMicroMotionCmd*, smk::BodyState*)[m[Kâ€™:
[26.664s] [01m[K/home/robodog/RoboDog/ros2_ws/src/motion_cmd/src/smfsm/stand.cpp:31:5:[m[K [01;31m[Kerror: [m[Kâ€˜[01m[KchangeState[m[Kâ€™ was not declared in this scope; did you mean â€˜[01m[KSMSchangeState[m[Kâ€™?
[26.668s]    31 |     [01;31m[KchangeState[m[K(smmc, std::make_unique<SpotMicroTransitionIdleState>());
[26.672s]       |     [01;31m[K^~~~~~~~~~~[m[K
[26.676s]       |     [32m[KSMSchangeState[m[K
[26.787s] [01m[K/home/robodog/RoboDog/ros2_ws/src/motion_cmd/src/smfsm/stand.cpp:34:5:[m[K [01;31m[Kerror: [m[Kâ€˜[01m[KchangeState[m[Kâ€™ was not declared in this scope; did you mean â€˜[01m[KSMSchangeState[m[Kâ€™?
[26.792s]    34 |     [01;31m[KchangeState[m[K(smmc, std::make_unique<SpotMicroWalkState>());
[26.795s]       |     [01;31m[K^~~~~~~~~~~[m[K
[26.799s]       |     [32m[KSMSchangeState[m[K
[28.565s] gmake[2]: *** [CMakeFiles/smfsm.dir/build.make:118: CMakeFiles/smfsm.dir/src/smfsm/transition_stand.cpp.o] Error 1
[28.568s] gmake[2]: *** Waiting for unfinished jobs....
[28.920s] gmake[2]: *** [CMakeFiles/smfsm.dir/build.make:90: CMakeFiles/smfsm.dir/src/smfsm/idle.cpp.o] Error 1
[28.968s] gmake[2]: *** [CMakeFiles/smfsm.dir/build.make:76: CMakeFiles/smfsm.dir/src/smfsm/state.cpp.o] Error 1
[29.615s] gmake[2]: *** [CMakeFiles/smfsm.dir/build.make:104: CMakeFiles/smfsm.dir/src/smfsm/stand.cpp.o] Error 1
[29.616s] gmake[1]: *** [CMakeFiles/Makefile2:230: CMakeFiles/smfsm.dir/all] Error 2
[29.617s] gmake: *** [Makefile:146: all] Error 2
[29.623s] Invoked command in '/home/robodog/RoboDog/ros2_ws/build/motion_cmd' returned '2': AMENT_PREFIX_PATH=/home/robodog/RoboDog/ros2_ws/install/i2cpwm_controller:${AMENT_PREFIX_PATH} CMAKE_PREFIX_PATH=/home/robodog/RoboDog/ros2_ws/install/i2cpwm_controller LD_LIBRARY_PATH=/home/robodog/RoboDog/ros2_ws/install/i2cpwm_controller/lib:${LD_LIBRARY_PATH} PYTHONPATH=/home/robodog/RoboDog/ros2_ws/install/i2cpwm_controller/local/lib/python3.10/dist-packages:${PYTHONPATH} /usr/bin/cmake --build /home/robodog/RoboDog/ros2_ws/build/motion_cmd -- -j4 -l4
