[0.084s] Invoking command in '/home/robodog/RoboDog/ros2_ws/build/motion_cmd': /usr/bin/cmake --build /home/robodog/RoboDog/ros2_ws/build/motion_cmd -- -j4 -l4
[0.373s] -- Found ament_cmake: 1.3.10 (/opt/ros/humble/share/ament_cmake/cmake)
[1.039s] -- Found rclcpp: 16.0.10 (/opt/ros/humble/share/rclcpp/cmake)
[1.276s] -- Found rosidl_generator_c: 3.1.5 (/opt/ros/humble/share/rosidl_generator_c/cmake)
[1.292s] -- Found rosidl_adapter: 3.1.5 (/opt/ros/humble/share/rosidl_adapter/cmake)
[1.332s] -- Found rosidl_generator_cpp: 3.1.5 (/opt/ros/humble/share/rosidl_generator_cpp/cmake)
[1.393s] -- Using all available rosidl_typesupport_c: rosidl_typesupport_fastrtps_c;rosidl_typesupport_introspection_c
[1.466s] -- Using all available rosidl_typesupport_cpp: rosidl_typesupport_fastrtps_cpp;rosidl_typesupport_introspection_cpp
[1.753s] -- Found rmw_implementation_cmake: 6.1.2 (/opt/ros/humble/share/rmw_implementation_cmake/cmake)
[1.766s] -- Found rmw_fastrtps_cpp: 6.2.7 (/opt/ros/humble/share/rmw_fastrtps_cpp/cmake)
[2.744s] -- Using RMW implementation 'rmw_fastrtps_cpp' as default
[3.023s] -- Found geometry_msgs: 4.2.4 (/opt/ros/humble/share/geometry_msgs/cmake)
[3.091s] -- Found tf2: 0.25.8 (/opt/ros/humble/share/tf2/cmake)
[3.116s] -- Found tf2_ros: 0.25.8 (/opt/ros/humble/share/tf2_ros/cmake)
[3.546s] -- Found tf2_geometry_msgs: 0.25.8 (/opt/ros/humble/share/tf2_geometry_msgs/cmake)
[3.565s] -- Found eigen3_cmake_module: 0.1.1 (/opt/ros/humble/share/eigen3_cmake_module/cmake)
[3.573s] -- Ensuring Eigen3 include directory is part of orocos-kdl CMake target
[3.580s] -- Found tf2_eigen: 0.25.8 (/opt/ros/humble/share/tf2_eigen/cmake)
[3.594s] -- Found i2cpwm_controller: 0.5.1 (/home/robodog/RoboDog/ros2_ws/install/i2cpwm_controller/share/i2cpwm_controller/cmake)
[3.870s] -- Configuring done
[3.898s] -- Generating done
[3.903s] -- Build files have been written to: /home/robodog/RoboDog/ros2_ws/build/motion_cmd/libs/spot_micro_kinematics_cpp/3rd_party/google-test/googletest-download
[3.946s] gmake[1]: Entering directory '/home/robodog/RoboDog/ros2_ws/build/motion_cmd/libs/spot_micro_kinematics_cpp/3rd_party/google-test/googletest-download'
[4.014s] gmake[2]: Entering directory '/home/robodog/RoboDog/ros2_ws/build/motion_cmd/libs/spot_micro_kinematics_cpp/3rd_party/google-test/googletest-download'
[4.022s] gmake[3]: Entering directory '/home/robodog/RoboDog/ros2_ws/build/motion_cmd/libs/spot_micro_kinematics_cpp/3rd_party/google-test/googletest-download'
[4.061s] gmake[3]: Leaving directory '/home/robodog/RoboDog/ros2_ws/build/motion_cmd/libs/spot_micro_kinematics_cpp/3rd_party/google-test/googletest-download'
[4.106s] [100%] Built target googletest
[4.108s] gmake[2]: Leaving directory '/home/robodog/RoboDog/ros2_ws/build/motion_cmd/libs/spot_micro_kinematics_cpp/3rd_party/google-test/googletest-download'
[4.141s] gmake[1]: Leaving directory '/home/robodog/RoboDog/ros2_ws/build/motion_cmd/libs/spot_micro_kinematics_cpp/3rd_party/google-test/googletest-download'
[4.152s] [0mCMake Deprecation Warning at /home/robodog/RoboDog/ros2_ws/build/motion_cmd/libs/spot_micro_kinematics_cpp/3rd_party/google-test/googletest-src/CMakeLists.txt:4 (cmake_minimum_required):
[4.152s]   Compatibility with CMake < 2.8.12 will be removed from a future version of
[4.153s]   CMake.
[4.153s] 
[4.154s]   Update the VERSION argument <min> value or use a ...<max> suffix to tell
[4.154s]   CMake that the project does not need compatibility with older versions.
[4.155s] 
[4.155s] [0m
[4.167s] [0mCMake Deprecation Warning at /home/robodog/RoboDog/ros2_ws/build/motion_cmd/libs/spot_micro_kinematics_cpp/3rd_party/google-test/googletest-src/googlemock/CMakeLists.txt:45 (cmake_minimum_required):
[4.168s]   Compatibility with CMake < 2.8.12 will be removed from a future version of
[4.168s]   CMake.
[4.169s] 
[4.169s]   Update the VERSION argument <min> value or use a ...<max> suffix to tell
[4.170s]   CMake that the project does not need compatibility with older versions.
[4.170s] 
[4.171s] [0m
[4.173s] [0mCMake Deprecation Warning at /home/robodog/RoboDog/ros2_ws/build/motion_cmd/libs/spot_micro_kinematics_cpp/3rd_party/google-test/googletest-src/googletest/CMakeLists.txt:56 (cmake_minimum_required):
[4.174s]   Compatibility with CMake < 2.8.12 will be removed from a future version of
[4.174s]   CMake.
[4.175s] 
[4.175s]   Update the VERSION argument <min> value or use a ...<max> suffix to tell
[4.175s]   CMake that the project does not need compatibility with older versions.
[4.176s] 
[4.176s] [0m
[4.622s] -- Configuring done
[4.914s] -- Generating done
[4.935s] -- Build files have been written to: /home/robodog/RoboDog/ros2_ws/build/motion_cmd
[5.061s] [35m[1mConsolidate compiler generated dependencies of target gtest[0m
[5.074s] [35m[1mConsolidate compiler generated dependencies of target spot_micro_kinematics[0m
[5.199s] [  6%] Built target gtest
[5.208s] [ 20%] Built target spot_micro_kinematics
[5.252s] [35m[1mConsolidate compiler generated dependencies of target gtest_main[0m
[5.258s] [35m[1mConsolidate compiler generated dependencies of target gmock[0m
[5.290s] [35m[1mConsolidate compiler generated dependencies of target smfsm[0m
[5.322s] [ 27%] Built target gtest_main
[5.344s] [ 34%] Built target gmock
[5.383s] [35m[1mConsolidate compiler generated dependencies of target test_spot_micro_leg[0m
[5.413s] [35m[1mConsolidate compiler generated dependencies of target test_utils[0m
[5.414s] [35m[1mConsolidate compiler generated dependencies of target test_spot_micro_kinematics[0m
[5.480s] [ 41%] Built target test_spot_micro_leg
[5.525s] [ 48%] Built target test_utils
[5.533s] [35m[1mConsolidate compiler generated dependencies of target gmock_main[0m
[5.547s] [ 55%] Built target test_spot_micro_kinematics
[5.599s] [ 58%] [32mBuilding CXX object CMakeFiles/smfsm.dir/src/smfsm/state.cpp.o[0m
[5.616s] [ 62%] [32mBuilding CXX object CMakeFiles/smfsm.dir/src/smfsm/stand.cpp.o[0m
[5.625s] [ 68%] Built target gmock_main
[5.633s] [ 72%] [32mBuilding CXX object CMakeFiles/smfsm.dir/src/smfsm/idle.cpp.o[0m
[5.666s] [ 75%] [32mBuilding CXX object CMakeFiles/smfsm.dir/src/smfsm/transition_stand.cpp.o[0m
[9.995s] In file included from [01m[K/home/robodog/RoboDog/ros2_ws/src/motion_cmd/src/smfsm/walk.h:3[m[K,
[9.995s]                  from [01m[K/home/robodog/RoboDog/ros2_ws/src/motion_cmd/src/smfsm/stand.cpp:4[m[K:
[9.996s] [01m[K/home/robodog/RoboDog/ros2_ws/src/motion_cmd/include/motion_cmd/motion_cmd.h:6:10:[m[K [01;31m[Kfatal error: [m[Ktf2_ros/transform_broadcaster.hpp: No such file or directory
[9.996s]     6 | #include [01;31m[K"tf2_ros/transform_broadcaster.hpp"[m[K
[9.996s]       |          [01;31m[K^~~~~~~~~~~~~~~~~~~~~~~~~~~~~~~~~~~[m[K
[9.997s] In file included from [01m[K/home/robodog/RoboDog/ros2_ws/src/motion_cmd/src/smfsm/state.cpp:4[m[K:
[9.997s] [01m[K/home/robodog/RoboDog/ros2_ws/src/motion_cmd/include/motion_cmd/motion_cmd.h:6:10:[m[K [01;31m[Kfatal error: [m[Ktf2_ros/transform_broadcaster.hpp: No such file or directory
[9.998s]     6 | #include [01;31m[K"tf2_ros/transform_broadcaster.hpp"[m[K
[9.998s]       |          [01;31m[K^~~~~~~~~~~~~~~~~~~~~~~~~~~~~~~~~~~[m[K
[9.998s] compilation terminated.
[9.999s] compilation terminated.
[10.000s] In file included from [01m[K/home/robodog/RoboDog/ros2_ws/src/motion_cmd/src/smfsm/idle.cpp:2[m[K:
[10.000s] [01m[K/home/robodog/RoboDog/ros2_ws/src/motion_cmd/include/motion_cmd/motion_cmd.h:6:10:[m[K [01;31m[Kfatal error: [m[Ktf2_ros/transform_broadcaster.hpp: No such file or directory
[10.000s]     6 | #include [01;31m[K"tf2_ros/transform_broadcaster.hpp"[m[K
[10.000s]       |          [01;31m[K^~~~~~~~~~~~~~~~~~~~~~~~~~~~~~~~~~~[m[K
[10.001s] compilation terminated.
[10.001s] In file included from [01m[K/home/robodog/RoboDog/ros2_ws/src/motion_cmd/src/smfsm/transition_stand.cpp:4[m[K:
[10.001s] [01m[K/home/robodog/RoboDog/ros2_ws/src/motion_cmd/include/motion_cmd/motion_cmd.h:6:10:[m[K [01;31m[Kfatal error: [m[Ktf2_ros/transform_broadcaster.hpp: No such file or directory
[10.002s]     6 | #include [01;31m[K"tf2_ros/transform_broadcaster.hpp"[m[K
[10.002s]       |          [01;31m[K^~~~~~~~~~~~~~~~~~~~~~~~~~~~~~~~~~~[m[K
[10.003s] compilation terminated.
[10.029s] gmake[2]: *** [CMakeFiles/smfsm.dir/build.make:104: CMakeFiles/smfsm.dir/src/smfsm/stand.cpp.o] Error 1
[10.031s] gmake[2]: *** Waiting for unfinished jobs....
[10.031s] gmake[2]: *** [CMakeFiles/smfsm.dir/build.make:76: CMakeFiles/smfsm.dir/src/smfsm/state.cpp.o] Error 1
[10.033s] gmake[2]: *** [CMakeFiles/smfsm.dir/build.make:90: CMakeFiles/smfsm.dir/src/smfsm/idle.cpp.o] Error 1
[10.035s] gmake[2]: *** [CMakeFiles/smfsm.dir/build.make:118: CMakeFiles/smfsm.dir/src/smfsm/transition_stand.cpp.o] Error 1
[10.036s] gmake[1]: *** [CMakeFiles/Makefile2:230: CMakeFiles/smfsm.dir/all] Error 2
[10.038s] gmake: *** [Makefile:146: all] Error 2
[10.043s] Invoked command in '/home/robodog/RoboDog/ros2_ws/build/motion_cmd' returned '2': /usr/bin/cmake --build /home/robodog/RoboDog/ros2_ws/build/motion_cmd -- -j4 -l4
