/usr/bin/cmake -S/home/robodog/RoboDog/ros2_ws/src/motion_cmd -B/home/robodog/RoboDog/ros2_ws/build/motion_cmd --check-build-system CMakeFiles/Makefile.cmake 0
Re-run cmake file: Makefile older than: /home/robodog/RoboDog/ros2_ws/src/motion_cmd/CMakeLists.txt
-- Found ament_cmake: 1.3.10 (/opt/ros/humble/share/ament_cmake/cmake)
-- Found rclcpp: 16.0.10 (/opt/ros/humble/share/rclcpp/cmake)
-- Found rosidl_generator_c: 3.1.5 (/opt/ros/humble/share/rosidl_generator_c/cmake)
-- Found rosidl_adapter: 3.1.5 (/opt/ros/humble/share/rosidl_adapter/cmake)
-- Found rosidl_generator_cpp: 3.1.5 (/opt/ros/humble/share/rosidl_generator_cpp/cmake)
-- Using all available rosidl_typesupport_c: rosidl_typesupport_fastrtps_c;rosidl_typesupport_introspection_c
-- Using all available rosidl_typesupport_cpp: rosidl_typesupport_fastrtps_cpp;rosidl_typesupport_introspection_cpp
-- Found rmw_implementation_cmake: 6.1.2 (/opt/ros/humble/share/rmw_implementation_cmake/cmake)
-- Found rmw_fastrtps_cpp: 6.2.7 (/opt/ros/humble/share/rmw_fastrtps_cpp/cmake)
-- Using RMW implementation 'rmw_fastrtps_cpp' as default
-- Found geometry_msgs: 4.2.4 (/opt/ros/humble/share/geometry_msgs/cmake)
-- Found tf2: 0.25.8 (/opt/ros/humble/share/tf2/cmake)
-- Found tf2_ros: 0.25.8 (/opt/ros/humble/share/tf2_ros/cmake)
-- Found tf2_geometry_msgs: 0.25.8 (/opt/ros/humble/share/tf2_geometry_msgs/cmake)
-- Found eigen3_cmake_module: 0.1.1 (/opt/ros/humble/share/eigen3_cmake_module/cmake)
-- Ensuring Eigen3 include directory is part of orocos-kdl CMake target
-- Found tf2_eigen: 0.25.8 (/opt/ros/humble/share/tf2_eigen/cmake)
-- Found i2cpwm_controller: 0.5.1 (/home/robodog/RoboDog/ros2_ws/install/i2cpwm_controller/share/i2cpwm_controller/cmake)
Re-run cmake no build system arguments
-- Configuring done
-- Generating done
-- Build files have been written to: /home/robodog/RoboDog/ros2_ws/build/motion_cmd/libs/spot_micro_kinematics_cpp/3rd_party/google-test/googletest-download
gmake[1]: Entering directory '/home/robodog/RoboDog/ros2_ws/build/motion_cmd/libs/spot_micro_kinematics_cpp/3rd_party/google-test/googletest-download'
/usr/bin/cmake -S/home/robodog/RoboDog/ros2_ws/build/motion_cmd/libs/spot_micro_kinematics_cpp/3rd_party/google-test/googletest-download -B/home/robodog/RoboDog/ros2_ws/build/motion_cmd/libs/spot_micro_kinematics_cpp/3rd_party/google-test/googletest-download --check-build-system CMakeFiles/Makefile.cmake 0
/usr/bin/cmake -E cmake_progress_start /home/robodog/RoboDog/ros2_ws/build/motion_cmd/libs/spot_micro_kinematics_cpp/3rd_party/google-test/googletest-download/CMakeFiles /home/robodog/RoboDog/ros2_ws/build/motion_cmd/libs/spot_micro_kinematics_cpp/3rd_party/google-test/googletest-download//CMakeFiles/progress.marks
/usr/bin/gmake  -f CMakeFiles/Makefile2 all
gmake[2]: Entering directory '/home/robodog/RoboDog/ros2_ws/build/motion_cmd/libs/spot_micro_kinematics_cpp/3rd_party/google-test/googletest-download'
/usr/bin/gmake  -f CMakeFiles/googletest.dir/build.make CMakeFiles/googletest.dir/depend
gmake[3]: Entering directory '/home/robodog/RoboDog/ros2_ws/build/motion_cmd/libs/spot_micro_kinematics_cpp/3rd_party/google-test/googletest-download'
cd /home/robodog/RoboDog/ros2_ws/build/motion_cmd/libs/spot_micro_kinematics_cpp/3rd_party/google-test/googletest-download && /usr/bin/cmake -E cmake_depends "Unix Makefiles" /home/robodog/RoboDog/ros2_ws/build/motion_cmd/libs/spot_micro_kinematics_cpp/3rd_party/google-test/googletest-download /home/robodog/RoboDog/ros2_ws/build/motion_cmd/libs/spot_micro_kinematics_cpp/3rd_party/google-test/googletest-download /home/robodog/RoboDog/ros2_ws/build/motion_cmd/libs/spot_micro_kinematics_cpp/3rd_party/google-test/googletest-download /home/robodog/RoboDog/ros2_ws/build/motion_cmd/libs/spot_micro_kinematics_cpp/3rd_party/google-test/googletest-download /home/robodog/RoboDog/ros2_ws/build/motion_cmd/libs/spot_micro_kinematics_cpp/3rd_party/google-test/googletest-download/CMakeFiles/googletest.dir/DependInfo.cmake --color=
gmake[3]: Leaving directory '/home/robodog/RoboDog/ros2_ws/build/motion_cmd/libs/spot_micro_kinematics_cpp/3rd_party/google-test/googletest-download'
/usr/bin/gmake  -f CMakeFiles/googletest.dir/build.make CMakeFiles/googletest.dir/build
gmake[3]: Entering directory '/home/robodog/RoboDog/ros2_ws/build/motion_cmd/libs/spot_micro_kinematics_cpp/3rd_party/google-test/googletest-download'
gmake[3]: Nothing to be done for 'CMakeFiles/googletest.dir/build'.
gmake[3]: Leaving directory '/home/robodog/RoboDog/ros2_ws/build/motion_cmd/libs/spot_micro_kinematics_cpp/3rd_party/google-test/googletest-download'
[100%] Built target googletest
gmake[2]: Leaving directory '/home/robodog/RoboDog/ros2_ws/build/motion_cmd/libs/spot_micro_kinematics_cpp/3rd_party/google-test/googletest-download'
/usr/bin/cmake -E cmake_progress_start /home/robodog/RoboDog/ros2_ws/build/motion_cmd/libs/spot_micro_kinematics_cpp/3rd_party/google-test/googletest-download/CMakeFiles 0
gmake[1]: Leaving directory '/home/robodog/RoboDog/ros2_ws/build/motion_cmd/libs/spot_micro_kinematics_cpp/3rd_party/google-test/googletest-download'
[0mCMake Deprecation Warning at /home/robodog/RoboDog/ros2_ws/build/motion_cmd/libs/spot_micro_kinematics_cpp/3rd_party/google-test/googletest-src/CMakeLists.txt:4 (cmake_minimum_required):
  Compatibility with CMake < 2.8.12 will be removed from a future version of
  CMake.

  Update the VERSION argument <min> value or use a ...<max> suffix to tell
  CMake that the project does not need compatibility with older versions.

[0m
[0mCMake Deprecation Warning at /home/robodog/RoboDog/ros2_ws/build/motion_cmd/libs/spot_micro_kinematics_cpp/3rd_party/google-test/googletest-src/googlemock/CMakeLists.txt:45 (cmake_minimum_required):
  Compatibility with CMake < 2.8.12 will be removed from a future version of
  CMake.

  Update the VERSION argument <min> value or use a ...<max> suffix to tell
  CMake that the project does not need compatibility with older versions.

[0m
[0mCMake Deprecation Warning at /home/robodog/RoboDog/ros2_ws/build/motion_cmd/libs/spot_micro_kinematics_cpp/3rd_party/google-test/googletest-src/googletest/CMakeLists.txt:56 (cmake_minimum_required):
  Compatibility with CMake < 2.8.12 will be removed from a future version of
  CMake.

  Update the VERSION argument <min> value or use a ...<max> suffix to tell
  CMake that the project does not need compatibility with older versions.

[0m
-- Configuring done
-- Generating done
-- Build files have been written to: /home/robodog/RoboDog/ros2_ws/build/motion_cmd
/usr/bin/cmake -E cmake_progress_start /home/robodog/RoboDog/ros2_ws/build/motion_cmd/CMakeFiles /home/robodog/RoboDog/ros2_ws/build/motion_cmd//CMakeFiles/progress.marks
/usr/bin/gmake  -f CMakeFiles/Makefile2 all
gmake[1]: Entering directory '/home/robodog/RoboDog/ros2_ws/build/motion_cmd'
/usr/bin/gmake  -f CMakeFiles/smfsm.dir/build.make CMakeFiles/smfsm.dir/depend
/usr/bin/gmake  -f CMakeFiles/motion_cmd_node.dir/build.make CMakeFiles/motion_cmd_node.dir/depend
/usr/bin/gmake  -f libs/spot_micro_kinematics_cpp/CMakeFiles/spot_micro_kinematics.dir/build.make libs/spot_micro_kinematics_cpp/CMakeFiles/spot_micro_kinematics.dir/depend
/usr/bin/gmake  -f libs/spot_micro_kinematics_cpp/3rd_party/google-test/googletest-build/googletest/CMakeFiles/gtest.dir/build.make libs/spot_micro_kinematics_cpp/3rd_party/google-test/googletest-build/googletest/CMakeFiles/gtest.dir/depend
gmake[2]: Entering directory '/home/robodog/RoboDog/ros2_ws/build/motion_cmd'
cd /home/robodog/RoboDog/ros2_ws/build/motion_cmd && /usr/bin/cmake -E cmake_depends "Unix Makefiles" /home/robodog/RoboDog/ros2_ws/src/motion_cmd /home/robodog/RoboDog/ros2_ws/src/motion_cmd /home/robodog/RoboDog/ros2_ws/build/motion_cmd /home/robodog/RoboDog/ros2_ws/build/motion_cmd /home/robodog/RoboDog/ros2_ws/build/motion_cmd/CMakeFiles/smfsm.dir/DependInfo.cmake --color=
gmake[2]: Entering directory '/home/robodog/RoboDog/ros2_ws/build/motion_cmd'
cd /home/robodog/RoboDog/ros2_ws/build/motion_cmd && /usr/bin/cmake -E cmake_depends "Unix Makefiles" /home/robodog/RoboDog/ros2_ws/src/motion_cmd /home/robodog/RoboDog/ros2_ws/src/motion_cmd /home/robodog/RoboDog/ros2_ws/build/motion_cmd /home/robodog/RoboDog/ros2_ws/build/motion_cmd /home/robodog/RoboDog/ros2_ws/build/motion_cmd/CMakeFiles/motion_cmd_node.dir/DependInfo.cmake --color=
gmake[2]: Entering directory '/home/robodog/RoboDog/ros2_ws/build/motion_cmd'
cd /home/robodog/RoboDog/ros2_ws/build/motion_cmd && /usr/bin/cmake -E cmake_depends "Unix Makefiles" /home/robodog/RoboDog/ros2_ws/src/motion_cmd /home/robodog/RoboDog/ros2_ws/src/motion_cmd/libs/spot_micro_kinematics_cpp /home/robodog/RoboDog/ros2_ws/build/motion_cmd /home/robodog/RoboDog/ros2_ws/build/motion_cmd/libs/spot_micro_kinematics_cpp /home/robodog/RoboDog/ros2_ws/build/motion_cmd/libs/spot_micro_kinematics_cpp/CMakeFiles/spot_micro_kinematics.dir/DependInfo.cmake --color=
gmake[2]: Entering directory '/home/robodog/RoboDog/ros2_ws/build/motion_cmd'
cd /home/robodog/RoboDog/ros2_ws/build/motion_cmd && /usr/bin/cmake -E cmake_depends "Unix Makefiles" /home/robodog/RoboDog/ros2_ws/src/motion_cmd /home/robodog/RoboDog/ros2_ws/build/motion_cmd/libs/spot_micro_kinematics_cpp/3rd_party/google-test/googletest-src/googletest /home/robodog/RoboDog/ros2_ws/build/motion_cmd /home/robodog/RoboDog/ros2_ws/build/motion_cmd/libs/spot_micro_kinematics_cpp/3rd_party/google-test/googletest-build/googletest /home/robodog/RoboDog/ros2_ws/build/motion_cmd/libs/spot_micro_kinematics_cpp/3rd_party/google-test/googletest-build/googletest/CMakeFiles/gtest.dir/DependInfo.cmake --color=
Dependencies file "CMakeFiles/motion_cmd_node.dir/src/main.cpp.o.d" is newer than depends file "/home/robodog/RoboDog/ros2_ws/build/motion_cmd/CMakeFiles/motion_cmd_node.dir/compiler_depend.internal".
Dependencies file "CMakeFiles/motion_cmd_node.dir/src/motion_cmd.cpp.o.d" is newer than depends file "/home/robodog/RoboDog/ros2_ws/build/motion_cmd/CMakeFiles/motion_cmd_node.dir/compiler_depend.internal".
Dependencies file "libs/spot_micro_kinematics_cpp/CMakeFiles/spot_micro_kinematics.dir/src/spot_micro_kinematics.cpp.o.d" is newer than depends file "/home/robodog/RoboDog/ros2_ws/build/motion_cmd/libs/spot_micro_kinematics_cpp/CMakeFiles/spot_micro_kinematics.dir/compiler_depend.internal".
Dependencies file "libs/spot_micro_kinematics_cpp/CMakeFiles/spot_micro_kinematics.dir/src/spot_micro_leg.cpp.o.d" is newer than depends file "/home/robodog/RoboDog/ros2_ws/build/motion_cmd/libs/spot_micro_kinematics_cpp/CMakeFiles/spot_micro_kinematics.dir/compiler_depend.internal".
Dependencies file "CMakeFiles/motion_cmd_node.dir/src/utils.cpp.o.d" is newer than depends file "/home/robodog/RoboDog/ros2_ws/build/motion_cmd/CMakeFiles/motion_cmd_node.dir/compiler_depend.internal".
Dependencies file "libs/spot_micro_kinematics_cpp/CMakeFiles/spot_micro_kinematics.dir/src/utils.cpp.o.d" is newer than depends file "/home/robodog/RoboDog/ros2_ws/build/motion_cmd/libs/spot_micro_kinematics_cpp/CMakeFiles/spot_micro_kinematics.dir/compiler_depend.internal".
[35m[1mConsolidate compiler generated dependencies of target spot_micro_kinematics[0m
[35m[1mConsolidate compiler generated dependencies of target motion_cmd_node[0m
Dependencies file "CMakeFiles/smfsm.dir/src/smfsm/idle.cpp.o.d" is newer than depends file "/home/robodog/RoboDog/ros2_ws/build/motion_cmd/CMakeFiles/smfsm.dir/compiler_depend.internal".
Dependencies file "CMakeFiles/smfsm.dir/src/smfsm/stand.cpp.o.d" is newer than depends file "/home/robodog/RoboDog/ros2_ws/build/motion_cmd/CMakeFiles/smfsm.dir/compiler_depend.internal".
Dependencies file "CMakeFiles/smfsm.dir/src/smfsm/state.cpp.o.d" is newer than depends file "/home/robodog/RoboDog/ros2_ws/build/motion_cmd/CMakeFiles/smfsm.dir/compiler_depend.internal".
Dependencies file "CMakeFiles/smfsm.dir/src/smfsm/transition_idle.cpp.o.d" is newer than depends file "/home/robodog/RoboDog/ros2_ws/build/motion_cmd/CMakeFiles/smfsm.dir/compiler_depend.internal".
Dependencies file "CMakeFiles/smfsm.dir/src/smfsm/transition_stand.cpp.o.d" is newer than depends file "/home/robodog/RoboDog/ros2_ws/build/motion_cmd/CMakeFiles/smfsm.dir/compiler_depend.internal".
Dependencies file "CMakeFiles/smfsm.dir/src/smfsm/walk.cpp.o.d" is newer than depends file "/home/robodog/RoboDog/ros2_ws/build/motion_cmd/CMakeFiles/smfsm.dir/compiler_depend.internal".
[35m[1mConsolidate compiler generated dependencies of target smfsm[0m
gmake[2]: Leaving directory '/home/robodog/RoboDog/ros2_ws/build/motion_cmd'
/usr/bin/gmake  -f libs/spot_micro_kinematics_cpp/CMakeFiles/spot_micro_kinematics.dir/build.make libs/spot_micro_kinematics_cpp/CMakeFiles/spot_micro_kinematics.dir/build
Dependencies file "libs/spot_micro_kinematics_cpp/3rd_party/google-test/googletest-build/googletest/CMakeFiles/gtest.dir/src/gtest-all.cc.o.d" is newer than depends file "/home/robodog/RoboDog/ros2_ws/build/motion_cmd/libs/spot_micro_kinematics_cpp/3rd_party/google-test/googletest-build/googletest/CMakeFiles/gtest.dir/compiler_depend.internal".
[35m[1mConsolidate compiler generated dependencies of target gtest[0m
gmake[2]: Entering directory '/home/robodog/RoboDog/ros2_ws/build/motion_cmd'
gmake[2]: Nothing to be done for 'libs/spot_micro_kinematics_cpp/CMakeFiles/spot_micro_kinematics.dir/build'.
gmake[2]: Leaving directory '/home/robodog/RoboDog/ros2_ws/build/motion_cmd'
gmake[2]: Leaving directory '/home/robodog/RoboDog/ros2_ws/build/motion_cmd'
/usr/bin/gmake  -f CMakeFiles/motion_cmd_node.dir/build.make CMakeFiles/motion_cmd_node.dir/build
gmake[2]: Leaving directory '/home/robodog/RoboDog/ros2_ws/build/motion_cmd'
/usr/bin/gmake  -f libs/spot_micro_kinematics_cpp/3rd_party/google-test/googletest-build/googletest/CMakeFiles/gtest.dir/build.make libs/spot_micro_kinematics_cpp/3rd_party/google-test/googletest-build/googletest/CMakeFiles/gtest.dir/build
[ 13%] Built target spot_micro_kinematics
gmake[2]: Entering directory '/home/robodog/RoboDog/ros2_ws/build/motion_cmd'
gmake[2]: Nothing to be done for 'libs/spot_micro_kinematics_cpp/3rd_party/google-test/googletest-build/googletest/CMakeFiles/gtest.dir/build'.
gmake[2]: Leaving directory '/home/robodog/RoboDog/ros2_ws/build/motion_cmd'
gmake[2]: Entering directory '/home/robodog/RoboDog/ros2_ws/build/motion_cmd'
[ 20%] Built target gtest
/usr/bin/gmake  -f libs/spot_micro_kinematics_cpp/3rd_party/google-test/googletest-build/googletest/CMakeFiles/gtest_main.dir/build.make libs/spot_micro_kinematics_cpp/3rd_party/google-test/googletest-build/googletest/CMakeFiles/gtest_main.dir/depend
gmake[2]: Entering directory '/home/robodog/RoboDog/ros2_ws/build/motion_cmd'
cd /home/robodog/RoboDog/ros2_ws/build/motion_cmd && /usr/bin/cmake -E cmake_depends "Unix Makefiles" /home/robodog/RoboDog/ros2_ws/src/motion_cmd /home/robodog/RoboDog/ros2_ws/build/motion_cmd/libs/spot_micro_kinematics_cpp/3rd_party/google-test/googletest-src/googletest /home/robodog/RoboDog/ros2_ws/build/motion_cmd /home/robodog/RoboDog/ros2_ws/build/motion_cmd/libs/spot_micro_kinematics_cpp/3rd_party/google-test/googletest-build/googletest /home/robodog/RoboDog/ros2_ws/build/motion_cmd/libs/spot_micro_kinematics_cpp/3rd_party/google-test/googletest-build/googletest/CMakeFiles/gtest_main.dir/DependInfo.cmake --color=
[ 24%] [32mBuilding CXX object CMakeFiles/motion_cmd_node.dir/src/main.cpp.o[0m
/usr/bin/c++ -DDEFAULT_RMW_IMPLEMENTATION=rmw_fastrtps_cpp -DRCUTILS_ENABLE_FAULT_INJECTION -I/home/robodog/RoboDog/ros2_ws/src/motion_cmd/include/motion_cmd -I/home/robodog/RoboDog/ros2_ws/src/motion_cmd/src/smfsm -I/home/robodog/RoboDog/ros2_ws/src/motion_cmd/src/rate_limited_first_order_filter -isystem /usr/include/eigen3 -isystem /home/robodog/RoboDog/ros2_ws/install/i2cpwm_controller/include/i2cpwm_controller -isystem /home/robodog/RoboDog/ros2_ws/install/i2cpwm_controller/include -isystem /opt/ros/humble/include/rclcpp -isystem /opt/ros/humble/include/std_msgs -isystem /opt/ros/humble/include/geometry_msgs -isystem /opt/ros/humble/include/tf2 -isystem /opt/ros/humble/include/tf2_ros -isystem /opt/ros/humble/include/tf2_geometry_msgs -isystem /opt/ros/humble/include/tf2_eigen -isystem /opt/ros/humble/include/ament_index_cpp -isystem /opt/ros/humble/include/libstatistics_collector -isystem /opt/ros/humble/include/builtin_interfaces -isystem /opt/ros/humble/include/rosidl_runtime_c -isystem /opt/ros/humble/include/rcutils -isystem /opt/ros/humble/include/rosidl_typesupport_interface -isystem /opt/ros/humble/include/fastcdr -isystem /opt/ros/humble/include/rosidl_runtime_cpp -isystem /opt/ros/humble/include/rosidl_typesupport_fastrtps_cpp -isystem /opt/ros/humble/include/rmw -isystem /opt/ros/humble/include/rosidl_typesupport_fastrtps_c -isystem /opt/ros/humble/include/rosidl_typesupport_introspection_c -isystem /opt/ros/humble/include/rosidl_typesupport_introspection_cpp -isystem /opt/ros/humble/include/rcl -isystem /opt/ros/humble/include/rcl_interfaces -isystem /opt/ros/humble/include/rcl_logging_interface -isystem /opt/ros/humble/include/rcl_yaml_param_parser -isystem /opt/ros/humble/include/libyaml_vendor -isystem /opt/ros/humble/include/tracetools -isystem /opt/ros/humble/include/rcpputils -isystem /opt/ros/humble/include/statistics_msgs -isystem /opt/ros/humble/include/rosgraph_msgs -isystem /opt/ros/humble/include/rosidl_typesupport_cpp -isystem /opt/ros/humble/include/rosidl_typesupport_c -isystem /opt/ros/humble/include/std_srvs -isystem /opt/ros/humble/include/message_filters -isystem /opt/ros/humble/include/rclcpp_action -isystem /opt/ros/humble/include/action_msgs -isystem /opt/ros/humble/include/unique_identifier_msgs -isystem /opt/ros/humble/include/rcl_action -isystem /opt/ros/humble/include/tf2_msgs -Wno-error=maybe-uninitialized -std=gnu++17 -MD -MT CMakeFiles/motion_cmd_node.dir/src/main.cpp.o -MF CMakeFiles/motion_cmd_node.dir/src/main.cpp.o.d -o CMakeFiles/motion_cmd_node.dir/src/main.cpp.o -c /home/robodog/RoboDog/ros2_ws/src/motion_cmd/src/main.cpp
gmake[2]: Leaving directory '/home/robodog/RoboDog/ros2_ws/build/motion_cmd'
/usr/bin/gmake  -f CMakeFiles/smfsm.dir/build.make CMakeFiles/smfsm.dir/build
[ 27%] [32mBuilding CXX object CMakeFiles/motion_cmd_node.dir/src/motion_cmd.cpp.o[0m
/usr/bin/c++ -DDEFAULT_RMW_IMPLEMENTATION=rmw_fastrtps_cpp -DRCUTILS_ENABLE_FAULT_INJECTION -I/home/robodog/RoboDog/ros2_ws/src/motion_cmd/include/motion_cmd -I/home/robodog/RoboDog/ros2_ws/src/motion_cmd/src/smfsm -I/home/robodog/RoboDog/ros2_ws/src/motion_cmd/src/rate_limited_first_order_filter -isystem /usr/include/eigen3 -isystem /home/robodog/RoboDog/ros2_ws/install/i2cpwm_controller/include/i2cpwm_controller -isystem /home/robodog/RoboDog/ros2_ws/install/i2cpwm_controller/include -isystem /opt/ros/humble/include/rclcpp -isystem /opt/ros/humble/include/std_msgs -isystem /opt/ros/humble/include/geometry_msgs -isystem /opt/ros/humble/include/tf2 -isystem /opt/ros/humble/include/tf2_ros -isystem /opt/ros/humble/include/tf2_geometry_msgs -isystem /opt/ros/humble/include/tf2_eigen -isystem /opt/ros/humble/include/ament_index_cpp -isystem /opt/ros/humble/include/libstatistics_collector -isystem /opt/ros/humble/include/builtin_interfaces -isystem /opt/ros/humble/include/rosidl_runtime_c -isystem /opt/ros/humble/include/rcutils -isystem /opt/ros/humble/include/rosidl_typesupport_interface -isystem /opt/ros/humble/include/fastcdr -isystem /opt/ros/humble/include/rosidl_runtime_cpp -isystem /opt/ros/humble/include/rosidl_typesupport_fastrtps_cpp -isystem /opt/ros/humble/include/rmw -isystem /opt/ros/humble/include/rosidl_typesupport_fastrtps_c -isystem /opt/ros/humble/include/rosidl_typesupport_introspection_c -isystem /opt/ros/humble/include/rosidl_typesupport_introspection_cpp -isystem /opt/ros/humble/include/rcl -isystem /opt/ros/humble/include/rcl_interfaces -isystem /opt/ros/humble/include/rcl_logging_interface -isystem /opt/ros/humble/include/rcl_yaml_param_parser -isystem /opt/ros/humble/include/libyaml_vendor -isystem /opt/ros/humble/include/tracetools -isystem /opt/ros/humble/include/rcpputils -isystem /opt/ros/humble/include/statistics_msgs -isystem /opt/ros/humble/include/rosgraph_msgs -isystem /opt/ros/humble/include/rosidl_typesupport_cpp -isystem /opt/ros/humble/include/rosidl_typesupport_c -isystem /opt/ros/humble/include/std_srvs -isystem /opt/ros/humble/include/message_filters -isystem /opt/ros/humble/include/rclcpp_action -isystem /opt/ros/humble/include/action_msgs -isystem /opt/ros/humble/include/unique_identifier_msgs -isystem /opt/ros/humble/include/rcl_action -isystem /opt/ros/humble/include/tf2_msgs -Wno-error=maybe-uninitialized -std=gnu++17 -MD -MT CMakeFiles/motion_cmd_node.dir/src/motion_cmd.cpp.o -MF CMakeFiles/motion_cmd_node.dir/src/motion_cmd.cpp.o.d -o CMakeFiles/motion_cmd_node.dir/src/motion_cmd.cpp.o -c /home/robodog/RoboDog/ros2_ws/src/motion_cmd/src/motion_cmd.cpp
Dependencies file "libs/spot_micro_kinematics_cpp/3rd_party/google-test/googletest-build/googletest/CMakeFiles/gtest_main.dir/src/gtest_main.cc.o.d" is newer than depends file "/home/robodog/RoboDog/ros2_ws/build/motion_cmd/libs/spot_micro_kinematics_cpp/3rd_party/google-test/googletest-build/googletest/CMakeFiles/gtest_main.dir/compiler_depend.internal".
[35m[1mConsolidate compiler generated dependencies of target gtest_main[0m
gmake[2]: Leaving directory '/home/robodog/RoboDog/ros2_ws/build/motion_cmd'
/usr/bin/gmake  -f libs/spot_micro_kinematics_cpp/3rd_party/google-test/googletest-build/googletest/CMakeFiles/gtest_main.dir/build.make libs/spot_micro_kinematics_cpp/3rd_party/google-test/googletest-build/googletest/CMakeFiles/gtest_main.dir/build
gmake[2]: Entering directory '/home/robodog/RoboDog/ros2_ws/build/motion_cmd'
gmake[2]: Entering directory '/home/robodog/RoboDog/ros2_ws/build/motion_cmd'
gmake[2]: Nothing to be done for 'libs/spot_micro_kinematics_cpp/3rd_party/google-test/googletest-build/googletest/CMakeFiles/gtest_main.dir/build'.
gmake[2]: Leaving directory '/home/robodog/RoboDog/ros2_ws/build/motion_cmd'
[ 31%] [32mBuilding CXX object CMakeFiles/smfsm.dir/src/smfsm/state.cpp.o[0m
/usr/bin/c++ -DDEFAULT_RMW_IMPLEMENTATION=rmw_fastrtps_cpp -DRCUTILS_ENABLE_FAULT_INJECTION -I/home/robodog/RoboDog/ros2_ws/src/motion_cmd/include/motion_cmd -I/home/robodog/RoboDog/ros2_ws/src/motion_cmd/src/smfsm -I/home/robodog/RoboDog/ros2_ws/src/motion_cmd/src/rate_limited_first_order_filter -isystem /usr/include/eigen3 -isystem /home/robodog/RoboDog/ros2_ws/install/i2cpwm_controller/include/i2cpwm_controller -isystem /home/robodog/RoboDog/ros2_ws/install/i2cpwm_controller/include -isystem /opt/ros/humble/include/rclcpp -isystem /opt/ros/humble/include/std_msgs -isystem /opt/ros/humble/include/geometry_msgs -isystem /opt/ros/humble/include/tf2 -isystem /opt/ros/humble/include/tf2_ros -isystem /opt/ros/humble/include/tf2_geometry_msgs -isystem /opt/ros/humble/include/tf2_eigen -isystem /opt/ros/humble/include/ament_index_cpp -isystem /opt/ros/humble/include/libstatistics_collector -isystem /opt/ros/humble/include/builtin_interfaces -isystem /opt/ros/humble/include/rosidl_runtime_c -isystem /opt/ros/humble/include/rcutils -isystem /opt/ros/humble/include/rosidl_typesupport_interface -isystem /opt/ros/humble/include/fastcdr -isystem /opt/ros/humble/include/rosidl_runtime_cpp -isystem /opt/ros/humble/include/rosidl_typesupport_fastrtps_cpp -isystem /opt/ros/humble/include/rmw -isystem /opt/ros/humble/include/rosidl_typesupport_fastrtps_c -isystem /opt/ros/humble/include/rosidl_typesupport_introspection_c -isystem /opt/ros/humble/include/rosidl_typesupport_introspection_cpp -isystem /opt/ros/humble/include/rcl -isystem /opt/ros/humble/include/rcl_interfaces -isystem /opt/ros/humble/include/rcl_logging_interface -isystem /opt/ros/humble/include/rcl_yaml_param_parser -isystem /opt/ros/humble/include/libyaml_vendor -isystem /opt/ros/humble/include/tracetools -isystem /opt/ros/humble/include/rcpputils -isystem /opt/ros/humble/include/statistics_msgs -isystem /opt/ros/humble/include/rosgraph_msgs -isystem /opt/ros/humble/include/rosidl_typesupport_cpp -isystem /opt/ros/humble/include/rosidl_typesupport_c -isystem /opt/ros/humble/include/std_srvs -isystem /opt/ros/humble/include/message_filters -isystem /opt/ros/humble/include/rclcpp_action -isystem /opt/ros/humble/include/action_msgs -isystem /opt/ros/humble/include/unique_identifier_msgs -isystem /opt/ros/humble/include/rcl_action -isystem /opt/ros/humble/include/tf2_msgs -Wno-error=maybe-uninitialized -std=gnu++17 -MD -MT CMakeFiles/smfsm.dir/src/smfsm/state.cpp.o -MF CMakeFiles/smfsm.dir/src/smfsm/state.cpp.o.d -o CMakeFiles/smfsm.dir/src/smfsm/state.cpp.o -c /home/robodog/RoboDog/ros2_ws/src/motion_cmd/src/smfsm/state.cpp
[ 37%] Built target gtest_main
In file included from [01m[K/home/robodog/RoboDog/ros2_ws/src/motion_cmd/src/smfsm/state.cpp:1[m[K:
[01m[K/home/robodog/RoboDog/ros2_ws/src/motion_cmd/src/smfsm/state.h:2:10:[m[K [01;31m[Kfatal error: [m[Kspot_micro_kinematics/spot_micro_kinematics.h: No such file or directory
    2 | #include [01;31m[K"spot_micro_kinematics/spot_micro_kinematics.h"[m[K
      |          [01;31m[K^~~~~~~~~~~~~~~~~~~~~~~~~~~~~~~~~~~~~~~~~~~~~~~[m[K
compilation terminated.
/usr/bin/gmake  -f libs/spot_micro_kinematics_cpp/3rd_party/google-test/googletest-build/googlemock/CMakeFiles/gmock.dir/build.make libs/spot_micro_kinematics_cpp/3rd_party/google-test/googletest-build/googlemock/CMakeFiles/gmock.dir/depend
gmake[2]: *** [CMakeFiles/smfsm.dir/build.make:79: CMakeFiles/smfsm.dir/src/smfsm/state.cpp.o] Error 1
gmake[2]: Leaving directory '/home/robodog/RoboDog/ros2_ws/build/motion_cmd'
gmake[1]: *** [CMakeFiles/Makefile2:233: CMakeFiles/smfsm.dir/all] Error 2
gmake[1]: *** Waiting for unfinished jobs....
gmake[2]: Entering directory '/home/robodog/RoboDog/ros2_ws/build/motion_cmd'
cd /home/robodog/RoboDog/ros2_ws/build/motion_cmd && /usr/bin/cmake -E cmake_depends "Unix Makefiles" /home/robodog/RoboDog/ros2_ws/src/motion_cmd /home/robodog/RoboDog/ros2_ws/build/motion_cmd/libs/spot_micro_kinematics_cpp/3rd_party/google-test/googletest-src/googlemock /home/robodog/RoboDog/ros2_ws/build/motion_cmd /home/robodog/RoboDog/ros2_ws/build/motion_cmd/libs/spot_micro_kinematics_cpp/3rd_party/google-test/googletest-build/googlemock /home/robodog/RoboDog/ros2_ws/build/motion_cmd/libs/spot_micro_kinematics_cpp/3rd_party/google-test/googletest-build/googlemock/CMakeFiles/gmock.dir/DependInfo.cmake --color=
[ 41%] [32mBuilding CXX object CMakeFiles/motion_cmd_node.dir/src/utils.cpp.o[0m
/usr/bin/c++ -DDEFAULT_RMW_IMPLEMENTATION=rmw_fastrtps_cpp -DRCUTILS_ENABLE_FAULT_INJECTION -I/home/robodog/RoboDog/ros2_ws/src/motion_cmd/include/motion_cmd -I/home/robodog/RoboDog/ros2_ws/src/motion_cmd/src/smfsm -I/home/robodog/RoboDog/ros2_ws/src/motion_cmd/src/rate_limited_first_order_filter -isystem /usr/include/eigen3 -isystem /home/robodog/RoboDog/ros2_ws/install/i2cpwm_controller/include/i2cpwm_controller -isystem /home/robodog/RoboDog/ros2_ws/install/i2cpwm_controller/include -isystem /opt/ros/humble/include/rclcpp -isystem /opt/ros/humble/include/std_msgs -isystem /opt/ros/humble/include/geometry_msgs -isystem /opt/ros/humble/include/tf2 -isystem /opt/ros/humble/include/tf2_ros -isystem /opt/ros/humble/include/tf2_geometry_msgs -isystem /opt/ros/humble/include/tf2_eigen -isystem /opt/ros/humble/include/ament_index_cpp -isystem /opt/ros/humble/include/libstatistics_collector -isystem /opt/ros/humble/include/builtin_interfaces -isystem /opt/ros/humble/include/rosidl_runtime_c -isystem /opt/ros/humble/include/rcutils -isystem /opt/ros/humble/include/rosidl_typesupport_interface -isystem /opt/ros/humble/include/fastcdr -isystem /opt/ros/humble/include/rosidl_runtime_cpp -isystem /opt/ros/humble/include/rosidl_typesupport_fastrtps_cpp -isystem /opt/ros/humble/include/rmw -isystem /opt/ros/humble/include/rosidl_typesupport_fastrtps_c -isystem /opt/ros/humble/include/rosidl_typesupport_introspection_c -isystem /opt/ros/humble/include/rosidl_typesupport_introspection_cpp -isystem /opt/ros/humble/include/rcl -isystem /opt/ros/humble/include/rcl_interfaces -isystem /opt/ros/humble/include/rcl_logging_interface -isystem /opt/ros/humble/include/rcl_yaml_param_parser -isystem /opt/ros/humble/include/libyaml_vendor -isystem /opt/ros/humble/include/tracetools -isystem /opt/ros/humble/include/rcpputils -isystem /opt/ros/humble/include/statistics_msgs -isystem /opt/ros/humble/include/rosgraph_msgs -isystem /opt/ros/humble/include/rosidl_typesupport_cpp -isystem /opt/ros/humble/include/rosidl_typesupport_c -isystem /opt/ros/humble/include/std_srvs -isystem /opt/ros/humble/include/message_filters -isystem /opt/ros/humble/include/rclcpp_action -isystem /opt/ros/humble/include/action_msgs -isystem /opt/ros/humble/include/unique_identifier_msgs -isystem /opt/ros/humble/include/rcl_action -isystem /opt/ros/humble/include/tf2_msgs -Wno-error=maybe-uninitialized -std=gnu++17 -MD -MT CMakeFiles/motion_cmd_node.dir/src/utils.cpp.o -MF CMakeFiles/motion_cmd_node.dir/src/utils.cpp.o.d -o CMakeFiles/motion_cmd_node.dir/src/utils.cpp.o -c /home/robodog/RoboDog/ros2_ws/src/motion_cmd/src/utils.cpp
Dependencies file "libs/spot_micro_kinematics_cpp/3rd_party/google-test/googletest-build/googlemock/CMakeFiles/gmock.dir/src/gmock-all.cc.o.d" is newer than depends file "/home/robodog/RoboDog/ros2_ws/build/motion_cmd/libs/spot_micro_kinematics_cpp/3rd_party/google-test/googletest-build/googlemock/CMakeFiles/gmock.dir/compiler_depend.internal".
[35m[1mConsolidate compiler generated dependencies of target gmock[0m
gmake[2]: Leaving directory '/home/robodog/RoboDog/ros2_ws/build/motion_cmd'
/usr/bin/gmake  -f libs/spot_micro_kinematics_cpp/3rd_party/google-test/googletest-build/googlemock/CMakeFiles/gmock.dir/build.make libs/spot_micro_kinematics_cpp/3rd_party/google-test/googletest-build/googlemock/CMakeFiles/gmock.dir/build
gmake[2]: Entering directory '/home/robodog/RoboDog/ros2_ws/build/motion_cmd'
gmake[2]: Nothing to be done for 'libs/spot_micro_kinematics_cpp/3rd_party/google-test/googletest-build/googlemock/CMakeFiles/gmock.dir/build'.
gmake[2]: Leaving directory '/home/robodog/RoboDog/ros2_ws/build/motion_cmd'
[ 48%] Built target gmock
In file included from [01m[K/home/robodog/RoboDog/ros2_ws/src/motion_cmd/src/motion_cmd.cpp:1[m[K:
[01m[K/home/robodog/RoboDog/ros2_ws/src/motion_cmd/include/motion_cmd/motion_cmd.h:18:10:[m[K [01;31m[Kfatal error: [m[Kspot_micro_kinematics/spot_micro_kinematics.h: No such file or directory
   18 | #include [01;31m[K"spot_micro_kinematics/spot_micro_kinematics.h"[m[K
      |          [01;31m[K^~~~~~~~~~~~~~~~~~~~~~~~~~~~~~~~~~~~~~~~~~~~~~~[m[K
compilation terminated.
In file included from [01m[K/home/robodog/RoboDog/ros2_ws/src/motion_cmd/src/main.cpp:2[m[K:
[01m[K/home/robodog/RoboDog/ros2_ws/src/motion_cmd/include/motion_cmd/motion_cmd.h:18:10:[m[K [01;31m[Kfatal error: [m[Kspot_micro_kinematics/spot_micro_kinematics.h: No such file or directory
   18 | #include [01;31m[K"spot_micro_kinematics/spot_micro_kinematics.h"[m[K
      |          [01;31m[K^~~~~~~~~~~~~~~~~~~~~~~~~~~~~~~~~~~~~~~~~~~~~~~[m[K
compilation terminated.
gmake[2]: *** [CMakeFiles/motion_cmd_node.dir/build.make:79: CMakeFiles/motion_cmd_node.dir/src/motion_cmd.cpp.o] Error 1
gmake[2]: *** Waiting for unfinished jobs....
gmake[2]: *** [CMakeFiles/motion_cmd_node.dir/build.make:93: CMakeFiles/motion_cmd_node.dir/src/main.cpp.o] Error 1
In file included from [01m[K/home/robodog/RoboDog/ros2_ws/src/motion_cmd/src/utils.cpp:6[m[K:
[01m[K/opt/ros/humble/include/tf2_eigen/tf2_eigen/tf2_eigen.h:32:2:[m[K [01;35m[Kwarning: [m[K#warning This header is obsolete, please include tf2_eigen/tf2_eigen.hpp instead [[01;35m[K]8;;https://gcc.gnu.org/onlinedocs/gcc/Warning-Options.html#index-Wcpp-Wcpp]8;;[m[K]
   32 | #[01;35m[Kwarning[m[K This header is obsolete, please include tf2_eigen/tf2_eigen.hpp instead
      |  [01;35m[K^~~~~~~[m[K
In file included from [01m[K/home/robodog/RoboDog/ros2_ws/src/motion_cmd/src/utils.cpp:7[m[K:
[01m[K/opt/ros/humble/include/tf2_geometry_msgs/tf2_geometry_msgs/tf2_geometry_msgs.h:35:2:[m[K [01;35m[Kwarning: [m[K#warning This header is obsolete, please include tf2_geometry_msgs/tf2_geometry_msgs.hpp instead [[01;35m[K]8;;https://gcc.gnu.org/onlinedocs/gcc/Warning-Options.html#index-Wcpp-Wcpp]8;;[m[K]
   35 | #[01;35m[Kwarning[m[K This header is obsolete, please include tf2_geometry_msgs/tf2_geometry_msgs.hpp instead
      |  [01;35m[K^~~~~~~[m[K
gmake[2]: Leaving directory '/home/robodog/RoboDog/ros2_ws/build/motion_cmd'
gmake[1]: *** [CMakeFiles/Makefile2:259: CMakeFiles/motion_cmd_node.dir/all] Error 2
gmake[1]: Leaving directory '/home/robodog/RoboDog/ros2_ws/build/motion_cmd'
gmake: *** [Makefile:149: all] Error 2
