[0.057s] Invoking command in '/home/robodog/RoboDog/ros2_ws/build/i2cpwm_controller': CMAKE_PREFIX_PATH=/opt/ros/humble /usr/bin/cmake --build /home/robodog/RoboDog/ros2_ws/build/i2cpwm_controller -- -j4 -l4
[0.309s] [  0%] Built target i2cpwm_controller__cpp
[0.345s] [ 12%] Built target i2cpwm_controller__rosidl_generator_c
[0.411s] [ 12%] Built target ament_cmake_python_copy_i2cpwm_controller
[0.503s] [ 33%] Built target i2cpwm_controller__rosidl_typesupport_cpp
[0.506s] [ 35%] Built target i2cpwm_controller__rosidl_typesupport_fastrtps_cpp
[0.549s] [ 47%] Built target i2cpwm_controller__rosidl_typesupport_introspection_cpp
[0.580s] [ 58%] Built target i2cpwm_controller__rosidl_typesupport_fastrtps_c
[0.657s] [35m[1mConsolidate compiler generated dependencies of target i2cpwm_controller_node[0m
[0.661s] [ 77%] Built target i2cpwm_controller__rosidl_typesupport_introspection_c
[0.667s] [ 80%] Built target i2cpwm_controller__rosidl_typesupport_c
[0.773s] [ 80%] Built target i2cpwm_controller
[0.791s] [ 81%] [32mBuilding CXX object CMakeFiles/i2cpwm_controller_node.dir/src/i2cpwm_controller.cpp.o[0m
[0.797s] [ 82%] [32mBuilding CXX object CMakeFiles/i2cpwm_controller_node.dir/src/main.cpp.o[0m
[0.907s] [ 83%] Built target i2cpwm_controller__py
[1.186s] [ 93%] Built target i2cpwm_controller__rosidl_generator_py
[1.350s] [ 95%] Built target i2cpwm_controller__rosidl_typesupport_fastrtps_c__pyext
[1.470s] [ 97%] Built target i2cpwm_controller__rosidl_typesupport_introspection_c__pyext
[1.591s] [ 99%] Built target i2cpwm_controller__rosidl_typesupport_c__pyext
[2.092s] running egg_info
[2.100s] writing i2cpwm_controller.egg-info/PKG-INFO
[2.102s] writing dependency_links to i2cpwm_controller.egg-info/dependency_links.txt
[2.105s] writing top-level names to i2cpwm_controller.egg-info/top_level.txt
[2.114s] reading manifest file 'i2cpwm_controller.egg-info/SOURCES.txt'
[2.121s] writing manifest file 'i2cpwm_controller.egg-info/SOURCES.txt'
[2.284s] [ 99%] Built target ament_cmake_python_build_i2cpwm_controller_egg
[13.701s] In file included from [01m[K/home/robodog/RoboDog/ros2_ws/src/i2cpwm_controller/src/main.cpp:2[m[K:
[13.702s] [01m[K/home/robodog/RoboDog/ros2_ws/src/i2cpwm_controller/include/i2cpwm_controller.h:102:26:[m[K [01;31m[Kerror: [m[Kâ€˜[01m[Kgeometry_msgs[m[Kâ€™ was not declared in this scope
[13.703s]   102 |     rclcpp::Subscription<[01;31m[Kgeometry_msgs[m[K::msg::Twist>::SharedPtr servos_drive_sub_;
[13.703s]       |                          [01;31m[K^~~~~~~~~~~~~[m[K
[13.704s] [01m[K/home/robodog/RoboDog/ros2_ws/src/i2cpwm_controller/include/i2cpwm_controller.h:102:51:[m[K [01;31m[Kerror: [m[Ktemplate argument 1 is invalid
[13.706s]   102 |     rclcpp::Subscription<geometry_msgs::msg::Twist[01;31m[K>[m[K::SharedPtr servos_drive_sub_;
[13.707s]       |                                                   [01;31m[K^[m[K
[13.708s] [01m[K/home/robodog/RoboDog/ros2_ws/src/i2cpwm_controller/include/i2cpwm_controller.h:102:51:[m[K [01;31m[Kerror: [m[Ktemplate argument 3 is invalid
[13.709s] [01m[K/home/robodog/RoboDog/ros2_ws/src/i2cpwm_controller/include/i2cpwm_controller.h:102:51:[m[K [01;31m[Kerror: [m[Ktemplate argument 4 is invalid
[13.710s] [01m[K/home/robodog/RoboDog/ros2_ws/src/i2cpwm_controller/include/i2cpwm_controller.h:102:51:[m[K [01;31m[Kerror: [m[Ktemplate argument 5 is invalid
[13.710s] [01m[K/home/robodog/RoboDog/ros2_ws/src/i2cpwm_controller/include/i2cpwm_controller.h:102:54:[m[K [01;31m[Kerror: [m[Kexpected â€˜[01m[K;[m[Kâ€™ at end of member declaration
[13.711s]   102 |     rclcpp::Subscription<geometry_msgs::msg::Twist>::[01;31m[KSharedPtr[m[K servos_drive_sub_;
[13.711s]       |                                                      [01;31m[K^~~~~~~~~[m[K
[13.713s]       |                                                               [32m[K;[m[K
[13.714s] [01m[K/home/robodog/RoboDog/ros2_ws/src/i2cpwm_controller/include/i2cpwm_controller.h:102:64:[m[K [01;31m[Kerror: [m[Kâ€˜[01m[Kservos_drive_sub_[m[Kâ€™ does not name a type
[13.715s]   102 |     rclcpp::Subscription<geometry_msgs::msg::Twist>::SharedPtr [01;31m[Kservos_drive_sub_[m[K;
[13.716s]       |                                                                [01;31m[K^~~~~~~~~~~~~~~~~[m[K
[13.717s] In file included from [01m[K/home/robodog/RoboDog/ros2_ws/src/i2cpwm_controller/src/i2cpwm_controller.cpp:1[m[K:
[13.718s] [01m[K/home/robodog/RoboDog/ros2_ws/src/i2cpwm_controller/include/i2cpwm_controller.h:102:26:[m[K [01;31m[Kerror: [m[Kâ€˜[01m[Kgeometry_msgs[m[Kâ€™ was not declared in this scope
[13.719s]   102 |     rclcpp::Subscription<[01;31m[Kgeometry_msgs[m[K::msg::Twist>::SharedPtr servos_drive_sub_;
[13.719s]       |                          [01;31m[K^~~~~~~~~~~~~[m[K
[13.720s] [01m[K/home/robodog/RoboDog/ros2_ws/src/i2cpwm_controller/include/i2cpwm_controller.h:102:51:[m[K [01;31m[Kerror: [m[Ktemplate argument 1 is invalid
[13.721s]   102 |     rclcpp::Subscription<geometry_msgs::msg::Twist[01;31m[K>[m[K::SharedPtr servos_drive_sub_;
[13.722s]       |                                                   [01;31m[K^[m[K
[13.722s] [01m[K/home/robodog/RoboDog/ros2_ws/src/i2cpwm_controller/include/i2cpwm_controller.h:102:51:[m[K [01;31m[Kerror: [m[Ktemplate argument 3 is invalid
[13.723s] [01m[K/home/robodog/RoboDog/ros2_ws/src/i2cpwm_controller/include/i2cpwm_controller.h:102:51:[m[K [01;31m[Kerror: [m[Ktemplate argument 4 is invalid
[13.725s] [01m[K/home/robodog/RoboDog/ros2_ws/src/i2cpwm_controller/include/i2cpwm_controller.h:102:51:[m[K [01;31m[Kerror: [m[Ktemplate argument 5 is invalid
[13.725s] [01m[K/home/robodog/RoboDog/ros2_ws/src/i2cpwm_controller/include/i2cpwm_controller.h:102:54:[m[K [01;31m[Kerror: [m[Kexpected â€˜[01m[K;[m[Kâ€™ at end of member declaration
[13.726s]   102 |     rclcpp::Subscription<geometry_msgs::msg::Twist>::[01;31m[KSharedPtr[m[K servos_drive_sub_;
[13.726s]       |                                                      [01;31m[K^~~~~~~~~[m[K
[13.727s]       |                                                               [32m[K;[m[K
[13.731s] [01m[K/home/robodog/RoboDog/ros2_ws/src/i2cpwm_controller/include/i2cpwm_controller.h:102:64:[m[K [01;31m[Kerror: [m[Kâ€˜[01m[Kservos_drive_sub_[m[Kâ€™ does not name a type
[13.732s]   102 |     rclcpp::Subscription<geometry_msgs::msg::Twist>::SharedPtr [01;31m[Kservos_drive_sub_[m[K;
[13.733s]       |                                                                [01;31m[K^~~~~~~~~~~~~~~~~[m[K
[13.998s] [01m[K/home/robodog/RoboDog/ros2_ws/src/i2cpwm_controller/include/i2cpwm_controller.h:108:21:[m[K [01;31m[Kerror: [m[Kâ€˜[01m[Kstd_srvs[m[Kâ€™ was not declared in this scope
[13.999s]   108 |     rclcpp::Service<[01;31m[Kstd_srvs[m[K::srv::Empty>::SharedPtr stop_servos_srv_;
[13.999s]       |                     [01;31m[K^~~~~~~~[m[K
[13.999s] [01m[K/home/robodog/RoboDog/ros2_ws/src/i2cpwm_controller/include/i2cpwm_controller.h:108:41:[m[K [01;31m[Kerror: [m[Ktemplate argument 1 is invalid
[14.000s]   108 |     rclcpp::Service<std_srvs::srv::Empty[01;31m[K>[m[K::SharedPtr stop_servos_srv_;
[14.001s]       |                                         [01;31m[K^[m[K
[14.002s] [01m[K/home/robodog/RoboDog/ros2_ws/src/i2cpwm_controller/include/i2cpwm_controller.h:108:44:[m[K [01;31m[Kerror: [m[Kexpected â€˜[01m[K;[m[Kâ€™ at end of member declaration
[14.002s]   108 |     rclcpp::Service<std_srvs::srv::Empty>::[01;31m[KSharedPtr[m[K stop_servos_srv_;
[14.003s]       |                                            [01;31m[K^~~~~~~~~[m[K
[14.004s]       |                                                     [32m[K;[m[K
[14.004s] [01m[K/home/robodog/RoboDog/ros2_ws/src/i2cpwm_controller/include/i2cpwm_controller.h:108:44:[m[K [01;31m[Kerror: [m[Kredeclaration of â€˜[01m[Kint I2cPwmController::SharedPtr[m[Kâ€™
[14.005s] [01m[K/home/robodog/RoboDog/ros2_ws/src/i2cpwm_controller/include/i2cpwm_controller.h:102:54:[m[K [01;36m[Knote: [m[Kprevious declaration â€˜[01m[Kint I2cPwmController::SharedPtr[m[Kâ€™
[14.006s]   102 |     rclcpp::Subscription<geometry_msgs::msg::Twist>::[01;36m[KSharedPtr[m[K servos_drive_sub_;
[14.007s]       |                                                      [01;36m[K^~~~~~~~~[m[K
[14.008s] [01m[K/home/robodog/RoboDog/ros2_ws/src/i2cpwm_controller/include/i2cpwm_controller.h:108:21:[m[K [01;31m[Kerror: [m[Kâ€˜[01m[Kstd_srvs[m[Kâ€™ was not declared in this scope
[14.009s]   108 |     rclcpp::Service<[01;31m[Kstd_srvs[m[K::srv::Empty>::SharedPtr stop_servos_srv_;
[14.009s]       |                     [01;31m[K^~~~~~~~[m[K
[14.010s] [01m[K/home/robodog/RoboDog/ros2_ws/src/i2cpwm_controller/include/i2cpwm_controller.h:108:41:[m[K [01;31m[Kerror: [m[Ktemplate argument 1 is invalid
[14.011s]   108 |     rclcpp::Service<std_srvs::srv::Empty[01;31m[K>[m[K::SharedPtr stop_servos_srv_;
[14.012s]       |                                         [01;31m[K^[m[K
[14.013s] [01m[K/home/robodog/RoboDog/ros2_ws/src/i2cpwm_controller/include/i2cpwm_controller.h:108:44:[m[K [01;31m[Kerror: [m[Kexpected â€˜[01m[K;[m[Kâ€™ at end of member declaration
[14.013s]   108 |     rclcpp::Service<std_srvs::srv::Empty>::[01;31m[KSharedPtr[m[K stop_servos_srv_;
[14.014s]       |                                            [01;31m[K^~~~~~~~~[m[K
[14.015s]       |                                                     [32m[K;[m[K
[14.016s] [01m[K/home/robodog/RoboDog/ros2_ws/src/i2cpwm_controller/include/i2cpwm_controller.h:108:44:[m[K [01;31m[Kerror: [m[Kredeclaration of â€˜[01m[Kint I2cPwmController::SharedPtr[m[Kâ€™
[14.017s] [01m[K/home/robodog/RoboDog/ros2_ws/src/i2cpwm_controller/include/i2cpwm_controller.h:102:54:[m[K [01;36m[Knote: [m[Kprevious declaration â€˜[01m[Kint I2cPwmController::SharedPtr[m[Kâ€™
[14.017s]   102 |     rclcpp::Subscription<geometry_msgs::msg::Twist>::[01;36m[KSharedPtr[m[K servos_drive_sub_;
[14.018s]       |                                                      [01;36m[K^~~~~~~~~[m[K
[14.018s] [01m[K/home/robodog/RoboDog/ros2_ws/src/i2cpwm_controller/include/i2cpwm_controller.h:108:54:[m[K [01;31m[Kerror: [m[Kâ€˜[01m[Kstop_servos_srv_[m[Kâ€™ does not name a type
[14.019s]   108 |     rclcpp::Service<std_srvs::srv::Empty>::SharedPtr [01;31m[Kstop_servos_srv_[m[K;
[14.019s]       |                                                      [01;31m[K^~~~~~~~~~~~~~~~[m[K
[14.021s] [01m[K/home/robodog/RoboDog/ros2_ws/src/i2cpwm_controller/include/i2cpwm_controller.h:108:54:[m[K [01;31m[Kerror: [m[Kâ€˜[01m[Kstop_servos_srv_[m[Kâ€™ does not name a type
[14.022s]   108 |     rclcpp::Service<std_srvs::srv::Empty>::SharedPtr [01;31m[Kstop_servos_srv_[m[K;
[14.024s]       |                                                      [01;31m[K^~~~~~~~~~~~~~~~[m[K
[14.025s] [01m[K/home/robodog/RoboDog/ros2_ws/src/i2cpwm_controller/include/i2cpwm_controller.h:113:29:[m[K [01;31m[Kerror: [m[Kâ€˜[01m[Kgeometry_msgs[m[Kâ€™ does not name a type
[14.026s]   113 |     void servos_drive(const [01;31m[Kgeometry_msgs[m[K::msg::Twist::SharedPtr msg);
[14.027s]       |                             [01;31m[K^~~~~~~~~~~~~[m[K
[14.027s] [01m[K/home/robodog/RoboDog/ros2_ws/src/i2cpwm_controller/include/i2cpwm_controller.h:113:47:[m[K [01;31m[Kerror: [m[Kexpected unqualified-id before â€˜[01m[K::[m[Kâ€™ token
[14.028s]   113 |     void servos_drive(const geometry_msgs::msg[01;31m[K::[m[KTwist::SharedPtr msg);
[14.029s]       |                                               [01;31m[K^~[m[K
[14.030s] [01m[K/home/robodog/RoboDog/ros2_ws/src/i2cpwm_controller/include/i2cpwm_controller.h:113:47:[m[K [01;31m[Kerror: [m[Kexpected â€˜[01m[K)[m[Kâ€™ before â€˜[01m[K::[m[Kâ€™ token
[14.031s]   113 |     void servos_drive[34m[K([m[Kconst geometry_msgs::msg[01;31m[K:[m[K[32m[K:[m[KTwist::SharedPtr msg);
[14.033s]       |                      [34m[K~[m[K                        [01;31m[K^[m[K[32m[K~[m[K
[14.034s]       |                                               [32m[K)[m[K
[14.037s] [01m[K/home/robodog/RoboDog/ros2_ws/src/i2cpwm_controller/include/i2cpwm_controller.h:113:44:[m[K [01;31m[Kerror: [m[Kexpected â€˜[01m[K;[m[Kâ€™ at end of member declaration
[14.038s]   113 |     void servos_drive(const geometry_msgs::[01;31m[Kmsg[m[K::Twist::SharedPtr msg);
[14.038s]       |                                            [01;31m[K^~~[m[K
[14.039s]       |                                               [32m[K;[m[K
[14.041s] [01m[K/home/robodog/RoboDog/ros2_ws/src/i2cpwm_controller/include/i2cpwm_controller.h:113:29:[m[K [01;31m[Kerror: [m[Kâ€˜[01m[Kgeometry_msgs[m[Kâ€™ does not name a type
[14.042s]   113 |     void servos_drive(const [01;31m[Kgeometry_msgs[m[K::msg::Twist::SharedPtr msg);
[14.043s]       |                             [01;31m[K^~~~~~~~~~~~~[m[K
[14.044s] [01m[K/home/robodog/RoboDog/ros2_ws/src/i2cpwm_controller/include/i2cpwm_controller.h:113:47:[m[K [01;31m[Kerror: [m[Kexpected unqualified-id before â€˜[01m[K::[m[Kâ€™ token
[14.045s]   113 |     void servos_drive(const geometry_msgs::msg[01;31m[K::[m[KTwist::SharedPtr msg);
[14.047s]       |                                               [01;31m[K^~[m[K
[14.048s] [01m[K/home/robodog/RoboDog/ros2_ws/src/i2cpwm_controller/include/i2cpwm_controller.h:113:47:[m[K [01;31m[Kerror: [m[Kexpected â€˜[01m[K)[m[Kâ€™ before â€˜[01m[K::[m[Kâ€™ token
[14.049s]   113 |     void servos_drive[34m[K([m[Kconst geometry_msgs::msg[01;31m[K:[m[K[32m[K:[m[KTwist::SharedPtr msg);
[14.049s]       |                      [34m[K~[m[K                        [01;31m[K^[m[K[32m[K~[m[K
[14.051s]       |                                               [32m[K)[m[K
[14.052s] [01m[K/home/robodog/RoboDog/ros2_ws/src/i2cpwm_controller/include/i2cpwm_controller.h:113:44:[m[K [01;31m[Kerror: [m[Kexpected â€˜[01m[K;[m[Kâ€™ at end of member declaration
[14.053s]   113 |     void servos_drive(const geometry_msgs::[01;31m[Kmsg[m[K::Twist::SharedPtr msg);
[14.054s]       |                                            [01;31m[K^~~[m[K
[14.055s]       |                                               [32m[K;[m[K
[14.056s] [01m[K/home/robodog/RoboDog/ros2_ws/src/i2cpwm_controller/include/i2cpwm_controller.h:113:49:[m[K [01;31m[Kerror: [m[Kâ€˜[01m[KTwist[m[Kâ€™ in namespace â€˜[01m[K::[m[Kâ€™ does not name a type
[14.056s]   113 |     void servos_drive(const geometry_msgs::msg::[01;31m[KTwist[m[K::SharedPtr msg);
[14.057s]       |                                                 [01;31m[K^~~~~[m[K
[14.058s] [01m[K/home/robodog/RoboDog/ros2_ws/src/i2cpwm_controller/include/i2cpwm_controller.h:113:49:[m[K [01;31m[Kerror: [m[Kâ€˜[01m[KTwist[m[Kâ€™ in namespace â€˜[01m[K::[m[Kâ€™ does not name a type
[14.059s]   113 |     void servos_drive(const geometry_msgs::msg::[01;31m[KTwist[m[K::SharedPtr msg);
[14.060s]       |                                                 [01;31m[K^~~~~[m[K
[14.076s] [01m[K/home/robodog/RoboDog/ros2_ws/src/i2cpwm_controller/include/i2cpwm_controller.h:122:44:[m[K [01;31m[Kerror: [m[Kâ€˜[01m[Kstd_srvs[m[Kâ€™ was not declared in this scope
[14.077s]   122 |     bool stop_servos(const std::shared_ptr<[01;31m[Kstd_srvs[m[K::srv::Empty::Request> req,
[14.078s]       |                                            [01;31m[K^~~~~~~~[m[K
[14.079s] [01m[K/home/robodog/RoboDog/ros2_ws/src/i2cpwm_controller/include/i2cpwm_controller.h:122:73:[m[K [01;31m[Kerror: [m[Ktemplate argument 1 is invalid
[14.079s]   122 |     bool stop_servos(const std::shared_ptr<std_srvs::srv::Empty::Request[01;31m[K>[m[K req,
[14.080s]       |                                                                         [01;31m[K^[m[K
[14.086s] [01m[K/home/robodog/RoboDog/ros2_ws/src/i2cpwm_controller/include/i2cpwm_controller.h:122:44:[m[K [01;31m[Kerror: [m[Kâ€˜[01m[Kstd_srvs[m[Kâ€™ was not declared in this scope
[14.089s]   122 |     bool stop_servos(const std::shared_ptr<[01;31m[Kstd_srvs[m[K::srv::Empty::Request> req,
[14.090s]       |                                            [01;31m[K^~~~~~~~[m[K
[14.090s] [01m[K/home/robodog/RoboDog/ros2_ws/src/i2cpwm_controller/include/i2cpwm_controller.h:122:73:[m[K [01;31m[Kerror: [m[Ktemplate argument 1 is invalid
[14.091s]   122 |     bool stop_servos(const std::shared_ptr<std_srvs::srv::Empty::Request[01;31m[K>[m[K req,
[14.092s]       |                                                                         [01;31m[K^[m[K
[14.109s] [01m[K/home/robodog/RoboDog/ros2_ws/src/i2cpwm_controller/include/i2cpwm_controller.h:122:44:[m[K [01;31m[Kerror: [m[Kâ€˜[01m[Kstd_srvs[m[Kâ€™ was not declared in this scope
[14.110s]   122 |     bool stop_servos(const std::shared_ptr<[01;31m[Kstd_srvs[m[K::srv::Empty::Request> req,
[14.111s]       |                                            [01;31m[K^~~~~~~~[m[K
[14.112s] [01m[K/home/robodog/RoboDog/ros2_ws/src/i2cpwm_controller/include/i2cpwm_controller.h:122:73:[m[K [01;31m[Kerror: [m[Ktemplate argument 1 is invalid
[14.113s]   122 |     bool stop_servos(const std::shared_ptr<std_srvs::srv::Empty::Request[01;31m[K>[m[K req,
[14.114s]       |                                                                         [01;31m[K^[m[K
[14.120s] [01m[K/home/robodog/RoboDog/ros2_ws/src/i2cpwm_controller/include/i2cpwm_controller.h:122:44:[m[K [01;31m[Kerror: [m[Kâ€˜[01m[Kstd_srvs[m[Kâ€™ was not declared in this scope
[14.121s]   122 |     bool stop_servos(const std::shared_ptr<[01;31m[Kstd_srvs[m[K::srv::Empty::Request> req,
[14.122s]       |                                            [01;31m[K^~~~~~~~[m[K
[14.123s] [01m[K/home/robodog/RoboDog/ros2_ws/src/i2cpwm_controller/include/i2cpwm_controller.h:122:73:[m[K [01;31m[Kerror: [m[Ktemplate argument 1 is invalid
[14.125s]   122 |     bool stop_servos(const std::shared_ptr<std_srvs::srv::Empty::Request[01;31m[K>[m[K req,
[14.126s]       |                                                                         [01;31m[K^[m[K
[14.142s] [01m[K/home/robodog/RoboDog/ros2_ws/src/i2cpwm_controller/include/i2cpwm_controller.h:122:44:[m[K [01;31m[Kerror: [m[Kâ€˜[01m[Kstd_srvs[m[Kâ€™ was not declared in this scope
[14.143s]   122 |     bool stop_servos(const std::shared_ptr<[01;31m[Kstd_srvs[m[K::srv::Empty::Request> req,
[14.145s]       |                                            [01;31m[K^~~~~~~~[m[K
[14.146s] [01m[K/home/robodog/RoboDog/ros2_ws/src/i2cpwm_controller/include/i2cpwm_controller.h:122:73:[m[K [01;31m[Kerror: [m[Ktemplate argument 1 is invalid
[14.147s]   122 |     bool stop_servos(const std::shared_ptr<std_srvs::srv::Empty::Request[01;31m[K>[m[K req,
[14.147s]       |                                                                         [01;31m[K^[m[K
[14.148s] [01m[K/home/robodog/RoboDog/ros2_ws/src/i2cpwm_controller/include/i2cpwm_controller.h:122:28:[m[K [01;31m[Kerror: [m[Kinvalid template-id
[14.149s]   122 |     bool stop_servos(const [01;31m[Kstd[m[K::shared_ptr<std_srvs::srv::Empty::Request> req,
[14.150s]       |                            [01;31m[K^~~[m[K
[14.151s] [01m[K/home/robodog/RoboDog/ros2_ws/src/i2cpwm_controller/include/i2cpwm_controller.h:122:44:[m[K [01;31m[Kerror: [m[Kâ€˜[01m[Kstd_srvs[m[Kâ€™ has not been declared
[14.152s]   122 |     bool stop_servos(const std::shared_ptr<[01;31m[Kstd_srvs[m[K::srv::Empty::Request> req,
[14.154s]       |                                            [01;31m[K^~~~~~~~[m[K
[14.155s] [01m[K/home/robodog/RoboDog/ros2_ws/src/i2cpwm_controller/include/i2cpwm_controller.h:122:22:[m[K [01;31m[Kerror: [m[Kclass template placeholder â€˜[01m[Kstd::shared_ptr[m[Kâ€™ not permitted in this context
[14.156s]   122 |     bool stop_servos([01;31m[Kconst[m[K std::shared_ptr<std_srvs::srv::Empty::Request> req,
[14.157s]       |                      [01;31m[K^~~~~[m[K
[14.158s] [01m[K/home/robodog/RoboDog/ros2_ws/src/i2cpwm_controller/include/i2cpwm_controller.h:122:44:[m[K [01;31m[Kerror: [m[Kâ€˜[01m[Kstd_srvs[m[Kâ€™ was not declared in this scope
[14.159s]   122 |     bool stop_servos(const std::shared_ptr<[01;31m[Kstd_srvs[m[K::srv::Empty::Request> req,
[14.160s]       |                                            [01;31m[K^~~~~~~~[m[K
[14.161s] [01m[K/home/robodog/RoboDog/ros2_ws/src/i2cpwm_controller/include/i2cpwm_controller.h:122:73:[m[K [01;31m[Kerror: [m[Ktemplate argument 1 is invalid
[14.162s]   122 |     bool stop_servos(const std::shared_ptr<std_srvs::srv::Empty::Request[01;31m[K>[m[K req,
[14.163s]       |                                                                         [01;31m[K^[m[K
[14.164s] [01m[K/home/robodog/RoboDog/ros2_ws/src/i2cpwm_controller/include/i2cpwm_controller.h:122:28:[m[K [01;31m[Kerror: [m[Kinvalid template-id
[14.165s]   122 |     bool stop_servos(const [01;31m[Kstd[m[K::shared_ptr<std_srvs::srv::Empty::Request> req,
[14.166s]       |                            [01;31m[K^~~[m[K
[14.168s] [01m[K/home/robodog/RoboDog/ros2_ws/src/i2cpwm_controller/include/i2cpwm_controller.h:122:44:[m[K [01;31m[Kerror: [m[Kâ€˜[01m[Kstd_srvs[m[Kâ€™ has not been declared
[14.169s]   122 |     bool stop_servos(const std::shared_ptr<[01;31m[Kstd_srvs[m[K::srv::Empty::Request> req,
[14.170s]       |                                            [01;31m[K^~~~~~~~[m[K
[14.171s] [01m[K/home/robodog/RoboDog/ros2_ws/src/i2cpwm_controller/include/i2cpwm_controller.h:122:22:[m[K [01;31m[Kerror: [m[Kclass template placeholder â€˜[01m[Kstd::shared_ptr[m[Kâ€™ not permitted in this context
[14.172s]   122 |     bool stop_servos([01;31m[Kconst[m[K std::shared_ptr<std_srvs::srv::Empty::Request> req,
[14.172s]       |                      [01;31m[K^~~~~[m[K
[14.180s] [01m[K/home/robodog/RoboDog/ros2_ws/src/i2cpwm_controller/include/i2cpwm_controller.h:123:47:[m[K [01;31m[Kerror: [m[Kâ€˜[01m[Kstd_srvs[m[Kâ€™ was not declared in this scope
[14.181s]   123 |                               std::shared_ptr<[01;31m[Kstd_srvs[m[K::srv::Empty::Response> res);
[14.182s]       |                                               [01;31m[K^~~~~~~~[m[K
[14.183s] [01m[K/home/robodog/RoboDog/ros2_ws/src/i2cpwm_controller/include/i2cpwm_controller.h:123:77:[m[K [01;31m[Kerror: [m[Ktemplate argument 1 is invalid
[14.184s]   123 |                               std::shared_ptr<std_srvs::srv::Empty::Response[01;31m[K>[m[K res);
[14.185s]       |                                                                             [01;31m[K^[m[K
[14.194s] [01m[K/home/robodog/RoboDog/ros2_ws/src/i2cpwm_controller/include/i2cpwm_controller.h:123:47:[m[K [01;31m[Kerror: [m[Kâ€˜[01m[Kstd_srvs[m[Kâ€™ was not declared in this scope
[14.195s]   123 |                               std::shared_ptr<[01;31m[Kstd_srvs[m[K::srv::Empty::Response> res);
[14.196s]       |                                               [01;31m[K^~~~~~~~[m[K
[14.198s] [01m[K/home/robodog/RoboDog/ros2_ws/src/i2cpwm_controller/include/i2cpwm_controller.h:123:77:[m[K [01;31m[Kerror: [m[Ktemplate argument 1 is invalid
[14.199s]   123 |                               std::shared_ptr<std_srvs::srv::Empty::Response[01;31m[K>[m[K res);
[14.200s]       |                                                                             [01;31m[K^[m[K
[14.214s] [01m[K/home/robodog/RoboDog/ros2_ws/src/i2cpwm_controller/include/i2cpwm_controller.h:123:47:[m[K [01;31m[Kerror: [m[Kâ€˜[01m[Kstd_srvs[m[Kâ€™ was not declared in this scope
[14.215s]   123 |                               std::shared_ptr<[01;31m[Kstd_srvs[m[K::srv::Empty::Response> res);
[14.216s]       |                                               [01;31m[K^~~~~~~~[m[K
[14.217s] [01m[K/home/robodog/RoboDog/ros2_ws/src/i2cpwm_controller/include/i2cpwm_controller.h:123:77:[m[K [01;31m[Kerror: [m[Ktemplate argument 1 is invalid
[14.218s]   123 |                               std::shared_ptr<std_srvs::srv::Empty::Response[01;31m[K>[m[K res);
[14.219s]       |                                                                             [01;31m[K^[m[K
[14.228s] [01m[K/home/robodog/RoboDog/ros2_ws/src/i2cpwm_controller/include/i2cpwm_controller.h:123:47:[m[K [01;31m[Kerror: [m[Kâ€˜[01m[Kstd_srvs[m[Kâ€™ was not declared in this scope
[14.229s]   123 |                               std::shared_ptr<[01;31m[Kstd_srvs[m[K::srv::Empty::Response> res);
[14.230s]       |                                               [01;31m[K^~~~~~~~[m[K
[14.231s] [01m[K/home/robodog/RoboDog/ros2_ws/src/i2cpwm_controller/include/i2cpwm_controller.h:123:77:[m[K [01;31m[Kerror: [m[Ktemplate argument 1 is invalid
[14.232s]   123 |                               std::shared_ptr<std_srvs::srv::Empty::Response[01;31m[K>[m[K res);
[14.233s]       |                                                                             [01;31m[K^[m[K
[14.249s] [01m[K/home/robodog/RoboDog/ros2_ws/src/i2cpwm_controller/include/i2cpwm_controller.h:123:47:[m[K [01;31m[Kerror: [m[Kâ€˜[01m[Kstd_srvs[m[Kâ€™ was not declared in this scope
[14.250s]   123 |                               std::shared_ptr<[01;31m[Kstd_srvs[m[K::srv::Empty::Response> res);
[14.251s]       |                                               [01;31m[K^~~~~~~~[m[K
[14.252s] [01m[K/home/robodog/RoboDog/ros2_ws/src/i2cpwm_controller/include/i2cpwm_controller.h:123:77:[m[K [01;31m[Kerror: [m[Ktemplate argument 1 is invalid
[14.253s]   123 |                               std::shared_ptr<std_srvs::srv::Empty::Response[01;31m[K>[m[K res);
[14.254s]       |                                                                             [01;31m[K^[m[K
[14.254s] [01m[K/home/robodog/RoboDog/ros2_ws/src/i2cpwm_controller/include/i2cpwm_controller.h:123:31:[m[K [01;31m[Kerror: [m[Kinvalid template-id
[14.255s]   123 |                               [01;31m[Kstd[m[K::shared_ptr<std_srvs::srv::Empty::Response> res);
[14.256s]       |                               [01;31m[K^~~[m[K
[14.257s] [01m[K/home/robodog/RoboDog/ros2_ws/src/i2cpwm_controller/include/i2cpwm_controller.h:123:47:[m[K [01;31m[Kerror: [m[Kâ€˜[01m[Kstd_srvs[m[Kâ€™ has not been declared
[14.257s]   123 |                               std::shared_ptr<[01;31m[Kstd_srvs[m[K::srv::Empty::Response> res);
[14.258s]       |                                               [01;31m[K^~~~~~~~[m[K
[14.259s] [01m[K/home/robodog/RoboDog/ros2_ws/src/i2cpwm_controller/include/i2cpwm_controller.h:123:31:[m[K [01;31m[Kerror: [m[Kclass template placeholder â€˜[01m[Kstd::shared_ptr[m[Kâ€™ not permitted in this context
[14.260s]   123 |                               [01;31m[Kstd[m[K::shared_ptr<std_srvs::srv::Empty::Response> res);
[14.261s]       |                               [01;31m[K^~~[m[K
[14.262s] [01m[K/home/robodog/RoboDog/ros2_ws/src/i2cpwm_controller/include/i2cpwm_controller.h:128:2:[m[K [01;31m[Kerror: [m[Kexpected â€˜[01m[K;[m[Kâ€™ after class definition
[14.263s]   128 | }
[14.264s]       |  [01;31m[K^[m[K
[14.265s]       |  [32m[K;[m[K
[14.266s] [01m[K/home/robodog/RoboDog/ros2_ws/src/i2cpwm_controller/include/i2cpwm_controller.h:123:47:[m[K [01;31m[Kerror: [m[Kâ€˜[01m[Kstd_srvs[m[Kâ€™ was not declared in this scope
[14.266s]   123 |                               std::shared_ptr<[01;31m[Kstd_srvs[m[K::srv::Empty::Response> res);
[14.267s]       |                                               [01;31m[K^~~~~~~~[m[K
[14.268s] [01m[K/home/robodog/RoboDog/ros2_ws/src/i2cpwm_controller/include/i2cpwm_controller.h:123:77:[m[K [01;31m[Kerror: [m[Ktemplate argument 1 is invalid
[14.269s]   123 |                               std::shared_ptr<std_srvs::srv::Empty::Response[01;31m[K>[m[K res);
[14.269s]       |                                                                             [01;31m[K^[m[K
[14.270s] [01m[K/home/robodog/RoboDog/ros2_ws/src/i2cpwm_controller/include/i2cpwm_controller.h:123:31:[m[K [01;31m[Kerror: [m[Kinvalid template-id
[14.271s]   123 |                               [01;31m[Kstd[m[K::shared_ptr<std_srvs::srv::Empty::Response> res);
[14.272s]       |                               [01;31m[K^~~[m[K
[14.274s] [01m[K/home/robodog/RoboDog/ros2_ws/src/i2cpwm_controller/include/i2cpwm_controller.h:123:47:[m[K [01;31m[Kerror: [m[Kâ€˜[01m[Kstd_srvs[m[Kâ€™ has not been declared
[14.275s]   123 |                               std::shared_ptr<[01;31m[Kstd_srvs[m[K::srv::Empty::Response> res);
[14.276s]       |                                               [01;31m[K^~~~~~~~[m[K
[14.276s] [01m[K/home/robodog/RoboDog/ros2_ws/src/i2cpwm_controller/include/i2cpwm_controller.h:123:31:[m[K [01;31m[Kerror: [m[Kclass template placeholder â€˜[01m[Kstd::shared_ptr[m[Kâ€™ not permitted in this context
[14.277s]   123 |                               [01;31m[Kstd[m[K::shared_ptr<std_srvs::srv::Empty::Response> res);
[14.278s]       |                               [01;31m[K^~~[m[K
[14.278s] [01m[K/home/robodog/RoboDog/ros2_ws/src/i2cpwm_controller/include/i2cpwm_controller.h:128:2:[m[K [01;31m[Kerror: [m[Kexpected â€˜[01m[K;[m[Kâ€™ after class definition
[14.279s]   128 | }
[14.280s]       |  [01;31m[K^[m[K
[14.281s]       |  [32m[K;[m[K
[14.312s] [01m[K/home/robodog/RoboDog/ros2_ws/src/i2cpwm_controller/src/i2cpwm_controller.cpp:[m[K In constructor â€˜[01m[KI2cPwmController::I2cPwmController(const rclcpp::NodeOptions&)[m[Kâ€™:
[14.313s] [01m[K/home/robodog/RoboDog/ros2_ws/src/i2cpwm_controller/src/i2cpwm_controller.cpp:135:54:[m[K [01;31m[Kerror: [m[Kâ€˜[01m[Kcontroller[m[Kâ€™ was not declared in this scope; did you mean â€˜[01m[KI2cPwmController[m[Kâ€™?
[14.314s]   135 |     servos_absolute_sub_ = this->create_subscription<[01;31m[Kcontroller[m[K::msg::ServoArray>(
[14.314s]       |                                                      [01;31m[K^~~~~~~~~~[m[K
[14.315s]       |                                                      [32m[KI2cPwmController[m[K
[14.316s] [01m[K/home/robodog/RoboDog/ros2_ws/src/i2cpwm_controller/src/i2cpwm_controller.cpp:135:34:[m[K [01;31m[Kerror: [m[Kparse error in template argument list
[14.317s]   135 |     servos_absolute_sub_ = this->[01;31m[Kcreate_subscription<controller::msg::ServoArray>[m[K(
[14.317s]       |                                  [01;31m[K^~~~~~~~~~~~~~~~~~~~~~~~~~~~~~~~~~~~~~~~~~~~~~~~[m[K
[14.335s] [01m[K/home/robodog/RoboDog/ros2_ws/src/i2cpwm_controller/src/i2cpwm_controller.cpp:135:82:[m[K [01;31m[Kerror: [m[Kno matching function for call to â€˜[01m[KI2cPwmController::create_subscription<<expression error> >(const char [16], int, std::_Bind_helper<false, void (I2cPwmController::*)(std::shared_ptr<i2cpwm_controller::msg::ServoArray_<std::allocator<void> > >), I2cPwmController*, const std::_Placeholder<1>&>::type)[m[Kâ€™
[14.336s]   135 |     servos_absolute_sub_ = [01;31m[Kthis->create_subscription<controller::msg::ServoArray>([m[K
[14.337s]       |                            [01;31m[K~~~~~~~~~~~~~~~~~~~~~~~~~~~~~~~~~~~~~~~~~~~~~~~~~~~~~~^[m[K
[14.338s]   136 | [01;31m[K        "servos_absolute", 500, std::bind(&I2cPwmController::servos_absolute, this, std::placeholders::_1))[m[K;
[14.339s]       |         [01;31m[K~~~~~~~~~~~~~~~~~~~~~~~~~~~~~~~~~~~~~~~~~~~~~~~~~~~~~~~~~~~~~~~~~~~~~~~~~~~~~~~~~~~~~~~~~~~~~~~~~~~[m[K
[14.339s] In file included from [01m[K/opt/ros/humble/include/rclcpp/rclcpp/executors/single_threaded_executor.hpp:28[m[K,
[14.340s]                  from [01m[K/opt/ros/humble/include/rclcpp/rclcpp/executors.hpp:22[m[K,
[14.341s]                  from [01m[K/opt/ros/humble/include/rclcpp/rclcpp/rclcpp.hpp:155[m[K,
[14.341s]                  from [01m[K/home/robodog/RoboDog/ros2_ws/src/i2cpwm_controller/include/i2cpwm_controller.h:20[m[K,
[14.342s]                  from [01m[K/home/robodog/RoboDog/ros2_ws/src/i2cpwm_controller/src/i2cpwm_controller.cpp:1[m[K:
[14.344s] [01m[K/opt/ros/humble/include/rclcpp/rclcpp/node.hpp:219:3:[m[K [01;36m[Knote: [m[Kcandidate: â€˜[01m[Ktemplate<class MessageT, class CallbackT, class AllocatorT, class SubscriptionT, class MessageMemoryStrategyT> std::shared_ptr<ROSMessageT> rclcpp::Node::create_subscription(const string&, const rclcpp::QoS&, CallbackT&&, const rclcpp::SubscriptionOptionsWithAllocator<AllocatorT>&, typename MessageMemoryStrategyT::SharedPtr)[m[Kâ€™
[14.345s]   219 |   [01;36m[Kcreate_subscription[m[K(
[14.346s]       |   [01;36m[K^~~~~~~~~~~~~~~~~~~[m[K
[14.346s] [01m[K/opt/ros/humble/include/rclcpp/rclcpp/node.hpp:219:3:[m[K [01;36m[Knote: [m[K  template argument deduction/substitution failed:
[14.347s] [01m[K/home/robodog/RoboDog/ros2_ws/src/i2cpwm_controller/src/i2cpwm_controller.cpp:135:82:[m[K [01;31m[Kerror: [m[Ktemplate argument 1 is invalid
[14.348s]   135 |     servos_absolute_sub_ = [01;31m[Kthis->create_subscription<controller::msg::ServoArray>([m[K
[14.349s]       |                            [01;31m[K~~~~~~~~~~~~~~~~~~~~~~~~~~~~~~~~~~~~~~~~~~~~~~~~~~~~~~^[m[K
[14.349s]   136 | [01;31m[K        "servos_absolute", 500, std::bind(&I2cPwmController::servos_absolute, this, std::placeholders::_1))[m[K;
[14.350s]       |         [01;31m[K~~~~~~~~~~~~~~~~~~~~~~~~~~~~~~~~~~~~~~~~~~~~~~~~~~~~~~~~~~~~~~~~~~~~~~~~~~~~~~~~~~~~~~~~~~~~~~~~~~~[m[K
[14.393s] [01m[K/home/robodog/RoboDog/ros2_ws/src/i2cpwm_controller/src/i2cpwm_controller.cpp:141:5:[m[K [01;31m[Kerror: [m[Kâ€˜[01m[Kservos_drive_sub_[m[Kâ€™ was not declared in this scope; did you mean â€˜[01m[Kservos_drive[m[Kâ€™?
[14.396s]   141 |     [01;31m[Kservos_drive_sub_[m[K = this->create_subscription<geometry_msgs::msg::Twist>(
[14.397s]       |     [01;31m[K^~~~~~~~~~~~~~~~~[m[K
[14.398s]       |     [32m[Kservos_drive[m[K
[14.429s] [01m[K/home/robodog/RoboDog/ros2_ws/src/i2cpwm_controller/src/i2cpwm_controller.cpp:141:51:[m[K [01;31m[Kerror: [m[Kâ€˜[01m[Kgeometry_msgs[m[Kâ€™ was not declared in this scope
[14.430s]   141 |     servos_drive_sub_ = this->create_subscription<[01;31m[Kgeometry_msgs[m[K::msg::Twist>(
[14.430s]       |                                                   [01;31m[K^~~~~~~~~~~~~[m[K
[14.431s] [01m[K/home/robodog/RoboDog/ros2_ws/src/i2cpwm_controller/src/i2cpwm_controller.cpp:141:31:[m[K [01;31m[Kerror: [m[Kparse error in template argument list
[14.432s]   141 |     servos_drive_sub_ = this->[01;31m[Kcreate_subscription<geometry_msgs::msg::Twist>[m[K(
[14.433s]       |                               [01;31m[K^~~~~~~~~~~~~~~~~~~~~~~~~~~~~~~~~~~~~~~~~~~~~~[m[K
[14.438s] [01m[K/home/robodog/RoboDog/ros2_ws/src/i2cpwm_controller/src/i2cpwm_controller.cpp:141:77:[m[K [01;31m[Kerror: [m[Kno matching function for call to â€˜[01m[KI2cPwmController::create_subscription<<expression error> >(const char [13], int, std::_Bind_helper<false, void (I2cPwmController::*)(...), I2cPwmController*, const std::_Placeholder<1>&>::type)[m[Kâ€™
[14.440s]   141 |     servos_drive_sub_ = [01;31m[Kthis->create_subscription<geometry_msgs::msg::Twist>([m[K
[14.440s]       |                         [01;31m[K~~~~~~~~~~~~~~~~~~~~~~~~~~~~~~~~~~~~~~~~~~~~~~~~~~~~^[m[K
[14.441s]   142 | [01;31m[K        "servos_drive", 500, std::bind(&I2cPwmController::servos_drive, this, std::placeholders::_1))[m[K;
[14.442s]       |         [01;31m[K~~~~~~~~~~~~~~~~~~~~~~~~~~~~~~~~~~~~~~~~~~~~~~~~~~~~~~~~~~~~~~~~~~~~~~~~~~~~~~~~~~~~~~~~~~~~~[m[K
[14.444s] In file included from [01m[K/opt/ros/humble/include/rclcpp/rclcpp/node.hpp:1321[m[K,
[14.444s]                  from [01m[K/opt/ros/humble/include/rclcpp/rclcpp/executors/single_threaded_executor.hpp:28[m[K,
[14.445s]                  from [01m[K/opt/ros/humble/include/rclcpp/rclcpp/executors.hpp:22[m[K,
[14.446s]                  from [01m[K/opt/ros/humble/include/rclcpp/rclcpp/rclcpp.hpp:155[m[K,
[14.447s]                  from [01m[K/home/robodog/RoboDog/ros2_ws/src/i2cpwm_controller/include/i2cpwm_controller.h:20[m[K,
[14.447s]                  from [01m[K/home/robodog/RoboDog/ros2_ws/src/i2cpwm_controller/src/i2cpwm_controller.cpp:1[m[K:
[14.448s] [01m[K/opt/ros/humble/include/rclcpp/rclcpp/node_impl.hpp:92:1:[m[K [01;36m[Knote: [m[Kcandidate: â€˜[01m[Ktemplate<class MessageT, class CallbackT, class AllocatorT, class SubscriptionT, class MessageMemoryStrategyT> std::shared_ptr<ROSMessageT> rclcpp::Node::create_subscription(const string&, const rclcpp::QoS&, CallbackT&&, const rclcpp::SubscriptionOptionsWithAllocator<AllocatorT>&, typename MessageMemoryStrategyT::SharedPtr)[m[Kâ€™
[14.449s]    92 | [01;36m[KNode[m[K::create_subscription(
[14.450s]       | [01;36m[K^~~~[m[K
[14.450s] [01m[K/opt/ros/humble/include/rclcpp/rclcpp/node_impl.hpp:92:1:[m[K [01;36m[Knote: [m[K  template argument deduction/substitution failed:
[14.451s] [01m[K/home/robodog/RoboDog/ros2_ws/src/i2cpwm_controller/src/i2cpwm_controller.cpp:141:77:[m[K [01;31m[Kerror: [m[Ktemplate argument 1 is invalid
[14.452s]   141 |     servos_drive_sub_ = [01;31m[Kthis->create_subscription<geometry_msgs::msg::Twist>([m[K
[14.453s]       |                         [01;31m[K~~~~~~~~~~~~~~~~~~~~~~~~~~~~~~~~~~~~~~~~~~~~~~~~~~~~^[m[K
[14.453s]   142 | [01;31m[K        "servos_drive", 500, std::bind(&I2cPwmController::servos_drive, this, std::placeholders::_1))[m[K;
[14.454s]       |         [01;31m[K~~~~~~~~~~~~~~~~~~~~~~~~~~~~~~~~~~~~~~~~~~~~~~~~~~~~~~~~~~~~~~~~~~~~~~~~~~~~~~~~~~~~~~~~~~~~~[m[K
[14.518s] [01m[K/home/robodog/RoboDog/ros2_ws/src/i2cpwm_controller/src/i2cpwm_controller.cpp:154:5:[m[K [01;31m[Kerror: [m[Kâ€˜[01m[Kstop_servos_srv_[m[Kâ€™ was not declared in this scope; did you mean â€˜[01m[Kstop_servos[m[Kâ€™?
[14.519s]   154 |     [01;31m[Kstop_servos_srv_[m[K = this->create_service<std_srvs::srv::Empty>(
[14.520s]       |     [01;31m[K^~~~~~~~~~~~~~~~[m[K
[14.521s]       |     [32m[Kstop_servos[m[K
[14.549s] [01m[K/home/robodog/RoboDog/ros2_ws/src/i2cpwm_controller/src/i2cpwm_controller.cpp:154:45:[m[K [01;31m[Kerror: [m[Kâ€˜[01m[Kstd_srvs[m[Kâ€™ was not declared in this scope; did you mean â€˜[01m[Kstop_servos[m[Kâ€™?
[14.550s]   154 |     stop_servos_srv_ = this->create_service<[01;31m[Kstd_srvs[m[K::srv::Empty>(
[14.550s]       |                                             [01;31m[K^~~~~~~~[m[K
[14.551s]       |                                             [32m[Kstop_servos[m[K
[14.552s] [01m[K/home/robodog/RoboDog/ros2_ws/src/i2cpwm_controller/src/i2cpwm_controller.cpp:154:30:[m[K [01;31m[Kerror: [m[Kparse error in template argument list
[14.553s]   154 |     stop_servos_srv_ = this->[01;31m[Kcreate_service<std_srvs::srv::Empty>[m[K(
[14.553s]       |                              [01;31m[K^~~~~~~~~~~~~~~~~~~~~~~~~~~~~~~~~~~~[m[K
[14.558s] [01m[K/home/robodog/RoboDog/ros2_ws/src/i2cpwm_controller/src/i2cpwm_controller.cpp:154:66:[m[K [01;31m[Kerror: [m[Kno matching function for call to â€˜[01m[KI2cPwmController::create_service<<expression error> >(const char [12], std::_Bind_helper<false, bool (I2cPwmController::*)(...), I2cPwmController*, const std::_Placeholder<1>&, const std::_Placeholder<2>&>::type)[m[Kâ€™
[14.559s]   154 |     stop_servos_srv_ = [01;31m[Kthis->create_service<std_srvs::srv::Empty>([m[K
[14.560s]       |                        [01;31m[K~~~~~~~~~~~~~~~~~~~~~~~~~~~~~~~~~~~~~~~~~~^[m[K
[14.561s]   155 | [01;31m[K        "stop_servos", std::bind(&I2cPwmController::stop_servos, this, std::placeholders::_1, std::placeholders::_2))[m[K;
[14.561s]       |         [01;31m[K~~~~~~~~~~~~~~~~~~~~~~~~~~~~~~~~~~~~~~~~~~~~~~~~~~~~~~~~~~~~~~~~~~~~~~~~~~~~~~~~~~~~~~~~~~~~~~~~~~~~~~~~~~~~~[m[K
[14.562s] In file included from [01m[K/opt/ros/humble/include/rclcpp/rclcpp/node.hpp:1321[m[K,
[14.563s]                  from [01m[K/opt/ros/humble/include/rclcpp/rclcpp/executors/single_threaded_executor.hpp:28[m[K,
[14.564s]                  from [01m[K/opt/ros/humble/include/rclcpp/rclcpp/executors.hpp:22[m[K,
[14.565s]                  from [01m[K/opt/ros/humble/include/rclcpp/rclcpp/rclcpp.hpp:155[m[K,
[14.566s]                  from [01m[K/home/robodog/RoboDog/ros2_ws/src/i2cpwm_controller/include/i2cpwm_controller.h:20[m[K,
[14.567s]                  from [01m[K/home/robodog/RoboDog/ros2_ws/src/i2cpwm_controller/src/i2cpwm_controller.cpp:1[m[K:
[14.567s] [01m[K/opt/ros/humble/include/rclcpp/rclcpp/node_impl.hpp:141:1:[m[K [01;36m[Knote: [m[Kcandidate: â€˜[01m[Ktemplate<class ServiceT, class CallbackT> typename rclcpp::Service<ServiceT>::SharedPtr rclcpp::Node::create_service(const string&, CallbackT&&, const rmw_qos_profile_t&, rclcpp::CallbackGroup::SharedPtr)[m[Kâ€™
[14.568s]   141 | [01;36m[KNode[m[K::create_service(
[14.569s]       | [01;36m[K^~~~[m[K
[14.570s] [01m[K/opt/ros/humble/include/rclcpp/rclcpp/node_impl.hpp:141:1:[m[K [01;36m[Knote: [m[K  template argument deduction/substitution failed:
[14.571s] [01m[K/home/robodog/RoboDog/ros2_ws/src/i2cpwm_controller/src/i2cpwm_controller.cpp:154:66:[m[K [01;31m[Kerror: [m[Ktemplate argument 1 is invalid
[14.572s]   154 |     stop_servos_srv_ = [01;31m[Kthis->create_service<std_srvs::srv::Empty>([m[K
[14.574s]       |                        [01;31m[K~~~~~~~~~~~~~~~~~~~~~~~~~~~~~~~~~~~~~~~~~~^[m[K
[14.575s]   155 | [01;31m[K        "stop_servos", std::bind(&I2cPwmController::stop_servos, this, std::placeholders::_1, std::placeholders::_2))[m[K;
[14.576s]       |         [01;31m[K~~~~~~~~~~~~~~~~~~~~~~~~~~~~~~~~~~~~~~~~~~~~~~~~~~~~~~~~~~~~~~~~~~~~~~~~~~~~~~~~~~~~~~~~~~~~~~~~~~~~~~~~~~~~~[m[K
[14.599s] [01m[K/home/robodog/RoboDog/ros2_ws/src/i2cpwm_controller/src/i2cpwm_controller.cpp:[m[K At global scope:
[14.600s] [01m[K/home/robodog/RoboDog/ros2_ws/src/i2cpwm_controller/src/i2cpwm_controller.cpp:192:43:[m[K [01;31m[Kerror: [m[Kâ€˜[01m[Kgeometry_msgs[m[Kâ€™ does not name a type
[14.601s]   192 | void I2cPwmController::servos_drive(const [01;31m[Kgeometry_msgs[m[K::msg::Twist::SharedPtr msg) {
[14.602s]       |                                           [01;31m[K^~~~~~~~~~~~~[m[K
[14.602s] [01m[K/home/robodog/RoboDog/ros2_ws/src/i2cpwm_controller/src/i2cpwm_controller.cpp:192:61:[m[K [01;31m[Kerror: [m[Kexpected unqualified-id before â€˜[01m[K::[m[Kâ€™ token
[14.603s]   192 | void I2cPwmController::servos_drive(const geometry_msgs::msg[01;31m[K::[m[KTwist::SharedPtr msg) {
[14.604s]       |                                                             [01;31m[K^~[m[K
[14.605s] [01m[K/home/robodog/RoboDog/ros2_ws/src/i2cpwm_controller/src/i2cpwm_controller.cpp:192:61:[m[K [01;31m[Kerror: [m[Kexpected â€˜[01m[K)[m[Kâ€™ before â€˜[01m[K::[m[Kâ€™ token
[14.606s]   192 | void I2cPwmController::servos_drive[34m[K([m[Kconst geometry_msgs::msg[01;31m[K:[m[K[32m[K:[m[KTwist::SharedPtr msg) {
[14.606s]       |                                    [34m[K~[m[K                        [01;31m[K^[m[K[32m[K~[m[K
[14.607s]       |                                                             [32m[K)[m[K
[14.608s] [01m[K/home/robodog/RoboDog/ros2_ws/src/i2cpwm_controller/src/i2cpwm_controller.cpp:192:61:[m[K [01;31m[Kerror: [m[Kexpected initializer before â€˜[01m[K::[m[Kâ€™ token
[14.609s]   192 | void I2cPwmController::servos_drive(const geometry_msgs::msg[01;31m[K::[m[KTwist::SharedPtr msg) {
[14.610s]       |                                                             [01;31m[K^~[m[K
[14.703s] [01m[K/home/robodog/RoboDog/ros2_ws/src/i2cpwm_controller/src/i2cpwm_controller.cpp:414:58:[m[K [01;31m[Kerror: [m[Kâ€˜[01m[Kstd_srvs[m[Kâ€™ was not declared in this scope; did you mean â€˜[01m[Kstop_servos[m[Kâ€™?
[14.705s]   414 | bool I2cPwmController::stop_servos(const std::shared_ptr<[01;31m[Kstd_srvs[m[K::srv::Empty::Request> req,
[14.706s]       |                                                          [01;31m[K^~~~~~~~[m[K
[14.707s]       |                                                          [32m[Kstop_servos[m[K
[14.708s] [01m[K/home/robodog/RoboDog/ros2_ws/src/i2cpwm_controller/src/i2cpwm_controller.cpp:414:87:[m[K [01;31m[Kerror: [m[Ktemplate argument 1 is invalid
[14.709s]   414 | bool I2cPwmController::stop_servos(const std::shared_ptr<std_srvs::srv::Empty::Request[01;31m[K>[m[K req,
[14.710s]       |                                                                                       [01;31m[K^[m[K
[14.736s] [01m[K/home/robodog/RoboDog/ros2_ws/src/i2cpwm_controller/src/i2cpwm_controller.cpp:414:58:[m[K [01;31m[Kerror: [m[Kâ€˜[01m[Kstd_srvs[m[Kâ€™ was not declared in this scope; did you mean â€˜[01m[Kstop_servos[m[Kâ€™?
[14.738s]   414 | bool I2cPwmController::stop_servos(const std::shared_ptr<[01;31m[Kstd_srvs[m[K::srv::Empty::Request> req,
[14.741s]       |                                                          [01;31m[K^~~~~~~~[m[K
[14.742s]       |                                                          [32m[Kstop_servos[m[K
[14.743s] [01m[K/home/robodog/RoboDog/ros2_ws/src/i2cpwm_controller/src/i2cpwm_controller.cpp:414:87:[m[K [01;31m[Kerror: [m[Ktemplate argument 1 is invalid
[14.744s]   414 | bool I2cPwmController::stop_servos(const std::shared_ptr<std_srvs::srv::Empty::Request[01;31m[K>[m[K req,
[14.745s]       |                                                                                       [01;31m[K^[m[K
[14.768s] [01m[K/home/robodog/RoboDog/ros2_ws/src/i2cpwm_controller/src/i2cpwm_controller.cpp:414:58:[m[K [01;31m[Kerror: [m[Kâ€˜[01m[Kstd_srvs[m[Kâ€™ was not declared in this scope; did you mean â€˜[01m[Kstop_servos[m[Kâ€™?
[14.769s]   414 | bool I2cPwmController::stop_servos(const std::shared_ptr<[01;31m[Kstd_srvs[m[K::srv::Empty::Request> req,
[14.770s]       |                                                          [01;31m[K^~~~~~~~[m[K
[14.770s]       |                                                          [32m[Kstop_servos[m[K
[14.771s] [01m[K/home/robodog/RoboDog/ros2_ws/src/i2cpwm_controller/src/i2cpwm_controller.cpp:414:87:[m[K [01;31m[Kerror: [m[Ktemplate argument 1 is invalid
[14.772s]   414 | bool I2cPwmController::stop_servos(const std::shared_ptr<std_srvs::srv::Empty::Request[01;31m[K>[m[K req,
[14.774s]       |                                                                                       [01;31m[K^[m[K
[14.775s] [01m[K/home/robodog/RoboDog/ros2_ws/src/i2cpwm_controller/src/i2cpwm_controller.cpp:414:42:[m[K [01;31m[Kerror: [m[Kinvalid template-id
[14.776s]   414 | bool I2cPwmController::stop_servos(const [01;31m[Kstd[m[K::shared_ptr<std_srvs::srv::Empty::Request> req,
[14.777s]       |                                          [01;31m[K^~~[m[K
[14.799s] [01m[K/home/robodog/RoboDog/ros2_ws/src/i2cpwm_controller/src/i2cpwm_controller.cpp:414:58:[m[K [01;31m[Kerror: [m[Kâ€˜[01m[Kstd_srvs[m[Kâ€™ was not declared in this scope; did you mean â€˜[01m[Kstop_servos[m[Kâ€™?
[14.800s]   414 | bool I2cPwmController::stop_servos(const std::shared_ptr<[01;31m[Kstd_srvs[m[K::srv::Empty::Request> req,
[14.801s]       |                                                          [01;31m[K^~~~~~~~[m[K
[14.802s]       |                                                          [32m[Kstop_servos[m[K
[14.803s] [01m[K/home/robodog/RoboDog/ros2_ws/src/i2cpwm_controller/src/i2cpwm_controller.cpp:414:6:[m[K [01;31m[Kerror: [m[Kâ€˜[01m[Kbool I2cPwmController::stop_servos[m[Kâ€™ is not a static data member of â€˜[01m[Kclass I2cPwmController[m[Kâ€™
[14.804s]   414 | bool [01;31m[KI2cPwmController[m[K::stop_servos(const std::shared_ptr<std_srvs::srv::Empty::Request> req,
[14.805s]       |      [01;31m[K^~~~~~~~~~~~~~~~[m[K
[14.806s] [01m[K/home/robodog/RoboDog/ros2_ws/src/i2cpwm_controller/src/i2cpwm_controller.cpp:414:36:[m[K [01;31m[Kerror: [m[Kexpected primary-expression before â€˜[01m[Kconst[m[Kâ€™
[14.807s]   414 | bool I2cPwmController::stop_servos([01;31m[Kconst[m[K std::shared_ptr<std_srvs::srv::Empty::Request> req,
[14.808s]       |                                    [01;31m[K^~~~~[m[K
[14.830s] [01m[K/home/robodog/RoboDog/ros2_ws/src/i2cpwm_controller/src/i2cpwm_controller.cpp:415:52:[m[K [01;31m[Kerror: [m[Kâ€˜[01m[Kstd_srvs[m[Kâ€™ was not declared in this scope; did you mean â€˜[01m[Kstop_servos[m[Kâ€™?
[14.830s]   415 |                                    std::shared_ptr<[01;31m[Kstd_srvs[m[K::srv::Empty::Response> res) {
[14.831s]       |                                                    [01;31m[K^~~~~~~~[m[K
[14.832s]       |                                                    [32m[Kstop_servos[m[K
[14.833s] [01m[K/home/robodog/RoboDog/ros2_ws/src/i2cpwm_controller/src/i2cpwm_controller.cpp:415:82:[m[K [01;31m[Kerror: [m[Ktemplate argument 1 is invalid
[14.834s]   415 |                                    std::shared_ptr<std_srvs::srv::Empty::Response[01;31m[K>[m[K res) {
[14.834s]       |                                                                                  [01;31m[K^[m[K
[14.835s] [01m[K/home/robodog/RoboDog/ros2_ws/src/i2cpwm_controller/src/i2cpwm_controller.cpp:415:87:[m[K [01;31m[Kerror: [m[Kexpression list treated as compound expression in initializer [[01;31m[K]8;;https://gcc.gnu.org/onlinedocs/gcc/Warning-Options.html#index-fpermissive-fpermissive]8;;[m[K]
[14.836s]   415 |                                    std::shared_ptr<std_srvs::srv::Empty::Response> res[01;31m[K)[m[K {
[14.837s]       |                                                                                       [01;31m[K^[m[K
[16.420s] gmake[2]: *** [CMakeFiles/i2cpwm_controller_node.dir/build.make:90: CMakeFiles/i2cpwm_controller_node.dir/src/main.cpp.o] Error 1
[16.421s] gmake[2]: *** Waiting for unfinished jobs....
[26.080s] gmake[2]: *** [CMakeFiles/i2cpwm_controller_node.dir/build.make:76: CMakeFiles/i2cpwm_controller_node.dir/src/i2cpwm_controller.cpp.o] Error 1
[26.081s] gmake[1]: *** [CMakeFiles/Makefile2:593: CMakeFiles/i2cpwm_controller_node.dir/all] Error 2
[26.082s] gmake: *** [Makefile:146: all] Error 2
[26.089s] Invoked command in '/home/robodog/RoboDog/ros2_ws/build/i2cpwm_controller' returned '2': CMAKE_PREFIX_PATH=/opt/ros/humble /usr/bin/cmake --build /home/robodog/RoboDog/ros2_ws/build/i2cpwm_controller -- -j4 -l4
